#
# A fatal error has been detected by the Java Runtime Environment:
#
#  SIGSEGV (0xb) at pc=0x00007fff8b7c74dd, pid=12124, tid=0x0000000000000a0b
#
# JRE version: Java(TM) SE Runtime Environment (8.0_101-b13) (build 1.8.0_101-b13)
# Java VM: Java HotSpot(TM) 64-Bit Server VM (25.101-b13 mixed mode bsd-amd64 compressed oops)
# Problematic frame:
# C  [libobjc.A.dylib+0x14dd]  objc_msgSend+0x1d
#
# Failed to write core dump. Core dumps have been disabled. To enable core dumping, try "ulimit -c unlimited" before starting Java again
#
# If you would like to submit a bug report, please visit:
#   http://bugreport.java.com/bugreport/crash.jsp
# The crash happened outside the Java Virtual Machine in native code.
# See problematic frame for where to report the bug.
#

---------------  T H R E A D  ---------------

Current thread (0x00007fb0388b1800):  JavaThread "AWT-AppKit" daemon [_thread_in_native, id=2571, stack(0x00007fff5ad90000,0x00007fff5b590000)]

siginfo: si_signo: 11 (SIGSEGV), si_code: 1 (SEGV_MAPERR), si_addr: 0x0000000000000018

Registers:
RAX=0x00007fb0387dda30, RBX=0x00000001718d2450, RCX=0x000000011bedd9a0, RDX=0x000000011beddbc0
RSP=0x00007fff5b58b3f8, RBP=0x00007fff5b58b4b0, RSI=0x00007fff85a09cbe, RDI=0x00007fb03c24ec40
R8 =0x0000000000000000, R9 =0x00000000000008b0, R10=0x00007fff85a09cbe, R11=0x0000000000000000
R12=0x0000000000000000, R13=0x000000017381bbd0, R14=0x00000001718d2440, R15=0x00007fb0388b1800
RIP=0x00007fff8b7c74dd, EFLAGS=0x0000000000010246, ERR=0x0000000000000004
  TRAPNO=0x000000000000000e

Top of Stack: (sp=0x00007fff5b58b3f8)
0x00007fff5b58b3f8:   00000001718d0157 00007fff5b58b450
0x00007fff5b58b408:   0000000000000003 00007fff5b58b430
0x00007fff5b58b418:   00000001053f28e6 000000017381bbd0
0x00007fff5b58b428:   000000017381bbd0 00007fb0387dda30
0x00007fff5b58b438:   00000001718d26a0 00000001718d2710
0x00007fff5b58b448:   00007fff779c6770 00007fff757ae500
0x00007fff5b58b458:   00000001718d2450 00000001718d2690
0x00007fff5b58b468:   00007fb0387dda30 00007fb03c24ec40
0x00007fff5b58b478:   00007fb038642080 00007fb0387dda30
0x00007fff5b58b488:   00007fb03c24ec40 00007fff5b58b538
0x00007fff5b58b498:   00007fb0388b19f8 000000017381bbd0
0x00007fff5b58b4a8:   00007fff5b58b560 00007fff5b58b528
0x00007fff5b58b4b8:   00000001061b49d4 000000017381bbd0
0x00007fff5b58b4c8:   00007fff5b58b560 00007fff5b58b528
0x00007fff5b58b4d8:   00000001061b4767 00000001061b4722
0x00007fff5b58b4e8:   00007fff5b58b4e8 000000017381bbd0
0x00007fff5b58b4f8:   00007fff5b58b560 000000017381e808
0x00007fff5b58b508:   0000000000000000 000000017381bbd0
0x00007fff5b58b518:   0000000000000000 00007fff5b58b548
0x00007fff5b58b528:   00007fff5b58b5a8 00000001061a52bd
0x00007fff5b58b538:   000000078073c310 00000001061ae538
0x00007fff5b58b548:   00007fb0387dda30 00007fff5b58b5a8
0x00007fff5b58b558:   00007fb03c24ec40 00000001061afe02
0x00007fff5b58b568:   00007fff5b58b568 000000017381bd9a
0x00007fff5b58b578:   00007fff5b58b5d0 000000017381e808
0x00007fff5b58b588:   0000000000000000 000000017381bda8
0x00007fff5b58b598:   00007fff5b58b548 00007fff5b58b5b8
0x00007fff5b58b5a8:   00007fff5b58b618 00000001061a52bd
0x00007fff5b58b5b8:   00007fb0387dda30 000000078069bc90
0x00007fff5b58b5c8:   00007fb03c24ec40 000000078069bc90
0x00007fff5b58b5d8:   00007fff5b58b5d8 00000001774e6896
0x00007fff5b58b5e8:   00007fff5b58b628 00000001774e6950 

Instructions: (pc=0x00007fff8b7c74dd)
0x00007fff8b7c74bd:   44 00 00 48 85 ff 2e 74 62 40 f6 c7 01 2e 75 66
0x00007fff8b7c74cd:   49 bb f8 ff ff ff ff 7f 00 00 4c 23 1f 49 89 f2
0x00007fff8b7c74dd:   45 23 53 18 49 c1 e2 04 4d 03 53 10 49 3b 32 75
0x00007fff8b7c74ed:   04 41 ff 62 08 49 83 3a 01 76 0d 49 83 c2 10 49 

Register to memory mapping:

RAX=0x00007fb0387dda30 is an unknown value
RBX=0x00000001718d2450: Java_jogamp_nativewindow_macosx_OSXUtil_GetScreenRefreshRate0+0x1cf0 in /private/var/folders/df/q331szgs0rs63dmvvv6sk8180000gn/T/jogamp_0000/file_cache/jln8286193889183753568/jln4940576234514920991/libnativewindow_macosx.jnilib at 0x00000001718cb000
RCX=0x000000011bedd9a0 is an unknown value
RDX=0x000000011beddbc0 is an unknown value
RSP=0x00007fff5b58b3f8 is pointing into the stack for thread: 0x00007fb0388b1800
RBP=0x00007fff5b58b4b0 is pointing into the stack for thread: 0x00007fb0388b1800
RSI=0x00007fff85a09cbe is an unknown value
RDI=0x00007fb03c24ec40 is an unknown value
R8 =0x0000000000000000 is an unknown value
R9 =0x00000000000008b0 is an unknown value
R10=0x00007fff85a09cbe is an unknown value
R11=0x0000000000000000 is an unknown value
R12=0x0000000000000000 is an unknown value
R13={method} {0x000000017381bbd0} 'UnsetJAWTRootSurfaceLayer0' '(JJ)V' in 'jogamp/nativewindow/jawt/macosx/MacOSXJAWTWindow'
R14=0x00000001718d2440: Java_jogamp_nativewindow_macosx_OSXUtil_GetScreenRefreshRate0+0x1ce0 in /private/var/folders/df/q331szgs0rs63dmvvv6sk8180000gn/T/jogamp_0000/file_cache/jln8286193889183753568/jln4940576234514920991/libnativewindow_macosx.jnilib at 0x00000001718cb000
R15=0x00007fb0388b1800 is a thread


Stack: [0x00007fff5ad90000,0x00007fff5b590000],  sp=0x00007fff5b58b3f8,  free space=8172k
Native frames: (J=compiled Java code, j=interpreted, Vv=VM code, C=native code)
C  [libobjc.A.dylib+0x14dd]  objc_msgSend+0x1d
j  jogamp.nativewindow.jawt.macosx.MacOSXJAWTWindow.UnsetJAWTRootSurfaceLayer0(JJ)V+0
j  jogamp.nativewindow.jawt.macosx.MacOSXJAWTWindow.access$200(JJ)V+2
j  jogamp.nativewindow.jawt.macosx.MacOSXJAWTWindow$1.run()V+38
j  com.jogamp.common.util.RunnableTask.run()V+24
v  ~StubRoutines::call_stub
V  [libjvm.dylib+0x2ecf06]
V  [libjvm.dylib+0x324111]
V  [libjvm.dylib+0x3168df]
C  [libnativewindow_macosx.jnilib+0x5326]  Java_jogamp_nativewindow_jawt_macosx_MacOSXJAWTWindow_UnsetJAWTRootSurfaceLayer0+0x2b6
C  [Foundation+0x76fde]  __NSThreadPerformPerform+0x117
C  [CoreFoundation+0xaa881]  __CFRUNLOOP_IS_CALLING_OUT_TO_A_SOURCE0_PERFORM_FUNCTION__+0x11
C  [CoreFoundation+0x89f37]  __CFRunLoopDoSources0+0x1a7
C  [CoreFoundation+0x894df]  __CFRunLoopRun+0x39f
C  [CoreFoundation+0x88ed8]  CFRunLoopRunSpecific+0x128
C  [HIToolbox+0x30935]  RunCurrentEventLoopInMode+0xeb
C  [HIToolbox+0x30677]  ReceiveNextEventCommon+0xb8
C  [HIToolbox+0x305af]  _BlockUntilNextEventMatchingListInModeWithFilter+0x47
C  [AppKit+0x48df6]  _DPSNextEvent+0x42b
C  [AppKit+0x48226]  -[NSApplication _nextEventMatchingEventMask:untilDate:inMode:dequeue:]+0x1c6
C  [libosxapp.dylib+0x23aa]  -[NSApplicationAWT nextEventMatchingMask:untilDate:inMode:dequeue:]+0x7c
C  [AppKit+0x3cd80]  -[NSApplication run]+0x2aa
C  [libosxapp.dylib+0x214d]  +[NSApplicationAWT runAWTLoopWithApp:]+0x9c
C  [libawt_lwawt.dylib+0x444b3]  -[AWTStarter starter:]+0x389
C  [Foundation+0x76fde]  __NSThreadPerformPerform+0x117
C  [CoreFoundation+0xaa881]  __CFRUNLOOP_IS_CALLING_OUT_TO_A_SOURCE0_PERFORM_FUNCTION__+0x11
C  [CoreFoundation+0x89fbc]  __CFRunLoopDoSources0+0x22c
C  [CoreFoundation+0x894df]  __CFRunLoopRun+0x39f
C  [CoreFoundation+0x88ed8]  CFRunLoopRunSpecific+0x128
C  [java+0x6465]  CreateExecutionEnvironment+0x367
C  [java+0x218c]  JLI_Launch+0x7a0
C  [java+0x84c2]  main+0x65
C  [java+0x19e4]  start+0x34
C  0x0000000000000007

Java frames: (J=compiled Java code, j=interpreted, Vv=VM code)
j  jogamp.nativewindow.jawt.macosx.MacOSXJAWTWindow.UnsetJAWTRootSurfaceLayer0(JJ)V+0
j  jogamp.nativewindow.jawt.macosx.MacOSXJAWTWindow.access$200(JJ)V+2
j  jogamp.nativewindow.jawt.macosx.MacOSXJAWTWindow$1.run()V+38
j  com.jogamp.common.util.RunnableTask.run()V+24
v  ~StubRoutines::call_stub

---------------  P R O C E S S  ---------------

Java Threads: ( => current thread )
  0x00007fb03e00d800 JavaThread "Thread-19" [_thread_blocked, id=63791, stack(0x00007000019ee000,0x0000700001aee000)]
  0x00007fb038b00800 JavaThread "AWT-EventQueue-1" [_thread_in_native, id=58927, stack(0x0000700001868000,0x0000700001968000)]
  0x00007fb03920c800 JavaThread "DestroyJavaVM" [_thread_blocked, id=5891, stack(0x000070000011a000,0x000070000021a000)]
  0x00007fb03a111800 JavaThread "AWT-EventQueue-0" [_thread_blocked, id=56323, stack(0x0000700001662000,0x0000700001762000)]
  0x00007fb039974800 JavaThread "Java2D Disposer" daemon [_thread_blocked, id=52995, stack(0x00007000013d9000,0x00007000014d9000)]
  0x00007fb0388ff000 JavaThread "Java2D Queue Flusher" daemon [_thread_blocked, id=49927, stack(0x00007000012d6000,0x00007000013d6000)]
  0x00007fb0398ec000 JavaThread "AWT-Shutdown" [_thread_blocked, id=28947, stack(0x00007000010cd000,0x00007000011cd000)]
=>0x00007fb0388b1800 JavaThread "AWT-AppKit" daemon [_thread_in_native, id=2571, stack(0x00007fff5ad90000,0x00007fff5b590000)]
  0x00007fb038825000 JavaThread "Service Thread" daemon [_thread_blocked, id=18691, stack(0x0000700000e44000,0x0000700000f44000)]
  0x00007fb039851800 JavaThread "C1 CompilerThread2" daemon [_thread_blocked, id=18179, stack(0x0000700000d41000,0x0000700000e41000)]
  0x00007fb039832800 JavaThread "C2 CompilerThread1" daemon [_thread_blocked, id=17667, stack(0x0000700000c3e000,0x0000700000d3e000)]
  0x00007fb039027800 JavaThread "C2 CompilerThread0" daemon [_thread_blocked, id=17155, stack(0x0000700000b3b000,0x0000700000c3b000)]
  0x00007fb039006800 JavaThread "Signal Dispatcher" daemon [_thread_blocked, id=13839, stack(0x0000700000a38000,0x0000700000b38000)]
  0x00007fb03a016800 JavaThread "Finalizer" daemon [_thread_blocked, id=12291, stack(0x000070000082f000,0x000070000092f000)]
  0x00007fb03982e000 JavaThread "Reference Handler" daemon [_thread_blocked, id=11779, stack(0x000070000072c000,0x000070000082c000)]

Other Threads:
  0x00007fb03982d000 VMThread [stack: 0x0000700000629000,0x0000700000729000] [id=11267]
  0x00007fb039072800 WatcherThread [stack: 0x0000700000f47000,0x0000700001047000] [id=19203]

VM state:not at safepoint (normal execution)

VM Mutex/Monitor currently owned by a thread: None

Heap:
 PSYoungGen      total 57344K, used 3780K [0x00000007aab00000, 0x00000007aec80000, 0x00000007c0000000)
  eden space 50688K, 7% used [0x00000007aab00000,0x00000007aae89198,0x00000007adc80000)
  from space 6656K, 2% used [0x00000007ae600000,0x00000007ae628000,0x00000007aec80000)
  to   space 8192K, 0% used [0x00000007adc80000,0x00000007adc80000,0x00000007ae480000)
 ParOldGen       total 38912K, used 19459K [0x0000000780000000, 0x0000000782600000, 0x00000007aab00000)
  object space 38912K, 50% used [0x0000000780000000,0x0000000781300cd0,0x0000000782600000)
 Metaspace       used 24038K, capacity 24247K, committed 24576K, reserved 1071104K
  class space    used 2371K, capacity 2452K, committed 2560K, reserved 1048576K

Card table byte_map: [0x000000011555d000,0x000000011575e000] byte_map_base: 0x000000011195d000

Marking Bits: (ParMarkBitMap*) 0x0000000105aedd20
 Begin Bits: [0x00000001158b4000, 0x00000001168b4000)
 End Bits:   [0x00000001168b4000, 0x00000001178b4000)

Polling page: 0x0000000104933000

CodeCache: size=245760Kb used=9806Kb max_used=10097Kb free=235954Kb
 bounds [0x000000010619d000, 0x0000000106b8d000, 0x000000011519d000]
 total_blobs=3810 nmethods=2891 adapters=832
 compilation: enabled

Compilation events (10 events):
Event: 217.498 Thread 0x00007fb039027800 3246       4       processing.core.PGraphics::textLineAlignImpl (58 bytes)
Event: 217.500 Thread 0x00007fb039027800 nmethod 3246 0x000000010652fed0 code [0x0000000106530020, 0x0000000106530148]
Event: 233.408 Thread 0x00007fb039832800 3247       4       sun.java2d.SurfaceData::pixelFor (13 bytes)
Event: 233.410 Thread 0x00007fb039832800 nmethod 3247 0x00000001066a9650 code [0x00000001066a97a0, 0x00000001066a9878]
Event: 233.417 Thread 0x00007fb039851800 3248   !   3       sun.lwawt.LWComponentPeer::isShowing (49 bytes)
Event: 233.418 Thread 0x00007fb039851800 nmethod 3248 0x0000000106460c50 code [0x0000000106460e00, 0x0000000106461708]
Event: 233.458 Thread 0x00007fb039027800 3249       4       java.awt.EventQueue::cacheEQItem (60 bytes)
Event: 233.462 Thread 0x00007fb039027800 nmethod 3249 0x00000001067f0dd0 code [0x00000001067f0f40, 0x00000001067f1198]
Event: 233.483 Thread 0x00007fb039851800 3250       3       java.util.IdentityHashMap::hash (18 bytes)
Event: 233.483 Thread 0x00007fb039851800 nmethod 3250 0x0000000106607c90 code [0x0000000106607e00, 0x0000000106607f88]

GC Heap History (10 events):
Event: 160.113 GC heap before
{Heap before GC invocations=17 (full 1):
 PSYoungGen      total 60928K, used 60864K [0x00000007aab00000, 0x00000007af600000, 0x00000007c0000000)
  eden space 58368K, 100% used [0x00000007aab00000,0x00000007ae400000,0x00000007ae400000)
  from space 2560K, 97% used [0x00000007ae600000,0x00000007ae870060,0x00000007ae880000)
  to   space 9216K, 0% used [0x00000007aed00000,0x00000007aed00000,0x00000007af600000)
 ParOldGen       total 38912K, used 17085K [0x0000000780000000, 0x0000000782600000, 0x00000007aab00000)
  object space 38912K, 43% used [0x0000000780000000,0x00000007810af6f0,0x0000000782600000)
 Metaspace       used 24009K, capacity 24247K, committed 24576K, reserved 1071104K
  class space    used 2365K, capacity 2452K, committed 2560K, reserved 1048576K
Event: 160.119 GC heap after
Heap after GC invocations=17 (full 1):
 PSYoungGen      total 64512K, used 2544K [0x00000007aab00000, 0x00000007af480000, 0x00000007c0000000)
  eden space 56832K, 0% used [0x00000007aab00000,0x00000007aab00000,0x00000007ae280000)
  from space 7680K, 33% used [0x00000007aed00000,0x00000007aef7c070,0x00000007af480000)
  to   space 9216K, 0% used [0x00000007ae280000,0x00000007ae280000,0x00000007aeb80000)
 ParOldGen       total 38912K, used 17085K [0x0000000780000000, 0x0000000782600000, 0x00000007aab00000)
  object space 38912K, 43% used [0x0000000780000000,0x00000007810af6f0,0x0000000782600000)
 Metaspace       used 24009K, capacity 24247K, committed 24576K, reserved 1071104K
  class space    used 2365K, capacity 2452K, committed 2560K, reserved 1048576K
}
Event: 176.958 GC heap before
{Heap before GC invocations=18 (full 1):
 PSYoungGen      total 64512K, used 59376K [0x00000007aab00000, 0x00000007af480000, 0x00000007c0000000)
  eden space 56832K, 100% used [0x00000007aab00000,0x00000007ae280000,0x00000007ae280000)
  from space 7680K, 33% used [0x00000007aed00000,0x00000007aef7c070,0x00000007af480000)
  to   space 9216K, 0% used [0x00000007ae280000,0x00000007ae280000,0x00000007aeb80000)
 ParOldGen       total 38912K, used 17085K [0x0000000780000000, 0x0000000782600000, 0x00000007aab00000)
  object space 38912K, 43% used [0x0000000780000000,0x00000007810af6f0,0x0000000782600000)
 Metaspace       used 24009K, capacity 24247K, committed 24576K, reserved 1071104K
  class space    used 2365K, capacity 2452K, committed 2560K, reserved 1048576K
Event: 176.967 GC heap after
Heap after GC invocations=18 (full 1):
 PSYoungGen      total 57856K, used 2464K [0x00000007aab00000, 0x00000007af200000, 0x00000007c0000000)
  eden space 55296K, 0% used [0x00000007aab00000,0x00000007aab00000,0x00000007ae100000)
  from space 2560K, 96% used [0x00000007ae280000,0x00000007ae4e8060,0x00000007ae500000)
  to   space 8704K, 0% used [0x00000007ae980000,0x00000007ae980000,0x00000007af200000)
 ParOldGen       total 38912K, used 17085K [0x0000000780000000, 0x0000000782600000, 0x00000007aab00000)
  object space 38912K, 43% used [0x0000000780000000,0x00000007810af6f0,0x0000000782600000)
 Metaspace       used 24009K, capacity 24247K, committed 24576K, reserved 1071104K
  class space    used 2365K, capacity 2452K, committed 2560K, reserved 1048576K
}
Event: 196.051 GC heap before
{Heap before GC invocations=19 (full 1):
 PSYoungGen      total 57856K, used 57760K [0x00000007aab00000, 0x00000007af200000, 0x00000007c0000000)
  eden space 55296K, 100% used [0x00000007aab00000,0x00000007ae100000,0x00000007ae100000)
  from space 2560K, 96% used [0x00000007ae280000,0x00000007ae4e8060,0x00000007ae500000)
  to   space 8704K, 0% used [0x00000007ae980000,0x00000007ae980000,0x00000007af200000)
 ParOldGen       total 38912K, used 17085K [0x0000000780000000, 0x0000000782600000, 0x00000007aab00000)
  object space 38912K, 43% used [0x0000000780000000,0x00000007810af6f0,0x0000000782600000)
 Metaspace       used 24009K, capacity 24247K, committed 24576K, reserved 1071104K
  class space    used 2365K, capacity 2452K, committed 2560K, reserved 1048576K
Event: 196.075 GC heap after
Heap after GC invocations=19 (full 1):
 PSYoungGen      total 59904K, used 2464K [0x00000007aab00000, 0x00000007aef80000, 0x00000007c0000000)
  eden space 53760K, 0% used [0x00000007aab00000,0x00000007aab00000,0x00000007adf80000)
  from space 6144K, 40% used [0x00000007ae980000,0x00000007aebe8060,0x00000007aef80000)
  to   space 8192K, 0% used [0x00000007adf80000,0x00000007adf80000,0x00000007ae780000)
 ParOldGen       total 38912K, used 17085K [0x0000000780000000, 0x0000000782600000, 0x00000007aab00000)
  object space 38912K, 43% used [0x0000000780000000,0x00000007810af6f0,0x0000000782600000)
 Metaspace       used 24009K, capacity 24247K, committed 24576K, reserved 1071104K
  class space    used 2365K, capacity 2452K, committed 2560K, reserved 1048576K
}
Event: 215.517 GC heap before
{Heap before GC invocations=20 (full 1):
 PSYoungGen      total 59904K, used 56224K [0x00000007aab00000, 0x00000007aef80000, 0x00000007c0000000)
  eden space 53760K, 100% used [0x00000007aab00000,0x00000007adf80000,0x00000007adf80000)
  from space 6144K, 40% used [0x00000007ae980000,0x00000007aebe8060,0x00000007aef80000)
  to   space 8192K, 0% used [0x00000007adf80000,0x00000007adf80000,0x00000007ae780000)
 ParOldGen       total 38912K, used 17085K [0x0000000780000000, 0x0000000782600000, 0x00000007aab00000)
  object space 38912K, 43% used [0x0000000780000000,0x00000007810af6f0,0x0000000782600000)
 Metaspace       used 24009K, capacity 24247K, committed 24576K, reserved 1071104K
  class space    used 2365K, capacity 2452K, committed 2560K, reserved 1048576K
Event: 215.523 GC heap after
Heap after GC invocations=20 (full 1):
 PSYoungGen      total 54784K, used 2512K [0x00000007aab00000, 0x00000007aee00000, 0x00000007c0000000)
  eden space 52224K, 0% used [0x00000007aab00000,0x00000007aab00000,0x00000007ade00000)
  from space 2560K, 98% used [0x00000007adf80000,0x00000007ae1f4070,0x00000007ae200000)
  to   space 8192K, 0% used [0x00000007ae600000,0x00000007ae600000,0x00000007aee00000)
 ParOldGen       total 38912K, used 17085K [0x0000000780000000, 0x0000000782600000, 0x00000007aab00000)
  object space 38912K, 43% used [0x0000000780000000,0x00000007810af6f0,0x0000000782600000)
 Metaspace       used 24009K, capacity 24247K, committed 24576K, reserved 1071104K
  class space    used 2365K, capacity 2452K, committed 2560K, reserved 1048576K
}
Event: 233.018 GC heap before
{Heap before GC invocations=21 (full 1):
 PSYoungGen      total 54784K, used 54736K [0x00000007aab00000, 0x00000007aee00000, 0x00000007c0000000)
  eden space 52224K, 100% used [0x00000007aab00000,0x00000007ade00000,0x00000007ade00000)
  from space 2560K, 98% used [0x00000007adf80000,0x00000007ae1f4070,0x00000007ae200000)
  to   space 8192K, 0% used [0x00000007ae600000,0x00000007ae600000,0x00000007aee00000)
 ParOldGen       total 38912K, used 17085K [0x0000000780000000, 0x0000000782600000, 0x00000007aab00000)
  object space 38912K, 43% used [0x0000000780000000,0x00000007810af6f0,0x0000000782600000)
 Metaspace       used 24009K, capacity 24247K, committed 24576K, reserved 1071104K
  class space    used 2365K, capacity 2452K, committed 2560K, reserved 1048576K
Event: 233.025 GC heap after
Heap after GC invocations=21 (full 1):
 PSYoungGen      total 57344K, used 160K [0x00000007aab00000, 0x00000007aec80000, 0x00000007c0000000)
  eden space 50688K, 0% used [0x00000007aab00000,0x00000007aab00000,0x00000007adc80000)
  from space 6656K, 2% used [0x00000007ae600000,0x00000007ae628000,0x00000007aec80000)
  to   space 8192K, 0% used [0x00000007adc80000,0x00000007adc80000,0x00000007ae480000)
 ParOldGen       total 38912K, used 19459K [0x0000000780000000, 0x0000000782600000, 0x00000007aab00000)
  object space 38912K, 50% used [0x0000000780000000,0x0000000781300cd0,0x0000000782600000)
 Metaspace       used 24009K, capacity 24247K, committed 24576K, reserved 1071104K
  class space    used 2365K, capacity 2452K, committed 2560K, reserved 1048576K
}

Deoptimization events (10 events):
Event: 233.458 Thread 0x00007fb03a111800 Uncommon trap: reason=class_check action=maybe_recompile pc=0x0000000106b66940 method=java.awt.event.InvocationEvent.dispatch()V @ 47
Event: 233.458 Thread 0x00007fb03a111800 Uncommon trap: reason=class_check action=maybe_recompile pc=0x0000000106b61f70 method=java.awt.EventQueue.dispatchEventImpl(Ljava/awt/AWTEvent;Ljava/lang/Object;)V @ 30
Event: 233.458 Thread 0x00007fb03a111800 Uncommon trap: reason=class_check action=maybe_recompile pc=0x000000010677f00c method=java.awt.Component.getGraphics()Ljava/awt/Graphics; @ 114
Event: 233.458 Thread 0x00007fb03a111800 Uncommon trap: reason=speculate_class_check action=maybe_recompile pc=0x00000001067852b8 method=sun.lwawt.LWComponentPeer.applyConstrain(Ljava/awt/Graphics;)V @ 32
Event: 233.462 Thread 0x00007fb0388b1800 Uncommon trap: reason=class_check action=maybe_recompile pc=0x000000010634ae00 method=com.jogamp.common.util.RunnableTask.run()V @ 24
Event: 233.464 Thread 0x00007fb0388b1800 Uncommon trap: reason=unstable_if action=reinterpret pc=0x000000010636983c method=jogamp.nativewindow.macosx.OSXUtil.RunOnMainThread(ZZLjava/lang/Runnable;)V @ 3
Event: 233.472 Thread 0x00007fb038b00800 Uncommon trap: reason=unstable_if action=reinterpret pc=0x0000000106b857d0 method=jogamp.opengl.GLContextImpl.release(Z)V @ 161
Event: 233.477 Thread 0x00007fb038b00800 Uncommon trap: reason=unstable_if action=reinterpret pc=0x0000000106b08e18 method=java.util.LinkedList$ListItr.<init>(Ljava/util/LinkedList;I)V @ 26
Event: 233.480 Thread 0x00007fb038b00800 Uncommon trap: reason=unstable_if action=reinterpret pc=0x0000000106b005c4 method=java.util.LinkedList$ListItr.<init>(Ljava/util/LinkedList;I)V @ 26
Event: 233.489 Thread 0x00007fb0388b1800 Uncommon trap: reason=class_check action=maybe_recompile pc=0x000000010634ae00 method=com.jogamp.common.util.RunnableTask.run()V @ 24

Internal exceptions (10 events):
Event: 0.283 Thread 0x00007fb03a000800 Exception <a 'java/lang/NoSuchFieldError': method resolution failed> (0x00000007aacb1c98) thrown at [/HUDSON3/workspace/8-2-build-macosx-x86_64/jdk8u101/7261/hotspot/src/share/vm/prims/methodHandles.cpp, line 1146]
Event: 0.288 Thread 0x00007fb03a000800 Exception <a 'java/lang/NoSuchFieldError': method resolution failed> (0x00000007aacbf468) thrown at [/HUDSON3/workspace/8-2-build-macosx-x86_64/jdk8u101/7261/hotspot/src/share/vm/prims/methodHandles.cpp, line 1146]
Event: 0.491 Thread 0x00007fb03a000800 Exception <a 'java/io/FileNotFoundException'> (0x00000007aad3ade0) thrown at [/HUDSON3/workspace/8-2-build-macosx-x86_64/jdk8u101/7261/hotspot/src/share/vm/prims/jni.cpp, line 709]
Event: 0.491 Thread 0x00007fb03a000800 Exception <a 'java/io/FileNotFoundException'> (0x00000007aad3b940) thrown at [/HUDSON3/workspace/8-2-build-macosx-x86_64/jdk8u101/7261/hotspot/src/share/vm/prims/jni.cpp, line 709]
Event: 0.648 Thread 0x00007fb03a000800 Exception <a 'java/io/FileNotFoundException'> (0x00000007aae22c10) thrown at [/HUDSON3/workspace/8-2-build-macosx-x86_64/jdk8u101/7261/hotspot/src/share/vm/prims/jni.cpp, line 709]
Event: 2.615 Thread 0x00007fb03a016800 Exception <a 'java/lang/NullPointerException'> (0x00000007aab84f40) thrown at [/HUDSON3/workspace/8-2-build-macosx-x86_64/jdk8u101/7261/hotspot/src/share/vm/interpreter/linkResolver.cpp, line 1178]
Event: 2.742 Thread 0x00007fb038b03000 Exception <a 'java/lang/UnsatisfiedLinkError': com.jogamp.common.util.JarUtil.fixNativeLibAttribs(Ljava/lang/String;)Z> (0x00000007aaea8f88) thrown at [/HUDSON3/workspace/8-2-build-macosx-x86_64/jdk8u101/7261/hotspot/src/share/vm/prims/nativeLookup.cpp, l
Event: 3.996 Thread 0x00007fb038b00800 Exception <a 'java/io/FileNotFoundException'> (0x00000007ab0f44f8) thrown at [/HUDSON3/workspace/8-2-build-macosx-x86_64/jdk8u101/7261/hotspot/src/share/vm/prims/jni.cpp, line 709]
Event: 3.997 Thread 0x00007fb038b00800 Exception <a 'java/io/FileNotFoundException'> (0x00000007ab0fa9d0) thrown at [/HUDSON3/workspace/8-2-build-macosx-x86_64/jdk8u101/7261/hotspot/src/share/vm/prims/jni.cpp, line 709]
Event: 3.998 Thread 0x00007fb038b00800 Implicit null exception at 0x00000001063433b3 to 0x0000000106343755

Events (10 events):
Event: 233.479 loading class java/awt/Toolkit$ToolkitEventMulticaster done
Event: 233.480 Thread 0x00007fb038b00800 Uncommon trap: trap_request=0xffffff65 fr.pc=0x0000000106b005c4
Event: 233.480 Thread 0x00007fb038b00800 DEOPT PACKING pc=0x0000000106b005c4 sp=0x0000700001965800
Event: 233.480 Thread 0x00007fb038b00800 DEOPT UNPACKING pc=0x00000001061a2229 sp=0x0000700001965758 mode 2
Event: 233.482 Thread 0x00007fb0388f9800 Thread exited: 0x00007fb0388f9800
Event: 233.482 loading class java/awt/Window$1DisposeAction
Event: 233.483 loading class java/awt/Window$1DisposeAction done
Event: 233.489 Thread 0x00007fb0388b1800 Uncommon trap: trap_request=0xffffffde fr.pc=0x000000010634ae00
Event: 233.489 Thread 0x00007fb0388b1800 DEOPT PACKING pc=0x000000010634ae00 sp=0x00007fff5b58b670
Event: 233.489 Thread 0x00007fb0388b1800 DEOPT UNPACKING pc=0x00000001061a2229 sp=0x00007fff5b58b618 mode 2


Dynamic libraries:
0x0000000005485000 	/System/Library/Frameworks/Cocoa.framework/Versions/A/Cocoa
0x0000000005485000 	/System/Library/Frameworks/Security.framework/Versions/A/Security
0x0000000005485000 	/System/Library/Frameworks/ApplicationServices.framework/Versions/A/ApplicationServices
0x0000000005485000 	/usr/lib/libz.1.dylib
0x0000000005485000 	/usr/lib/libSystem.B.dylib
0x0000000005485000 	/usr/lib/libobjc.A.dylib
0x0000000005485000 	/System/Library/Frameworks/CoreFoundation.framework/Versions/A/CoreFoundation
0x0000000005485000 	/System/Library/Frameworks/Foundation.framework/Versions/C/Foundation
0x0000000005485000 	/System/Library/Frameworks/AppKit.framework/Versions/C/AppKit
0x0000000005485000 	/System/Library/Frameworks/CoreData.framework/Versions/A/CoreData
0x0000000005485000 	/System/Library/PrivateFrameworks/RemoteViewServices.framework/Versions/A/RemoteViewServices
0x0000000005485000 	/System/Library/PrivateFrameworks/UIFoundation.framework/Versions/A/UIFoundation
0x0000000005485000 	/usr/lib/libScreenReader.dylib
0x0000000005485000 	/System/Library/Frameworks/Accelerate.framework/Versions/A/Accelerate
0x0000000005485000 	/System/Library/Frameworks/IOSurface.framework/Versions/A/IOSurface
0x0000000005485000 	/System/Library/Frameworks/AudioToolbox.framework/Versions/A/AudioToolbox
0x0000000005485000 	/System/Library/Frameworks/AudioUnit.framework/Versions/A/AudioUnit
0x0000000005485000 	/System/Library/PrivateFrameworks/DataDetectorsCore.framework/Versions/A/DataDetectorsCore
0x0000000005485000 	/System/Library/PrivateFrameworks/DesktopServicesPriv.framework/Versions/A/DesktopServicesPriv
0x0000000005485000 	/System/Library/Frameworks/Carbon.framework/Versions/A/Frameworks/HIToolbox.framework/Versions/A/HIToolbox
0x0000000005485000 	/System/Library/Frameworks/QuartzCore.framework/Versions/A/QuartzCore
0x0000000005485000 	/System/Library/Frameworks/Carbon.framework/Versions/A/Frameworks/SpeechRecognition.framework/Versions/A/SpeechRecognition
0x0000000005485000 	/usr/lib/libauto.dylib
0x0000000005485000 	/usr/lib/libicucore.A.dylib
0x0000000005485000 	/usr/lib/libxml2.2.dylib
0x0000000005485000 	/System/Library/PrivateFrameworks/CoreUI.framework/Versions/A/CoreUI
0x0000000005485000 	/System/Library/Frameworks/CoreAudio.framework/Versions/A/CoreAudio
0x0000000005485000 	/System/Library/Frameworks/DiskArbitration.framework/Versions/A/DiskArbitration
0x0000000005485000 	/usr/lib/liblangid.dylib
0x0000000005485000 	/System/Library/PrivateFrameworks/MultitouchSupport.framework/Versions/A/MultitouchSupport
0x0000000005485000 	/System/Library/Frameworks/IOKit.framework/Versions/A/IOKit
0x0000000005485000 	/usr/lib/libDiagnosticMessagesClient.dylib
0x0000000005485000 	/System/Library/Frameworks/CoreServices.framework/Versions/A/CoreServices
0x0000000005485000 	/System/Library/PrivateFrameworks/PerformanceAnalysis.framework/Versions/A/PerformanceAnalysis
0x0000000005485000 	/System/Library/PrivateFrameworks/GenerationalStorage.framework/Versions/A/GenerationalStorage
0x0000000005485000 	/System/Library/Frameworks/OpenGL.framework/Versions/A/OpenGL
0x0000000005485000 	/System/Library/PrivateFrameworks/Sharing.framework/Versions/A/Sharing
0x0000000005485000 	/System/Library/Frameworks/CoreGraphics.framework/Versions/A/CoreGraphics
0x0000000005485000 	/System/Library/Frameworks/CoreImage.framework/Versions/A/CoreImage
0x0000000005485000 	/System/Library/Frameworks/CoreText.framework/Versions/A/CoreText
0x0000000005485000 	/System/Library/Frameworks/ImageIO.framework/Versions/A/ImageIO
0x0000000005485000 	/System/Library/PrivateFrameworks/Backup.framework/Versions/A/Backup
0x0000000005485000 	/usr/lib/libextension.dylib
0x0000000005485000 	/usr/lib/libarchive.2.dylib
0x0000000005485000 	/System/Library/Frameworks/CFNetwork.framework/Versions/A/CFNetwork
0x0000000005485000 	/System/Library/Frameworks/SystemConfiguration.framework/Versions/A/SystemConfiguration
0x0000000005485000 	/usr/lib/libCRFSuite.dylib
0x0000000005485000 	/usr/lib/libc++.1.dylib
0x0000000005485000 	/usr/lib/libc++abi.dylib
0x0000000005485000 	/usr/lib/system/libcache.dylib
0x0000000005485000 	/usr/lib/system/libcommonCrypto.dylib
0x0000000005485000 	/usr/lib/system/libcompiler_rt.dylib
0x0000000005485000 	/usr/lib/system/libcopyfile.dylib
0x0000000005485000 	/usr/lib/system/libcorecrypto.dylib
0x0000000005485000 	/usr/lib/system/libdispatch.dylib
0x0000000005485000 	/usr/lib/system/libdyld.dylib
0x0000000005485000 	/usr/lib/system/libkeymgr.dylib
0x0000000005485000 	/usr/lib/system/liblaunch.dylib
0x0000000005485000 	/usr/lib/system/libmacho.dylib
0x0000000005485000 	/usr/lib/system/libquarantine.dylib
0x0000000005485000 	/usr/lib/system/libremovefile.dylib
0x0000000005485000 	/usr/lib/system/libsystem_asl.dylib
0x0000000005485000 	/usr/lib/system/libsystem_blocks.dylib
0x0000000005485000 	/usr/lib/system/libsystem_c.dylib
0x0000000005485000 	/usr/lib/system/libsystem_configuration.dylib
0x0000000005485000 	/usr/lib/system/libsystem_coreservices.dylib
0x0000000005485000 	/usr/lib/system/libsystem_coretls.dylib
0x0000000005485000 	/usr/lib/system/libsystem_dnssd.dylib
0x0000000005485000 	/usr/lib/system/libsystem_info.dylib
0x0000000005485000 	/usr/lib/system/libsystem_kernel.dylib
0x0000000005485000 	/usr/lib/system/libsystem_m.dylib
0x0000000005485000 	/usr/lib/system/libsystem_malloc.dylib
0x0000000005485000 	/usr/lib/system/libsystem_network.dylib
0x0000000005485000 	/usr/lib/system/libsystem_networkextension.dylib
0x0000000005485000 	/usr/lib/system/libsystem_notify.dylib
0x0000000005485000 	/usr/lib/system/libsystem_platform.dylib
0x0000000005485000 	/usr/lib/system/libsystem_pthread.dylib
0x0000000005485000 	/usr/lib/system/libsystem_sandbox.dylib
0x0000000005485000 	/usr/lib/system/libsystem_secinit.dylib
0x0000000005485000 	/usr/lib/system/libsystem_trace.dylib
0x0000000005485000 	/usr/lib/system/libunc.dylib
0x0000000005485000 	/usr/lib/system/libunwind.dylib
0x0000000005485000 	/usr/lib/system/libxpc.dylib
0x0000000005485000 	/usr/lib/libenergytrace.dylib
0x0000000005485000 	/usr/lib/libbsm.0.dylib
0x0000000005485000 	/usr/lib/system/libkxld.dylib
0x0000000005485000 	/usr/lib/libxar.1.dylib
0x0000000005485000 	/usr/lib/libsqlite3.dylib
0x0000000005485000 	/usr/lib/libpam.2.dylib
0x0000000005485000 	/usr/lib/libOpenScriptingUtil.dylib
0x0000000005485000 	/usr/lib/libbz2.1.0.dylib
0x0000000005485000 	/usr/lib/liblzma.5.dylib
0x0000000005485000 	/System/Library/Frameworks/CoreServices.framework/Versions/A/Frameworks/FSEvents.framework/Versions/A/FSEvents
0x0000000005485000 	/System/Library/Frameworks/CoreServices.framework/Versions/A/Frameworks/CarbonCore.framework/Versions/A/CarbonCore
0x0000000005485000 	/System/Library/Frameworks/CoreServices.framework/Versions/A/Frameworks/Metadata.framework/Versions/A/Metadata
0x0000000005485000 	/System/Library/Frameworks/CoreServices.framework/Versions/A/Frameworks/OSServices.framework/Versions/A/OSServices
0x0000000005485000 	/System/Library/Frameworks/CoreServices.framework/Versions/A/Frameworks/SearchKit.framework/Versions/A/SearchKit
0x0000000005485000 	/System/Library/Frameworks/CoreServices.framework/Versions/A/Frameworks/AE.framework/Versions/A/AE
0x0000000005485000 	/System/Library/Frameworks/CoreServices.framework/Versions/A/Frameworks/LaunchServices.framework/Versions/A/LaunchServices
0x0000000005485000 	/System/Library/Frameworks/CoreServices.framework/Versions/A/Frameworks/DictionaryServices.framework/Versions/A/DictionaryServices
0x0000000005485000 	/System/Library/Frameworks/CoreServices.framework/Versions/A/Frameworks/SharedFileList.framework/Versions/A/SharedFileList
0x0000000005485000 	/System/Library/Frameworks/NetFS.framework/Versions/A/NetFS
0x0000000005485000 	/System/Library/PrivateFrameworks/NetAuth.framework/Versions/A/NetAuth
0x0000000005485000 	/System/Library/PrivateFrameworks/login.framework/Versions/A/Frameworks/loginsupport.framework/Versions/A/loginsupport
0x0000000005485000 	/System/Library/PrivateFrameworks/TCC.framework/Versions/A/TCC
0x0000000005485000 	/usr/lib/libmecabra.dylib
0x0000000005485000 	/System/Library/Frameworks/ApplicationServices.framework/Versions/A/Frameworks/ATS.framework/Versions/A/ATS
0x0000000005485000 	/System/Library/Frameworks/ApplicationServices.framework/Versions/A/Frameworks/ColorSync.framework/Versions/A/ColorSync
0x0000000005485000 	/System/Library/Frameworks/ApplicationServices.framework/Versions/A/Frameworks/HIServices.framework/Versions/A/HIServices
0x0000000005485000 	/System/Library/Frameworks/ApplicationServices.framework/Versions/A/Frameworks/LangAnalysis.framework/Versions/A/LangAnalysis
0x0000000005485000 	/System/Library/Frameworks/ApplicationServices.framework/Versions/A/Frameworks/PrintCore.framework/Versions/A/PrintCore
0x0000000005485000 	/System/Library/Frameworks/ApplicationServices.framework/Versions/A/Frameworks/QD.framework/Versions/A/QD
0x0000000005485000 	/System/Library/Frameworks/ApplicationServices.framework/Versions/A/Frameworks/SpeechSynthesis.framework/Versions/A/SpeechSynthesis
0x0000000005485000 	/System/Library/Frameworks/Metal.framework/Versions/A/Metal
0x0000000005485000 	/System/Library/Frameworks/Accelerate.framework/Versions/A/Frameworks/vImage.framework/Versions/A/vImage
0x0000000005485000 	/System/Library/Frameworks/Accelerate.framework/Versions/A/Frameworks/vecLib.framework/Versions/A/vecLib
0x0000000005485000 	/System/Library/Frameworks/Accelerate.framework/Versions/A/Frameworks/vecLib.framework/Versions/A/libvDSP.dylib
0x0000000005485000 	/System/Library/Frameworks/Accelerate.framework/Versions/A/Frameworks/vecLib.framework/Versions/A/libvMisc.dylib
0x0000000005485000 	/System/Library/Frameworks/Accelerate.framework/Versions/A/Frameworks/vecLib.framework/Versions/A/libLAPACK.dylib
0x0000000005485000 	/System/Library/Frameworks/Accelerate.framework/Versions/A/Frameworks/vecLib.framework/Versions/A/libBLAS.dylib
0x0000000005485000 	/System/Library/Frameworks/Accelerate.framework/Versions/A/Frameworks/vecLib.framework/Versions/A/libLinearAlgebra.dylib
0x0000000005485000 	/System/Library/Frameworks/Accelerate.framework/Versions/A/Frameworks/vecLib.framework/Versions/A/libSparseBLAS.dylib
0x0000000005485000 	/System/Library/PrivateFrameworks/GPUCompiler.framework/libmetal_timestamp.dylib
0x0000000005485000 	/System/Library/Frameworks/OpenGL.framework/Versions/A/Libraries/libCoreFSCache.dylib
0x0000000005485000 	/System/Library/PrivateFrameworks/IOAccelerator.framework/Versions/A/IOAccelerator
0x0000000005485000 	/System/Library/Frameworks/ApplicationServices.framework/Versions/A/Frameworks/ATS.framework/Versions/A/Resources/libFontParser.dylib
0x0000000005485000 	/System/Library/Frameworks/ApplicationServices.framework/Versions/A/Frameworks/ATS.framework/Versions/A/Resources/libFontRegistry.dylib
0x0000000005485000 	/System/Library/PrivateFrameworks/AppleVPA.framework/Versions/A/AppleVPA
0x0000000005485000 	/System/Library/PrivateFrameworks/AppleJPEG.framework/Versions/A/AppleJPEG
0x0000000005485000 	/System/Library/Frameworks/ImageIO.framework/Versions/A/Resources/libJPEG.dylib
0x0000000005485000 	/System/Library/Frameworks/ImageIO.framework/Versions/A/Resources/libTIFF.dylib
0x0000000005485000 	/System/Library/Frameworks/ImageIO.framework/Versions/A/Resources/libPng.dylib
0x0000000005485000 	/System/Library/Frameworks/ImageIO.framework/Versions/A/Resources/libGIF.dylib
0x0000000005485000 	/System/Library/Frameworks/ImageIO.framework/Versions/A/Resources/libJP2.dylib
0x0000000005485000 	/System/Library/Frameworks/ImageIO.framework/Versions/A/Resources/libRadiance.dylib
0x0000000005485000 	/System/Library/Frameworks/CoreVideo.framework/Versions/A/CoreVideo
0x0000000005485000 	/System/Library/Frameworks/OpenGL.framework/Versions/A/Libraries/libGLU.dylib
0x0000000005485000 	/System/Library/Frameworks/OpenGL.framework/Versions/A/Libraries/libGFXShared.dylib
0x0000000005485000 	/System/Library/Frameworks/OpenGL.framework/Versions/A/Libraries/libGL.dylib
0x0000000005485000 	/System/Library/Frameworks/OpenGL.framework/Versions/A/Libraries/libGLImage.dylib
0x0000000005485000 	/System/Library/Frameworks/OpenGL.framework/Versions/A/Libraries/libCVMSPluginSupport.dylib
0x0000000005485000 	/System/Library/Frameworks/OpenGL.framework/Versions/A/Libraries/libCoreVMClient.dylib
0x0000000005485000 	/usr/lib/libcompression.dylib
0x0000000005485000 	/usr/lib/libcups.2.dylib
0x0000000005485000 	/System/Library/Frameworks/Kerberos.framework/Versions/A/Kerberos
0x0000000005485000 	/System/Library/Frameworks/GSS.framework/Versions/A/GSS
0x0000000005485000 	/usr/lib/libresolv.9.dylib
0x0000000005485000 	/usr/lib/libiconv.2.dylib
0x0000000005485000 	/System/Library/PrivateFrameworks/Heimdal.framework/Versions/A/Heimdal
0x0000000005485000 	/usr/lib/libheimdal-asn1.dylib
0x0000000005485000 	/System/Library/Frameworks/OpenDirectory.framework/Versions/A/OpenDirectory
0x0000000005485000 	/System/Library/PrivateFrameworks/CommonAuth.framework/Versions/A/CommonAuth
0x0000000005485000 	/System/Library/Frameworks/OpenDirectory.framework/Versions/A/Frameworks/CFOpenDirectory.framework/Versions/A/CFOpenDirectory
0x0000000005485000 	/System/Library/Frameworks/SecurityFoundation.framework/Versions/A/SecurityFoundation
0x0000000005485000 	/System/Library/PrivateFrameworks/LanguageModeling.framework/Versions/A/LanguageModeling
0x0000000005485000 	/usr/lib/libmarisa.dylib
0x0000000005485000 	/usr/lib/libChineseTokenizer.dylib
0x0000000005485000 	/usr/lib/libcmph.dylib
0x0000000005485000 	/System/Library/Frameworks/ServiceManagement.framework/Versions/A/ServiceManagement
0x0000000005485000 	/usr/lib/libxslt.1.dylib
0x0000000005485000 	/System/Library/Frameworks/Carbon.framework/Versions/A/Frameworks/Ink.framework/Versions/A/Ink
0x0000000005485000 	/usr/lib/libFosl_dynamic.dylib
0x0000000005485000 	/System/Library/PrivateFrameworks/FaceCore.framework/Versions/A/FaceCore
0x0000000005485000 	/System/Library/Frameworks/OpenCL.framework/Versions/A/OpenCL
0x0000000005485000 	/System/Library/PrivateFrameworks/CrashReporterSupport.framework/Versions/A/CrashReporterSupport
0x0000000005485000 	/System/Library/PrivateFrameworks/IconServices.framework/Versions/A/IconServices
0x0000000005485000 	/System/Library/PrivateFrameworks/Apple80211.framework/Versions/A/Apple80211
0x0000000005485000 	/System/Library/Frameworks/CoreWLAN.framework/Versions/A/CoreWLAN
0x0000000005485000 	/System/Library/Frameworks/IOBluetooth.framework/Versions/A/IOBluetooth
0x0000000005485000 	/System/Library/PrivateFrameworks/CoreWiFi.framework/Versions/A/CoreWiFi
0x0000000005485000 	/System/Library/Frameworks/CoreBluetooth.framework/Versions/A/CoreBluetooth
0x0000000005485000 	/System/Library/PrivateFrameworks/ChunkingLibrary.framework/Versions/A/ChunkingLibrary
0x0000000005485000 	/System/Library/PrivateFrameworks/DebugSymbols.framework/Versions/A/DebugSymbols
0x0000000005485000 	/System/Library/PrivateFrameworks/CoreSymbolication.framework/Versions/A/CoreSymbolication
0x0000000005485000 	/System/Library/PrivateFrameworks/Symbolication.framework/Versions/A/Symbolication
0x0000000005485000 	/System/Library/PrivateFrameworks/SpeechRecognitionCore.framework/Versions/A/SpeechRecognitionCore
0x0000000105200000 	/Library/Java/JavaVirtualMachines/jdk1.8.0_101.jdk/Contents/Home/jre/lib/server/libjvm.dylib
0x0000000005485000 	/usr/lib/libstdc++.6.dylib
0x00000001048f0000 	/Library/Java/JavaVirtualMachines/jdk1.8.0_101.jdk/Contents/Home/jre/lib/libverify.dylib
0x00000001048fe000 	/Library/Java/JavaVirtualMachines/jdk1.8.0_101.jdk/Contents/Home/jre/lib/libjava.dylib
0x000000010493d000 	/Library/Java/JavaVirtualMachines/jdk1.8.0_101.jdk/Contents/Home/jre/lib/libzip.dylib
0x00000001194e0000 	/System/Library/Frameworks/JavaVM.framework/Frameworks/JavaRuntimeSupport.framework/JavaRuntimeSupport
0x00000001194fb000 	/System/Library/Frameworks/JavaVM.framework/Versions/A/Frameworks/JavaNativeFoundation.framework/Versions/A/JavaNativeFoundation
0x0000000119510000 	/System/Library/Frameworks/JavaVM.framework/Versions/A/JavaVM
0x0000000005485000 	/System/Library/Frameworks/Carbon.framework/Versions/A/Carbon
0x000000011951d000 	/System/Library/PrivateFrameworks/JavaLaunching.framework/Versions/A/JavaLaunching
0x0000000005485000 	/System/Library/Frameworks/Carbon.framework/Versions/A/Frameworks/CommonPanels.framework/Versions/A/CommonPanels
0x0000000005485000 	/System/Library/Frameworks/Carbon.framework/Versions/A/Frameworks/Help.framework/Versions/A/Help
0x0000000005485000 	/System/Library/Frameworks/Carbon.framework/Versions/A/Frameworks/ImageCapture.framework/Versions/A/ImageCapture
0x0000000005485000 	/System/Library/Frameworks/Carbon.framework/Versions/A/Frameworks/OpenScripting.framework/Versions/A/OpenScripting
0x0000000005485000 	/System/Library/Frameworks/Carbon.framework/Versions/A/Frameworks/Print.framework/Versions/A/Print
0x0000000005485000 	/System/Library/Frameworks/Carbon.framework/Versions/A/Frameworks/SecurityHI.framework/Versions/A/SecurityHI
0x000000011ae40000 	/Library/Java/JavaVirtualMachines/jdk1.8.0_101.jdk/Contents/Home/jre/lib/libawt.dylib
0x000000011aee8000 	/Library/Java/JavaVirtualMachines/jdk1.8.0_101.jdk/Contents/Home/jre/lib/./libmlib_image.dylib
0x000000011afb4000 	/Library/Java/JavaVirtualMachines/jdk1.8.0_101.jdk/Contents/Home/jre/lib/libawt_lwawt.dylib
0x000000011b069000 	/Library/Java/JavaVirtualMachines/jdk1.8.0_101.jdk/Contents/Home/jre/lib/./libosxapp.dylib
0x0000000005485000 	/System/Library/Frameworks/ExceptionHandling.framework/Versions/A/ExceptionHandling
0x0000000005485000 	/System/Library/PrivateFrameworks/CoreServicesInternal.framework/Versions/A/CoreServicesInternal
0x0000000005485000 	/System/Library/Frameworks/CoreGraphics.framework/Versions/A/Resources/libRIP.A.dylib
0x0000000005485000 	/System/Library/Frameworks/Accelerate.framework/Versions/A/Frameworks/vImage.framework/Versions/A/Libraries/libCGInterfaces.dylib
0x0000000005485000 	/System/Library/Frameworks/CoreGraphics.framework/Versions/A/Resources/libCGXType.A.dylib
0x0000000005485000 	/System/Library/Frameworks/OpenCL.framework/Versions/A/Libraries/libcldcpuengine.dylib
0x0000000005485000 	/System/Library/PrivateFrameworks/DiskImages.framework/Versions/A/DiskImages
0x0000000005485000 	/System/Library/Frameworks/DiscRecording.framework/Versions/A/DiscRecording
0x0000000005485000 	/usr/lib/libcsfde.dylib
0x0000000005485000 	/usr/lib/libcurl.4.dylib
0x0000000005485000 	/System/Library/PrivateFrameworks/MediaKit.framework/Versions/A/MediaKit
0x0000000005485000 	/System/Library/PrivateFrameworks/ProtectedCloudStorage.framework/Versions/A/ProtectedCloudStorage
0x0000000005485000 	/usr/lib/libCoreStorage.dylib
0x0000000005485000 	/System/Library/PrivateFrameworks/EFILogin.framework/Versions/A/EFILogin
0x0000000005485000 	/usr/lib/libutil.dylib
0x0000000005485000 	/System/Library/PrivateFrameworks/FindMyDevice.framework/Versions/A/FindMyDevice
0x0000000005485000 	/System/Library/Frameworks/LDAP.framework/Versions/A/LDAP
0x0000000005485000 	/usr/lib/libsasl2.2.dylib
0x0000000005485000 	/System/Library/PrivateFrameworks/CoreDaemon.framework/Versions/B/CoreDaemon
0x0000000005485000 	/usr/lib/libcrypto.0.9.8.dylib
0x0000000005485000 	/System/Library/PrivateFrameworks/AppleSRP.framework/Versions/A/AppleSRP
0x0000000005485000 	/System/Library/PrivateFrameworks/TrustEvaluationAgent.framework/Versions/A/TrustEvaluationAgent
0x000000011c8f9000 	cl_kernels
0x0000000005485000 	/System/Library/Frameworks/OpenCL.framework/Versions/A/Libraries/ImageFormats/unorm8_bgra.dylib
0x0000000005485000 	/System/Library/Frameworks/OpenCL.framework/Versions/A/Libraries/ImageFormats/unorm8_rgba.dylib
0x0000000005485000 	/System/Library/PrivateFrameworks/FamilyControls.framework/Versions/A/FamilyControls
0x0000000005485000 	/System/Library/PrivateFrameworks/CommerceKit.framework/Versions/A/Frameworks/CommerceCore.framework/Versions/A/CommerceCore
0x0000000005485000 	/System/Library/PrivateFrameworks/SystemAdministration.framework/Versions/A/SystemAdministration
0x0000000005485000 	/System/Library/PrivateFrameworks/AppContainer.framework/Versions/A/AppContainer
0x0000000005485000 	/System/Library/PrivateFrameworks/SecCodeWrapper.framework/Versions/A/SecCodeWrapper
0x0000000005485000 	/System/Library/Frameworks/DirectoryService.framework/Versions/A/DirectoryService
0x0000000005485000 	/System/Library/PrivateFrameworks/LoginUIKit.framework/Versions/A/Frameworks/LoginUICore.framework/Versions/A/LoginUICore
0x0000000005485000 	/usr/lib/libodfde.dylib
0x0000000005485000 	/System/Library/Frameworks/OpenGL.framework/Versions/A/Resources/GLEngine.bundle/GLEngine
0x0000000005485000 	/System/Library/Frameworks/OpenGL.framework/Versions/A/Libraries/libGLProgrammability.dylib
0x000000011d936000 	/System/Library/Extensions/AppleIntelHD4000GraphicsGLDriver.bundle/Contents/MacOS/AppleIntelHD4000GraphicsGLDriver
0x0000000005485000 	/System/Library/PrivateFrameworks/GPUSupport.framework/Versions/A/Libraries/libGPUSupportMercury.dylib
0x0000000005485000 	/System/Library/Frameworks/OpenGL.framework/Versions/A/Resources/GLRendererFloat.bundle/GLRendererFloat
0x000000011e89c000 	/Library/Java/JavaVirtualMachines/jdk1.8.0_101.jdk/Contents/Home/jre/lib/libfontmanager.dylib
0x000000011fd5d000 	/Library/Java/JavaVirtualMachines/jdk1.8.0_101.jdk/Contents/Home/jre/lib/libosxui.dylib
0x0000000120a43000 	/Library/Java/JavaVirtualMachines/jdk1.8.0_101.jdk/Contents/Home/jre/lib/libnet.dylib
0x00000001207b7000 	/Library/Java/JavaVirtualMachines/jdk1.8.0_101.jdk/Contents/Home/jre/lib/libnio.dylib
0x0000000005485000 	/System/Library/Frameworks/ApplicationServices.framework/Versions/A/Frameworks/ATS.framework/Versions/A/Resources/libTrueTypeScaler.dylib
0x000000017195f000 	/System/Library/Extensions/AppleIntelHD4000GraphicsMTLDriver.bundle/Contents/MacOS/AppleIntelHD4000GraphicsMTLDriver
0x000000011bee3000 	/private/var/folders/df/q331szgs0rs63dmvvv6sk8180000gn/T/jogamp_0000/file_cache/jln8286193889183753568/jln4940576234514920991/libgluegen-rt.jnilib
0x000000011bee8000 	/private/var/folders/df/q331szgs0rs63dmvvv6sk8180000gn/T/jogamp_0000/file_cache/jln8286193889183753568/jln4940576234514920991/libnativewindow_awt.jnilib
0x000000011fa4a000 	/Library/Java/JavaVirtualMachines/jdk1.8.0_101.jdk/Contents/Home/jre/lib/libjawt.dylib
0x00000001718cb000 	/private/var/folders/df/q331szgs0rs63dmvvv6sk8180000gn/T/jogamp_0000/file_cache/jln8286193889183753568/jln4940576234514920991/libnativewindow_macosx.jnilib
0x00000001736ca000 	/private/var/folders/df/q331szgs0rs63dmvvv6sk8180000gn/T/jogamp_0000/file_cache/jln8286193889183753568/jln4940576234514920991/libjogl_desktop.jnilib
0x000000011c721000 	/Library/Java/JavaVirtualMachines/jdk1.8.0_101.jdk/Contents/Home/jre/lib/libsunec.dylib
0x000000011c623000 	/Library/Java/JavaVirtualMachines/jdk1.8.0_101.jdk/Contents/Home/jre/lib/libt2k.dylib

VM Arguments:
jvm_args: -Djava.security.policy=java.policy.applet -Dfile.encoding=UTF-8 
java_command: sun.applet.AppletViewer module4.EarthquakeCityMap1495500816357.html
java_class_path (initial): /Users/Ryan/Documents/workspaceCoursera/UCSDUnfoldingMaps/build:/Users/Ryan/Documents/workspaceCoursera/UCSDUnfoldingMaps/lib/core.jar:/Users/Ryan/Documents/workspaceCoursera/UCSDUnfoldingMaps/lib/gluegen-rt.jar:/Users/Ryan/Documents/workspaceCoursera/UCSDUnfoldingMaps/lib/jogl-all.jar:/Users/Ryan/Documents/workspaceCoursera/UCSDUnfoldingMaps/lib/log4j-1.2.15.jar:/Users/Ryan/Documents/workspaceCoursera/UCSDUnfoldingMaps/lib/sqlite-jdbc-3.7.2.jar:/Users/Ryan/Documents/workspaceCoursera/UCSDUnfoldingMaps/lib/json4processing.jar:/Users/Ryan/Documents/workspaceCoursera/UCSDUnfoldingMaps/lib/libTUIO.jar:/Users/Ryan/Documents/workspaceCoursera/UCSDUnfoldingMaps/lib/unfolding.0.9.7-uscd.jar
Launcher Type: SUN_STANDARD

Environment Variables:
PATH=/usr/bin:/bin:/usr/sbin:/sbin
SHELL=/bin/bash
DISPLAY=/private/tmp/com.apple.launchd.ULRZtvESmK/org.macosforge.xquartz:0

Signal Handlers:
SIGSEGV: [libjvm.dylib+0x5af145], sa_mask[0]=11111111011111110111111111111111, sa_flags=SA_ONSTACK|SA_RESTART|SA_SIGINFO
SIGBUS: [libjvm.dylib+0x5af145], sa_mask[0]=11111111011111110111111111111111, sa_flags=SA_RESTART|SA_SIGINFO
SIGFPE: [libjvm.dylib+0x48694c], sa_mask[0]=11111111011111110111111111111111, sa_flags=SA_RESTART|SA_SIGINFO
SIGPIPE: [libjvm.dylib+0x48694c], sa_mask[0]=11111111011111110111111111111111, sa_flags=SA_RESTART|SA_SIGINFO
SIGXFSZ: [libjvm.dylib+0x48694c], sa_mask[0]=11111111011111110111111111111111, sa_flags=SA_RESTART|SA_SIGINFO
SIGILL: [libjvm.dylib+0x48694c], sa_mask[0]=11111111011111110111111111111111, sa_flags=SA_RESTART|SA_SIGINFO
SIGUSR1: SIG_DFL, sa_mask[0]=00000000000000000000000000000000, sa_flags=none
SIGUSR2: [libjvm.dylib+0x48646a], sa_mask[0]=00100000000000000000000000000000, sa_flags=SA_RESTART|SA_SIGINFO
SIGHUP: [libjvm.dylib+0x484a41], sa_mask[0]=11111111011111110111111111111111, sa_flags=SA_RESTART|SA_SIGINFO
SIGINT: [libjvm.dylib+0x484a41], sa_mask[0]=11111111011111110111111111111111, sa_flags=SA_RESTART|SA_SIGINFO
SIGTERM: [libjvm.dylib+0x484a41], sa_mask[0]=11111111011111110111111111111111, sa_flags=SA_RESTART|SA_SIGINFO
SIGQUIT: [libjvm.dylib+0x484a41], sa_mask[0]=11111111011111110111111111111111, sa_flags=SA_RESTART|SA_SIGINFO


---------------  S Y S T E M  ---------------

OS:Bsduname:Darwin 15.6.0 Darwin Kernel Version 15.6.0: Thu Jun 23 18:25:34 PDT 2016; root:xnu-3248.60.10~1/RELEASE_X86_64 x86_64
rlimit: STACK 8192k, CORE 0k, NPROC 709, NOFILE 10240, AS infinity
load average:6.35 4.54 3.71

CPU:total 4 (2 cores per cpu, 2 threads per core) family 6 model 58 stepping 9, cmov, cx8, fxsr, mmx, sse, sse2, sse3, ssse3, sse4.1, sse4.2, popcnt, avx, aes, clmul, erms, ht, tsc, tscinvbit, tscinv

Memory: 4k page, physical 4194304k(552088k free)

/proc/meminfo:


vm_info: Java HotSpot(TM) 64-Bit Server VM (25.101-b13) for bsd-amd64 JRE (1.8.0_101-b13), built on Jun 22 2016 02:42:15 by "java_re" with gcc 4.2.1 (Based on Apple Inc. build 5658) (LLVM build 2336.11.00)

time: Mon May 22 20:57:29 2017
elapsed time: 233 seconds (0d 0h 3m 53s)

