#
# A fatal error has been detected by the Java Runtime Environment:
#
#  SIGSEGV (0xb) at pc=0x00007fff8b7c74dd, pid=78488, tid=0x0000000000000a0b
#
# JRE version: Java(TM) SE Runtime Environment (8.0_101-b13) (build 1.8.0_101-b13)
# Java VM: Java HotSpot(TM) 64-Bit Server VM (25.101-b13 mixed mode bsd-amd64 compressed oops)
# Problematic frame:
# C  [libobjc.A.dylib+0x14dd]  objc_msgSend+0x1d
#
# Failed to write core dump. Core dumps have been disabled. To enable core dumping, try "ulimit -c unlimited" before starting Java again
#
# If you would like to submit a bug report, please visit:
#   http://bugreport.java.com/bugreport/crash.jsp
# The crash happened outside the Java Virtual Machine in native code.
# See problematic frame for where to report the bug.
#

---------------  T H R E A D  ---------------

Current thread (0x00007fce4184d000):  JavaThread "AWT-AppKit" daemon [_thread_in_native, id=2571, stack(0x00007fff51fb2000,0x00007fff527b2000)]

siginfo: si_signo: 11 (SIGSEGV), si_code: 1 (SEGV_MAPERR), si_addr: 0x0000000000000018

Registers:
RAX=0x00007fce4636fe70, RBX=0x000000017a6b6450, RCX=0x0000000124bb1020, RDX=0x0000000128829880
RSP=0x00007fff527ad3f8, RBP=0x00007fff527ad4b0, RSI=0x00007fff85a09cbe, RDI=0x00007fce416ac700
R8 =0x0000000000000000, R9 =0x00000000000008b0, R10=0x00007fff85a09cbe, R11=0x0000000000000000
R12=0x0000000000000000, R13=0x000000017c3ddbc0, R14=0x000000017a6b6440, R15=0x00007fce4184d000
RIP=0x00007fff8b7c74dd, EFLAGS=0x0000000000010246, ERR=0x0000000000000004
  TRAPNO=0x000000000000000e

Top of Stack: (sp=0x00007fff527ad3f8)
0x00007fff527ad3f8:   000000017a6b4157 00007fff527ad450
0x00007fff527ad408:   0000000000000003 00007fff527ad430
0x00007fff527ad418:   000000010e1f28e6 000000017c3ddbc0
0x00007fff527ad428:   000000017c3ddbc0 00007fce4636fe70
0x00007fff527ad438:   000000017a6b66a0 000000017a6b6710
0x00007fff527ad448:   00007fff779c6770 00007fff757ae500
0x00007fff527ad458:   000000017a6b6450 000000017a6b6690
0x00007fff527ad468:   00007fce4636fe70 00007fce416ac700
0x00007fff527ad478:   00007fce4607f060 00007fce4636fe70
0x00007fff527ad488:   00007fce416ac700 00007fff527ad538
0x00007fff527ad498:   00007fce4184d1f8 000000017c3ddbc0
0x00007fff527ad4a8:   00007fff527ad560 00007fff527ad528
0x00007fff527ad4b8:   000000010efb49d4 000000017c3ddbc0
0x00007fff527ad4c8:   00007fff527ad560 00007fff527ad528
0x00007fff527ad4d8:   000000010efb4767 000000010efb4722
0x00007fff527ad4e8:   00007fff527ad4e8 000000017c3ddbc0
0x00007fff527ad4f8:   00007fff527ad560 000000017c401028
0x00007fff527ad508:   0000000000000000 000000017c3ddbc0
0x00007fff527ad518:   0000000000000000 00007fff527ad548
0x00007fff527ad528:   00007fff527ad5a8 000000010efa52bd
0x00007fff527ad538:   000000078071d610 000000010efae538
0x00007fff527ad548:   00007fce4636fe70 00007fff527ad5a8
0x00007fff527ad558:   00007fce416ac700 000000010efafe02
0x00007fff527ad568:   00007fff527ad568 000000017c3ddd8a
0x00007fff527ad578:   00007fff527ad5d0 000000017c401028
0x00007fff527ad588:   0000000000000000 000000017c3ddd98
0x00007fff527ad598:   00007fff527ad548 00007fff527ad5b8
0x00007fff527ad5a8:   00007fff527ad618 000000010efa52bd
0x00007fff527ad5b8:   00007fce4636fe70 00000007806040b8
0x00007fff527ad5c8:   00007fce416ac700 00000007806040b8
0x00007fff527ad5d8:   00007fff527ad5d8 00000001807ff516
0x00007fff527ad5e8:   00007fff527ad628 00000001807ff5d0 

Instructions: (pc=0x00007fff8b7c74dd)
0x00007fff8b7c74bd:   44 00 00 48 85 ff 2e 74 62 40 f6 c7 01 2e 75 66
0x00007fff8b7c74cd:   49 bb f8 ff ff ff ff 7f 00 00 4c 23 1f 49 89 f2
0x00007fff8b7c74dd:   45 23 53 18 49 c1 e2 04 4d 03 53 10 49 3b 32 75
0x00007fff8b7c74ed:   04 41 ff 62 08 49 83 3a 01 76 0d 49 83 c2 10 49 

Register to memory mapping:

RAX=0x00007fce4636fe70 is an unknown value
RBX=0x000000017a6b6450: Java_jogamp_nativewindow_macosx_OSXUtil_GetScreenRefreshRate0+0x1cf0 in /private/var/folders/df/q331szgs0rs63dmvvv6sk8180000gn/T/jogamp_0000/file_cache/jln5642270219202403622/jln6161782462425218767/libnativewindow_macosx.jnilib at 0x000000017a6af000
RCX=0x0000000124bb1020 is an unknown value
RDX=0x0000000128829880 is an unknown value
RSP=0x00007fff527ad3f8 is pointing into the stack for thread: 0x00007fce4184d000
RBP=0x00007fff527ad4b0 is pointing into the stack for thread: 0x00007fce4184d000
RSI=0x00007fff85a09cbe is an unknown value
RDI=0x00007fce416ac700 is an unknown value
R8 =0x0000000000000000 is an unknown value
R9 =0x00000000000008b0 is an unknown value
R10=0x00007fff85a09cbe is an unknown value
R11=0x0000000000000000 is an unknown value
R12=0x0000000000000000 is an unknown value
R13={method} {0x000000017c3ddbc0} 'UnsetJAWTRootSurfaceLayer0' '(JJ)V' in 'jogamp/nativewindow/jawt/macosx/MacOSXJAWTWindow'
R14=0x000000017a6b6440: Java_jogamp_nativewindow_macosx_OSXUtil_GetScreenRefreshRate0+0x1ce0 in /private/var/folders/df/q331szgs0rs63dmvvv6sk8180000gn/T/jogamp_0000/file_cache/jln5642270219202403622/jln6161782462425218767/libnativewindow_macosx.jnilib at 0x000000017a6af000
R15=0x00007fce4184d000 is a thread


Stack: [0x00007fff51fb2000,0x00007fff527b2000],  sp=0x00007fff527ad3f8,  free space=8172k
Native frames: (J=compiled Java code, j=interpreted, Vv=VM code, C=native code)
C  [libobjc.A.dylib+0x14dd]  objc_msgSend+0x1d
j  jogamp.nativewindow.jawt.macosx.MacOSXJAWTWindow.UnsetJAWTRootSurfaceLayer0(JJ)V+0
j  jogamp.nativewindow.jawt.macosx.MacOSXJAWTWindow.access$200(JJ)V+2
j  jogamp.nativewindow.jawt.macosx.MacOSXJAWTWindow$1.run()V+38
j  com.jogamp.common.util.RunnableTask.run()V+24
v  ~StubRoutines::call_stub
V  [libjvm.dylib+0x2ecf06]  JavaCalls::call_helper(JavaValue*, methodHandle*, JavaCallArguments*, Thread*)+0x6ae
V  [libjvm.dylib+0x324111]  jni_invoke_nonstatic(JNIEnv_*, JavaValue*, _jobject*, JNICallType, _jmethodID*, JNI_ArgumentPusher*, Thread*)+0x2ec
V  [libjvm.dylib+0x3168df]  jni_CallVoidMethod+0x16b
C  [libnativewindow_macosx.jnilib+0x5326]  Java_jogamp_nativewindow_jawt_macosx_MacOSXJAWTWindow_UnsetJAWTRootSurfaceLayer0+0x2b6
C  [Foundation+0x76fde]  __NSThreadPerformPerform+0x117
C  [CoreFoundation+0xaa881]  __CFRUNLOOP_IS_CALLING_OUT_TO_A_SOURCE0_PERFORM_FUNCTION__+0x11
C  [CoreFoundation+0x89fbc]  __CFRunLoopDoSources0+0x22c
C  [CoreFoundation+0x894df]  __CFRunLoopRun+0x39f
C  [CoreFoundation+0x88ed8]  CFRunLoopRunSpecific+0x128
C  [HIToolbox+0x30935]  RunCurrentEventLoopInMode+0xeb
C  [HIToolbox+0x30677]  ReceiveNextEventCommon+0xb8
C  [HIToolbox+0x305af]  _BlockUntilNextEventMatchingListInModeWithFilter+0x47
C  [AppKit+0x48df6]  _DPSNextEvent+0x42b
C  [AppKit+0x48226]  -[NSApplication _nextEventMatchingEventMask:untilDate:inMode:dequeue:]+0x1c6
C  [libosxapp.dylib+0x23aa]  -[NSApplicationAWT nextEventMatchingMask:untilDate:inMode:dequeue:]+0x7c
C  [AppKit+0x3cd80]  -[NSApplication run]+0x2aa
C  [libosxapp.dylib+0x214d]  +[NSApplicationAWT runAWTLoopWithApp:]+0x9c
C  [libawt_lwawt.dylib+0x444b3]  -[AWTStarter starter:]+0x389
C  [Foundation+0x76fde]  __NSThreadPerformPerform+0x117
C  [CoreFoundation+0xaa881]  __CFRUNLOOP_IS_CALLING_OUT_TO_A_SOURCE0_PERFORM_FUNCTION__+0x11
C  [CoreFoundation+0x89fbc]  __CFRunLoopDoSources0+0x22c
C  [CoreFoundation+0x894df]  __CFRunLoopRun+0x39f
C  [CoreFoundation+0x88ed8]  CFRunLoopRunSpecific+0x128
C  [java+0x6465]  CreateExecutionEnvironment+0x367
C  [java+0x218c]  JLI_Launch+0x7a0
C  [java+0x84c2]  main+0x65
C  [java+0x19e4]  start+0x34
C  0x0000000000000007

Java frames: (J=compiled Java code, j=interpreted, Vv=VM code)
j  jogamp.nativewindow.jawt.macosx.MacOSXJAWTWindow.UnsetJAWTRootSurfaceLayer0(JJ)V+0
j  jogamp.nativewindow.jawt.macosx.MacOSXJAWTWindow.access$200(JJ)V+2
j  jogamp.nativewindow.jawt.macosx.MacOSXJAWTWindow$1.run()V+38
j  com.jogamp.common.util.RunnableTask.run()V+24
v  ~StubRoutines::call_stub

---------------  P R O C E S S  ---------------

Java Threads: ( => current thread )
  0x00007fce4335b000 JavaThread "Thread-19" [_thread_blocked, id=35935, stack(0x000070000104a000,0x000070000114a000)]
  0x00007fce419ec000 JavaThread "AWT-EventQueue-1" [_thread_in_native, id=59923, stack(0x0000700001868000,0x0000700001968000)]
  0x00007fce41805800 JavaThread "DestroyJavaVM" [_thread_blocked, id=5891, stack(0x000070000011a000,0x000070000021a000)]
  0x00007fce42aa7800 JavaThread "AWT-EventQueue-0" [_thread_blocked, id=56323, stack(0x0000700001662000,0x0000700001762000)]
  0x00007fce42150000 JavaThread "Java2D Disposer" daemon [_thread_blocked, id=50967, stack(0x00007000013d9000,0x00007000014d9000)]
  0x00007fce429c6800 JavaThread "Java2D Queue Flusher" daemon [_thread_blocked, id=49927, stack(0x00007000012d6000,0x00007000013d6000)]
  0x00007fce429b6000 JavaThread "AWT-Shutdown" [_thread_blocked, id=27931, stack(0x0000700001150000,0x0000700001250000)]
=>0x00007fce4184d000 JavaThread "AWT-AppKit" daemon [_thread_in_native, id=2571, stack(0x00007fff51fb2000,0x00007fff527b2000)]
  0x00007fce4282d000 JavaThread "Service Thread" daemon [_thread_blocked, id=18435, stack(0x0000700000dc1000,0x0000700000ec1000)]
  0x00007fce41821000 JavaThread "C1 CompilerThread2" daemon [_thread_blocked, id=17923, stack(0x0000700000cbe000,0x0000700000dbe000)]
  0x00007fce42024000 JavaThread "C2 CompilerThread1" daemon [_thread_blocked, id=17411, stack(0x0000700000bbb000,0x0000700000cbb000)]
  0x00007fce4282c000 JavaThread "C2 CompilerThread0" daemon [_thread_blocked, id=16899, stack(0x0000700000ab8000,0x0000700000bb8000)]
  0x00007fce4282b800 JavaThread "Signal Dispatcher" daemon [_thread_blocked, id=13839, stack(0x00007000009b5000,0x0000700000ab5000)]
  0x00007fce41804000 JavaThread "Finalizer" daemon [_thread_blocked, id=12291, stack(0x000070000082f000,0x000070000092f000)]
  0x00007fce42012000 JavaThread "Reference Handler" daemon [_thread_blocked, id=11779, stack(0x000070000072c000,0x000070000082c000)]

Other Threads:
  0x00007fce42837800 VMThread [stack: 0x0000700000629000,0x0000700000729000] [id=11267]
  0x00007fce42000800 WatcherThread [stack: 0x0000700000ec4000,0x0000700000fc4000] [id=18947]

VM state:not at safepoint (normal execution)

VM Mutex/Monitor currently owned by a thread: None

Heap:
 PSYoungGen      total 48128K, used 10628K [0x00000007aab00000, 0x00000007ae280000, 0x00000007c0000000)
  eden space 42496K, 24% used [0x00000007aab00000,0x00000007ab5411d0,0x00000007ad480000)
  from space 5632K, 2% used [0x00000007add00000,0x00000007add20000,0x00000007ae280000)
  to   space 7168K, 0% used [0x00000007ad480000,0x00000007ad480000,0x00000007adb80000)
 ParOldGen       total 34304K, used 19650K [0x0000000780000000, 0x0000000782180000, 0x00000007aab00000)
  object space 34304K, 57% used [0x0000000780000000,0x0000000781330aa0,0x0000000782180000)
 Metaspace       used 23654K, capacity 23911K, committed 24320K, reserved 1071104K
  class space    used 2341K, capacity 2450K, committed 2560K, reserved 1048576K

Card table byte_map: [0x000000011e35d000,0x000000011e55e000] byte_map_base: 0x000000011a75d000

Marking Bits: (ParMarkBitMap*) 0x000000010e8edd20
 Begin Bits: [0x000000011e6b4000, 0x000000011f6b4000)
 End Bits:   [0x000000011f6b4000, 0x00000001206b4000)

Polling page: 0x000000010d711000

CodeCache: size=245760Kb used=9473Kb max_used=9739Kb free=236286Kb
 bounds [0x000000010ef9d000, 0x000000010f93d000, 0x000000011df9d000]
 total_blobs=3559 nmethods=2647 adapters=825
 compilation: enabled

Compilation events (10 events):
Event: 234.321 Thread 0x00007fce42024000 nmethod 3018 0x000000010f0b1050 code [0x000000010f0b11a0, 0x000000010f0b1278]
Event: 234.367 Thread 0x00007fce41821000 3020       3       sun.misc.JarIndex::get (49 bytes)
Event: 234.368 Thread 0x00007fce41821000 nmethod 3020 0x000000010f266c90 code [0x000000010f266e60, 0x000000010f2676d8]
Event: 234.368 Thread 0x00007fce4282c000 3021       4       java.util.HashMap::remove (26 bytes)
Event: 234.372 Thread 0x00007fce4282c000 nmethod 3021 0x000000010f29c110 code [0x000000010f29c280, 0x000000010f29c578]
Event: 234.386 Thread 0x00007fce41821000 3022       3       sun.misc.URLClassPath$JarLoader$2::getInputStream (15 bytes)
Event: 234.386 Thread 0x00007fce41821000 nmethod 3022 0x000000010f373410 code [0x000000010f373580, 0x000000010f3737c8]
Event: 234.387 Thread 0x00007fce41821000 3023       3       sun.misc.URLClassPath$JarLoader$2::getCodeSigners (8 bytes)
Event: 234.388 Thread 0x00007fce41821000 nmethod 3023 0x000000010f37c090 code [0x000000010f37c200, 0x000000010f37c428]
Event: 234.388 Thread 0x00007fce41821000 3024   !   3       java.util.jar.JarFile$JarFileEntry::getCodeSigners (78 bytes)

GC Heap History (10 events):
Event: 181.392 GC heap before
{Heap before GC invocations=19 (full 1):
 PSYoungGen      total 49664K, used 49280K [0x00000007aab00000, 0x00000007aed00000, 0x00000007c0000000)
  eden space 49152K, 100% used [0x00000007aab00000,0x00000007adb00000,0x00000007adb00000)
  from space 512K, 25% used [0x00000007adc80000,0x00000007adca0000,0x00000007add00000)
  to   space 9216K, 0% used [0x00000007ae400000,0x00000007ae400000,0x00000007aed00000)
 ParOldGen       total 34304K, used 19650K [0x0000000780000000, 0x0000000782180000, 0x00000007aab00000)
  object space 34304K, 57% used [0x0000000780000000,0x0000000781330aa0,0x0000000782180000)
 Metaspace       used 23613K, capacity 23907K, committed 24320K, reserved 1071104K
  class space    used 2334K, capacity 2450K, committed 2560K, reserved 1048576K
Event: 181.395 GC heap after
Heap after GC invocations=19 (full 1):
 PSYoungGen      total 54272K, used 128K [0x00000007aab00000, 0x00000007aea80000, 0x00000007c0000000)
  eden space 47616K, 0% used [0x00000007aab00000,0x00000007aab00000,0x00000007ad980000)
  from space 6656K, 1% used [0x00000007ae400000,0x00000007ae420000,0x00000007aea80000)
  to   space 8704K, 0% used [0x00000007ad980000,0x00000007ad980000,0x00000007ae200000)
 ParOldGen       total 34304K, used 19650K [0x0000000780000000, 0x0000000782180000, 0x00000007aab00000)
  object space 34304K, 57% used [0x0000000780000000,0x0000000781330aa0,0x0000000782180000)
 Metaspace       used 23613K, capacity 23907K, committed 24320K, reserved 1071104K
  class space    used 2334K, capacity 2450K, committed 2560K, reserved 1048576K
}
Event: 194.196 GC heap before
{Heap before GC invocations=20 (full 1):
 PSYoungGen      total 54272K, used 47744K [0x00000007aab00000, 0x00000007aea80000, 0x00000007c0000000)
  eden space 47616K, 100% used [0x00000007aab00000,0x00000007ad980000,0x00000007ad980000)
  from space 6656K, 1% used [0x00000007ae400000,0x00000007ae420000,0x00000007aea80000)
  to   space 8704K, 0% used [0x00000007ad980000,0x00000007ad980000,0x00000007ae200000)
 ParOldGen       total 34304K, used 19650K [0x0000000780000000, 0x0000000782180000, 0x00000007aab00000)
  object space 34304K, 57% used [0x0000000780000000,0x0000000781330aa0,0x0000000782180000)
 Metaspace       used 23613K, capacity 23907K, committed 24320K, reserved 1071104K
  class space    used 2334K, capacity 2450K, committed 2560K, reserved 1048576K
Event: 194.197 GC heap after
Heap after GC invocations=20 (full 1):
 PSYoungGen      total 46592K, used 64K [0x00000007aab00000, 0x00000007ae900000, 0x00000007c0000000)
  eden space 46080K, 0% used [0x00000007aab00000,0x00000007aab00000,0x00000007ad800000)
  from space 512K, 12% used [0x00000007ad980000,0x00000007ad990000,0x00000007ada00000)
  to   space 8704K, 0% used [0x00000007ae080000,0x00000007ae080000,0x00000007ae900000)
 ParOldGen       total 34304K, used 19650K [0x0000000780000000, 0x0000000782180000, 0x00000007aab00000)
  object space 34304K, 57% used [0x0000000780000000,0x0000000781330aa0,0x0000000782180000)
 Metaspace       used 23613K, capacity 23907K, committed 24320K, reserved 1071104K
  class space    used 2334K, capacity 2450K, committed 2560K, reserved 1048576K
}
Event: 206.633 GC heap before
{Heap before GC invocations=21 (full 1):
 PSYoungGen      total 46592K, used 46144K [0x00000007aab00000, 0x00000007ae900000, 0x00000007c0000000)
  eden space 46080K, 100% used [0x00000007aab00000,0x00000007ad800000,0x00000007ad800000)
  from space 512K, 12% used [0x00000007ad980000,0x00000007ad990000,0x00000007ada00000)
  to   space 8704K, 0% used [0x00000007ae080000,0x00000007ae080000,0x00000007ae900000)
 ParOldGen       total 34304K, used 19650K [0x0000000780000000, 0x0000000782180000, 0x00000007aab00000)
  object space 34304K, 57% used [0x0000000780000000,0x0000000781330aa0,0x0000000782180000)
 Metaspace       used 23613K, capacity 23907K, committed 24320K, reserved 1071104K
  class space    used 2334K, capacity 2450K, committed 2560K, reserved 1048576K
Event: 206.635 GC heap after
Heap after GC invocations=21 (full 1):
 PSYoungGen      total 50688K, used 160K [0x00000007aab00000, 0x00000007ae680000, 0x00000007c0000000)
  eden space 44544K, 0% used [0x00000007aab00000,0x00000007aab00000,0x00000007ad680000)
  from space 6144K, 2% used [0x00000007ae080000,0x00000007ae0a8000,0x00000007ae680000)
  to   space 8192K, 0% used [0x00000007ad680000,0x00000007ad680000,0x00000007ade80000)
 ParOldGen       total 34304K, used 19650K [0x0000000780000000, 0x0000000782180000, 0x00000007aab00000)
  object space 34304K, 57% used [0x0000000780000000,0x0000000781330aa0,0x0000000782180000)
 Metaspace       used 23613K, capacity 23907K, committed 24320K, reserved 1071104K
  class space    used 2334K, capacity 2450K, committed 2560K, reserved 1048576K
}
Event: 218.550 GC heap before
{Heap before GC invocations=22 (full 1):
 PSYoungGen      total 50688K, used 44704K [0x00000007aab00000, 0x00000007ae680000, 0x00000007c0000000)
  eden space 44544K, 100% used [0x00000007aab00000,0x00000007ad680000,0x00000007ad680000)
  from space 6144K, 2% used [0x00000007ae080000,0x00000007ae0a8000,0x00000007ae680000)
  to   space 8192K, 0% used [0x00000007ad680000,0x00000007ad680000,0x00000007ade80000)
 ParOldGen       total 34304K, used 19650K [0x0000000780000000, 0x0000000782180000, 0x00000007aab00000)
  object space 34304K, 57% used [0x0000000780000000,0x0000000781330aa0,0x0000000782180000)
 Metaspace       used 23613K, capacity 23907K, committed 24320K, reserved 1071104K
  class space    used 2334K, capacity 2450K, committed 2560K, reserved 1048576K
Event: 218.553 GC heap after
Heap after GC invocations=22 (full 1):
 PSYoungGen      total 44032K, used 128K [0x00000007aab00000, 0x00000007ae480000, 0x00000007c0000000)
  eden space 43520K, 0% used [0x00000007aab00000,0x00000007aab00000,0x00000007ad580000)
  from space 512K, 25% used [0x00000007ad680000,0x00000007ad6a0000,0x00000007ad700000)
  to   space 7680K, 0% used [0x00000007add00000,0x00000007add00000,0x00000007ae480000)
 ParOldGen       total 34304K, used 19650K [0x0000000780000000, 0x0000000782180000, 0x00000007aab00000)
  object space 34304K, 57% used [0x0000000780000000,0x0000000781330aa0,0x0000000782180000)
 Metaspace       used 23613K, capacity 23907K, committed 24320K, reserved 1071104K
  class space    used 2334K, capacity 2450K, committed 2560K, reserved 1048576K
}
Event: 232.025 GC heap before
{Heap before GC invocations=23 (full 1):
 PSYoungGen      total 44032K, used 43648K [0x00000007aab00000, 0x00000007ae480000, 0x00000007c0000000)
  eden space 43520K, 100% used [0x00000007aab00000,0x00000007ad580000,0x00000007ad580000)
  from space 512K, 25% used [0x00000007ad680000,0x00000007ad6a0000,0x00000007ad700000)
  to   space 7680K, 0% used [0x00000007add00000,0x00000007add00000,0x00000007ae480000)
 ParOldGen       total 34304K, used 19650K [0x0000000780000000, 0x0000000782180000, 0x00000007aab00000)
  object space 34304K, 57% used [0x0000000780000000,0x0000000781330aa0,0x0000000782180000)
 Metaspace       used 23616K, capacity 23911K, committed 24320K, reserved 1071104K
  class space    used 2334K, capacity 2450K, committed 2560K, reserved 1048576K
Event: 232.027 GC heap after
Heap after GC invocations=23 (full 1):
 PSYoungGen      total 48128K, used 128K [0x00000007aab00000, 0x00000007ae280000, 0x00000007c0000000)
  eden space 42496K, 0% used [0x00000007aab00000,0x00000007aab00000,0x00000007ad480000)
  from space 5632K, 2% used [0x00000007add00000,0x00000007add20000,0x00000007ae280000)
  to   space 7168K, 0% used [0x00000007ad480000,0x00000007ad480000,0x00000007adb80000)
 ParOldGen       total 34304K, used 19650K [0x0000000780000000, 0x0000000782180000, 0x00000007aab00000)
  object space 34304K, 57% used [0x0000000780000000,0x0000000781330aa0,0x0000000782180000)
 Metaspace       used 23616K, capacity 23911K, committed 24320K, reserved 1071104K
  class space    used 2334K, capacity 2450K, committed 2560K, reserved 1048576K
}

Deoptimization events (10 events):
Event: 234.365 Thread 0x00007fce42a5f800 Uncommon trap: reason=class_check action=maybe_recompile pc=0x000000010f3b7e70 method=java.util.HashMap.putVal(ILjava/lang/Object;Ljava/lang/Object;ZZ)Ljava/lang/Object; @ 91
Event: 234.366 Thread 0x00007fce42aa7800 Uncommon trap: reason=class_check action=maybe_recompile pc=0x000000010f2e154c method=java.awt.Component.getGraphics()Ljava/awt/Graphics; @ 114
Event: 234.366 Thread 0x00007fce419ec000 Uncommon trap: reason=class_check action=maybe_recompile pc=0x000000010f9297fc method=java.awt.event.InvocationEvent.dispatch()V @ 11
Event: 234.367 Thread 0x00007fce419ec000 Uncommon trap: reason=unstable_if action=reinterpret pc=0x000000010f189510 method=java.awt.EventQueue.isDispatchThreadImpl()Z @ 65
Event: 234.369 Thread 0x00007fce4184d000 Uncommon trap: reason=class_check action=maybe_recompile pc=0x000000010f5a1080 method=com.jogamp.common.util.RunnableTask.run()V @ 24
Event: 234.370 Thread 0x00007fce4184d000 Uncommon trap: reason=unstable_if action=reinterpret pc=0x000000010f3ed6bc method=jogamp.nativewindow.macosx.OSXUtil.RunOnMainThread(ZZLjava/lang/Runnable;)V @ 3
Event: 234.383 Thread 0x00007fce419ec000 Uncommon trap: reason=unstable_if action=reinterpret pc=0x000000010f60a310 method=jogamp.opengl.GLContextImpl.release(Z)V @ 161
Event: 234.384 Thread 0x00007fce419ec000 Uncommon trap: reason=unstable_if action=reinterpret pc=0x000000010f8f9f84 method=java.awt.EventQueue.isDispatchThreadImpl()Z @ 65
Event: 234.387 Thread 0x00007fce419ec000 Uncommon trap: reason=unstable_if action=reinterpret pc=0x000000010f8778d8 method=java.util.LinkedList$ListItr.<init>(Ljava/util/LinkedList;I)V @ 26
Event: 234.388 Thread 0x00007fce4184d000 Uncommon trap: reason=class_check action=maybe_recompile pc=0x000000010f5a1080 method=com.jogamp.common.util.RunnableTask.run()V @ 24

Internal exceptions (10 events):
Event: 0.925 Thread 0x00007fce41805800 Exception <a 'java/lang/NoSuchFieldError': method resolution failed> (0x00000007aacb1c98) thrown at [/HUDSON3/workspace/8-2-build-macosx-x86_64/jdk8u101/7261/hotspot/src/share/vm/prims/methodHandles.cpp, line 1146]
Event: 0.929 Thread 0x00007fce41805800 Exception <a 'java/lang/NoSuchFieldError': method resolution failed> (0x00000007aacbf468) thrown at [/HUDSON3/workspace/8-2-build-macosx-x86_64/jdk8u101/7261/hotspot/src/share/vm/prims/methodHandles.cpp, line 1146]
Event: 2.614 Thread 0x00007fce41805800 Exception <a 'java/io/FileNotFoundException'> (0x00000007aad3ade0) thrown at [/HUDSON3/workspace/8-2-build-macosx-x86_64/jdk8u101/7261/hotspot/src/share/vm/prims/jni.cpp, line 709]
Event: 2.614 Thread 0x00007fce41805800 Exception <a 'java/io/FileNotFoundException'> (0x00000007aad3b940) thrown at [/HUDSON3/workspace/8-2-build-macosx-x86_64/jdk8u101/7261/hotspot/src/share/vm/prims/jni.cpp, line 709]
Event: 3.224 Thread 0x00007fce41805800 Exception <a 'java/io/FileNotFoundException'> (0x00000007aae22c10) thrown at [/HUDSON3/workspace/8-2-build-macosx-x86_64/jdk8u101/7261/hotspot/src/share/vm/prims/jni.cpp, line 709]
Event: 8.872 Thread 0x00007fce41804000 Exception <a 'java/lang/NullPointerException'> (0x00000007aab85a60) thrown at [/HUDSON3/workspace/8-2-build-macosx-x86_64/jdk8u101/7261/hotspot/src/share/vm/interpreter/linkResolver.cpp, line 1178]
Event: 9.114 Thread 0x00007fce42364000 Exception <a 'java/lang/UnsatisfiedLinkError': com.jogamp.common.util.JarUtil.fixNativeLibAttribs(Ljava/lang/String;)Z> (0x00000007aaeace78) thrown at [/HUDSON3/workspace/8-2-build-macosx-x86_64/jdk8u101/7261/hotspot/src/share/vm/prims/nativeLookup.cpp, l
Event: 11.183 Thread 0x00007fce419ec000 Exception <a 'java/io/FileNotFoundException'> (0x00000007ab0b4058) thrown at [/HUDSON3/workspace/8-2-build-macosx-x86_64/jdk8u101/7261/hotspot/src/share/vm/prims/jni.cpp, line 709]
Event: 11.185 Thread 0x00007fce419ec000 Exception <a 'java/io/FileNotFoundException'> (0x00000007ab0ba530) thrown at [/HUDSON3/workspace/8-2-build-macosx-x86_64/jdk8u101/7261/hotspot/src/share/vm/prims/jni.cpp, line 709]
Event: 11.185 Thread 0x00007fce419ec000 Implicit null exception at 0x000000010f146cf5 to 0x000000010f14706d

Events (10 events):
Event: 234.388 Thread 0x00007fce41821000 flushing nmethod 0x000000010f487550
Event: 234.388 Thread 0x00007fce41821000 flushing nmethod 0x000000010f488cd0
Event: 234.388 Thread 0x00007fce41821000 flushing nmethod 0x000000010f496890
Event: 234.388 Thread 0x00007fce41821000 flushing nmethod 0x000000010f4a2010
Event: 234.388 Thread 0x00007fce41821000 flushing nmethod 0x000000010f4c81d0
Event: 234.388 Thread 0x00007fce4184d000 Uncommon trap: trap_request=0xffffffde fr.pc=0x000000010f5a1080
Event: 234.388 Thread 0x00007fce4184d000 DEOPT PACKING pc=0x000000010f5a1080 sp=0x00007fff527ad670
Event: 234.388 Thread 0x00007fce4184d000 DEOPT UNPACKING pc=0x000000010efa2229 sp=0x00007fff527ad618 mode 2
Event: 234.389 loading class java/awt/LightweightDispatcher$2
Event: 234.389 loading class java/awt/LightweightDispatcher$2 done


Dynamic libraries:
0x0000000005485000 	/System/Library/Frameworks/Cocoa.framework/Versions/A/Cocoa
0x0000000005485000 	/System/Library/Frameworks/Security.framework/Versions/A/Security
0x0000000005485000 	/System/Library/Frameworks/ApplicationServices.framework/Versions/A/ApplicationServices
0x0000000005485000 	/usr/lib/libz.1.dylib
0x0000000005485000 	/usr/lib/libSystem.B.dylib
0x0000000005485000 	/usr/lib/libobjc.A.dylib
0x0000000005485000 	/System/Library/Frameworks/CoreFoundation.framework/Versions/A/CoreFoundation
0x0000000005485000 	/System/Library/Frameworks/Foundation.framework/Versions/C/Foundation
0x0000000005485000 	/System/Library/Frameworks/AppKit.framework/Versions/C/AppKit
0x0000000005485000 	/System/Library/Frameworks/CoreData.framework/Versions/A/CoreData
0x0000000005485000 	/System/Library/PrivateFrameworks/RemoteViewServices.framework/Versions/A/RemoteViewServices
0x0000000005485000 	/System/Library/PrivateFrameworks/UIFoundation.framework/Versions/A/UIFoundation
0x0000000005485000 	/usr/lib/libScreenReader.dylib
0x0000000005485000 	/System/Library/Frameworks/Accelerate.framework/Versions/A/Accelerate
0x0000000005485000 	/System/Library/Frameworks/IOSurface.framework/Versions/A/IOSurface
0x0000000005485000 	/System/Library/Frameworks/AudioToolbox.framework/Versions/A/AudioToolbox
0x0000000005485000 	/System/Library/Frameworks/AudioUnit.framework/Versions/A/AudioUnit
0x0000000005485000 	/System/Library/PrivateFrameworks/DataDetectorsCore.framework/Versions/A/DataDetectorsCore
0x0000000005485000 	/System/Library/PrivateFrameworks/DesktopServicesPriv.framework/Versions/A/DesktopServicesPriv
0x0000000005485000 	/System/Library/Frameworks/Carbon.framework/Versions/A/Frameworks/HIToolbox.framework/Versions/A/HIToolbox
0x0000000005485000 	/System/Library/Frameworks/QuartzCore.framework/Versions/A/QuartzCore
0x0000000005485000 	/System/Library/Frameworks/Carbon.framework/Versions/A/Frameworks/SpeechRecognition.framework/Versions/A/SpeechRecognition
0x0000000005485000 	/usr/lib/libauto.dylib
0x0000000005485000 	/usr/lib/libicucore.A.dylib
0x0000000005485000 	/usr/lib/libxml2.2.dylib
0x0000000005485000 	/System/Library/PrivateFrameworks/CoreUI.framework/Versions/A/CoreUI
0x0000000005485000 	/System/Library/Frameworks/CoreAudio.framework/Versions/A/CoreAudio
0x0000000005485000 	/System/Library/Frameworks/DiskArbitration.framework/Versions/A/DiskArbitration
0x0000000005485000 	/usr/lib/liblangid.dylib
0x0000000005485000 	/System/Library/PrivateFrameworks/MultitouchSupport.framework/Versions/A/MultitouchSupport
0x0000000005485000 	/System/Library/Frameworks/IOKit.framework/Versions/A/IOKit
0x0000000005485000 	/usr/lib/libDiagnosticMessagesClient.dylib
0x0000000005485000 	/System/Library/Frameworks/CoreServices.framework/Versions/A/CoreServices
0x0000000005485000 	/System/Library/PrivateFrameworks/PerformanceAnalysis.framework/Versions/A/PerformanceAnalysis
0x0000000005485000 	/System/Library/PrivateFrameworks/GenerationalStorage.framework/Versions/A/GenerationalStorage
0x0000000005485000 	/System/Library/Frameworks/OpenGL.framework/Versions/A/OpenGL
0x0000000005485000 	/System/Library/PrivateFrameworks/Sharing.framework/Versions/A/Sharing
0x0000000005485000 	/System/Library/Frameworks/CoreGraphics.framework/Versions/A/CoreGraphics
0x0000000005485000 	/System/Library/Frameworks/CoreImage.framework/Versions/A/CoreImage
0x0000000005485000 	/System/Library/Frameworks/CoreText.framework/Versions/A/CoreText
0x0000000005485000 	/System/Library/Frameworks/ImageIO.framework/Versions/A/ImageIO
0x0000000005485000 	/System/Library/PrivateFrameworks/Backup.framework/Versions/A/Backup
0x0000000005485000 	/usr/lib/libextension.dylib
0x0000000005485000 	/usr/lib/libarchive.2.dylib
0x0000000005485000 	/System/Library/Frameworks/CFNetwork.framework/Versions/A/CFNetwork
0x0000000005485000 	/System/Library/Frameworks/SystemConfiguration.framework/Versions/A/SystemConfiguration
0x0000000005485000 	/usr/lib/libCRFSuite.dylib
0x0000000005485000 	/usr/lib/libc++.1.dylib
0x0000000005485000 	/usr/lib/libc++abi.dylib
0x0000000005485000 	/usr/lib/system/libcache.dylib
0x0000000005485000 	/usr/lib/system/libcommonCrypto.dylib
0x0000000005485000 	/usr/lib/system/libcompiler_rt.dylib
0x0000000005485000 	/usr/lib/system/libcopyfile.dylib
0x0000000005485000 	/usr/lib/system/libcorecrypto.dylib
0x0000000005485000 	/usr/lib/system/libdispatch.dylib
0x0000000005485000 	/usr/lib/system/libdyld.dylib
0x0000000005485000 	/usr/lib/system/libkeymgr.dylib
0x0000000005485000 	/usr/lib/system/liblaunch.dylib
0x0000000005485000 	/usr/lib/system/libmacho.dylib
0x0000000005485000 	/usr/lib/system/libquarantine.dylib
0x0000000005485000 	/usr/lib/system/libremovefile.dylib
0x0000000005485000 	/usr/lib/system/libsystem_asl.dylib
0x0000000005485000 	/usr/lib/system/libsystem_blocks.dylib
0x0000000005485000 	/usr/lib/system/libsystem_c.dylib
0x0000000005485000 	/usr/lib/system/libsystem_configuration.dylib
0x0000000005485000 	/usr/lib/system/libsystem_coreservices.dylib
0x0000000005485000 	/usr/lib/system/libsystem_coretls.dylib
0x0000000005485000 	/usr/lib/system/libsystem_dnssd.dylib
0x0000000005485000 	/usr/lib/system/libsystem_info.dylib
0x0000000005485000 	/usr/lib/system/libsystem_kernel.dylib
0x0000000005485000 	/usr/lib/system/libsystem_m.dylib
0x0000000005485000 	/usr/lib/system/libsystem_malloc.dylib
0x0000000005485000 	/usr/lib/system/libsystem_network.dylib
0x0000000005485000 	/usr/lib/system/libsystem_networkextension.dylib
0x0000000005485000 	/usr/lib/system/libsystem_notify.dylib
0x0000000005485000 	/usr/lib/system/libsystem_platform.dylib
0x0000000005485000 	/usr/lib/system/libsystem_pthread.dylib
0x0000000005485000 	/usr/lib/system/libsystem_sandbox.dylib
0x0000000005485000 	/usr/lib/system/libsystem_secinit.dylib
0x0000000005485000 	/usr/lib/system/libsystem_trace.dylib
0x0000000005485000 	/usr/lib/system/libunc.dylib
0x0000000005485000 	/usr/lib/system/libunwind.dylib
0x0000000005485000 	/usr/lib/system/libxpc.dylib
0x0000000005485000 	/usr/lib/libenergytrace.dylib
0x0000000005485000 	/usr/lib/libbsm.0.dylib
0x0000000005485000 	/usr/lib/system/libkxld.dylib
0x0000000005485000 	/usr/lib/libxar.1.dylib
0x0000000005485000 	/usr/lib/libsqlite3.dylib
0x0000000005485000 	/usr/lib/libpam.2.dylib
0x0000000005485000 	/usr/lib/libOpenScriptingUtil.dylib
0x0000000005485000 	/usr/lib/libbz2.1.0.dylib
0x0000000005485000 	/usr/lib/liblzma.5.dylib
0x0000000005485000 	/System/Library/Frameworks/CoreServices.framework/Versions/A/Frameworks/FSEvents.framework/Versions/A/FSEvents
0x0000000005485000 	/System/Library/Frameworks/CoreServices.framework/Versions/A/Frameworks/CarbonCore.framework/Versions/A/CarbonCore
0x0000000005485000 	/System/Library/Frameworks/CoreServices.framework/Versions/A/Frameworks/Metadata.framework/Versions/A/Metadata
0x0000000005485000 	/System/Library/Frameworks/CoreServices.framework/Versions/A/Frameworks/OSServices.framework/Versions/A/OSServices
0x0000000005485000 	/System/Library/Frameworks/CoreServices.framework/Versions/A/Frameworks/SearchKit.framework/Versions/A/SearchKit
0x0000000005485000 	/System/Library/Frameworks/CoreServices.framework/Versions/A/Frameworks/AE.framework/Versions/A/AE
0x0000000005485000 	/System/Library/Frameworks/CoreServices.framework/Versions/A/Frameworks/LaunchServices.framework/Versions/A/LaunchServices
0x0000000005485000 	/System/Library/Frameworks/CoreServices.framework/Versions/A/Frameworks/DictionaryServices.framework/Versions/A/DictionaryServices
0x0000000005485000 	/System/Library/Frameworks/CoreServices.framework/Versions/A/Frameworks/SharedFileList.framework/Versions/A/SharedFileList
0x0000000005485000 	/System/Library/Frameworks/NetFS.framework/Versions/A/NetFS
0x0000000005485000 	/System/Library/PrivateFrameworks/NetAuth.framework/Versions/A/NetAuth
0x0000000005485000 	/System/Library/PrivateFrameworks/login.framework/Versions/A/Frameworks/loginsupport.framework/Versions/A/loginsupport
0x0000000005485000 	/System/Library/PrivateFrameworks/TCC.framework/Versions/A/TCC
0x0000000005485000 	/usr/lib/libmecabra.dylib
0x0000000005485000 	/System/Library/Frameworks/ApplicationServices.framework/Versions/A/Frameworks/ATS.framework/Versions/A/ATS
0x0000000005485000 	/System/Library/Frameworks/ApplicationServices.framework/Versions/A/Frameworks/ColorSync.framework/Versions/A/ColorSync
0x0000000005485000 	/System/Library/Frameworks/ApplicationServices.framework/Versions/A/Frameworks/HIServices.framework/Versions/A/HIServices
0x0000000005485000 	/System/Library/Frameworks/ApplicationServices.framework/Versions/A/Frameworks/LangAnalysis.framework/Versions/A/LangAnalysis
0x0000000005485000 	/System/Library/Frameworks/ApplicationServices.framework/Versions/A/Frameworks/PrintCore.framework/Versions/A/PrintCore
0x0000000005485000 	/System/Library/Frameworks/ApplicationServices.framework/Versions/A/Frameworks/QD.framework/Versions/A/QD
0x0000000005485000 	/System/Library/Frameworks/ApplicationServices.framework/Versions/A/Frameworks/SpeechSynthesis.framework/Versions/A/SpeechSynthesis
0x0000000005485000 	/System/Library/Frameworks/Metal.framework/Versions/A/Metal
0x0000000005485000 	/System/Library/Frameworks/Accelerate.framework/Versions/A/Frameworks/vImage.framework/Versions/A/vImage
0x0000000005485000 	/System/Library/Frameworks/Accelerate.framework/Versions/A/Frameworks/vecLib.framework/Versions/A/vecLib
0x0000000005485000 	/System/Library/Frameworks/Accelerate.framework/Versions/A/Frameworks/vecLib.framework/Versions/A/libvDSP.dylib
0x0000000005485000 	/System/Library/Frameworks/Accelerate.framework/Versions/A/Frameworks/vecLib.framework/Versions/A/libvMisc.dylib
0x0000000005485000 	/System/Library/Frameworks/Accelerate.framework/Versions/A/Frameworks/vecLib.framework/Versions/A/libLAPACK.dylib
0x0000000005485000 	/System/Library/Frameworks/Accelerate.framework/Versions/A/Frameworks/vecLib.framework/Versions/A/libBLAS.dylib
0x0000000005485000 	/System/Library/Frameworks/Accelerate.framework/Versions/A/Frameworks/vecLib.framework/Versions/A/libLinearAlgebra.dylib
0x0000000005485000 	/System/Library/Frameworks/Accelerate.framework/Versions/A/Frameworks/vecLib.framework/Versions/A/libSparseBLAS.dylib
0x0000000005485000 	/System/Library/PrivateFrameworks/GPUCompiler.framework/libmetal_timestamp.dylib
0x0000000005485000 	/System/Library/Frameworks/OpenGL.framework/Versions/A/Libraries/libCoreFSCache.dylib
0x0000000005485000 	/System/Library/PrivateFrameworks/IOAccelerator.framework/Versions/A/IOAccelerator
0x0000000005485000 	/System/Library/Frameworks/ApplicationServices.framework/Versions/A/Frameworks/ATS.framework/Versions/A/Resources/libFontParser.dylib
0x0000000005485000 	/System/Library/Frameworks/ApplicationServices.framework/Versions/A/Frameworks/ATS.framework/Versions/A/Resources/libFontRegistry.dylib
0x0000000005485000 	/System/Library/PrivateFrameworks/AppleVPA.framework/Versions/A/AppleVPA
0x0000000005485000 	/System/Library/PrivateFrameworks/AppleJPEG.framework/Versions/A/AppleJPEG
0x0000000005485000 	/System/Library/Frameworks/ImageIO.framework/Versions/A/Resources/libJPEG.dylib
0x0000000005485000 	/System/Library/Frameworks/ImageIO.framework/Versions/A/Resources/libTIFF.dylib
0x0000000005485000 	/System/Library/Frameworks/ImageIO.framework/Versions/A/Resources/libPng.dylib
0x0000000005485000 	/System/Library/Frameworks/ImageIO.framework/Versions/A/Resources/libGIF.dylib
0x0000000005485000 	/System/Library/Frameworks/ImageIO.framework/Versions/A/Resources/libJP2.dylib
0x0000000005485000 	/System/Library/Frameworks/ImageIO.framework/Versions/A/Resources/libRadiance.dylib
0x0000000005485000 	/System/Library/Frameworks/CoreVideo.framework/Versions/A/CoreVideo
0x0000000005485000 	/System/Library/Frameworks/OpenGL.framework/Versions/A/Libraries/libGLU.dylib
0x0000000005485000 	/System/Library/Frameworks/OpenGL.framework/Versions/A/Libraries/libGFXShared.dylib
0x0000000005485000 	/System/Library/Frameworks/OpenGL.framework/Versions/A/Libraries/libGL.dylib
0x0000000005485000 	/System/Library/Frameworks/OpenGL.framework/Versions/A/Libraries/libGLImage.dylib
0x0000000005485000 	/System/Library/Frameworks/OpenGL.framework/Versions/A/Libraries/libCVMSPluginSupport.dylib
0x0000000005485000 	/System/Library/Frameworks/OpenGL.framework/Versions/A/Libraries/libCoreVMClient.dylib
0x0000000005485000 	/usr/lib/libcompression.dylib
0x0000000005485000 	/usr/lib/libcups.2.dylib
0x0000000005485000 	/System/Library/Frameworks/Kerberos.framework/Versions/A/Kerberos
0x0000000005485000 	/System/Library/Frameworks/GSS.framework/Versions/A/GSS
0x0000000005485000 	/usr/lib/libresolv.9.dylib
0x0000000005485000 	/usr/lib/libiconv.2.dylib
0x0000000005485000 	/System/Library/PrivateFrameworks/Heimdal.framework/Versions/A/Heimdal
0x0000000005485000 	/usr/lib/libheimdal-asn1.dylib
0x0000000005485000 	/System/Library/Frameworks/OpenDirectory.framework/Versions/A/OpenDirectory
0x0000000005485000 	/System/Library/PrivateFrameworks/CommonAuth.framework/Versions/A/CommonAuth
0x0000000005485000 	/System/Library/Frameworks/OpenDirectory.framework/Versions/A/Frameworks/CFOpenDirectory.framework/Versions/A/CFOpenDirectory
0x0000000005485000 	/System/Library/Frameworks/SecurityFoundation.framework/Versions/A/SecurityFoundation
0x0000000005485000 	/System/Library/PrivateFrameworks/LanguageModeling.framework/Versions/A/LanguageModeling
0x0000000005485000 	/usr/lib/libmarisa.dylib
0x0000000005485000 	/usr/lib/libChineseTokenizer.dylib
0x0000000005485000 	/usr/lib/libcmph.dylib
0x0000000005485000 	/System/Library/Frameworks/ServiceManagement.framework/Versions/A/ServiceManagement
0x0000000005485000 	/usr/lib/libxslt.1.dylib
0x0000000005485000 	/System/Library/Frameworks/Carbon.framework/Versions/A/Frameworks/Ink.framework/Versions/A/Ink
0x0000000005485000 	/usr/lib/libFosl_dynamic.dylib
0x0000000005485000 	/System/Library/PrivateFrameworks/FaceCore.framework/Versions/A/FaceCore
0x0000000005485000 	/System/Library/Frameworks/OpenCL.framework/Versions/A/OpenCL
0x0000000005485000 	/System/Library/PrivateFrameworks/CrashReporterSupport.framework/Versions/A/CrashReporterSupport
0x0000000005485000 	/System/Library/PrivateFrameworks/IconServices.framework/Versions/A/IconServices
0x0000000005485000 	/System/Library/PrivateFrameworks/Apple80211.framework/Versions/A/Apple80211
0x0000000005485000 	/System/Library/Frameworks/CoreWLAN.framework/Versions/A/CoreWLAN
0x0000000005485000 	/System/Library/Frameworks/IOBluetooth.framework/Versions/A/IOBluetooth
0x0000000005485000 	/System/Library/PrivateFrameworks/CoreWiFi.framework/Versions/A/CoreWiFi
0x0000000005485000 	/System/Library/Frameworks/CoreBluetooth.framework/Versions/A/CoreBluetooth
0x0000000005485000 	/System/Library/PrivateFrameworks/ChunkingLibrary.framework/Versions/A/ChunkingLibrary
0x0000000005485000 	/System/Library/PrivateFrameworks/DebugSymbols.framework/Versions/A/DebugSymbols
0x0000000005485000 	/System/Library/PrivateFrameworks/CoreSymbolication.framework/Versions/A/CoreSymbolication
0x0000000005485000 	/System/Library/PrivateFrameworks/Symbolication.framework/Versions/A/Symbolication
0x0000000005485000 	/System/Library/PrivateFrameworks/SpeechRecognitionCore.framework/Versions/A/SpeechRecognitionCore
0x000000010e000000 	/Library/Java/JavaVirtualMachines/jdk1.8.0_101.jdk/Contents/Home/jre/lib/server/libjvm.dylib
0x0000000005485000 	/usr/lib/libstdc++.6.dylib
0x000000010d6ce000 	/Library/Java/JavaVirtualMachines/jdk1.8.0_101.jdk/Contents/Home/jre/lib/libverify.dylib
0x000000010d6dc000 	/Library/Java/JavaVirtualMachines/jdk1.8.0_101.jdk/Contents/Home/jre/lib/libjava.dylib
0x000000010d71b000 	/Library/Java/JavaVirtualMachines/jdk1.8.0_101.jdk/Contents/Home/jre/lib/libzip.dylib
0x00000001222c0000 	/System/Library/Frameworks/JavaVM.framework/Frameworks/JavaRuntimeSupport.framework/JavaRuntimeSupport
0x00000001222db000 	/System/Library/Frameworks/JavaVM.framework/Versions/A/Frameworks/JavaNativeFoundation.framework/Versions/A/JavaNativeFoundation
0x00000001222f0000 	/System/Library/Frameworks/JavaVM.framework/Versions/A/JavaVM
0x0000000005485000 	/System/Library/Frameworks/Carbon.framework/Versions/A/Carbon
0x00000001222fd000 	/System/Library/PrivateFrameworks/JavaLaunching.framework/Versions/A/JavaLaunching
0x0000000005485000 	/System/Library/Frameworks/Carbon.framework/Versions/A/Frameworks/CommonPanels.framework/Versions/A/CommonPanels
0x0000000005485000 	/System/Library/Frameworks/Carbon.framework/Versions/A/Frameworks/Help.framework/Versions/A/Help
0x0000000005485000 	/System/Library/Frameworks/Carbon.framework/Versions/A/Frameworks/ImageCapture.framework/Versions/A/ImageCapture
0x0000000005485000 	/System/Library/Frameworks/Carbon.framework/Versions/A/Frameworks/OpenScripting.framework/Versions/A/OpenScripting
0x0000000005485000 	/System/Library/Frameworks/Carbon.framework/Versions/A/Frameworks/Print.framework/Versions/A/Print
0x0000000005485000 	/System/Library/Frameworks/Carbon.framework/Versions/A/Frameworks/SecurityHI.framework/Versions/A/SecurityHI
0x0000000123c1e000 	/Library/Java/JavaVirtualMachines/jdk1.8.0_101.jdk/Contents/Home/jre/lib/libawt.dylib
0x0000000123cc6000 	/Library/Java/JavaVirtualMachines/jdk1.8.0_101.jdk/Contents/Home/jre/lib/./libmlib_image.dylib
0x0000000123d92000 	/Library/Java/JavaVirtualMachines/jdk1.8.0_101.jdk/Contents/Home/jre/lib/libawt_lwawt.dylib
0x0000000123e47000 	/Library/Java/JavaVirtualMachines/jdk1.8.0_101.jdk/Contents/Home/jre/lib/./libosxapp.dylib
0x0000000005485000 	/System/Library/Frameworks/ExceptionHandling.framework/Versions/A/ExceptionHandling
0x0000000005485000 	/System/Library/PrivateFrameworks/CoreServicesInternal.framework/Versions/A/CoreServicesInternal
0x0000000005485000 	/System/Library/Frameworks/CoreGraphics.framework/Versions/A/Resources/libRIP.A.dylib
0x0000000005485000 	/System/Library/Frameworks/Accelerate.framework/Versions/A/Frameworks/vImage.framework/Versions/A/Libraries/libCGInterfaces.dylib
0x0000000005485000 	/System/Library/Frameworks/CoreGraphics.framework/Versions/A/Resources/libCGXType.A.dylib
0x0000000005485000 	/System/Library/Frameworks/OpenCL.framework/Versions/A/Libraries/libcldcpuengine.dylib
0x0000000005485000 	/System/Library/PrivateFrameworks/DiskImages.framework/Versions/A/DiskImages
0x0000000005485000 	/System/Library/Frameworks/DiscRecording.framework/Versions/A/DiscRecording
0x0000000005485000 	/usr/lib/libcsfde.dylib
0x0000000005485000 	/usr/lib/libcurl.4.dylib
0x0000000005485000 	/System/Library/PrivateFrameworks/MediaKit.framework/Versions/A/MediaKit
0x0000000005485000 	/System/Library/PrivateFrameworks/ProtectedCloudStorage.framework/Versions/A/ProtectedCloudStorage
0x0000000005485000 	/usr/lib/libCoreStorage.dylib
0x0000000005485000 	/System/Library/PrivateFrameworks/EFILogin.framework/Versions/A/EFILogin
0x0000000005485000 	/usr/lib/libutil.dylib
0x0000000005485000 	/System/Library/PrivateFrameworks/FindMyDevice.framework/Versions/A/FindMyDevice
0x0000000005485000 	/System/Library/Frameworks/LDAP.framework/Versions/A/LDAP
0x0000000005485000 	/usr/lib/libsasl2.2.dylib
0x0000000005485000 	/System/Library/PrivateFrameworks/CoreDaemon.framework/Versions/B/CoreDaemon
0x0000000005485000 	/usr/lib/libcrypto.0.9.8.dylib
0x0000000005485000 	/System/Library/PrivateFrameworks/AppleSRP.framework/Versions/A/AppleSRP
0x0000000005485000 	/System/Library/PrivateFrameworks/TrustEvaluationAgent.framework/Versions/A/TrustEvaluationAgent
0x00000001256d7000 	cl_kernels
0x0000000005485000 	/System/Library/Frameworks/OpenCL.framework/Versions/A/Libraries/ImageFormats/unorm8_bgra.dylib
0x0000000005485000 	/System/Library/Frameworks/OpenCL.framework/Versions/A/Libraries/ImageFormats/unorm8_rgba.dylib
0x0000000005485000 	/System/Library/PrivateFrameworks/FamilyControls.framework/Versions/A/FamilyControls
0x0000000005485000 	/System/Library/PrivateFrameworks/CommerceKit.framework/Versions/A/Frameworks/CommerceCore.framework/Versions/A/CommerceCore
0x0000000005485000 	/System/Library/PrivateFrameworks/SystemAdministration.framework/Versions/A/SystemAdministration
0x0000000005485000 	/System/Library/PrivateFrameworks/AppContainer.framework/Versions/A/AppContainer
0x0000000005485000 	/System/Library/PrivateFrameworks/SecCodeWrapper.framework/Versions/A/SecCodeWrapper
0x0000000005485000 	/System/Library/Frameworks/DirectoryService.framework/Versions/A/DirectoryService
0x0000000005485000 	/System/Library/PrivateFrameworks/LoginUIKit.framework/Versions/A/Frameworks/LoginUICore.framework/Versions/A/LoginUICore
0x0000000005485000 	/usr/lib/libodfde.dylib
0x0000000005485000 	/System/Library/Frameworks/OpenGL.framework/Versions/A/Resources/GLEngine.bundle/GLEngine
0x0000000005485000 	/System/Library/Frameworks/OpenGL.framework/Versions/A/Libraries/libGLProgrammability.dylib
0x0000000126714000 	/System/Library/Extensions/AppleIntelHD4000GraphicsGLDriver.bundle/Contents/MacOS/AppleIntelHD4000GraphicsGLDriver
0x0000000005485000 	/System/Library/PrivateFrameworks/GPUSupport.framework/Versions/A/Libraries/libGPUSupportMercury.dylib
0x0000000005485000 	/System/Library/Frameworks/OpenGL.framework/Versions/A/Resources/GLRendererFloat.bundle/GLRendererFloat
0x000000012767a000 	/Library/Java/JavaVirtualMachines/jdk1.8.0_101.jdk/Contents/Home/jre/lib/libfontmanager.dylib
0x0000000128b3b000 	/Library/Java/JavaVirtualMachines/jdk1.8.0_101.jdk/Contents/Home/jre/lib/libosxui.dylib
0x0000000129819000 	/Library/Java/JavaVirtualMachines/jdk1.8.0_101.jdk/Contents/Home/jre/lib/libnet.dylib
0x000000012962d000 	/Library/Java/JavaVirtualMachines/jdk1.8.0_101.jdk/Contents/Home/jre/lib/libnio.dylib
0x0000000005485000 	/System/Library/Frameworks/ApplicationServices.framework/Versions/A/Frameworks/ATS.framework/Versions/A/Resources/libTrueTypeScaler.dylib
0x000000017a739000 	/System/Library/Extensions/AppleIntelHD4000GraphicsMTLDriver.bundle/Contents/MacOS/AppleIntelHD4000GraphicsMTLDriver
0x000000017a6a5000 	/private/var/folders/df/q331szgs0rs63dmvvv6sk8180000gn/T/jogamp_0000/file_cache/jln5642270219202403622/jln6161782462425218767/libgluegen-rt.jnilib
0x000000017a6a9000 	/private/var/folders/df/q331szgs0rs63dmvvv6sk8180000gn/T/jogamp_0000/file_cache/jln5642270219202403622/jln6161782462425218767/libnativewindow_awt.jnilib
0x000000017a6ac000 	/Library/Java/JavaVirtualMachines/jdk1.8.0_101.jdk/Contents/Home/jre/lib/libjawt.dylib
0x000000017a6af000 	/private/var/folders/df/q331szgs0rs63dmvvv6sk8180000gn/T/jogamp_0000/file_cache/jln5642270219202403622/jln6161782462425218767/libnativewindow_macosx.jnilib
0x000000017c299000 	/private/var/folders/df/q331szgs0rs63dmvvv6sk8180000gn/T/jogamp_0000/file_cache/jln5642270219202403622/jln6161782462425218767/libjogl_desktop.jnilib
0x000000017aa29000 	/Library/Java/JavaVirtualMachines/jdk1.8.0_101.jdk/Contents/Home/jre/lib/libsunec.dylib

VM Arguments:
jvm_args: -Djava.security.policy=java.policy.applet -Dfile.encoding=UTF-8 
java_command: sun.applet.AppletViewer module3.EarthquakeCityMap1495322787170.html
java_class_path (initial): /Users/Ryan/Documents/workspaceCoursera/UCSDUnfoldingMaps/build:/Users/Ryan/Documents/workspaceCoursera/UCSDUnfoldingMaps/lib/core.jar:/Users/Ryan/Documents/workspaceCoursera/UCSDUnfoldingMaps/lib/gluegen-rt.jar:/Users/Ryan/Documents/workspaceCoursera/UCSDUnfoldingMaps/lib/jogl-all.jar:/Users/Ryan/Documents/workspaceCoursera/UCSDUnfoldingMaps/lib/log4j-1.2.15.jar:/Users/Ryan/Documents/workspaceCoursera/UCSDUnfoldingMaps/lib/sqlite-jdbc-3.7.2.jar:/Users/Ryan/Documents/workspaceCoursera/UCSDUnfoldingMaps/lib/json4processing.jar:/Users/Ryan/Documents/workspaceCoursera/UCSDUnfoldingMaps/lib/libTUIO.jar:/Users/Ryan/Documents/workspaceCoursera/UCSDUnfoldingMaps/lib/unfolding.0.9.7-uscd.jar
Launcher Type: SUN_STANDARD

Environment Variables:
PATH=/usr/bin:/bin:/usr/sbin:/sbin
SHELL=/bin/bash
DISPLAY=/private/tmp/com.apple.launchd.ULRZtvESmK/org.macosforge.xquartz:0

Signal Handlers:
SIGSEGV: [libjvm.dylib+0x5af145], sa_mask[0]=11111111011111110111111111111111, sa_flags=SA_ONSTACK|SA_RESTART|SA_SIGINFO
SIGBUS: [libjvm.dylib+0x5af145], sa_mask[0]=11111111011111110111111111111111, sa_flags=SA_RESTART|SA_SIGINFO
SIGFPE: [libjvm.dylib+0x48694c], sa_mask[0]=11111111011111110111111111111111, sa_flags=SA_RESTART|SA_SIGINFO
SIGPIPE: [libjvm.dylib+0x48694c], sa_mask[0]=11111111011111110111111111111111, sa_flags=SA_RESTART|SA_SIGINFO
SIGXFSZ: [libjvm.dylib+0x48694c], sa_mask[0]=11111111011111110111111111111111, sa_flags=SA_RESTART|SA_SIGINFO
SIGILL: [libjvm.dylib+0x48694c], sa_mask[0]=11111111011111110111111111111111, sa_flags=SA_RESTART|SA_SIGINFO
SIGUSR1: SIG_DFL, sa_mask[0]=00000000000000000000000000000000, sa_flags=none
SIGUSR2: [libjvm.dylib+0x48646a], sa_mask[0]=00100000000000000000000000000000, sa_flags=SA_RESTART|SA_SIGINFO
SIGHUP: [libjvm.dylib+0x484a41], sa_mask[0]=11111111011111110111111111111111, sa_flags=SA_RESTART|SA_SIGINFO
SIGINT: [libjvm.dylib+0x484a41], sa_mask[0]=11111111011111110111111111111111, sa_flags=SA_RESTART|SA_SIGINFO
SIGTERM: [libjvm.dylib+0x484a41], sa_mask[0]=11111111011111110111111111111111, sa_flags=SA_RESTART|SA_SIGINFO
SIGQUIT: [libjvm.dylib+0x484a41], sa_mask[0]=11111111011111110111111111111111, sa_flags=SA_RESTART|SA_SIGINFO


---------------  S Y S T E M  ---------------

OS:Bsduname:Darwin 15.6.0 Darwin Kernel Version 15.6.0: Thu Jun 23 18:25:34 PDT 2016; root:xnu-3248.60.10~1/RELEASE_X86_64 x86_64
rlimit: STACK 8192k, CORE 0k, NPROC 709, NOFILE 10240, AS infinity
load average:4.17 3.52 2.88

CPU:total 4 (2 cores per cpu, 2 threads per core) family 6 model 58 stepping 9, cmov, cx8, fxsr, mmx, sse, sse2, sse3, ssse3, sse4.1, sse4.2, popcnt, avx, aes, clmul, erms, ht, tsc, tscinvbit, tscinv

Memory: 4k page, physical 4194304k(19496k free)

/proc/meminfo:


vm_info: Java HotSpot(TM) 64-Bit Server VM (25.101-b13) for bsd-amd64 JRE (1.8.0_101-b13), built on Jun 22 2016 02:42:15 by "java_re" with gcc 4.2.1 (Based on Apple Inc. build 5658) (LLVM build 2336.11.00)

time: Sat May 20 19:30:22 2017
elapsed time: 234 seconds (0d 0h 3m 54s)

