#
# A fatal error has been detected by the Java Runtime Environment:
#
#  SIGSEGV (0xb) at pc=0x00007fff8b7c74dd, pid=56899, tid=0x0000000000000a0b
#
# JRE version: Java(TM) SE Runtime Environment (8.0_101-b13) (build 1.8.0_101-b13)
# Java VM: Java HotSpot(TM) 64-Bit Server VM (25.101-b13 mixed mode bsd-amd64 compressed oops)
# Problematic frame:
# C  [libobjc.A.dylib+0x14dd]  objc_msgSend+0x1d
#
# Failed to write core dump. Core dumps have been disabled. To enable core dumping, try "ulimit -c unlimited" before starting Java again
#
# If you would like to submit a bug report, please visit:
#   http://bugreport.java.com/bugreport/crash.jsp
# The crash happened outside the Java Virtual Machine in native code.
# See problematic frame for where to report the bug.
#

---------------  T H R E A D  ---------------

Current thread (0x00007f92f2060000):  JavaThread "AWT-AppKit" daemon [_thread_in_native, id=2571, stack(0x00007fff5c1ba000,0x00007fff5c9ba000)]

siginfo: si_signo: 11 (SIGSEGV), si_code: 1 (SEGV_MAPERR), si_addr: 0x0000000000000018

Registers:
RAX=0x00007f92f51e5fe0, RBX=0x0000000170350450, RCX=0x000000011e4898a0, RDX=0x000000011e489b60
RSP=0x00007fff5c9b5308, RBP=0x00007fff5c9b53c0, RSI=0x00007fff85a09cbe, RDI=0x00007f92f51ded40
R8 =0x0000000000000000, R9 =0x00000000000008b0, R10=0x00007fff85a09cbe, R11=0x0000000000000000
R12=0x0000000000000000, R13=0x000000017225cc28, R14=0x0000000170350440, R15=0x00007f92f2060000
RIP=0x00007fff8b7c74dd, EFLAGS=0x0000000000010246, ERR=0x0000000000000004
  TRAPNO=0x000000000000000e

Top of Stack: (sp=0x00007fff5c9b5308)
0x00007fff5c9b5308:   000000017034e157 00007fff5c9b5360
0x00007fff5c9b5318:   0000000000000003 00007fff5c9b5340
0x00007fff5c9b5328:   0000000103ff28e6 000000017225cc28
0x00007fff5c9b5338:   000000017225cc28 00007f92f51e5fe0
0x00007fff5c9b5348:   00000001703506a0 0000000170350710
0x00007fff5c9b5358:   00007fff779c6770 00007fff757ae500
0x00007fff5c9b5368:   0000000170350450 0000000170350690
0x00007fff5c9b5378:   00007f92f51e5fe0 00007f92f51ded40
0x00007fff5c9b5388:   00007f92f070e4c0 00007f92f51e5fe0
0x00007fff5c9b5398:   00007f92f51ded40 00007fff5c9b5448
0x00007fff5c9b53a8:   00007f92f20601f8 000000017225cc28
0x00007fff5c9b53b8:   00007fff5c9b5470 00007fff5c9b5438
0x00007fff5c9b53c8:   0000000104db49d4 000000017225cc28
0x00007fff5c9b53d8:   00007fff5c9b5470 00007fff5c9b5438
0x00007fff5c9b53e8:   0000000104db4767 0000000104db4722
0x00007fff5c9b53f8:   00007fff5c9b53f8 000000017225cc28
0x00007fff5c9b5408:   00007fff5c9b5470 000000017225f860
0x00007fff5c9b5418:   0000000000000000 000000017225cc28
0x00007fff5c9b5428:   0000000000000000 00007fff5c9b5458
0x00007fff5c9b5438:   00007fff5c9b54b8 0000000104da52bd
0x00007fff5c9b5448:   000000078026ef48 0000000104dae538
0x00007fff5c9b5458:   00007f92f51e5fe0 00007fff5c9b54b8
0x00007fff5c9b5468:   00007f92f51ded40 0000000104dafe02
0x00007fff5c9b5478:   00007fff5c9b5478 000000017225cdf2
0x00007fff5c9b5488:   00007fff5c9b54e0 000000017225f860
0x00007fff5c9b5498:   0000000000000000 000000017225ce00
0x00007fff5c9b54a8:   00007fff5c9b5458 00007fff5c9b54c8
0x00007fff5c9b54b8:   00007fff5c9b5528 0000000104da52bd
0x00007fff5c9b54c8:   00007f92f51e5fe0 00000007806fedc8
0x00007fff5c9b54d8:   00007f92f51ded40 00000007806fedc8
0x00007fff5c9b54e8:   00007fff5c9b54e8 00000001754db82e
0x00007fff5c9b54f8:   00007fff5c9b5538 00000001754db8e8 

Instructions: (pc=0x00007fff8b7c74dd)
0x00007fff8b7c74bd:   44 00 00 48 85 ff 2e 74 62 40 f6 c7 01 2e 75 66
0x00007fff8b7c74cd:   49 bb f8 ff ff ff ff 7f 00 00 4c 23 1f 49 89 f2
0x00007fff8b7c74dd:   45 23 53 18 49 c1 e2 04 4d 03 53 10 49 3b 32 75
0x00007fff8b7c74ed:   04 41 ff 62 08 49 83 3a 01 76 0d 49 83 c2 10 49 

Register to memory mapping:

RAX=0x00007f92f51e5fe0 is an unknown value
RBX=0x0000000170350450: Java_jogamp_nativewindow_macosx_OSXUtil_GetScreenRefreshRate0+0x1cf0 in /private/var/folders/df/q331szgs0rs63dmvvv6sk8180000gn/T/jogamp_0000/file_cache/jln5873341645665971758/jln7042100235721298945/libnativewindow_macosx.jnilib at 0x0000000170349000
RCX=0x000000011e4898a0 is an unknown value
RDX=0x000000011e489b60 is an unknown value
RSP=0x00007fff5c9b5308 is pointing into the stack for thread: 0x00007f92f2060000
RBP=0x00007fff5c9b53c0 is pointing into the stack for thread: 0x00007f92f2060000
RSI=0x00007fff85a09cbe is an unknown value
RDI=0x00007f92f51ded40 is an unknown value
R8 =0x0000000000000000 is an unknown value
R9 =0x00000000000008b0 is an unknown value
R10=0x00007fff85a09cbe is an unknown value
R11=0x0000000000000000 is an unknown value
R12=0x0000000000000000 is an unknown value
R13={method} {0x000000017225cc28} 'UnsetJAWTRootSurfaceLayer0' '(JJ)V' in 'jogamp/nativewindow/jawt/macosx/MacOSXJAWTWindow'
R14=0x0000000170350440: Java_jogamp_nativewindow_macosx_OSXUtil_GetScreenRefreshRate0+0x1ce0 in /private/var/folders/df/q331szgs0rs63dmvvv6sk8180000gn/T/jogamp_0000/file_cache/jln5873341645665971758/jln7042100235721298945/libnativewindow_macosx.jnilib at 0x0000000170349000
R15=0x00007f92f2060000 is a thread


Stack: [0x00007fff5c1ba000,0x00007fff5c9ba000],  sp=0x00007fff5c9b5308,  free space=8172k
Native frames: (J=compiled Java code, j=interpreted, Vv=VM code, C=native code)
C  [libobjc.A.dylib+0x14dd]  objc_msgSend+0x1d
j  jogamp.nativewindow.jawt.macosx.MacOSXJAWTWindow.UnsetJAWTRootSurfaceLayer0(JJ)V+0
j  jogamp.nativewindow.jawt.macosx.MacOSXJAWTWindow.access$200(JJ)V+2
j  jogamp.nativewindow.jawt.macosx.MacOSXJAWTWindow$1.run()V+38
J 2683 C1 com.jogamp.common.util.RunnableTask.run()V (345 bytes) @ 0x00000001055773d4 [0x0000000105577240+0x194]
v  ~StubRoutines::call_stub
V  [libjvm.dylib+0x2ecf06]
V  [libjvm.dylib+0x324111]
V  [libjvm.dylib+0x3168df]
C  [libnativewindow_macosx.jnilib+0x5326]  Java_jogamp_nativewindow_jawt_macosx_MacOSXJAWTWindow_UnsetJAWTRootSurfaceLayer0+0x2b6
C  [Foundation+0x76fde]  __NSThreadPerformPerform+0x117
C  [CoreFoundation+0xaa881]  __CFRUNLOOP_IS_CALLING_OUT_TO_A_SOURCE0_PERFORM_FUNCTION__+0x11
C  [CoreFoundation+0x89fbc]  __CFRunLoopDoSources0+0x22c
C  [CoreFoundation+0x894df]  __CFRunLoopRun+0x39f
C  [CoreFoundation+0x88ed8]  CFRunLoopRunSpecific+0x128
C  [HIToolbox+0x30935]  RunCurrentEventLoopInMode+0xeb
C  [HIToolbox+0x30677]  ReceiveNextEventCommon+0xb8
C  [HIToolbox+0x305af]  _BlockUntilNextEventMatchingListInModeWithFilter+0x47
C  [AppKit+0x48df6]  _DPSNextEvent+0x42b
C  [AppKit+0x48226]  -[NSApplication _nextEventMatchingEventMask:untilDate:inMode:dequeue:]+0x1c6
C  [libosxapp.dylib+0x23aa]  -[NSApplicationAWT nextEventMatchingMask:untilDate:inMode:dequeue:]+0x7c
C  [AppKit+0x3cd80]  -[NSApplication run]+0x2aa
C  [libosxapp.dylib+0x214d]  +[NSApplicationAWT runAWTLoopWithApp:]+0x9c
C  [libawt_lwawt.dylib+0x444b3]  -[AWTStarter starter:]+0x389
C  [Foundation+0x76fde]  __NSThreadPerformPerform+0x117
C  [CoreFoundation+0xaa881]  __CFRUNLOOP_IS_CALLING_OUT_TO_A_SOURCE0_PERFORM_FUNCTION__+0x11
C  [CoreFoundation+0x89fbc]  __CFRunLoopDoSources0+0x22c
C  [CoreFoundation+0x894df]  __CFRunLoopRun+0x39f
C  [CoreFoundation+0x88ed8]  CFRunLoopRunSpecific+0x128
C  [java+0x6465]  CreateExecutionEnvironment+0x367
C  [java+0x218c]  JLI_Launch+0x7a0
C  [java+0x84c2]  main+0x65
C  [java+0x19e4]  start+0x34
C  0x0000000000000007

Java frames: (J=compiled Java code, j=interpreted, Vv=VM code)
j  jogamp.nativewindow.jawt.macosx.MacOSXJAWTWindow.UnsetJAWTRootSurfaceLayer0(JJ)V+0
j  jogamp.nativewindow.jawt.macosx.MacOSXJAWTWindow.access$200(JJ)V+2
j  jogamp.nativewindow.jawt.macosx.MacOSXJAWTWindow$1.run()V+38
J 2683 C1 com.jogamp.common.util.RunnableTask.run()V (345 bytes) @ 0x00000001055773d4 [0x0000000105577240+0x194]
v  ~StubRoutines::call_stub

---------------  P R O C E S S  ---------------

Java Threads: ( => current thread )
  0x00007f92f68ba800 JavaThread "Thread-55" [_thread_blocked, id=49179, stack(0x00007000019ee000,0x0000700001aee000)]
  0x00007f92f22a8800 JavaThread "Animation Thread" [_thread_blocked, id=56343, stack(0x00007000016e2000,0x00007000017e2000)]
  0x00007f92f0b3f000 JavaThread "AWT-EventQueue-1" [_thread_in_native, id=56847, stack(0x0000700001868000,0x0000700001968000)]
  0x00007f92f11c6000 JavaThread "DestroyJavaVM" [_thread_blocked, id=5891, stack(0x000070000011a000,0x000070000021a000)]
  0x00007f92f214e800 JavaThread "AWT-EventQueue-0" [_thread_blocked, id=54279, stack(0x00007000015df000,0x00007000016df000)]
  0x00007f92f0931000 JavaThread "Java2D Disposer" daemon [_thread_blocked, id=50179, stack(0x0000700001356000,0x0000700001456000)]
  0x00007f92f1998000 JavaThread "Java2D Queue Flusher" daemon [_thread_blocked, id=45831, stack(0x0000700001253000,0x0000700001353000)]
  0x00007f92f1962000 JavaThread "AWT-Shutdown" [_thread_blocked, id=29203, stack(0x00007000010cd000,0x00007000011cd000)]
=>0x00007f92f2060000 JavaThread "AWT-AppKit" daemon [_thread_in_native, id=2571, stack(0x00007fff5c1ba000,0x00007fff5c9ba000)]
  0x00007f92f2015000 JavaThread "Service Thread" daemon [_thread_blocked, id=18435, stack(0x0000700000e44000,0x0000700000f44000)]
  0x00007f92f0843000 JavaThread "C1 CompilerThread2" daemon [_thread_blocked, id=17923, stack(0x0000700000d41000,0x0000700000e41000)]
  0x00007f92f0842000 JavaThread "C2 CompilerThread1" daemon [_thread_blocked, id=17411, stack(0x0000700000c3e000,0x0000700000d3e000)]
  0x00007f92f1819800 JavaThread "C2 CompilerThread0" daemon [_thread_blocked, id=16899, stack(0x0000700000b3b000,0x0000700000c3b000)]
  0x00007f92f0817800 JavaThread "Signal Dispatcher" daemon [_thread_blocked, id=12815, stack(0x0000700000a38000,0x0000700000b38000)]
  0x00007f92f2011000 JavaThread "Finalizer" daemon [_thread_blocked, id=12291, stack(0x000070000082f000,0x000070000092f000)]
  0x00007f92f082f800 JavaThread "Reference Handler" daemon [_thread_blocked, id=11779, stack(0x000070000072c000,0x000070000082c000)]

Other Threads:
  0x00007f92f1028800 VMThread [stack: 0x0000700000629000,0x0000700000729000] [id=11267]
  0x00007f92f2000800 WatcherThread [stack: 0x0000700000f47000,0x0000700001047000] [id=18947]

VM state:not at safepoint (normal execution)

VM Mutex/Monitor currently owned by a thread: None

Heap:
 PSYoungGen      total 75264K, used 42120K [0x00000007aab00000, 0x00000007b0700000, 0x00000007c0000000)
  eden space 60928K, 53% used [0x00000007aab00000,0x00000007aca8df00,0x00000007ae680000)
  from space 14336K, 68% used [0x00000007ae680000,0x00000007af0142d0,0x00000007af480000)
  to   space 14336K, 0% used [0x00000007af900000,0x00000007af900000,0x00000007b0700000)
 ParOldGen       total 39936K, used 20148K [0x0000000780000000, 0x0000000782700000, 0x00000007aab00000)
  object space 39936K, 50% used [0x0000000780000000,0x00000007813ad300,0x0000000782700000)
 Metaspace       used 24270K, capacity 24507K, committed 24832K, reserved 1071104K
  class space    used 2367K, capacity 2452K, committed 2560K, reserved 1048576K

Card table byte_map: [0x000000011415d000,0x000000011435e000] byte_map_base: 0x000000011055d000

Marking Bits: (ParMarkBitMap*) 0x00000001046edd20
 Begin Bits: [0x00000001144b4000, 0x00000001154b4000)
 End Bits:   [0x00000001154b4000, 0x00000001164b4000)

Polling page: 0x0000000103509000

CodeCache: size=245760Kb used=10072Kb max_used=10076Kb free=235687Kb
 bounds [0x0000000104d9d000, 0x000000010579d000, 0x0000000113d9d000]
 total_blobs=3959 nmethods=3040 adapters=832
 compilation: enabled

Compilation events (10 events):
Event: 48.439 Thread 0x00007f92f0843000 3531   !   3       java.awt.EventQueue::isDispatchThreadImpl (99 bytes)
Event: 48.440 Thread 0x00007f92f0843000 nmethod 3531 0x00000001054d3dd0 code [0x00000001054d3fe0, 0x00000001054d4b28]
Event: 48.889 Thread 0x00007f92f1819800 3532       4       processing.core.PGraphics::backgroundFromCalc (126 bytes)
Event: 48.905 Thread 0x00007f92f1819800 nmethod 3532 0x0000000104fa1c90 code [0x0000000104fa1ee0, 0x0000000104fa2680]
Event: 49.103 Thread 0x00007f92f0843000 3533       3       sun.lwawt.LWComponentPeer::getVisibleRegion (9 bytes)
Event: 49.104 Thread 0x00007f92f0843000 nmethod 3533 0x000000010516dc90 code [0x000000010516de00, 0x000000010516e038]
Event: 49.119 Thread 0x00007f92f0843000 3534       3       java.util.LinkedHashMap::afterNodeRemoval (65 bytes)
Event: 49.119 Thread 0x00007f92f0843000 nmethod 3534 0x0000000104fa1650 code [0x0000000104fa17c0, 0x0000000104fa1b70]
Event: 49.121 Thread 0x00007f92f0843000 3535       1       jogamp.nativewindow.jawt.macosx.MacOSXJAWTWindow::access$000 (5 bytes)
Event: 49.121 Thread 0x00007f92f0843000 nmethod 3535 0x0000000104fa1390 code [0x0000000104fa14e0, 0x0000000104fa15d0]

GC Heap History (10 events):
Event: 25.511 GC heap before
{Heap before GC invocations=14 (full 1):
 PSYoungGen      total 58368K, used 55792K [0x00000007aab00000, 0x00000007af180000, 0x00000007c0000000)
  eden space 45568K, 100% used [0x00000007aab00000,0x00000007ad780000,0x00000007ad780000)
  from space 12800K, 79% used [0x00000007ae500000,0x00000007aeefc330,0x00000007af180000)
  to   space 13312K, 0% used [0x00000007ad780000,0x00000007ad780000,0x00000007ae480000)
 ParOldGen       total 39936K, used 20148K [0x0000000780000000, 0x0000000782700000, 0x00000007aab00000)
  object space 39936K, 50% used [0x0000000780000000,0x00000007813ad300,0x0000000782700000)
 Metaspace       used 24231K, capacity 24507K, committed 24832K, reserved 1071104K
  class space    used 2359K, capacity 2452K, committed 2560K, reserved 1048576K
Event: 25.515 GC heap after
Heap after GC invocations=14 (full 1):
 PSYoungGen      total 58880K, used 10224K [0x00000007aab00000, 0x00000007afb80000, 0x00000007c0000000)
  eden space 45568K, 0% used [0x00000007aab00000,0x00000007aab00000,0x00000007ad780000)
  from space 13312K, 76% used [0x00000007ad780000,0x00000007ae17c330,0x00000007ae480000)
  to   space 13824K, 0% used [0x00000007aee00000,0x00000007aee00000,0x00000007afb80000)
 ParOldGen       total 39936K, used 20148K [0x0000000780000000, 0x0000000782700000, 0x00000007aab00000)
  object space 39936K, 50% used [0x0000000780000000,0x00000007813ad300,0x0000000782700000)
 Metaspace       used 24231K, capacity 24507K, committed 24832K, reserved 1071104K
  class space    used 2359K, capacity 2452K, committed 2560K, reserved 1048576K
}
Event: 29.666 GC heap before
{Heap before GC invocations=15 (full 1):
 PSYoungGen      total 58880K, used 55792K [0x00000007aab00000, 0x00000007afb80000, 0x00000007c0000000)
  eden space 45568K, 100% used [0x00000007aab00000,0x00000007ad780000,0x00000007ad780000)
  from space 13312K, 76% used [0x00000007ad780000,0x00000007ae17c330,0x00000007ae480000)
  to   space 13824K, 0% used [0x00000007aee00000,0x00000007aee00000,0x00000007afb80000)
 ParOldGen       total 39936K, used 20148K [0x0000000780000000, 0x0000000782700000, 0x00000007aab00000)
  object space 39936K, 50% used [0x0000000780000000,0x00000007813ad300,0x0000000782700000)
 Metaspace       used 24235K, capacity 24507K, committed 24832K, reserved 1071104K
  class space    used 2359K, capacity 2452K, committed 2560K, reserved 1048576K
Event: 29.672 GC heap after
Heap after GC invocations=15 (full 1):
 PSYoungGen      total 67584K, used 9888K [0x00000007aab00000, 0x00000007afb80000, 0x00000007c0000000)
  eden space 53760K, 0% used [0x00000007aab00000,0x00000007aab00000,0x00000007adf80000)
  from space 13824K, 71% used [0x00000007aee00000,0x00000007af7a82e0,0x00000007afb80000)
  to   space 14336K, 0% used [0x00000007adf80000,0x00000007adf80000,0x00000007aed80000)
 ParOldGen       total 39936K, used 20148K [0x0000000780000000, 0x0000000782700000, 0x00000007aab00000)
  object space 39936K, 50% used [0x0000000780000000,0x00000007813ad300,0x0000000782700000)
 Metaspace       used 24235K, capacity 24507K, committed 24832K, reserved 1071104K
  class space    used 2359K, capacity 2452K, committed 2560K, reserved 1048576K
}
Event: 34.954 GC heap before
{Heap before GC invocations=16 (full 1):
 PSYoungGen      total 67584K, used 63648K [0x00000007aab00000, 0x00000007afb80000, 0x00000007c0000000)
  eden space 53760K, 100% used [0x00000007aab00000,0x00000007adf80000,0x00000007adf80000)
  from space 13824K, 71% used [0x00000007aee00000,0x00000007af7a82e0,0x00000007afb80000)
  to   space 14336K, 0% used [0x00000007adf80000,0x00000007adf80000,0x00000007aed80000)
 ParOldGen       total 39936K, used 20148K [0x0000000780000000, 0x0000000782700000, 0x00000007aab00000)
  object space 39936K, 50% used [0x0000000780000000,0x00000007813ad300,0x0000000782700000)
 Metaspace       used 24235K, capacity 24507K, committed 24832K, reserved 1071104K
  class space    used 2359K, capacity 2452K, committed 2560K, reserved 1048576K
Event: 34.959 GC heap after
Heap after GC invocations=16 (full 1):
 PSYoungGen      total 68096K, used 9856K [0x00000007aab00000, 0x00000007b0380000, 0x00000007c0000000)
  eden space 53760K, 0% used [0x00000007aab00000,0x00000007aab00000,0x00000007adf80000)
  from space 14336K, 68% used [0x00000007adf80000,0x00000007ae9202e0,0x00000007aed80000)
  to   space 14336K, 0% used [0x00000007af580000,0x00000007af580000,0x00000007b0380000)
 ParOldGen       total 39936K, used 20148K [0x0000000780000000, 0x0000000782700000, 0x00000007aab00000)
  object space 39936K, 50% used [0x0000000780000000,0x00000007813ad300,0x0000000782700000)
 Metaspace       used 24235K, capacity 24507K, committed 24832K, reserved 1071104K
  class space    used 2359K, capacity 2452K, committed 2560K, reserved 1048576K
}
Event: 40.226 GC heap before
{Heap before GC invocations=17 (full 1):
 PSYoungGen      total 68096K, used 63616K [0x00000007aab00000, 0x00000007b0380000, 0x00000007c0000000)
  eden space 53760K, 100% used [0x00000007aab00000,0x00000007adf80000,0x00000007adf80000)
  from space 14336K, 68% used [0x00000007adf80000,0x00000007ae9202e0,0x00000007aed80000)
  to   space 14336K, 0% used [0x00000007af580000,0x00000007af580000,0x00000007b0380000)
 ParOldGen       total 39936K, used 20148K [0x0000000780000000, 0x0000000782700000, 0x00000007aab00000)
  object space 39936K, 50% used [0x0000000780000000,0x00000007813ad300,0x0000000782700000)
 Metaspace       used 24235K, capacity 24507K, committed 24832K, reserved 1071104K
  class space    used 2359K, capacity 2452K, committed 2560K, reserved 1048576K
Event: 40.232 GC heap after
Heap after GC invocations=17 (full 1):
 PSYoungGen      total 74240K, used 9824K [0x00000007aab00000, 0x00000007b0280000, 0x00000007c0000000)
  eden space 60928K, 0% used [0x00000007aab00000,0x00000007aab00000,0x00000007ae680000)
  from space 13312K, 73% used [0x00000007af580000,0x00000007aff182e0,0x00000007b0280000)
  to   space 14336K, 0% used [0x00000007ae680000,0x00000007ae680000,0x00000007af480000)
 ParOldGen       total 39936K, used 20148K [0x0000000780000000, 0x0000000782700000, 0x00000007aab00000)
  object space 39936K, 50% used [0x0000000780000000,0x00000007813ad300,0x0000000782700000)
 Metaspace       used 24235K, capacity 24507K, committed 24832K, reserved 1071104K
  class space    used 2359K, capacity 2452K, committed 2560K, reserved 1048576K
}
Event: 46.244 GC heap before
{Heap before GC invocations=18 (full 1):
 PSYoungGen      total 74240K, used 70752K [0x00000007aab00000, 0x00000007b0280000, 0x00000007c0000000)
  eden space 60928K, 100% used [0x00000007aab00000,0x00000007ae680000,0x00000007ae680000)
  from space 13312K, 73% used [0x00000007af580000,0x00000007aff182e0,0x00000007b0280000)
  to   space 14336K, 0% used [0x00000007ae680000,0x00000007ae680000,0x00000007af480000)
 ParOldGen       total 39936K, used 20148K [0x0000000780000000, 0x0000000782700000, 0x00000007aab00000)
  object space 39936K, 50% used [0x0000000780000000,0x00000007813ad300,0x0000000782700000)
 Metaspace       used 24235K, capacity 24507K, committed 24832K, reserved 1071104K
  class space    used 2359K, capacity 2452K, committed 2560K, reserved 1048576K
Event: 46.249 GC heap after
Heap after GC invocations=18 (full 1):
 PSYoungGen      total 75264K, used 9808K [0x00000007aab00000, 0x00000007b0700000, 0x00000007c0000000)
  eden space 60928K, 0% used [0x00000007aab00000,0x00000007aab00000,0x00000007ae680000)
  from space 14336K, 68% used [0x00000007ae680000,0x00000007af0142d0,0x00000007af480000)
  to   space 14336K, 0% used [0x00000007af900000,0x00000007af900000,0x00000007b0700000)
 ParOldGen       total 39936K, used 20148K [0x0000000780000000, 0x0000000782700000, 0x00000007aab00000)
  object space 39936K, 50% used [0x0000000780000000,0x00000007813ad300,0x0000000782700000)
 Metaspace       used 24235K, capacity 24507K, committed 24832K, reserved 1071104K
  class space    used 2359K, capacity 2452K, committed 2560K, reserved 1048576K
}

Deoptimization events (10 events):
Event: 49.088 Thread 0x00007f92f0b3f000 Uncommon trap: reason=unstable_if action=reinterpret pc=0x000000010554bc68 method=com.jogamp.common.util.VersionNumber.compareTo(Lcom/jogamp/common/util/VersionNumber;)I @ 21
Event: 49.089 Thread 0x00007f92f0b3f000 Uncommon trap: reason=unstable_if action=reinterpret pc=0x000000010516d808 method=java.awt.EventQueue.uncacheEQItem(Lsun/awt/EventQueueItem;)V @ 23
Event: 49.089 Thread 0x00007f92f214e800 Uncommon trap: reason=unstable_if action=reinterpret pc=0x000000010577d89c method=sun.java2d.pipe.Region.intersectsQuickCheck(Lsun/java2d/pipe/Region;)Z @ 41
Event: 49.090 Thread 0x00007f92f214e800 Uncommon trap: reason=unstable_if action=reinterpret pc=0x000000010554e78c method=java.awt.Font.equals(Ljava/lang/Object;)Z @ 2
Event: 49.102 Thread 0x00007f92f2091000 Uncommon trap: reason=class_check action=maybe_recompile pc=0x00000001053b8fec method=java.util.HashMap.putVal(ILjava/lang/Object;Ljava/lang/Object;ZZ)Ljava/lang/Object; @ 91
Event: 49.102 Thread 0x00007f92f2091000 Uncommon trap: reason=class_check action=maybe_recompile pc=0x00000001053b8fec method=java.util.HashMap.putVal(ILjava/lang/Object;Ljava/lang/Object;ZZ)Ljava/lang/Object; @ 91
Event: 49.102 Thread 0x00007f92f2091000 Uncommon trap: reason=class_check action=maybe_recompile pc=0x00000001053b8fec method=java.util.HashMap.putVal(ILjava/lang/Object;Ljava/lang/Object;ZZ)Ljava/lang/Object; @ 91
Event: 49.102 Thread 0x00007f92f2091000 Uncommon trap: reason=class_check action=maybe_recompile pc=0x00000001053b8fec method=java.util.HashMap.putVal(ILjava/lang/Object;Ljava/lang/Object;ZZ)Ljava/lang/Object; @ 91
Event: 49.102 Thread 0x00007f92f2091000 Uncommon trap: reason=class_check action=maybe_recompile pc=0x00000001052c9e08 method=java.util.HashMap.putVal(ILjava/lang/Object;Ljava/lang/Object;ZZ)Ljava/lang/Object; @ 91
Event: 49.119 Thread 0x00007f92f0b3f000 Uncommon trap: reason=unstable_if action=reinterpret pc=0x00000001055ae2d8 method=java.util.LinkedList$ListItr.<init>(Ljava/util/LinkedList;I)V @ 26

Internal exceptions (10 events):
Event: 0.270 Thread 0x00007f92f1806000 Exception <a 'java/lang/NoSuchFieldError': method resolution failed> (0x00000007aacb1c98) thrown at [/HUDSON3/workspace/8-2-build-macosx-x86_64/jdk8u101/7261/hotspot/src/share/vm/prims/methodHandles.cpp, line 1146]
Event: 0.274 Thread 0x00007f92f1806000 Exception <a 'java/lang/NoSuchFieldError': method resolution failed> (0x00000007aacbf468) thrown at [/HUDSON3/workspace/8-2-build-macosx-x86_64/jdk8u101/7261/hotspot/src/share/vm/prims/methodHandles.cpp, line 1146]
Event: 0.445 Thread 0x00007f92f1806000 Exception <a 'java/io/FileNotFoundException'> (0x00000007aad3ade0) thrown at [/HUDSON3/workspace/8-2-build-macosx-x86_64/jdk8u101/7261/hotspot/src/share/vm/prims/jni.cpp, line 709]
Event: 0.445 Thread 0x00007f92f1806000 Exception <a 'java/io/FileNotFoundException'> (0x00000007aad3b940) thrown at [/HUDSON3/workspace/8-2-build-macosx-x86_64/jdk8u101/7261/hotspot/src/share/vm/prims/jni.cpp, line 709]
Event: 0.612 Thread 0x00007f92f1806000 Exception <a 'java/io/FileNotFoundException'> (0x00000007aae22c10) thrown at [/HUDSON3/workspace/8-2-build-macosx-x86_64/jdk8u101/7261/hotspot/src/share/vm/prims/jni.cpp, line 709]
Event: 2.526 Thread 0x00007f92f2011000 Exception <a 'java/lang/NullPointerException'> (0x00000007aab84ca0) thrown at [/HUDSON3/workspace/8-2-build-macosx-x86_64/jdk8u101/7261/hotspot/src/share/vm/interpreter/linkResolver.cpp, line 1178]
Event: 2.631 Thread 0x00007f92f22a8800 Exception <a 'java/lang/UnsatisfiedLinkError': com.jogamp.common.util.JarUtil.fixNativeLibAttribs(Ljava/lang/String;)Z> (0x00000007aaea3e30) thrown at [/HUDSON3/workspace/8-2-build-macosx-x86_64/jdk8u101/7261/hotspot/src/share/vm/prims/nativeLookup.cpp, l
Event: 4.017 Thread 0x00007f92f0b3f000 Exception <a 'java/io/FileNotFoundException'> (0x00000007ab0f1e40) thrown at [/HUDSON3/workspace/8-2-build-macosx-x86_64/jdk8u101/7261/hotspot/src/share/vm/prims/jni.cpp, line 709]
Event: 4.018 Thread 0x00007f92f0b3f000 Exception <a 'java/io/FileNotFoundException'> (0x00000007ab0f8318) thrown at [/HUDSON3/workspace/8-2-build-macosx-x86_64/jdk8u101/7261/hotspot/src/share/vm/prims/jni.cpp, line 709]
Event: 4.018 Thread 0x00007f92f0b3f000 Implicit null exception at 0x0000000104f446b5 to 0x0000000104f44a2d

Events (10 events):
Event: 49.119 Thread 0x00007f92f0b3f000 DEOPT PACKING pc=0x00000001055ae2d8 sp=0x0000700001965990
Event: 49.119 Thread 0x00007f92f0b3f000 DEOPT UNPACKING pc=0x0000000104da2229 sp=0x0000700001965830 mode 2
Event: 49.120 loading class java/awt/LightweightDispatcher$2
Event: 49.120 loading class java/awt/LightweightDispatcher$2 done
Event: 49.120 loading class java/awt/event/AWTEventListenerProxy
Event: 49.120 loading class java/awt/event/AWTEventListenerProxy done
Event: 49.120 Executing VM operation: Deoptimize
Event: 49.121 Executing VM operation: Deoptimize done
Event: 49.121 loading class java/awt/Toolkit$ToolkitEventMulticaster
Event: 49.121 loading class java/awt/Toolkit$ToolkitEventMulticaster done


Dynamic libraries:
0x0000000005485000 	/System/Library/Frameworks/Cocoa.framework/Versions/A/Cocoa
0x0000000005485000 	/System/Library/Frameworks/Security.framework/Versions/A/Security
0x0000000005485000 	/System/Library/Frameworks/ApplicationServices.framework/Versions/A/ApplicationServices
0x0000000005485000 	/usr/lib/libz.1.dylib
0x0000000005485000 	/usr/lib/libSystem.B.dylib
0x0000000005485000 	/usr/lib/libobjc.A.dylib
0x0000000005485000 	/System/Library/Frameworks/CoreFoundation.framework/Versions/A/CoreFoundation
0x0000000005485000 	/System/Library/Frameworks/Foundation.framework/Versions/C/Foundation
0x0000000005485000 	/System/Library/Frameworks/AppKit.framework/Versions/C/AppKit
0x0000000005485000 	/System/Library/Frameworks/CoreData.framework/Versions/A/CoreData
0x0000000005485000 	/System/Library/PrivateFrameworks/RemoteViewServices.framework/Versions/A/RemoteViewServices
0x0000000005485000 	/System/Library/PrivateFrameworks/UIFoundation.framework/Versions/A/UIFoundation
0x0000000005485000 	/usr/lib/libScreenReader.dylib
0x0000000005485000 	/System/Library/Frameworks/Accelerate.framework/Versions/A/Accelerate
0x0000000005485000 	/System/Library/Frameworks/IOSurface.framework/Versions/A/IOSurface
0x0000000005485000 	/System/Library/Frameworks/AudioToolbox.framework/Versions/A/AudioToolbox
0x0000000005485000 	/System/Library/Frameworks/AudioUnit.framework/Versions/A/AudioUnit
0x0000000005485000 	/System/Library/PrivateFrameworks/DataDetectorsCore.framework/Versions/A/DataDetectorsCore
0x0000000005485000 	/System/Library/PrivateFrameworks/DesktopServicesPriv.framework/Versions/A/DesktopServicesPriv
0x0000000005485000 	/System/Library/Frameworks/Carbon.framework/Versions/A/Frameworks/HIToolbox.framework/Versions/A/HIToolbox
0x0000000005485000 	/System/Library/Frameworks/QuartzCore.framework/Versions/A/QuartzCore
0x0000000005485000 	/System/Library/Frameworks/Carbon.framework/Versions/A/Frameworks/SpeechRecognition.framework/Versions/A/SpeechRecognition
0x0000000005485000 	/usr/lib/libauto.dylib
0x0000000005485000 	/usr/lib/libicucore.A.dylib
0x0000000005485000 	/usr/lib/libxml2.2.dylib
0x0000000005485000 	/System/Library/PrivateFrameworks/CoreUI.framework/Versions/A/CoreUI
0x0000000005485000 	/System/Library/Frameworks/CoreAudio.framework/Versions/A/CoreAudio
0x0000000005485000 	/System/Library/Frameworks/DiskArbitration.framework/Versions/A/DiskArbitration
0x0000000005485000 	/usr/lib/liblangid.dylib
0x0000000005485000 	/System/Library/PrivateFrameworks/MultitouchSupport.framework/Versions/A/MultitouchSupport
0x0000000005485000 	/System/Library/Frameworks/IOKit.framework/Versions/A/IOKit
0x0000000005485000 	/usr/lib/libDiagnosticMessagesClient.dylib
0x0000000005485000 	/System/Library/Frameworks/CoreServices.framework/Versions/A/CoreServices
0x0000000005485000 	/System/Library/PrivateFrameworks/PerformanceAnalysis.framework/Versions/A/PerformanceAnalysis
0x0000000005485000 	/System/Library/PrivateFrameworks/GenerationalStorage.framework/Versions/A/GenerationalStorage
0x0000000005485000 	/System/Library/Frameworks/OpenGL.framework/Versions/A/OpenGL
0x0000000005485000 	/System/Library/PrivateFrameworks/Sharing.framework/Versions/A/Sharing
0x0000000005485000 	/System/Library/Frameworks/CoreGraphics.framework/Versions/A/CoreGraphics
0x0000000005485000 	/System/Library/Frameworks/CoreImage.framework/Versions/A/CoreImage
0x0000000005485000 	/System/Library/Frameworks/CoreText.framework/Versions/A/CoreText
0x0000000005485000 	/System/Library/Frameworks/ImageIO.framework/Versions/A/ImageIO
0x0000000005485000 	/System/Library/PrivateFrameworks/Backup.framework/Versions/A/Backup
0x0000000005485000 	/usr/lib/libextension.dylib
0x0000000005485000 	/usr/lib/libarchive.2.dylib
0x0000000005485000 	/System/Library/Frameworks/CFNetwork.framework/Versions/A/CFNetwork
0x0000000005485000 	/System/Library/Frameworks/SystemConfiguration.framework/Versions/A/SystemConfiguration
0x0000000005485000 	/usr/lib/libCRFSuite.dylib
0x0000000005485000 	/usr/lib/libc++.1.dylib
0x0000000005485000 	/usr/lib/libc++abi.dylib
0x0000000005485000 	/usr/lib/system/libcache.dylib
0x0000000005485000 	/usr/lib/system/libcommonCrypto.dylib
0x0000000005485000 	/usr/lib/system/libcompiler_rt.dylib
0x0000000005485000 	/usr/lib/system/libcopyfile.dylib
0x0000000005485000 	/usr/lib/system/libcorecrypto.dylib
0x0000000005485000 	/usr/lib/system/libdispatch.dylib
0x0000000005485000 	/usr/lib/system/libdyld.dylib
0x0000000005485000 	/usr/lib/system/libkeymgr.dylib
0x0000000005485000 	/usr/lib/system/liblaunch.dylib
0x0000000005485000 	/usr/lib/system/libmacho.dylib
0x0000000005485000 	/usr/lib/system/libquarantine.dylib
0x0000000005485000 	/usr/lib/system/libremovefile.dylib
0x0000000005485000 	/usr/lib/system/libsystem_asl.dylib
0x0000000005485000 	/usr/lib/system/libsystem_blocks.dylib
0x0000000005485000 	/usr/lib/system/libsystem_c.dylib
0x0000000005485000 	/usr/lib/system/libsystem_configuration.dylib
0x0000000005485000 	/usr/lib/system/libsystem_coreservices.dylib
0x0000000005485000 	/usr/lib/system/libsystem_coretls.dylib
0x0000000005485000 	/usr/lib/system/libsystem_dnssd.dylib
0x0000000005485000 	/usr/lib/system/libsystem_info.dylib
0x0000000005485000 	/usr/lib/system/libsystem_kernel.dylib
0x0000000005485000 	/usr/lib/system/libsystem_m.dylib
0x0000000005485000 	/usr/lib/system/libsystem_malloc.dylib
0x0000000005485000 	/usr/lib/system/libsystem_network.dylib
0x0000000005485000 	/usr/lib/system/libsystem_networkextension.dylib
0x0000000005485000 	/usr/lib/system/libsystem_notify.dylib
0x0000000005485000 	/usr/lib/system/libsystem_platform.dylib
0x0000000005485000 	/usr/lib/system/libsystem_pthread.dylib
0x0000000005485000 	/usr/lib/system/libsystem_sandbox.dylib
0x0000000005485000 	/usr/lib/system/libsystem_secinit.dylib
0x0000000005485000 	/usr/lib/system/libsystem_trace.dylib
0x0000000005485000 	/usr/lib/system/libunc.dylib
0x0000000005485000 	/usr/lib/system/libunwind.dylib
0x0000000005485000 	/usr/lib/system/libxpc.dylib
0x0000000005485000 	/usr/lib/libenergytrace.dylib
0x0000000005485000 	/usr/lib/libbsm.0.dylib
0x0000000005485000 	/usr/lib/system/libkxld.dylib
0x0000000005485000 	/usr/lib/libxar.1.dylib
0x0000000005485000 	/usr/lib/libsqlite3.dylib
0x0000000005485000 	/usr/lib/libpam.2.dylib
0x0000000005485000 	/usr/lib/libOpenScriptingUtil.dylib
0x0000000005485000 	/usr/lib/libbz2.1.0.dylib
0x0000000005485000 	/usr/lib/liblzma.5.dylib
0x0000000005485000 	/System/Library/Frameworks/CoreServices.framework/Versions/A/Frameworks/FSEvents.framework/Versions/A/FSEvents
0x0000000005485000 	/System/Library/Frameworks/CoreServices.framework/Versions/A/Frameworks/CarbonCore.framework/Versions/A/CarbonCore
0x0000000005485000 	/System/Library/Frameworks/CoreServices.framework/Versions/A/Frameworks/Metadata.framework/Versions/A/Metadata
0x0000000005485000 	/System/Library/Frameworks/CoreServices.framework/Versions/A/Frameworks/OSServices.framework/Versions/A/OSServices
0x0000000005485000 	/System/Library/Frameworks/CoreServices.framework/Versions/A/Frameworks/SearchKit.framework/Versions/A/SearchKit
0x0000000005485000 	/System/Library/Frameworks/CoreServices.framework/Versions/A/Frameworks/AE.framework/Versions/A/AE
0x0000000005485000 	/System/Library/Frameworks/CoreServices.framework/Versions/A/Frameworks/LaunchServices.framework/Versions/A/LaunchServices
0x0000000005485000 	/System/Library/Frameworks/CoreServices.framework/Versions/A/Frameworks/DictionaryServices.framework/Versions/A/DictionaryServices
0x0000000005485000 	/System/Library/Frameworks/CoreServices.framework/Versions/A/Frameworks/SharedFileList.framework/Versions/A/SharedFileList
0x0000000005485000 	/System/Library/Frameworks/NetFS.framework/Versions/A/NetFS
0x0000000005485000 	/System/Library/PrivateFrameworks/NetAuth.framework/Versions/A/NetAuth
0x0000000005485000 	/System/Library/PrivateFrameworks/login.framework/Versions/A/Frameworks/loginsupport.framework/Versions/A/loginsupport
0x0000000005485000 	/System/Library/PrivateFrameworks/TCC.framework/Versions/A/TCC
0x0000000005485000 	/usr/lib/libmecabra.dylib
0x0000000005485000 	/System/Library/Frameworks/ApplicationServices.framework/Versions/A/Frameworks/ATS.framework/Versions/A/ATS
0x0000000005485000 	/System/Library/Frameworks/ApplicationServices.framework/Versions/A/Frameworks/ColorSync.framework/Versions/A/ColorSync
0x0000000005485000 	/System/Library/Frameworks/ApplicationServices.framework/Versions/A/Frameworks/HIServices.framework/Versions/A/HIServices
0x0000000005485000 	/System/Library/Frameworks/ApplicationServices.framework/Versions/A/Frameworks/LangAnalysis.framework/Versions/A/LangAnalysis
0x0000000005485000 	/System/Library/Frameworks/ApplicationServices.framework/Versions/A/Frameworks/PrintCore.framework/Versions/A/PrintCore
0x0000000005485000 	/System/Library/Frameworks/ApplicationServices.framework/Versions/A/Frameworks/QD.framework/Versions/A/QD
0x0000000005485000 	/System/Library/Frameworks/ApplicationServices.framework/Versions/A/Frameworks/SpeechSynthesis.framework/Versions/A/SpeechSynthesis
0x0000000005485000 	/System/Library/Frameworks/Metal.framework/Versions/A/Metal
0x0000000005485000 	/System/Library/Frameworks/Accelerate.framework/Versions/A/Frameworks/vImage.framework/Versions/A/vImage
0x0000000005485000 	/System/Library/Frameworks/Accelerate.framework/Versions/A/Frameworks/vecLib.framework/Versions/A/vecLib
0x0000000005485000 	/System/Library/Frameworks/Accelerate.framework/Versions/A/Frameworks/vecLib.framework/Versions/A/libvDSP.dylib
0x0000000005485000 	/System/Library/Frameworks/Accelerate.framework/Versions/A/Frameworks/vecLib.framework/Versions/A/libvMisc.dylib
0x0000000005485000 	/System/Library/Frameworks/Accelerate.framework/Versions/A/Frameworks/vecLib.framework/Versions/A/libLAPACK.dylib
0x0000000005485000 	/System/Library/Frameworks/Accelerate.framework/Versions/A/Frameworks/vecLib.framework/Versions/A/libBLAS.dylib
0x0000000005485000 	/System/Library/Frameworks/Accelerate.framework/Versions/A/Frameworks/vecLib.framework/Versions/A/libLinearAlgebra.dylib
0x0000000005485000 	/System/Library/Frameworks/Accelerate.framework/Versions/A/Frameworks/vecLib.framework/Versions/A/libSparseBLAS.dylib
0x0000000005485000 	/System/Library/PrivateFrameworks/GPUCompiler.framework/libmetal_timestamp.dylib
0x0000000005485000 	/System/Library/Frameworks/OpenGL.framework/Versions/A/Libraries/libCoreFSCache.dylib
0x0000000005485000 	/System/Library/PrivateFrameworks/IOAccelerator.framework/Versions/A/IOAccelerator
0x0000000005485000 	/System/Library/Frameworks/ApplicationServices.framework/Versions/A/Frameworks/ATS.framework/Versions/A/Resources/libFontParser.dylib
0x0000000005485000 	/System/Library/Frameworks/ApplicationServices.framework/Versions/A/Frameworks/ATS.framework/Versions/A/Resources/libFontRegistry.dylib
0x0000000005485000 	/System/Library/PrivateFrameworks/AppleVPA.framework/Versions/A/AppleVPA
0x0000000005485000 	/System/Library/PrivateFrameworks/AppleJPEG.framework/Versions/A/AppleJPEG
0x0000000005485000 	/System/Library/Frameworks/ImageIO.framework/Versions/A/Resources/libJPEG.dylib
0x0000000005485000 	/System/Library/Frameworks/ImageIO.framework/Versions/A/Resources/libTIFF.dylib
0x0000000005485000 	/System/Library/Frameworks/ImageIO.framework/Versions/A/Resources/libPng.dylib
0x0000000005485000 	/System/Library/Frameworks/ImageIO.framework/Versions/A/Resources/libGIF.dylib
0x0000000005485000 	/System/Library/Frameworks/ImageIO.framework/Versions/A/Resources/libJP2.dylib
0x0000000005485000 	/System/Library/Frameworks/ImageIO.framework/Versions/A/Resources/libRadiance.dylib
0x0000000005485000 	/System/Library/Frameworks/CoreVideo.framework/Versions/A/CoreVideo
0x0000000005485000 	/System/Library/Frameworks/OpenGL.framework/Versions/A/Libraries/libGLU.dylib
0x0000000005485000 	/System/Library/Frameworks/OpenGL.framework/Versions/A/Libraries/libGFXShared.dylib
0x0000000005485000 	/System/Library/Frameworks/OpenGL.framework/Versions/A/Libraries/libGL.dylib
0x0000000005485000 	/System/Library/Frameworks/OpenGL.framework/Versions/A/Libraries/libGLImage.dylib
0x0000000005485000 	/System/Library/Frameworks/OpenGL.framework/Versions/A/Libraries/libCVMSPluginSupport.dylib
0x0000000005485000 	/System/Library/Frameworks/OpenGL.framework/Versions/A/Libraries/libCoreVMClient.dylib
0x0000000005485000 	/usr/lib/libcompression.dylib
0x0000000005485000 	/usr/lib/libcups.2.dylib
0x0000000005485000 	/System/Library/Frameworks/Kerberos.framework/Versions/A/Kerberos
0x0000000005485000 	/System/Library/Frameworks/GSS.framework/Versions/A/GSS
0x0000000005485000 	/usr/lib/libresolv.9.dylib
0x0000000005485000 	/usr/lib/libiconv.2.dylib
0x0000000005485000 	/System/Library/PrivateFrameworks/Heimdal.framework/Versions/A/Heimdal
0x0000000005485000 	/usr/lib/libheimdal-asn1.dylib
0x0000000005485000 	/System/Library/Frameworks/OpenDirectory.framework/Versions/A/OpenDirectory
0x0000000005485000 	/System/Library/PrivateFrameworks/CommonAuth.framework/Versions/A/CommonAuth
0x0000000005485000 	/System/Library/Frameworks/OpenDirectory.framework/Versions/A/Frameworks/CFOpenDirectory.framework/Versions/A/CFOpenDirectory
0x0000000005485000 	/System/Library/Frameworks/SecurityFoundation.framework/Versions/A/SecurityFoundation
0x0000000005485000 	/System/Library/PrivateFrameworks/LanguageModeling.framework/Versions/A/LanguageModeling
0x0000000005485000 	/usr/lib/libmarisa.dylib
0x0000000005485000 	/usr/lib/libChineseTokenizer.dylib
0x0000000005485000 	/usr/lib/libcmph.dylib
0x0000000005485000 	/System/Library/Frameworks/ServiceManagement.framework/Versions/A/ServiceManagement
0x0000000005485000 	/usr/lib/libxslt.1.dylib
0x0000000005485000 	/System/Library/Frameworks/Carbon.framework/Versions/A/Frameworks/Ink.framework/Versions/A/Ink
0x0000000005485000 	/usr/lib/libFosl_dynamic.dylib
0x0000000005485000 	/System/Library/PrivateFrameworks/FaceCore.framework/Versions/A/FaceCore
0x0000000005485000 	/System/Library/Frameworks/OpenCL.framework/Versions/A/OpenCL
0x0000000005485000 	/System/Library/PrivateFrameworks/CrashReporterSupport.framework/Versions/A/CrashReporterSupport
0x0000000005485000 	/System/Library/PrivateFrameworks/IconServices.framework/Versions/A/IconServices
0x0000000005485000 	/System/Library/PrivateFrameworks/Apple80211.framework/Versions/A/Apple80211
0x0000000005485000 	/System/Library/Frameworks/CoreWLAN.framework/Versions/A/CoreWLAN
0x0000000005485000 	/System/Library/Frameworks/IOBluetooth.framework/Versions/A/IOBluetooth
0x0000000005485000 	/System/Library/PrivateFrameworks/CoreWiFi.framework/Versions/A/CoreWiFi
0x0000000005485000 	/System/Library/Frameworks/CoreBluetooth.framework/Versions/A/CoreBluetooth
0x0000000005485000 	/System/Library/PrivateFrameworks/ChunkingLibrary.framework/Versions/A/ChunkingLibrary
0x0000000005485000 	/System/Library/PrivateFrameworks/DebugSymbols.framework/Versions/A/DebugSymbols
0x0000000005485000 	/System/Library/PrivateFrameworks/CoreSymbolication.framework/Versions/A/CoreSymbolication
0x0000000005485000 	/System/Library/PrivateFrameworks/Symbolication.framework/Versions/A/Symbolication
0x0000000005485000 	/System/Library/PrivateFrameworks/SpeechRecognitionCore.framework/Versions/A/SpeechRecognitionCore
0x0000000103e00000 	/Library/Java/JavaVirtualMachines/jdk1.8.0_101.jdk/Contents/Home/jre/lib/server/libjvm.dylib
0x0000000005485000 	/usr/lib/libstdc++.6.dylib
0x00000001034c6000 	/Library/Java/JavaVirtualMachines/jdk1.8.0_101.jdk/Contents/Home/jre/lib/libverify.dylib
0x00000001034d4000 	/Library/Java/JavaVirtualMachines/jdk1.8.0_101.jdk/Contents/Home/jre/lib/libjava.dylib
0x0000000103513000 	/Library/Java/JavaVirtualMachines/jdk1.8.0_101.jdk/Contents/Home/jre/lib/libzip.dylib
0x00000001180c0000 	/System/Library/Frameworks/JavaVM.framework/Frameworks/JavaRuntimeSupport.framework/JavaRuntimeSupport
0x00000001180db000 	/System/Library/Frameworks/JavaVM.framework/Versions/A/Frameworks/JavaNativeFoundation.framework/Versions/A/JavaNativeFoundation
0x00000001180f0000 	/System/Library/Frameworks/JavaVM.framework/Versions/A/JavaVM
0x0000000005485000 	/System/Library/Frameworks/Carbon.framework/Versions/A/Carbon
0x00000001035f4000 	/System/Library/PrivateFrameworks/JavaLaunching.framework/Versions/A/JavaLaunching
0x0000000005485000 	/System/Library/Frameworks/Carbon.framework/Versions/A/Frameworks/CommonPanels.framework/Versions/A/CommonPanels
0x0000000005485000 	/System/Library/Frameworks/Carbon.framework/Versions/A/Frameworks/Help.framework/Versions/A/Help
0x0000000005485000 	/System/Library/Frameworks/Carbon.framework/Versions/A/Frameworks/ImageCapture.framework/Versions/A/ImageCapture
0x0000000005485000 	/System/Library/Frameworks/Carbon.framework/Versions/A/Frameworks/OpenScripting.framework/Versions/A/OpenScripting
0x0000000005485000 	/System/Library/Frameworks/Carbon.framework/Versions/A/Frameworks/Print.framework/Versions/A/Print
0x0000000005485000 	/System/Library/Frameworks/Carbon.framework/Versions/A/Frameworks/SecurityHI.framework/Versions/A/SecurityHI
0x0000000119a16000 	/Library/Java/JavaVirtualMachines/jdk1.8.0_101.jdk/Contents/Home/jre/lib/libawt.dylib
0x0000000119abe000 	/Library/Java/JavaVirtualMachines/jdk1.8.0_101.jdk/Contents/Home/jre/lib/./libmlib_image.dylib
0x0000000119b8a000 	/Library/Java/JavaVirtualMachines/jdk1.8.0_101.jdk/Contents/Home/jre/lib/libawt_lwawt.dylib
0x0000000119c3f000 	/Library/Java/JavaVirtualMachines/jdk1.8.0_101.jdk/Contents/Home/jre/lib/./libosxapp.dylib
0x0000000005485000 	/System/Library/Frameworks/ExceptionHandling.framework/Versions/A/ExceptionHandling
0x0000000005485000 	/System/Library/PrivateFrameworks/CoreServicesInternal.framework/Versions/A/CoreServicesInternal
0x0000000005485000 	/System/Library/Frameworks/CoreGraphics.framework/Versions/A/Resources/libRIP.A.dylib
0x0000000005485000 	/System/Library/Frameworks/Accelerate.framework/Versions/A/Frameworks/vImage.framework/Versions/A/Libraries/libCGInterfaces.dylib
0x0000000005485000 	/System/Library/PrivateFrameworks/FamilyControls.framework/Versions/A/FamilyControls
0x0000000005485000 	/System/Library/PrivateFrameworks/CommerceKit.framework/Versions/A/Frameworks/CommerceCore.framework/Versions/A/CommerceCore
0x0000000005485000 	/System/Library/PrivateFrameworks/SystemAdministration.framework/Versions/A/SystemAdministration
0x0000000005485000 	/System/Library/PrivateFrameworks/AppContainer.framework/Versions/A/AppContainer
0x0000000005485000 	/System/Library/PrivateFrameworks/SecCodeWrapper.framework/Versions/A/SecCodeWrapper
0x0000000005485000 	/System/Library/Frameworks/DirectoryService.framework/Versions/A/DirectoryService
0x0000000005485000 	/System/Library/PrivateFrameworks/DiskImages.framework/Versions/A/DiskImages
0x0000000005485000 	/System/Library/PrivateFrameworks/LoginUIKit.framework/Versions/A/Frameworks/LoginUICore.framework/Versions/A/LoginUICore
0x0000000005485000 	/usr/lib/libCoreStorage.dylib
0x0000000005485000 	/usr/lib/libcsfde.dylib
0x0000000005485000 	/usr/lib/libodfde.dylib
0x0000000005485000 	/System/Library/Frameworks/DiscRecording.framework/Versions/A/DiscRecording
0x0000000005485000 	/usr/lib/libcurl.4.dylib
0x0000000005485000 	/System/Library/PrivateFrameworks/MediaKit.framework/Versions/A/MediaKit
0x0000000005485000 	/System/Library/PrivateFrameworks/ProtectedCloudStorage.framework/Versions/A/ProtectedCloudStorage
0x0000000005485000 	/System/Library/PrivateFrameworks/EFILogin.framework/Versions/A/EFILogin
0x0000000005485000 	/usr/lib/libutil.dylib
0x0000000005485000 	/System/Library/PrivateFrameworks/FindMyDevice.framework/Versions/A/FindMyDevice
0x0000000005485000 	/System/Library/Frameworks/LDAP.framework/Versions/A/LDAP
0x0000000005485000 	/usr/lib/libsasl2.2.dylib
0x0000000005485000 	/System/Library/PrivateFrameworks/CoreDaemon.framework/Versions/B/CoreDaemon
0x0000000005485000 	/usr/lib/libcrypto.0.9.8.dylib
0x0000000005485000 	/System/Library/PrivateFrameworks/AppleSRP.framework/Versions/A/AppleSRP
0x0000000005485000 	/System/Library/PrivateFrameworks/TrustEvaluationAgent.framework/Versions/A/TrustEvaluationAgent
0x0000000005485000 	/System/Library/Frameworks/OpenGL.framework/Versions/A/Resources/GLEngine.bundle/GLEngine
0x0000000005485000 	/System/Library/Frameworks/OpenGL.framework/Versions/A/Libraries/libGLProgrammability.dylib
0x000000011ba1d000 	/System/Library/Extensions/AppleIntelHD4000GraphicsGLDriver.bundle/Contents/MacOS/AppleIntelHD4000GraphicsGLDriver
0x0000000005485000 	/System/Library/PrivateFrameworks/GPUSupport.framework/Versions/A/Libraries/libGPUSupportMercury.dylib
0x0000000005485000 	/System/Library/Frameworks/OpenGL.framework/Versions/A/Resources/GLRendererFloat.bundle/GLRendererFloat
0x0000000005485000 	/System/Library/Frameworks/OpenCL.framework/Versions/A/Libraries/libcldcpuengine.dylib
0x000000011c98b000 	/Library/Java/JavaVirtualMachines/jdk1.8.0_101.jdk/Contents/Home/jre/lib/libfontmanager.dylib
0x0000000005485000 	/System/Library/Frameworks/CoreGraphics.framework/Versions/A/Resources/libCGXType.A.dylib
0x000000011e7d1000 	/Library/Java/JavaVirtualMachines/jdk1.8.0_101.jdk/Contents/Home/jre/lib/libosxui.dylib
0x000000011f2cb000 	/Library/Java/JavaVirtualMachines/jdk1.8.0_101.jdk/Contents/Home/jre/lib/libnet.dylib
0x000000011f513000 	/Library/Java/JavaVirtualMachines/jdk1.8.0_101.jdk/Contents/Home/jre/lib/libnio.dylib
0x0000000005485000 	/System/Library/Frameworks/ApplicationServices.framework/Versions/A/Frameworks/ATS.framework/Versions/A/Resources/libTrueTypeScaler.dylib
0x00000001703df000 	/System/Library/Extensions/AppleIntelHD4000GraphicsMTLDriver.bundle/Contents/MacOS/AppleIntelHD4000GraphicsMTLDriver
0x000000017033f000 	/private/var/folders/df/q331szgs0rs63dmvvv6sk8180000gn/T/jogamp_0000/file_cache/jln5873341645665971758/jln7042100235721298945/libgluegen-rt.jnilib
0x0000000170343000 	/private/var/folders/df/q331szgs0rs63dmvvv6sk8180000gn/T/jogamp_0000/file_cache/jln5873341645665971758/jln7042100235721298945/libnativewindow_awt.jnilib
0x0000000170346000 	/Library/Java/JavaVirtualMachines/jdk1.8.0_101.jdk/Contents/Home/jre/lib/libjawt.dylib
0x0000000170349000 	/private/var/folders/df/q331szgs0rs63dmvvv6sk8180000gn/T/jogamp_0000/file_cache/jln5873341645665971758/jln7042100235721298945/libnativewindow_macosx.jnilib
0x00000001720fa000 	/private/var/folders/df/q331szgs0rs63dmvvv6sk8180000gn/T/jogamp_0000/file_cache/jln5873341645665971758/jln7042100235721298945/libjogl_desktop.jnilib
0x00000001706f6000 	cl_kernels
0x0000000005485000 	/System/Library/Frameworks/OpenCL.framework/Versions/A/Libraries/ImageFormats/unorm8_bgra.dylib
0x0000000005485000 	/System/Library/Frameworks/OpenCL.framework/Versions/A/Libraries/ImageFormats/unorm8_rgba.dylib
0x0000000174c46000 	/Library/Java/JavaVirtualMachines/jdk1.8.0_101.jdk/Contents/Home/jre/lib/libsunec.dylib
0x00000001724da000 	/Library/Java/JavaVirtualMachines/jdk1.8.0_101.jdk/Contents/Home/jre/lib/libt2k.dylib
0x00000001706a6000 	/Library/Java/JavaVirtualMachines/jdk1.8.0_101.jdk/Contents/Home/jre/lib/libjpeg.dylib

VM Arguments:
jvm_args: -Djava.security.policy=java.policy.applet -Dfile.encoding=UTF-8 
java_command: sun.applet.AppletViewer module5.EarthquakeCityMap1496353858677.html
java_class_path (initial): /Users/Ryan/Documents/workspaceCoursera/UCSDUnfoldingMaps/build:/Users/Ryan/Documents/workspaceCoursera/UCSDUnfoldingMaps/lib/core.jar:/Users/Ryan/Documents/workspaceCoursera/UCSDUnfoldingMaps/lib/gluegen-rt.jar:/Users/Ryan/Documents/workspaceCoursera/UCSDUnfoldingMaps/lib/jogl-all.jar:/Users/Ryan/Documents/workspaceCoursera/UCSDUnfoldingMaps/lib/log4j-1.2.15.jar:/Users/Ryan/Documents/workspaceCoursera/UCSDUnfoldingMaps/lib/sqlite-jdbc-3.7.2.jar:/Users/Ryan/Documents/workspaceCoursera/UCSDUnfoldingMaps/lib/json4processing.jar:/Users/Ryan/Documents/workspaceCoursera/UCSDUnfoldingMaps/lib/libTUIO.jar:/Users/Ryan/Documents/workspaceCoursera/UCSDUnfoldingMaps/lib/unfolding.0.9.7-uscd.jar
Launcher Type: SUN_STANDARD

Environment Variables:
PATH=/usr/bin:/bin:/usr/sbin:/sbin
SHELL=/bin/bash
DISPLAY=/private/tmp/com.apple.launchd.ULRZtvESmK/org.macosforge.xquartz:0

Signal Handlers:
SIGSEGV: [libjvm.dylib+0x5af145], sa_mask[0]=11111111011111110111111111111111, sa_flags=SA_ONSTACK|SA_RESTART|SA_SIGINFO
SIGBUS: [libjvm.dylib+0x5af145], sa_mask[0]=11111111011111110111111111111111, sa_flags=SA_RESTART|SA_SIGINFO
SIGFPE: [libjvm.dylib+0x48694c], sa_mask[0]=11111111011111110111111111111111, sa_flags=SA_RESTART|SA_SIGINFO
SIGPIPE: [libjvm.dylib+0x48694c], sa_mask[0]=11111111011111110111111111111111, sa_flags=SA_RESTART|SA_SIGINFO
SIGXFSZ: [libjvm.dylib+0x48694c], sa_mask[0]=11111111011111110111111111111111, sa_flags=SA_RESTART|SA_SIGINFO
SIGILL: [libjvm.dylib+0x48694c], sa_mask[0]=11111111011111110111111111111111, sa_flags=SA_RESTART|SA_SIGINFO
SIGUSR1: SIG_DFL, sa_mask[0]=00000000000000000000000000000000, sa_flags=none
SIGUSR2: [libjvm.dylib+0x48646a], sa_mask[0]=00100000000000000000000000000000, sa_flags=SA_RESTART|SA_SIGINFO
SIGHUP: [libjvm.dylib+0x484a41], sa_mask[0]=11111111011111110111111111111111, sa_flags=SA_RESTART|SA_SIGINFO
SIGINT: [libjvm.dylib+0x484a41], sa_mask[0]=11111111011111110111111111111111, sa_flags=SA_RESTART|SA_SIGINFO
SIGTERM: [libjvm.dylib+0x484a41], sa_mask[0]=11111111011111110111111111111111, sa_flags=SA_RESTART|SA_SIGINFO
SIGQUIT: [libjvm.dylib+0x484a41], sa_mask[0]=11111111011111110111111111111111, sa_flags=SA_RESTART|SA_SIGINFO


---------------  S Y S T E M  ---------------

OS:Bsduname:Darwin 15.6.0 Darwin Kernel Version 15.6.0: Thu Jun 23 18:25:34 PDT 2016; root:xnu-3248.60.10~1/RELEASE_X86_64 x86_64
rlimit: STACK 8192k, CORE 0k, NPROC 709, NOFILE 10240, AS infinity
load average:2.46 2.45 2.22

CPU:total 4 (2 cores per cpu, 2 threads per core) family 6 model 58 stepping 9, cmov, cx8, fxsr, mmx, sse, sse2, sse3, ssse3, sse4.1, sse4.2, popcnt, avx, aes, clmul, erms, ht, tsc, tscinvbit, tscinv

Memory: 4k page, physical 4194304k(182832k free)

/proc/meminfo:


vm_info: Java HotSpot(TM) 64-Bit Server VM (25.101-b13) for bsd-amd64 JRE (1.8.0_101-b13), built on Jun 22 2016 02:42:15 by "java_re" with gcc 4.2.1 (Based on Apple Inc. build 5658) (LLVM build 2336.11.00)

time: Thu Jun  1 17:51:47 2017
elapsed time: 49 seconds (0d 0h 0m 49s)

