#
# A fatal error has been detected by the Java Runtime Environment:
#
#  SIGSEGV (0xb) at pc=0x00007fff8b7c74dd, pid=6413, tid=0x0000000000000a0b
#
# JRE version: Java(TM) SE Runtime Environment (8.0_101-b13) (build 1.8.0_101-b13)
# Java VM: Java HotSpot(TM) 64-Bit Server VM (25.101-b13 mixed mode bsd-amd64 compressed oops)
# Problematic frame:
# C  [libobjc.A.dylib+0x14dd]  objc_msgSend+0x1d
#
# Failed to write core dump. Core dumps have been disabled. To enable core dumping, try "ulimit -c unlimited" before starting Java again
#
# If you would like to submit a bug report, please visit:
#   http://bugreport.java.com/bugreport/crash.jsp
# The crash happened outside the Java Virtual Machine in native code.
# See problematic frame for where to report the bug.
#

---------------  T H R E A D  ---------------

Current thread (0x00007fb3e18ec800):  JavaThread "AWT-AppKit" daemon [_thread_in_native, id=2571, stack(0x00007fff54bbe000,0x00007fff553be000)]

siginfo: si_signo: 11 (SIGSEGV), si_code: 1 (SEGV_MAPERR), si_addr: 0x0000000000000018

Registers:
RAX=0x00007fb3e524d380, RBX=0x0000000121cc8450, RCX=0x0000000121cef240, RDX=0x0000000121ceffc0
RSP=0x00007fff553b9308, RBP=0x00007fff553b93c0, RSI=0x00007fff85a09cbe, RDI=0x00007fb3e524e340
R8 =0x0000000000000000, R9 =0x00000000000008b0, R10=0x00007fff85a09cbe, R11=0x0000000000000000
R12=0x0000000000000000, R13=0x0000000179c1ac40, R14=0x0000000121cc8440, R15=0x00007fb3e18ec800
RIP=0x00007fff8b7c74dd, EFLAGS=0x0000000000010246, ERR=0x0000000000000004
  TRAPNO=0x000000000000000e

Top of Stack: (sp=0x00007fff553b9308)
0x00007fff553b9308:   0000000121cc6157 00007fff553b9360
0x00007fff553b9318:   0000000000000003 00007fff553b9340
0x00007fff553b9328:   000000010b5f28e6 0000000179c1ac40
0x00007fff553b9338:   0000000179c1ac40 00007fb3e524d380
0x00007fff553b9348:   0000000121cc86a0 0000000121cc8710
0x00007fff553b9358:   00007fff779c6770 00007fff757ae500
0x00007fff553b9368:   0000000121cc8450 0000000121cc8690
0x00007fff553b9378:   00007fb3e524d380 00007fb3e524e340
0x00007fff553b9388:   00007fb3e0d615e0 00007fb3e524d380
0x00007fff553b9398:   00007fb3e524e340 00007fff553b9448
0x00007fff553b93a8:   00007fb3e18ec9f8 0000000179c1ac40
0x00007fff553b93b8:   00007fff553b9470 00007fff553b9438
0x00007fff553b93c8:   000000010c3b49d4 0000000179c1ac40
0x00007fff553b93d8:   00007fff553b9470 00007fff553b9438
0x00007fff553b93e8:   000000010c3b4767 000000010c3b4722
0x00007fff553b93f8:   00007fff553b93f8 0000000179c1ac40
0x00007fff553b9408:   00007fff553b9470 0000000179c1c3f0
0x00007fff553b9418:   0000000000000000 0000000179c1ac40
0x00007fff553b9428:   0000000000000000 00007fff553b9458
0x00007fff553b9438:   00007fff553b94b8 000000010c3a52bd
0x00007fff553b9448:   0000000780239de8 000000010c3ae538
0x00007fff553b9458:   00007fb3e524d380 00007fff553b94b8
0x00007fff553b9468:   00007fb3e524e340 000000010c3afe02
0x00007fff553b9478:   00007fff553b9478 0000000179c1ae0a
0x00007fff553b9488:   00007fff553b94e0 0000000179c1c3f0
0x00007fff553b9498:   0000000000000000 0000000179c1ae18
0x00007fff553b94a8:   00007fff553b9458 00007fff553b94c8
0x00007fff553b94b8:   00007fff553b9528 000000010c3a52bd
0x00007fff553b94c8:   00007fb3e524d380 000000078067b970
0x00007fff553b94d8:   00007fb3e524e340 000000078067b970
0x00007fff553b94e8:   00007fff553b94e8 000000017d7d5a96
0x00007fff553b94f8:   00007fff553b9538 000000017d7d5b50 

Instructions: (pc=0x00007fff8b7c74dd)
0x00007fff8b7c74bd:   44 00 00 48 85 ff 2e 74 62 40 f6 c7 01 2e 75 66
0x00007fff8b7c74cd:   49 bb f8 ff ff ff ff 7f 00 00 4c 23 1f 49 89 f2
0x00007fff8b7c74dd:   45 23 53 18 49 c1 e2 04 4d 03 53 10 49 3b 32 75
0x00007fff8b7c74ed:   04 41 ff 62 08 49 83 3a 01 76 0d 49 83 c2 10 49 

Register to memory mapping:

RAX=0x00007fb3e524d380 is an unknown value
RBX=0x0000000121cc8450: Java_jogamp_nativewindow_macosx_OSXUtil_GetScreenRefreshRate0+0x1cf0 in /private/var/folders/df/q331szgs0rs63dmvvv6sk8180000gn/T/jogamp_0000/file_cache/jln7400097389307235247/jln8959717715014349828/libnativewindow_macosx.jnilib at 0x0000000121cc1000
RCX=0x0000000121cef240 is an unknown value
RDX=0x0000000121ceffc0 is an unknown value
RSP=0x00007fff553b9308 is pointing into the stack for thread: 0x00007fb3e18ec800
RBP=0x00007fff553b93c0 is pointing into the stack for thread: 0x00007fb3e18ec800
RSI=0x00007fff85a09cbe is an unknown value
RDI=0x00007fb3e524e340 is an unknown value
R8 =0x0000000000000000 is an unknown value
R9 =0x00000000000008b0 is an unknown value
R10=0x00007fff85a09cbe is an unknown value
R11=0x0000000000000000 is an unknown value
R12=0x0000000000000000 is an unknown value
R13={method} {0x0000000179c1ac40} 'UnsetJAWTRootSurfaceLayer0' '(JJ)V' in 'jogamp/nativewindow/jawt/macosx/MacOSXJAWTWindow'
R14=0x0000000121cc8440: Java_jogamp_nativewindow_macosx_OSXUtil_GetScreenRefreshRate0+0x1ce0 in /private/var/folders/df/q331szgs0rs63dmvvv6sk8180000gn/T/jogamp_0000/file_cache/jln7400097389307235247/jln8959717715014349828/libnativewindow_macosx.jnilib at 0x0000000121cc1000
R15=0x00007fb3e18ec800 is a thread


Stack: [0x00007fff54bbe000,0x00007fff553be000],  sp=0x00007fff553b9308,  free space=8172k
Native frames: (J=compiled Java code, j=interpreted, Vv=VM code, C=native code)
C  [libobjc.A.dylib+0x14dd]  objc_msgSend+0x1d
j  jogamp.nativewindow.jawt.macosx.MacOSXJAWTWindow.UnsetJAWTRootSurfaceLayer0(JJ)V+0
j  jogamp.nativewindow.jawt.macosx.MacOSXJAWTWindow.access$200(JJ)V+2
j  jogamp.nativewindow.jawt.macosx.MacOSXJAWTWindow$1.run()V+38
J 1245 C1 com.jogamp.common.util.RunnableTask.run()V (345 bytes) @ 0x000000010c837f94 [0x000000010c837e00+0x194]
v  ~StubRoutines::call_stub
V  [libjvm.dylib+0x2ecf06]
V  [libjvm.dylib+0x324111]
V  [libjvm.dylib+0x3168df]
C  [libnativewindow_macosx.jnilib+0x5326]  Java_jogamp_nativewindow_jawt_macosx_MacOSXJAWTWindow_UnsetJAWTRootSurfaceLayer0+0x2b6
C  [Foundation+0x76fde]  __NSThreadPerformPerform+0x117
C  [CoreFoundation+0xaa881]  __CFRUNLOOP_IS_CALLING_OUT_TO_A_SOURCE0_PERFORM_FUNCTION__+0x11
C  [CoreFoundation+0x89fbc]  __CFRunLoopDoSources0+0x22c
C  [CoreFoundation+0x894df]  __CFRunLoopRun+0x39f
C  [CoreFoundation+0x88ed8]  CFRunLoopRunSpecific+0x128
C  [HIToolbox+0x30935]  RunCurrentEventLoopInMode+0xeb
C  [HIToolbox+0x30677]  ReceiveNextEventCommon+0xb8
C  [HIToolbox+0x305af]  _BlockUntilNextEventMatchingListInModeWithFilter+0x47
C  [AppKit+0x48df6]  _DPSNextEvent+0x42b
C  [AppKit+0x48226]  -[NSApplication _nextEventMatchingEventMask:untilDate:inMode:dequeue:]+0x1c6
C  [libosxapp.dylib+0x23aa]  -[NSApplicationAWT nextEventMatchingMask:untilDate:inMode:dequeue:]+0x7c
C  [AppKit+0x3cd80]  -[NSApplication run]+0x2aa
C  [libosxapp.dylib+0x214d]  +[NSApplicationAWT runAWTLoopWithApp:]+0x9c
C  [libawt_lwawt.dylib+0x444b3]  -[AWTStarter starter:]+0x389
C  [Foundation+0x76fde]  __NSThreadPerformPerform+0x117
C  [CoreFoundation+0xaa881]  __CFRUNLOOP_IS_CALLING_OUT_TO_A_SOURCE0_PERFORM_FUNCTION__+0x11
C  [CoreFoundation+0x89fbc]  __CFRunLoopDoSources0+0x22c
C  [CoreFoundation+0x894df]  __CFRunLoopRun+0x39f
C  [CoreFoundation+0x88ed8]  CFRunLoopRunSpecific+0x128
C  [java+0x6465]  CreateExecutionEnvironment+0x367
C  [java+0x218c]  JLI_Launch+0x7a0
C  [java+0x84c2]  main+0x65
C  [java+0x19e4]  start+0x34
C  0x0000000000000007

Java frames: (J=compiled Java code, j=interpreted, Vv=VM code)
j  jogamp.nativewindow.jawt.macosx.MacOSXJAWTWindow.UnsetJAWTRootSurfaceLayer0(JJ)V+0
j  jogamp.nativewindow.jawt.macosx.MacOSXJAWTWindow.access$200(JJ)V+2
j  jogamp.nativewindow.jawt.macosx.MacOSXJAWTWindow$1.run()V+38
J 1245 C1 com.jogamp.common.util.RunnableTask.run()V (345 bytes) @ 0x000000010c837f94 [0x000000010c837e00+0x194]
v  ~StubRoutines::call_stub

---------------  P R O C E S S  ---------------

Java Threads: ( => current thread )
  0x00007fb3e627d000 JavaThread "Thread-49" [_thread_blocked, id=65115, stack(0x000070000104a000,0x000070000114a000)]
  0x00007fb3e1150800 JavaThread "AWT-EventQueue-1" [_thread_in_native, id=58927, stack(0x0000700001868000,0x0000700001968000)]
  0x00007fb3e297c800 JavaThread "DestroyJavaVM" [_thread_blocked, id=5891, stack(0x000070000011a000,0x000070000021a000)]
  0x00007fb3e20f4800 JavaThread "AWT-EventQueue-0" [_thread_blocked, id=56323, stack(0x0000700001662000,0x0000700001762000)]
  0x00007fb3e11a7800 JavaThread "Java2D Disposer" daemon [_thread_blocked, id=52995, stack(0x00007000013d9000,0x00007000014d9000)]
  0x00007fb3e1972800 JavaThread "Java2D Queue Flusher" daemon [_thread_blocked, id=49927, stack(0x00007000012d6000,0x00007000013d6000)]
  0x00007fb3e18fc000 JavaThread "AWT-Shutdown" [_thread_blocked, id=27959, stack(0x0000700001150000,0x0000700001250000)]
=>0x00007fb3e18ec800 JavaThread "AWT-AppKit" daemon [_thread_in_native, id=2571, stack(0x00007fff54bbe000,0x00007fff553be000)]
  0x00007fb3e2812800 JavaThread "Service Thread" daemon [_thread_blocked, id=18691, stack(0x0000700000e44000,0x0000700000f44000)]
  0x00007fb3e1021000 JavaThread "C1 CompilerThread2" daemon [_thread_blocked, id=18179, stack(0x0000700000d41000,0x0000700000e41000)]
  0x00007fb3e1836800 JavaThread "C2 CompilerThread1" daemon [_thread_in_native, id=17667, stack(0x0000700000c3e000,0x0000700000d3e000)]
  0x00007fb3e1837800 JavaThread "C2 CompilerThread0" daemon [_thread_blocked, id=17155, stack(0x0000700000b3b000,0x0000700000c3b000)]
  0x00007fb3e200f000 JavaThread "Signal Dispatcher" daemon [_thread_blocked, id=12815, stack(0x0000700000a38000,0x0000700000b38000)]
  0x00007fb3e101e800 JavaThread "Finalizer" daemon [_thread_blocked, id=12291, stack(0x000070000082f000,0x000070000092f000)]
  0x00007fb3e280b800 JavaThread "Reference Handler" daemon [_thread_blocked, id=11779, stack(0x000070000072c000,0x000070000082c000)]

Other Threads:
  0x00007fb3e280a800 VMThread [stack: 0x0000700000629000,0x0000700000729000] [id=11267]
  0x00007fb3e2813800 WatcherThread [stack: 0x0000700000f47000,0x0000700001047000] [id=19203]

VM state:not at safepoint (normal execution)

VM Mutex/Monitor currently owned by a thread: None

Heap:
 PSYoungGen      total 97280K, used 10239K [0x00000007aab00000, 0x00000007b1a80000, 0x00000007c0000000)
  eden space 85504K, 4% used [0x00000007aab00000,0x00000007aae87da8,0x00000007afe80000)
  from space 11776K, 56% used [0x00000007b0f00000,0x00000007b1578190,0x00000007b1a80000)
  to   space 14336K, 0% used [0x00000007afe80000,0x00000007afe80000,0x00000007b0c80000)
 ParOldGen       total 31744K, used 21732K [0x0000000780000000, 0x0000000781f00000, 0x00000007aab00000)
  object space 31744K, 68% used [0x0000000780000000,0x00000007815393d8,0x0000000781f00000)
 Metaspace       used 24457K, capacity 24715K, committed 25088K, reserved 1071104K
  class space    used 2407K, capacity 2518K, committed 2560K, reserved 1048576K

Card table byte_map: [0x000000011b75d000,0x000000011b95e000] byte_map_base: 0x0000000117b5d000

Marking Bits: (ParMarkBitMap*) 0x000000010bcedd20
 Begin Bits: [0x000000011bab4000, 0x000000011cab4000)
 End Bits:   [0x000000011cab4000, 0x000000011dab4000)

Polling page: 0x000000010ab05000

CodeCache: size=245760Kb used=9992Kb max_used=9992Kb free=235767Kb
 bounds [0x000000010c39d000, 0x000000010cd9d000, 0x000000011b39d000]
 total_blobs=3849 nmethods=2924 adapters=838
 compilation: enabled

Compilation events (10 events):
Event: 27.244 Thread 0x00007fb3e1021000 nmethod 3445 0x000000010c7407d0 code [0x000000010c740a40, 0x000000010c741988]
Event: 27.583 Thread 0x00007fb3e1836800 nmethod 3434 0x000000010cd74250 code [0x000000010cd74ce0, 0x000000010cd7bb60]
Event: 27.589 Thread 0x00007fb3e1837800 3447       4       java.util.Vector::remove (6 bytes)
Event: 27.597 Thread 0x00007fb3e1837800 nmethod 3447 0x000000010c585090 code [0x000000010c585200, 0x000000010c5856f8]
Event: 27.789 Thread 0x00007fb3e1021000 3448       3       java.awt.Component::dispatchEventImpl (883 bytes)
Event: 27.801 Thread 0x00007fb3e1021000 nmethod 3448 0x000000010cd86e50 code [0x000000010cd87860, 0x000000010cd8ff48]
Event: 27.801 Thread 0x00007fb3e1021000 3449   !   3       sun.lwawt.LWComponentPeer::isShowing (49 bytes)
Event: 27.802 Thread 0x00007fb3e1021000 nmethod 3449 0x000000010cb92550 code [0x000000010cb92700, 0x000000010cb93008]
Event: 27.820 Thread 0x00007fb3e1021000 3450       3       java.awt.KeyboardFocusManager::checkKFMSecurity (11 bytes)
Event: 27.821 Thread 0x00007fb3e1021000 nmethod 3450 0x000000010cb91890 code [0x000000010cb91a80, 0x000000010cb921b8]

GC Heap History (10 events):
Event: 8.318 GC heap before
{Heap before GC invocations=7 (full 1):
 PSYoungGen      total 18944K, used 16384K [0x00000007aab00000, 0x00000007adc00000, 0x00000007c0000000)
  eden space 16384K, 100% used [0x00000007aab00000,0x00000007abb00000,0x00000007abb00000)
  from space 2560K, 0% used [0x00000007abb00000,0x00000007abb00000,0x00000007abd80000)
  to   space 8704K, 0% used [0x00000007ad380000,0x00000007ad380000,0x00000007adc00000)
 ParOldGen       total 31744K, used 8456K [0x0000000780000000, 0x0000000781f00000, 0x00000007aab00000)
  object space 31744K, 26% used [0x0000000780000000,0x00000007808423a8,0x0000000781f00000)
 Metaspace       used 23155K, capacity 23379K, committed 23680K, reserved 1071104K
  class space    used 2341K, capacity 2418K, committed 2432K, reserved 1048576K
Event: 8.324 GC heap after
Heap after GC invocations=7 (full 1):
 PSYoungGen      total 39936K, used 8682K [0x00000007aab00000, 0x00000007ade00000, 0x00000007c0000000)
  eden space 31232K, 0% used [0x00000007aab00000,0x00000007aab00000,0x00000007ac980000)
  from space 8704K, 99% used [0x00000007ad380000,0x00000007adbfa8d0,0x00000007adc00000)
  to   space 10240K, 0% used [0x00000007ac980000,0x00000007ac980000,0x00000007ad380000)
 ParOldGen       total 31744K, used 8544K [0x0000000780000000, 0x0000000781f00000, 0x00000007aab00000)
  object space 31744K, 26% used [0x0000000780000000,0x00000007808583b8,0x0000000781f00000)
 Metaspace       used 23155K, capacity 23379K, committed 23680K, reserved 1071104K
  class space    used 2341K, capacity 2418K, committed 2432K, reserved 1048576K
}
Event: 11.213 GC heap before
{Heap before GC invocations=8 (full 1):
 PSYoungGen      total 39936K, used 39914K [0x00000007aab00000, 0x00000007ade00000, 0x00000007c0000000)
  eden space 31232K, 100% used [0x00000007aab00000,0x00000007ac980000,0x00000007ac980000)
  from space 8704K, 99% used [0x00000007ad380000,0x00000007adbfa8d0,0x00000007adc00000)
  to   space 10240K, 0% used [0x00000007ac980000,0x00000007ac980000,0x00000007ad380000)
 ParOldGen       total 31744K, used 8544K [0x0000000780000000, 0x0000000781f00000, 0x00000007aab00000)
  object space 31744K, 26% used [0x0000000780000000,0x00000007808583b8,0x0000000781f00000)
 Metaspace       used 23840K, capacity 24095K, committed 24320K, reserved 1071104K
  class space    used 2383K, capacity 2484K, committed 2560K, reserved 1048576K
Event: 11.219 GC heap after
Heap after GC invocations=8 (full 1):
 PSYoungGen      total 41472K, used 9741K [0x00000007aab00000, 0x00000007afc00000, 0x00000007c0000000)
  eden space 31232K, 0% used [0x00000007aab00000,0x00000007aab00000,0x00000007ac980000)
  from space 10240K, 95% used [0x00000007ac980000,0x00000007ad3035e0,0x00000007ad380000)
  to   space 11776K, 0% used [0x00000007af080000,0x00000007af080000,0x00000007afc00000)
 ParOldGen       total 31744K, used 11013K [0x0000000780000000, 0x0000000781f00000, 0x00000007aab00000)
  object space 31744K, 34% used [0x0000000780000000,0x0000000780ac1788,0x0000000781f00000)
 Metaspace       used 23840K, capacity 24095K, committed 24320K, reserved 1071104K
  class space    used 2383K, capacity 2484K, committed 2560K, reserved 1048576K
}
Event: 15.086 GC heap before
{Heap before GC invocations=9 (full 1):
 PSYoungGen      total 41472K, used 40814K [0x00000007aab00000, 0x00000007afc00000, 0x00000007c0000000)
  eden space 31232K, 99% used [0x00000007aab00000,0x00000007ac9585a0,0x00000007ac980000)
  from space 10240K, 95% used [0x00000007ac980000,0x00000007ad3035e0,0x00000007ad380000)
  to   space 11776K, 0% used [0x00000007af080000,0x00000007af080000,0x00000007afc00000)
 ParOldGen       total 31744K, used 11013K [0x0000000780000000, 0x0000000781f00000, 0x00000007aab00000)
  object space 31744K, 34% used [0x0000000780000000,0x0000000780ac1788,0x0000000781f00000)
 Metaspace       used 24072K, capacity 24351K, committed 24576K, reserved 1071104K
  class space    used 2384K, capacity 2484K, committed 2560K, reserved 1048576K
Event: 15.100 GC heap after
Heap after GC invocations=9 (full 1):
 PSYoungGen      total 69120K, used 11693K [0x00000007aab00000, 0x00000007aff80000, 0x00000007c0000000)
  eden space 57344K, 0% used [0x00000007aab00000,0x00000007aab00000,0x00000007ae300000)
  from space 11776K, 99% used [0x00000007af080000,0x00000007afbeb640,0x00000007afc00000)
  to   space 13824K, 0% used [0x00000007ae300000,0x00000007ae300000,0x00000007af080000)
 ParOldGen       total 31744K, used 11277K [0x0000000780000000, 0x0000000781f00000, 0x00000007aab00000)
  object space 31744K, 35% used [0x0000000780000000,0x0000000780b03798,0x0000000781f00000)
 Metaspace       used 24072K, capacity 24351K, committed 24576K, reserved 1071104K
  class space    used 2384K, capacity 2484K, committed 2560K, reserved 1048576K
}
Event: 18.777 GC heap before
{Heap before GC invocations=10 (full 1):
 PSYoungGen      total 69120K, used 69037K [0x00000007aab00000, 0x00000007aff80000, 0x00000007c0000000)
  eden space 57344K, 100% used [0x00000007aab00000,0x00000007ae300000,0x00000007ae300000)
  from space 11776K, 99% used [0x00000007af080000,0x00000007afbeb640,0x00000007afc00000)
  to   space 13824K, 0% used [0x00000007ae300000,0x00000007ae300000,0x00000007af080000)
 ParOldGen       total 31744K, used 11277K [0x0000000780000000, 0x0000000781f00000, 0x00000007aab00000)
  object space 31744K, 35% used [0x0000000780000000,0x0000000780b03798,0x0000000781f00000)
 Metaspace       used 24298K, capacity 24543K, committed 24832K, reserved 1071104K
  class space    used 2398K, capacity 2484K, committed 2560K, reserved 1048576K
Event: 18.787 GC heap after
Heap after GC invocations=10 (full 1):
 PSYoungGen      total 71168K, used 12336K [0x00000007aab00000, 0x00000007b1e00000, 0x00000007c0000000)
  eden space 57344K, 0% used [0x00000007aab00000,0x00000007aab00000,0x00000007ae300000)
  from space 13824K, 89% used [0x00000007ae300000,0x00000007aef0c310,0x00000007af080000)
  to   space 15360K, 0% used [0x00000007b0f00000,0x00000007b0f00000,0x00000007b1e00000)
 ParOldGen       total 31744K, used 16119K [0x0000000780000000, 0x0000000781f00000, 0x00000007aab00000)
  object space 31744K, 50% used [0x0000000780000000,0x0000000780fbde28,0x0000000781f00000)
 Metaspace       used 24298K, capacity 24543K, committed 24832K, reserved 1071104K
  class space    used 2398K, capacity 2484K, committed 2560K, reserved 1048576K
}
Event: 27.721 GC heap before
{Heap before GC invocations=11 (full 1):
 PSYoungGen      total 71168K, used 69680K [0x00000007aab00000, 0x00000007b1e00000, 0x00000007c0000000)
  eden space 57344K, 100% used [0x00000007aab00000,0x00000007ae300000,0x00000007ae300000)
  from space 13824K, 89% used [0x00000007ae300000,0x00000007aef0c310,0x00000007af080000)
  to   space 15360K, 0% used [0x00000007b0f00000,0x00000007b0f00000,0x00000007b1e00000)
 ParOldGen       total 31744K, used 16119K [0x0000000780000000, 0x0000000781f00000, 0x00000007aab00000)
  object space 31744K, 50% used [0x0000000780000000,0x0000000780fbde28,0x0000000781f00000)
 Metaspace       used 24402K, capacity 24683K, committed 25088K, reserved 1071104K
  class space    used 2399K, capacity 2486K, committed 2560K, reserved 1048576K
Event: 27.727 GC heap after
Heap after GC invocations=11 (full 1):
 PSYoungGen      total 97280K, used 6624K [0x00000007aab00000, 0x00000007b1a80000, 0x00000007c0000000)
  eden space 85504K, 0% used [0x00000007aab00000,0x00000007aab00000,0x00000007afe80000)
  from space 11776K, 56% used [0x00000007b0f00000,0x00000007b1578190,0x00000007b1a80000)
  to   space 14336K, 0% used [0x00000007afe80000,0x00000007afe80000,0x00000007b0c80000)
 ParOldGen       total 31744K, used 21732K [0x0000000780000000, 0x0000000781f00000, 0x00000007aab00000)
  object space 31744K, 68% used [0x0000000780000000,0x00000007815393d8,0x0000000781f00000)
 Metaspace       used 24402K, capacity 24683K, committed 25088K, reserved 1071104K
  class space    used 2399K, capacity 2486K, committed 2560K, reserved 1048576K
}

Deoptimization events (10 events):
Event: 15.001 Thread 0x00007fb3e1150800 Uncommon trap: reason=unstable_if action=reinterpret pc=0x000000010cb71304 method=de.fhpotsdam.unfolding.core.Coordinate.equals(Ljava/lang/Object;)Z @ 38
Event: 15.036 Thread 0x00007fb3e1150800 Uncommon trap: reason=null_check action=make_not_entrant pc=0x000000010ccdfe0c method=processing.opengl.PGraphicsOpenGL.initCache(Lprocessing/core/PImage;)Ljava/lang/Object; @ 14
Event: 17.392 Thread 0x00007fb3e18ec800 Uncommon trap: reason=class_check action=maybe_recompile pc=0x000000010c81aec0 method=java.util.HashMap.putVal(ILjava/lang/Object;Ljava/lang/Object;ZZ)Ljava/lang/Object; @ 91
Event: 17.392 Thread 0x00007fb3e18ec800 Uncommon trap: reason=class_check action=maybe_recompile pc=0x000000010c81aec0 method=java.util.HashMap.putVal(ILjava/lang/Object;Ljava/lang/Object;ZZ)Ljava/lang/Object; @ 91
Event: 27.788 Thread 0x00007fb3e1150800 Uncommon trap: reason=unstable_if action=reinterpret pc=0x000000010cbab568 method=com.jogamp.common.util.VersionNumber.compareTo(Lcom/jogamp/common/util/VersionNumber;)I @ 21
Event: 27.790 Thread 0x00007fb3e20f4800 Uncommon trap: reason=unstable_if action=reinterpret pc=0x000000010cbe1b8c method=java.awt.Font.equals(Ljava/lang/Object;)Z @ 2
Event: 27.819 Thread 0x00007fb3e1974800 Uncommon trap: reason=class_check action=maybe_recompile pc=0x000000010c831734 method=java.util.HashMap.putVal(ILjava/lang/Object;Ljava/lang/Object;ZZ)Ljava/lang/Object; @ 91
Event: 27.819 Thread 0x00007fb3e1974800 Uncommon trap: reason=class_check action=maybe_recompile pc=0x000000010c831734 method=java.util.HashMap.putVal(ILjava/lang/Object;Ljava/lang/Object;ZZ)Ljava/lang/Object; @ 91
Event: 27.819 Thread 0x00007fb3e1974800 Uncommon trap: reason=class_check action=maybe_recompile pc=0x000000010c81aec0 method=java.util.HashMap.putVal(ILjava/lang/Object;Ljava/lang/Object;ZZ)Ljava/lang/Object; @ 91
Event: 27.833 Thread 0x00007fb3e1150800 Uncommon trap: reason=unstable_if action=reinterpret pc=0x000000010ca682c4 method=java.security.AccessControlContext.optimize()Ljava/security/AccessControlContext; @ 233

Internal exceptions (10 events):
Event: 0.227 Thread 0x00007fb3e1808000 Exception <a 'java/lang/NoSuchFieldError': method resolution failed> (0x00000007aacb1c98) thrown at [/HUDSON3/workspace/8-2-build-macosx-x86_64/jdk8u101/7261/hotspot/src/share/vm/prims/methodHandles.cpp, line 1146]
Event: 0.230 Thread 0x00007fb3e1808000 Exception <a 'java/lang/NoSuchFieldError': method resolution failed> (0x00000007aacbf468) thrown at [/HUDSON3/workspace/8-2-build-macosx-x86_64/jdk8u101/7261/hotspot/src/share/vm/prims/methodHandles.cpp, line 1146]
Event: 0.406 Thread 0x00007fb3e1808000 Exception <a 'java/io/FileNotFoundException'> (0x00000007aad3add8) thrown at [/HUDSON3/workspace/8-2-build-macosx-x86_64/jdk8u101/7261/hotspot/src/share/vm/prims/jni.cpp, line 709]
Event: 0.406 Thread 0x00007fb3e1808000 Exception <a 'java/io/FileNotFoundException'> (0x00000007aad3b938) thrown at [/HUDSON3/workspace/8-2-build-macosx-x86_64/jdk8u101/7261/hotspot/src/share/vm/prims/jni.cpp, line 709]
Event: 0.526 Thread 0x00007fb3e1808000 Exception <a 'java/io/FileNotFoundException'> (0x00000007aae22c10) thrown at [/HUDSON3/workspace/8-2-build-macosx-x86_64/jdk8u101/7261/hotspot/src/share/vm/prims/jni.cpp, line 709]
Event: 2.205 Thread 0x00007fb3e101e800 Exception <a 'java/lang/NullPointerException'> (0x00000007aab84438) thrown at [/HUDSON3/workspace/8-2-build-macosx-x86_64/jdk8u101/7261/hotspot/src/share/vm/interpreter/linkResolver.cpp, line 1178]
Event: 2.316 Thread 0x00007fb3e1150000 Exception <a 'java/lang/UnsatisfiedLinkError': com.jogamp.common.util.JarUtil.fixNativeLibAttribs(Ljava/lang/String;)Z> (0x00000007aaece1c0) thrown at [/HUDSON3/workspace/8-2-build-macosx-x86_64/jdk8u101/7261/hotspot/src/share/vm/prims/nativeLookup.cpp, l
Event: 3.620 Thread 0x00007fb3e1150800 Exception <a 'java/io/FileNotFoundException'> (0x00000007ab15d890) thrown at [/HUDSON3/workspace/8-2-build-macosx-x86_64/jdk8u101/7261/hotspot/src/share/vm/prims/jni.cpp, line 709]
Event: 3.621 Thread 0x00007fb3e1150800 Exception <a 'java/io/FileNotFoundException'> (0x00000007ab163d68) thrown at [/HUDSON3/workspace/8-2-build-macosx-x86_64/jdk8u101/7261/hotspot/src/share/vm/prims/jni.cpp, line 709]
Event: 3.621 Thread 0x00007fb3e1150800 Implicit null exception at 0x000000010c53b9b5 to 0x000000010c53bd2d

Events (10 events):
Event: 27.832 loading class jogamp/nativewindow/jawt/macosx/MacOSXJAWTWindow$1 done
Event: 27.833 Thread 0x00007fb3e1150800 Uncommon trap: trap_request=0xffffff65 fr.pc=0x000000010ca682c4
Event: 27.833 Thread 0x00007fb3e1150800 DEOPT PACKING pc=0x000000010ca682c4 sp=0x0000700001965890
Event: 27.833 Thread 0x00007fb3e1150800 DEOPT UNPACKING pc=0x000000010c3a2229 sp=0x0000700001965880 mode 2
Event: 27.833 loading class java/awt/LightweightDispatcher$2
Event: 27.834 loading class java/awt/LightweightDispatcher$2 done
Event: 27.834 loading class java/awt/event/AWTEventListenerProxy
Event: 27.834 loading class java/awt/event/AWTEventListenerProxy done
Event: 27.834 loading class java/awt/Toolkit$ToolkitEventMulticaster
Event: 27.834 loading class java/awt/Toolkit$ToolkitEventMulticaster done


Dynamic libraries:
0x0000000005485000 	/System/Library/Frameworks/Cocoa.framework/Versions/A/Cocoa
0x0000000005485000 	/System/Library/Frameworks/Security.framework/Versions/A/Security
0x0000000005485000 	/System/Library/Frameworks/ApplicationServices.framework/Versions/A/ApplicationServices
0x0000000005485000 	/usr/lib/libz.1.dylib
0x0000000005485000 	/usr/lib/libSystem.B.dylib
0x0000000005485000 	/usr/lib/libobjc.A.dylib
0x0000000005485000 	/System/Library/Frameworks/CoreFoundation.framework/Versions/A/CoreFoundation
0x0000000005485000 	/System/Library/Frameworks/Foundation.framework/Versions/C/Foundation
0x0000000005485000 	/System/Library/Frameworks/AppKit.framework/Versions/C/AppKit
0x0000000005485000 	/System/Library/Frameworks/CoreData.framework/Versions/A/CoreData
0x0000000005485000 	/System/Library/PrivateFrameworks/RemoteViewServices.framework/Versions/A/RemoteViewServices
0x0000000005485000 	/System/Library/PrivateFrameworks/UIFoundation.framework/Versions/A/UIFoundation
0x0000000005485000 	/usr/lib/libScreenReader.dylib
0x0000000005485000 	/System/Library/Frameworks/Accelerate.framework/Versions/A/Accelerate
0x0000000005485000 	/System/Library/Frameworks/IOSurface.framework/Versions/A/IOSurface
0x0000000005485000 	/System/Library/Frameworks/AudioToolbox.framework/Versions/A/AudioToolbox
0x0000000005485000 	/System/Library/Frameworks/AudioUnit.framework/Versions/A/AudioUnit
0x0000000005485000 	/System/Library/PrivateFrameworks/DataDetectorsCore.framework/Versions/A/DataDetectorsCore
0x0000000005485000 	/System/Library/PrivateFrameworks/DesktopServicesPriv.framework/Versions/A/DesktopServicesPriv
0x0000000005485000 	/System/Library/Frameworks/Carbon.framework/Versions/A/Frameworks/HIToolbox.framework/Versions/A/HIToolbox
0x0000000005485000 	/System/Library/Frameworks/QuartzCore.framework/Versions/A/QuartzCore
0x0000000005485000 	/System/Library/Frameworks/Carbon.framework/Versions/A/Frameworks/SpeechRecognition.framework/Versions/A/SpeechRecognition
0x0000000005485000 	/usr/lib/libauto.dylib
0x0000000005485000 	/usr/lib/libicucore.A.dylib
0x0000000005485000 	/usr/lib/libxml2.2.dylib
0x0000000005485000 	/System/Library/PrivateFrameworks/CoreUI.framework/Versions/A/CoreUI
0x0000000005485000 	/System/Library/Frameworks/CoreAudio.framework/Versions/A/CoreAudio
0x0000000005485000 	/System/Library/Frameworks/DiskArbitration.framework/Versions/A/DiskArbitration
0x0000000005485000 	/usr/lib/liblangid.dylib
0x0000000005485000 	/System/Library/PrivateFrameworks/MultitouchSupport.framework/Versions/A/MultitouchSupport
0x0000000005485000 	/System/Library/Frameworks/IOKit.framework/Versions/A/IOKit
0x0000000005485000 	/usr/lib/libDiagnosticMessagesClient.dylib
0x0000000005485000 	/System/Library/Frameworks/CoreServices.framework/Versions/A/CoreServices
0x0000000005485000 	/System/Library/PrivateFrameworks/PerformanceAnalysis.framework/Versions/A/PerformanceAnalysis
0x0000000005485000 	/System/Library/PrivateFrameworks/GenerationalStorage.framework/Versions/A/GenerationalStorage
0x0000000005485000 	/System/Library/Frameworks/OpenGL.framework/Versions/A/OpenGL
0x0000000005485000 	/System/Library/PrivateFrameworks/Sharing.framework/Versions/A/Sharing
0x0000000005485000 	/System/Library/Frameworks/CoreGraphics.framework/Versions/A/CoreGraphics
0x0000000005485000 	/System/Library/Frameworks/CoreImage.framework/Versions/A/CoreImage
0x0000000005485000 	/System/Library/Frameworks/CoreText.framework/Versions/A/CoreText
0x0000000005485000 	/System/Library/Frameworks/ImageIO.framework/Versions/A/ImageIO
0x0000000005485000 	/System/Library/PrivateFrameworks/Backup.framework/Versions/A/Backup
0x0000000005485000 	/usr/lib/libextension.dylib
0x0000000005485000 	/usr/lib/libarchive.2.dylib
0x0000000005485000 	/System/Library/Frameworks/CFNetwork.framework/Versions/A/CFNetwork
0x0000000005485000 	/System/Library/Frameworks/SystemConfiguration.framework/Versions/A/SystemConfiguration
0x0000000005485000 	/usr/lib/libCRFSuite.dylib
0x0000000005485000 	/usr/lib/libc++.1.dylib
0x0000000005485000 	/usr/lib/libc++abi.dylib
0x0000000005485000 	/usr/lib/system/libcache.dylib
0x0000000005485000 	/usr/lib/system/libcommonCrypto.dylib
0x0000000005485000 	/usr/lib/system/libcompiler_rt.dylib
0x0000000005485000 	/usr/lib/system/libcopyfile.dylib
0x0000000005485000 	/usr/lib/system/libcorecrypto.dylib
0x0000000005485000 	/usr/lib/system/libdispatch.dylib
0x0000000005485000 	/usr/lib/system/libdyld.dylib
0x0000000005485000 	/usr/lib/system/libkeymgr.dylib
0x0000000005485000 	/usr/lib/system/liblaunch.dylib
0x0000000005485000 	/usr/lib/system/libmacho.dylib
0x0000000005485000 	/usr/lib/system/libquarantine.dylib
0x0000000005485000 	/usr/lib/system/libremovefile.dylib
0x0000000005485000 	/usr/lib/system/libsystem_asl.dylib
0x0000000005485000 	/usr/lib/system/libsystem_blocks.dylib
0x0000000005485000 	/usr/lib/system/libsystem_c.dylib
0x0000000005485000 	/usr/lib/system/libsystem_configuration.dylib
0x0000000005485000 	/usr/lib/system/libsystem_coreservices.dylib
0x0000000005485000 	/usr/lib/system/libsystem_coretls.dylib
0x0000000005485000 	/usr/lib/system/libsystem_dnssd.dylib
0x0000000005485000 	/usr/lib/system/libsystem_info.dylib
0x0000000005485000 	/usr/lib/system/libsystem_kernel.dylib
0x0000000005485000 	/usr/lib/system/libsystem_m.dylib
0x0000000005485000 	/usr/lib/system/libsystem_malloc.dylib
0x0000000005485000 	/usr/lib/system/libsystem_network.dylib
0x0000000005485000 	/usr/lib/system/libsystem_networkextension.dylib
0x0000000005485000 	/usr/lib/system/libsystem_notify.dylib
0x0000000005485000 	/usr/lib/system/libsystem_platform.dylib
0x0000000005485000 	/usr/lib/system/libsystem_pthread.dylib
0x0000000005485000 	/usr/lib/system/libsystem_sandbox.dylib
0x0000000005485000 	/usr/lib/system/libsystem_secinit.dylib
0x0000000005485000 	/usr/lib/system/libsystem_trace.dylib
0x0000000005485000 	/usr/lib/system/libunc.dylib
0x0000000005485000 	/usr/lib/system/libunwind.dylib
0x0000000005485000 	/usr/lib/system/libxpc.dylib
0x0000000005485000 	/usr/lib/libenergytrace.dylib
0x0000000005485000 	/usr/lib/libbsm.0.dylib
0x0000000005485000 	/usr/lib/system/libkxld.dylib
0x0000000005485000 	/usr/lib/libxar.1.dylib
0x0000000005485000 	/usr/lib/libsqlite3.dylib
0x0000000005485000 	/usr/lib/libpam.2.dylib
0x0000000005485000 	/usr/lib/libOpenScriptingUtil.dylib
0x0000000005485000 	/usr/lib/libbz2.1.0.dylib
0x0000000005485000 	/usr/lib/liblzma.5.dylib
0x0000000005485000 	/System/Library/Frameworks/CoreServices.framework/Versions/A/Frameworks/FSEvents.framework/Versions/A/FSEvents
0x0000000005485000 	/System/Library/Frameworks/CoreServices.framework/Versions/A/Frameworks/CarbonCore.framework/Versions/A/CarbonCore
0x0000000005485000 	/System/Library/Frameworks/CoreServices.framework/Versions/A/Frameworks/Metadata.framework/Versions/A/Metadata
0x0000000005485000 	/System/Library/Frameworks/CoreServices.framework/Versions/A/Frameworks/OSServices.framework/Versions/A/OSServices
0x0000000005485000 	/System/Library/Frameworks/CoreServices.framework/Versions/A/Frameworks/SearchKit.framework/Versions/A/SearchKit
0x0000000005485000 	/System/Library/Frameworks/CoreServices.framework/Versions/A/Frameworks/AE.framework/Versions/A/AE
0x0000000005485000 	/System/Library/Frameworks/CoreServices.framework/Versions/A/Frameworks/LaunchServices.framework/Versions/A/LaunchServices
0x0000000005485000 	/System/Library/Frameworks/CoreServices.framework/Versions/A/Frameworks/DictionaryServices.framework/Versions/A/DictionaryServices
0x0000000005485000 	/System/Library/Frameworks/CoreServices.framework/Versions/A/Frameworks/SharedFileList.framework/Versions/A/SharedFileList
0x0000000005485000 	/System/Library/Frameworks/NetFS.framework/Versions/A/NetFS
0x0000000005485000 	/System/Library/PrivateFrameworks/NetAuth.framework/Versions/A/NetAuth
0x0000000005485000 	/System/Library/PrivateFrameworks/login.framework/Versions/A/Frameworks/loginsupport.framework/Versions/A/loginsupport
0x0000000005485000 	/System/Library/PrivateFrameworks/TCC.framework/Versions/A/TCC
0x0000000005485000 	/usr/lib/libmecabra.dylib
0x0000000005485000 	/System/Library/Frameworks/ApplicationServices.framework/Versions/A/Frameworks/ATS.framework/Versions/A/ATS
0x0000000005485000 	/System/Library/Frameworks/ApplicationServices.framework/Versions/A/Frameworks/ColorSync.framework/Versions/A/ColorSync
0x0000000005485000 	/System/Library/Frameworks/ApplicationServices.framework/Versions/A/Frameworks/HIServices.framework/Versions/A/HIServices
0x0000000005485000 	/System/Library/Frameworks/ApplicationServices.framework/Versions/A/Frameworks/LangAnalysis.framework/Versions/A/LangAnalysis
0x0000000005485000 	/System/Library/Frameworks/ApplicationServices.framework/Versions/A/Frameworks/PrintCore.framework/Versions/A/PrintCore
0x0000000005485000 	/System/Library/Frameworks/ApplicationServices.framework/Versions/A/Frameworks/QD.framework/Versions/A/QD
0x0000000005485000 	/System/Library/Frameworks/ApplicationServices.framework/Versions/A/Frameworks/SpeechSynthesis.framework/Versions/A/SpeechSynthesis
0x0000000005485000 	/System/Library/Frameworks/Metal.framework/Versions/A/Metal
0x0000000005485000 	/System/Library/Frameworks/Accelerate.framework/Versions/A/Frameworks/vImage.framework/Versions/A/vImage
0x0000000005485000 	/System/Library/Frameworks/Accelerate.framework/Versions/A/Frameworks/vecLib.framework/Versions/A/vecLib
0x0000000005485000 	/System/Library/Frameworks/Accelerate.framework/Versions/A/Frameworks/vecLib.framework/Versions/A/libvDSP.dylib
0x0000000005485000 	/System/Library/Frameworks/Accelerate.framework/Versions/A/Frameworks/vecLib.framework/Versions/A/libvMisc.dylib
0x0000000005485000 	/System/Library/Frameworks/Accelerate.framework/Versions/A/Frameworks/vecLib.framework/Versions/A/libLAPACK.dylib
0x0000000005485000 	/System/Library/Frameworks/Accelerate.framework/Versions/A/Frameworks/vecLib.framework/Versions/A/libBLAS.dylib
0x0000000005485000 	/System/Library/Frameworks/Accelerate.framework/Versions/A/Frameworks/vecLib.framework/Versions/A/libLinearAlgebra.dylib
0x0000000005485000 	/System/Library/Frameworks/Accelerate.framework/Versions/A/Frameworks/vecLib.framework/Versions/A/libSparseBLAS.dylib
0x0000000005485000 	/System/Library/PrivateFrameworks/GPUCompiler.framework/libmetal_timestamp.dylib
0x0000000005485000 	/System/Library/Frameworks/OpenGL.framework/Versions/A/Libraries/libCoreFSCache.dylib
0x0000000005485000 	/System/Library/PrivateFrameworks/IOAccelerator.framework/Versions/A/IOAccelerator
0x0000000005485000 	/System/Library/Frameworks/ApplicationServices.framework/Versions/A/Frameworks/ATS.framework/Versions/A/Resources/libFontParser.dylib
0x0000000005485000 	/System/Library/Frameworks/ApplicationServices.framework/Versions/A/Frameworks/ATS.framework/Versions/A/Resources/libFontRegistry.dylib
0x0000000005485000 	/System/Library/PrivateFrameworks/AppleVPA.framework/Versions/A/AppleVPA
0x0000000005485000 	/System/Library/PrivateFrameworks/AppleJPEG.framework/Versions/A/AppleJPEG
0x0000000005485000 	/System/Library/Frameworks/ImageIO.framework/Versions/A/Resources/libJPEG.dylib
0x0000000005485000 	/System/Library/Frameworks/ImageIO.framework/Versions/A/Resources/libTIFF.dylib
0x0000000005485000 	/System/Library/Frameworks/ImageIO.framework/Versions/A/Resources/libPng.dylib
0x0000000005485000 	/System/Library/Frameworks/ImageIO.framework/Versions/A/Resources/libGIF.dylib
0x0000000005485000 	/System/Library/Frameworks/ImageIO.framework/Versions/A/Resources/libJP2.dylib
0x0000000005485000 	/System/Library/Frameworks/ImageIO.framework/Versions/A/Resources/libRadiance.dylib
0x0000000005485000 	/System/Library/Frameworks/CoreVideo.framework/Versions/A/CoreVideo
0x0000000005485000 	/System/Library/Frameworks/OpenGL.framework/Versions/A/Libraries/libGLU.dylib
0x0000000005485000 	/System/Library/Frameworks/OpenGL.framework/Versions/A/Libraries/libGFXShared.dylib
0x0000000005485000 	/System/Library/Frameworks/OpenGL.framework/Versions/A/Libraries/libGL.dylib
0x0000000005485000 	/System/Library/Frameworks/OpenGL.framework/Versions/A/Libraries/libGLImage.dylib
0x0000000005485000 	/System/Library/Frameworks/OpenGL.framework/Versions/A/Libraries/libCVMSPluginSupport.dylib
0x0000000005485000 	/System/Library/Frameworks/OpenGL.framework/Versions/A/Libraries/libCoreVMClient.dylib
0x0000000005485000 	/usr/lib/libcompression.dylib
0x0000000005485000 	/usr/lib/libcups.2.dylib
0x0000000005485000 	/System/Library/Frameworks/Kerberos.framework/Versions/A/Kerberos
0x0000000005485000 	/System/Library/Frameworks/GSS.framework/Versions/A/GSS
0x0000000005485000 	/usr/lib/libresolv.9.dylib
0x0000000005485000 	/usr/lib/libiconv.2.dylib
0x0000000005485000 	/System/Library/PrivateFrameworks/Heimdal.framework/Versions/A/Heimdal
0x0000000005485000 	/usr/lib/libheimdal-asn1.dylib
0x0000000005485000 	/System/Library/Frameworks/OpenDirectory.framework/Versions/A/OpenDirectory
0x0000000005485000 	/System/Library/PrivateFrameworks/CommonAuth.framework/Versions/A/CommonAuth
0x0000000005485000 	/System/Library/Frameworks/OpenDirectory.framework/Versions/A/Frameworks/CFOpenDirectory.framework/Versions/A/CFOpenDirectory
0x0000000005485000 	/System/Library/Frameworks/SecurityFoundation.framework/Versions/A/SecurityFoundation
0x0000000005485000 	/System/Library/PrivateFrameworks/LanguageModeling.framework/Versions/A/LanguageModeling
0x0000000005485000 	/usr/lib/libmarisa.dylib
0x0000000005485000 	/usr/lib/libChineseTokenizer.dylib
0x0000000005485000 	/usr/lib/libcmph.dylib
0x0000000005485000 	/System/Library/Frameworks/ServiceManagement.framework/Versions/A/ServiceManagement
0x0000000005485000 	/usr/lib/libxslt.1.dylib
0x0000000005485000 	/System/Library/Frameworks/Carbon.framework/Versions/A/Frameworks/Ink.framework/Versions/A/Ink
0x0000000005485000 	/usr/lib/libFosl_dynamic.dylib
0x0000000005485000 	/System/Library/PrivateFrameworks/FaceCore.framework/Versions/A/FaceCore
0x0000000005485000 	/System/Library/Frameworks/OpenCL.framework/Versions/A/OpenCL
0x0000000005485000 	/System/Library/PrivateFrameworks/CrashReporterSupport.framework/Versions/A/CrashReporterSupport
0x0000000005485000 	/System/Library/PrivateFrameworks/IconServices.framework/Versions/A/IconServices
0x0000000005485000 	/System/Library/PrivateFrameworks/Apple80211.framework/Versions/A/Apple80211
0x0000000005485000 	/System/Library/Frameworks/CoreWLAN.framework/Versions/A/CoreWLAN
0x0000000005485000 	/System/Library/Frameworks/IOBluetooth.framework/Versions/A/IOBluetooth
0x0000000005485000 	/System/Library/PrivateFrameworks/CoreWiFi.framework/Versions/A/CoreWiFi
0x0000000005485000 	/System/Library/Frameworks/CoreBluetooth.framework/Versions/A/CoreBluetooth
0x0000000005485000 	/System/Library/PrivateFrameworks/ChunkingLibrary.framework/Versions/A/ChunkingLibrary
0x0000000005485000 	/System/Library/PrivateFrameworks/DebugSymbols.framework/Versions/A/DebugSymbols
0x0000000005485000 	/System/Library/PrivateFrameworks/CoreSymbolication.framework/Versions/A/CoreSymbolication
0x0000000005485000 	/System/Library/PrivateFrameworks/Symbolication.framework/Versions/A/Symbolication
0x0000000005485000 	/System/Library/PrivateFrameworks/SpeechRecognitionCore.framework/Versions/A/SpeechRecognitionCore
0x000000010b400000 	/Library/Java/JavaVirtualMachines/jdk1.8.0_101.jdk/Contents/Home/jre/lib/server/libjvm.dylib
0x0000000005485000 	/usr/lib/libstdc++.6.dylib
0x000000010aac2000 	/Library/Java/JavaVirtualMachines/jdk1.8.0_101.jdk/Contents/Home/jre/lib/libverify.dylib
0x000000010aad0000 	/Library/Java/JavaVirtualMachines/jdk1.8.0_101.jdk/Contents/Home/jre/lib/libjava.dylib
0x000000010ab0f000 	/Library/Java/JavaVirtualMachines/jdk1.8.0_101.jdk/Contents/Home/jre/lib/libzip.dylib
0x000000011f6c0000 	/System/Library/Frameworks/JavaVM.framework/Frameworks/JavaRuntimeSupport.framework/JavaRuntimeSupport
0x000000011f6db000 	/System/Library/Frameworks/JavaVM.framework/Versions/A/Frameworks/JavaNativeFoundation.framework/Versions/A/JavaNativeFoundation
0x000000010abf0000 	/System/Library/Frameworks/JavaVM.framework/Versions/A/JavaVM
0x0000000005485000 	/System/Library/Frameworks/Carbon.framework/Versions/A/Carbon
0x000000011f6f0000 	/System/Library/PrivateFrameworks/JavaLaunching.framework/Versions/A/JavaLaunching
0x0000000005485000 	/System/Library/Frameworks/Carbon.framework/Versions/A/Frameworks/CommonPanels.framework/Versions/A/CommonPanels
0x0000000005485000 	/System/Library/Frameworks/Carbon.framework/Versions/A/Frameworks/Help.framework/Versions/A/Help
0x0000000005485000 	/System/Library/Frameworks/Carbon.framework/Versions/A/Frameworks/ImageCapture.framework/Versions/A/ImageCapture
0x0000000005485000 	/System/Library/Frameworks/Carbon.framework/Versions/A/Frameworks/OpenScripting.framework/Versions/A/OpenScripting
0x0000000005485000 	/System/Library/Frameworks/Carbon.framework/Versions/A/Frameworks/Print.framework/Versions/A/Print
0x0000000005485000 	/System/Library/Frameworks/Carbon.framework/Versions/A/Frameworks/SecurityHI.framework/Versions/A/SecurityHI
0x0000000121013000 	/Library/Java/JavaVirtualMachines/jdk1.8.0_101.jdk/Contents/Home/jre/lib/libawt.dylib
0x00000001210bb000 	/Library/Java/JavaVirtualMachines/jdk1.8.0_101.jdk/Contents/Home/jre/lib/./libmlib_image.dylib
0x0000000121187000 	/Library/Java/JavaVirtualMachines/jdk1.8.0_101.jdk/Contents/Home/jre/lib/libawt_lwawt.dylib
0x000000012123c000 	/Library/Java/JavaVirtualMachines/jdk1.8.0_101.jdk/Contents/Home/jre/lib/./libosxapp.dylib
0x0000000005485000 	/System/Library/Frameworks/ExceptionHandling.framework/Versions/A/ExceptionHandling
0x0000000005485000 	/System/Library/PrivateFrameworks/CoreServicesInternal.framework/Versions/A/CoreServicesInternal
0x0000000005485000 	/System/Library/Frameworks/CoreGraphics.framework/Versions/A/Resources/libRIP.A.dylib
0x0000000005485000 	/System/Library/Frameworks/Accelerate.framework/Versions/A/Frameworks/vImage.framework/Versions/A/Libraries/libCGInterfaces.dylib
0x0000000005485000 	/System/Library/Frameworks/CoreGraphics.framework/Versions/A/Resources/libCGXType.A.dylib
0x0000000005485000 	/System/Library/Frameworks/OpenCL.framework/Versions/A/Libraries/libcldcpuengine.dylib
0x0000000005485000 	/System/Library/PrivateFrameworks/DiskImages.framework/Versions/A/DiskImages
0x0000000005485000 	/System/Library/Frameworks/DiscRecording.framework/Versions/A/DiscRecording
0x0000000005485000 	/usr/lib/libcsfde.dylib
0x0000000005485000 	/usr/lib/libcurl.4.dylib
0x0000000005485000 	/System/Library/PrivateFrameworks/MediaKit.framework/Versions/A/MediaKit
0x0000000005485000 	/System/Library/PrivateFrameworks/ProtectedCloudStorage.framework/Versions/A/ProtectedCloudStorage
0x0000000005485000 	/usr/lib/libCoreStorage.dylib
0x0000000005485000 	/System/Library/PrivateFrameworks/EFILogin.framework/Versions/A/EFILogin
0x0000000005485000 	/usr/lib/libutil.dylib
0x0000000005485000 	/System/Library/PrivateFrameworks/FindMyDevice.framework/Versions/A/FindMyDevice
0x0000000005485000 	/System/Library/Frameworks/LDAP.framework/Versions/A/LDAP
0x0000000005485000 	/usr/lib/libsasl2.2.dylib
0x0000000005485000 	/System/Library/PrivateFrameworks/CoreDaemon.framework/Versions/B/CoreDaemon
0x0000000005485000 	/usr/lib/libcrypto.0.9.8.dylib
0x0000000005485000 	/System/Library/PrivateFrameworks/AppleSRP.framework/Versions/A/AppleSRP
0x0000000005485000 	/System/Library/PrivateFrameworks/TrustEvaluationAgent.framework/Versions/A/TrustEvaluationAgent
0x0000000121dc6000 	cl_kernels
0x0000000005485000 	/System/Library/Frameworks/OpenCL.framework/Versions/A/Libraries/ImageFormats/unorm8_bgra.dylib
0x0000000005485000 	/System/Library/Frameworks/OpenCL.framework/Versions/A/Libraries/ImageFormats/unorm8_rgba.dylib
0x0000000005485000 	/System/Library/PrivateFrameworks/FamilyControls.framework/Versions/A/FamilyControls
0x0000000005485000 	/System/Library/PrivateFrameworks/CommerceKit.framework/Versions/A/Frameworks/CommerceCore.framework/Versions/A/CommerceCore
0x0000000005485000 	/System/Library/PrivateFrameworks/SystemAdministration.framework/Versions/A/SystemAdministration
0x0000000005485000 	/System/Library/PrivateFrameworks/AppContainer.framework/Versions/A/AppContainer
0x0000000005485000 	/System/Library/PrivateFrameworks/SecCodeWrapper.framework/Versions/A/SecCodeWrapper
0x0000000005485000 	/System/Library/Frameworks/DirectoryService.framework/Versions/A/DirectoryService
0x0000000005485000 	/System/Library/PrivateFrameworks/LoginUIKit.framework/Versions/A/Frameworks/LoginUICore.framework/Versions/A/LoginUICore
0x0000000005485000 	/usr/lib/libodfde.dylib
0x0000000005485000 	/System/Library/Frameworks/OpenGL.framework/Versions/A/Resources/GLEngine.bundle/GLEngine
0x0000000005485000 	/System/Library/Frameworks/OpenGL.framework/Versions/A/Libraries/libGLProgrammability.dylib
0x0000000123b0e000 	/System/Library/Extensions/AppleIntelHD4000GraphicsGLDriver.bundle/Contents/MacOS/AppleIntelHD4000GraphicsGLDriver
0x0000000005485000 	/System/Library/PrivateFrameworks/GPUSupport.framework/Versions/A/Libraries/libGPUSupportMercury.dylib
0x0000000005485000 	/System/Library/Frameworks/OpenGL.framework/Versions/A/Resources/GLRendererFloat.bundle/GLRendererFloat
0x0000000124a70000 	/Library/Java/JavaVirtualMachines/jdk1.8.0_101.jdk/Contents/Home/jre/lib/libfontmanager.dylib
0x0000000125f2f000 	/Library/Java/JavaVirtualMachines/jdk1.8.0_101.jdk/Contents/Home/jre/lib/libosxui.dylib
0x0000000126a2d000 	/Library/Java/JavaVirtualMachines/jdk1.8.0_101.jdk/Contents/Home/jre/lib/libnet.dylib
0x0000000126c75000 	/Library/Java/JavaVirtualMachines/jdk1.8.0_101.jdk/Contents/Home/jre/lib/libnio.dylib
0x0000000005485000 	/System/Library/Frameworks/ApplicationServices.framework/Versions/A/Frameworks/ATS.framework/Versions/A/Resources/libTrueTypeScaler.dylib
0x0000000177b3e000 	/System/Library/Extensions/AppleIntelHD4000GraphicsMTLDriver.bundle/Contents/MacOS/AppleIntelHD4000GraphicsMTLDriver
0x0000000121cb6000 	/private/var/folders/df/q331szgs0rs63dmvvv6sk8180000gn/T/jogamp_0000/file_cache/jln7400097389307235247/jln8959717715014349828/libgluegen-rt.jnilib
0x0000000121cbb000 	/private/var/folders/df/q331szgs0rs63dmvvv6sk8180000gn/T/jogamp_0000/file_cache/jln7400097389307235247/jln8959717715014349828/libnativewindow_awt.jnilib
0x0000000121cbe000 	/Library/Java/JavaVirtualMachines/jdk1.8.0_101.jdk/Contents/Home/jre/lib/libjawt.dylib
0x0000000121cc1000 	/private/var/folders/df/q331szgs0rs63dmvvv6sk8180000gn/T/jogamp_0000/file_cache/jln7400097389307235247/jln8959717715014349828/libnativewindow_macosx.jnilib
0x0000000179ac5000 	/private/var/folders/df/q331szgs0rs63dmvvv6sk8180000gn/T/jogamp_0000/file_cache/jln7400097389307235247/jln8959717715014349828/libjogl_desktop.jnilib
0x0000000121d76000 	/Library/Java/JavaVirtualMachines/jdk1.8.0_101.jdk/Contents/Home/jre/lib/libsunec.dylib
0x000000017c2e7000 	/Library/Java/JavaVirtualMachines/jdk1.8.0_101.jdk/Contents/Home/jre/lib/libt2k.dylib

VM Arguments:
jvm_args: -Djava.security.policy=java.policy.applet -Dfile.encoding=UTF-8 
java_command: sun.applet.AppletViewer module6.EarthquakeCityMap1496698613200.html
java_class_path (initial): /Users/Ryan/Documents/workspaceCoursera/UCSDUnfoldingMaps/build:/Users/Ryan/Documents/workspaceCoursera/UCSDUnfoldingMaps/lib/core.jar:/Users/Ryan/Documents/workspaceCoursera/UCSDUnfoldingMaps/lib/gluegen-rt.jar:/Users/Ryan/Documents/workspaceCoursera/UCSDUnfoldingMaps/lib/jogl-all.jar:/Users/Ryan/Documents/workspaceCoursera/UCSDUnfoldingMaps/lib/log4j-1.2.15.jar:/Users/Ryan/Documents/workspaceCoursera/UCSDUnfoldingMaps/lib/sqlite-jdbc-3.7.2.jar:/Users/Ryan/Documents/workspaceCoursera/UCSDUnfoldingMaps/lib/json4processing.jar:/Users/Ryan/Documents/workspaceCoursera/UCSDUnfoldingMaps/lib/libTUIO.jar:/Users/Ryan/Documents/workspaceCoursera/UCSDUnfoldingMaps/lib/unfolding.0.9.7-uscd.jar
Launcher Type: SUN_STANDARD

Environment Variables:
PATH=/usr/bin:/bin:/usr/sbin:/sbin
SHELL=/bin/bash
DISPLAY=/private/tmp/com.apple.launchd.ULRZtvESmK/org.macosforge.xquartz:0

Signal Handlers:
SIGSEGV: [libjvm.dylib+0x5af145], sa_mask[0]=11111111011111110111111111111111, sa_flags=SA_ONSTACK|SA_RESTART|SA_SIGINFO
SIGBUS: [libjvm.dylib+0x5af145], sa_mask[0]=11111111011111110111111111111111, sa_flags=SA_RESTART|SA_SIGINFO
SIGFPE: [libjvm.dylib+0x48694c], sa_mask[0]=11111111011111110111111111111111, sa_flags=SA_RESTART|SA_SIGINFO
SIGPIPE: [libjvm.dylib+0x48694c], sa_mask[0]=11111111011111110111111111111111, sa_flags=SA_RESTART|SA_SIGINFO
SIGXFSZ: [libjvm.dylib+0x48694c], sa_mask[0]=11111111011111110111111111111111, sa_flags=SA_RESTART|SA_SIGINFO
SIGILL: [libjvm.dylib+0x48694c], sa_mask[0]=11111111011111110111111111111111, sa_flags=SA_RESTART|SA_SIGINFO
SIGUSR1: SIG_DFL, sa_mask[0]=00000000000000000000000000000000, sa_flags=none
SIGUSR2: [libjvm.dylib+0x48646a], sa_mask[0]=00100000000000000000000000000000, sa_flags=SA_RESTART|SA_SIGINFO
SIGHUP: [libjvm.dylib+0x484a41], sa_mask[0]=11111111011111110111111111111111, sa_flags=SA_RESTART|SA_SIGINFO
SIGINT: [libjvm.dylib+0x484a41], sa_mask[0]=11111111011111110111111111111111, sa_flags=SA_RESTART|SA_SIGINFO
SIGTERM: [libjvm.dylib+0x484a41], sa_mask[0]=11111111011111110111111111111111, sa_flags=SA_RESTART|SA_SIGINFO
SIGQUIT: [libjvm.dylib+0x484a41], sa_mask[0]=11111111011111110111111111111111, sa_flags=SA_RESTART|SA_SIGINFO


---------------  S Y S T E M  ---------------

OS:Bsduname:Darwin 15.6.0 Darwin Kernel Version 15.6.0: Thu Jun 23 18:25:34 PDT 2016; root:xnu-3248.60.10~1/RELEASE_X86_64 x86_64
rlimit: STACK 8192k, CORE 0k, NPROC 709, NOFILE 10240, AS infinity
load average:2.35 2.76 2.89

CPU:total 4 (2 cores per cpu, 2 threads per core) family 6 model 58 stepping 9, cmov, cx8, fxsr, mmx, sse, sse2, sse3, ssse3, sse4.1, sse4.2, popcnt, avx, aes, clmul, erms, ht, tsc, tscinvbit, tscinv

Memory: 4k page, physical 4194304k(143804k free)

/proc/meminfo:


vm_info: Java HotSpot(TM) 64-Bit Server VM (25.101-b13) for bsd-amd64 JRE (1.8.0_101-b13), built on Jun 22 2016 02:42:15 by "java_re" with gcc 4.2.1 (Based on Apple Inc. build 5658) (LLVM build 2336.11.00)

time: Mon Jun  5 17:37:21 2017
elapsed time: 27 seconds (0d 0h 0m 27s)

