#
# A fatal error has been detected by the Java Runtime Environment:
#
#  SIGSEGV (0xb) at pc=0x00007fff8b7c74e9, pid=56074, tid=0x0000000000000a0b
#
# JRE version: Java(TM) SE Runtime Environment (8.0_101-b13) (build 1.8.0_101-b13)
# Java VM: Java HotSpot(TM) 64-Bit Server VM (25.101-b13 mixed mode bsd-amd64 compressed oops)
# Problematic frame:
# C  [libobjc.A.dylib+0x14e9]  objc_msgSend+0x29
#
# Failed to write core dump. Core dumps have been disabled. To enable core dumping, try "ulimit -c unlimited" before starting Java again
#
# If you would like to submit a bug report, please visit:
#   http://bugreport.java.com/bugreport/crash.jsp
# The crash happened outside the Java Virtual Machine in native code.
# See problematic frame for where to report the bug.
#

---------------  T H R E A D  ---------------

Current thread (0x00007ffe190b8800):  JavaThread "AWT-AppKit" daemon [_thread_in_native, id=2571, stack(0x00007fff53a5e000,0x00007fff5425e000)]

siginfo: si_signo: 11 (SIGSEGV), si_code: 0 (unknown), si_addr: 0x0000000000000000

Registers:
RAX=0x00007ffe1d9fa370, RBX=0x0000000178bea450, RCX=0x0000000123105600, RDX=0x00000001231d26e0
RSP=0x00007fff54259308, RBP=0x00007fff542593c0, RSI=0x00007fff85a09cbe, RDI=0x00007ffe18e9d110
R8 =0x0000000000000000, R9 =0x00000000000008b0, R10=0x74696b6cb1709464, R11=0x00007ffe1db5b360
R12=0x0000000000000000, R13=0x000000017aadb918, R14=0x0000000178bea440, R15=0x00007ffe190b8800
RIP=0x00007fff8b7c74e9, EFLAGS=0x0000000000010202, ERR=0x0000000000000000
  TRAPNO=0x000000000000000d

Top of Stack: (sp=0x00007fff54259308)
0x00007fff54259308:   0000000178be8157 00007fff54259360
0x00007fff54259318:   0000000000000003 00007fff54259340
0x00007fff54259328:   000000010c7f28e6 000000017aadb918
0x00007fff54259338:   000000017aadb918 00007ffe1d9fa370
0x00007fff54259348:   0000000178bea6a0 0000000178bea710
0x00007fff54259358:   00007fff779c6770 00007fff757ae500
0x00007fff54259368:   0000000178bea450 0000000178bea690
0x00007fff54259378:   00007ffe1d9fa370 00007ffe18e9d110
0x00007fff54259388:   00007ffe1b7aa780 00007ffe1d9fa370
0x00007fff54259398:   00007ffe18e9d110 00007fff54259448
0x00007fff542593a8:   00007ffe190b89f8 000000017aadb918
0x00007fff542593b8:   00007fff54259470 00007fff54259438
0x00007fff542593c8:   000000010d5b49d4 000000017aadb918
0x00007fff542593d8:   00007fff54259470 00007fff54259438
0x00007fff542593e8:   000000010d5b4767 000000010d5b4722
0x00007fff542593f8:   00007fff542593f8 000000017aadb918
0x00007fff54259408:   00007fff54259470 000000017aade550
0x00007fff54259418:   0000000000000000 000000017aadb918
0x00007fff54259428:   0000000000000000 00007fff54259458
0x00007fff54259438:   00007fff542594b8 000000010d5a52bd
0x00007fff54259448:   00000007807fb7d8 000000010d5ae538
0x00007fff54259458:   00007ffe1d9fa370 00007fff542594b8
0x00007fff54259468:   00007ffe18e9d110 000000010d5afe02
0x00007fff54259478:   00007fff54259478 000000017aadbae2
0x00007fff54259488:   00007fff542594e0 000000017aade550
0x00007fff54259498:   0000000000000000 000000017aadbaf0
0x00007fff542594a8:   00007fff54259458 00007fff542594c8
0x00007fff542594b8:   00007fff54259528 000000010d5a52bd
0x00007fff542594c8:   00007ffe1d9fa370 00000007806d85c0
0x00007fff542594d8:   00007ffe18e9d110 00000007806d85c0
0x00007fff542594e8:   00007fff542594e8 000000017f5b0e6e
0x00007fff542594f8:   00007fff54259538 000000017f5b0f28 

Instructions: (pc=0x00007fff8b7c74e9)
0x00007fff8b7c74c9:   01 2e 75 66 49 bb f8 ff ff ff ff 7f 00 00 4c 23
0x00007fff8b7c74d9:   1f 49 89 f2 45 23 53 18 49 c1 e2 04 4d 03 53 10
0x00007fff8b7c74e9:   49 3b 32 75 04 41 ff 62 08 49 83 3a 01 76 0d 49
0x00007fff8b7c74f9:   83 c2 10 49 3b 32 75 f1 41 ff 62 08 72 40 4d 8b 

Register to memory mapping:

RAX=0x00007ffe1d9fa370 is an unknown value
RBX=0x0000000178bea450: Java_jogamp_nativewindow_macosx_OSXUtil_GetScreenRefreshRate0+0x1cf0 in /private/var/folders/df/q331szgs0rs63dmvvv6sk8180000gn/T/jogamp_0000/file_cache/jln7278309719445959445/jln2698036684267517205/libnativewindow_macosx.jnilib at 0x0000000178be3000
RCX=0x0000000123105600 is an unknown value
RDX=0x00000001231d26e0 is an unknown value
RSP=0x00007fff54259308 is pointing into the stack for thread: 0x00007ffe190b8800
RBP=0x00007fff542593c0 is pointing into the stack for thread: 0x00007ffe190b8800
RSI=0x00007fff85a09cbe is an unknown value
RDI=0x00007ffe18e9d110 is an unknown value
R8 =0x0000000000000000 is an unknown value
R9 =0x00000000000008b0 is an unknown value
R10=0x74696b6cb1709464 is an unknown value
R11=0x00007ffe1db5b360 is an unknown value
R12=0x0000000000000000 is an unknown value
R13={method} {0x000000017aadb918} 'UnsetJAWTRootSurfaceLayer0' '(JJ)V' in 'jogamp/nativewindow/jawt/macosx/MacOSXJAWTWindow'
R14=0x0000000178bea440: Java_jogamp_nativewindow_macosx_OSXUtil_GetScreenRefreshRate0+0x1ce0 in /private/var/folders/df/q331szgs0rs63dmvvv6sk8180000gn/T/jogamp_0000/file_cache/jln7278309719445959445/jln2698036684267517205/libnativewindow_macosx.jnilib at 0x0000000178be3000
R15=0x00007ffe190b8800 is a thread


Stack: [0x00007fff53a5e000,0x00007fff5425e000],  sp=0x00007fff54259308,  free space=8172k
Native frames: (J=compiled Java code, j=interpreted, Vv=VM code, C=native code)
C  [libobjc.A.dylib+0x14e9]  objc_msgSend+0x29
j  jogamp.nativewindow.jawt.macosx.MacOSXJAWTWindow.UnsetJAWTRootSurfaceLayer0(JJ)V+0
j  jogamp.nativewindow.jawt.macosx.MacOSXJAWTWindow.access$200(JJ)V+2
j  jogamp.nativewindow.jawt.macosx.MacOSXJAWTWindow$1.run()V+38
J 2702 C1 com.jogamp.common.util.RunnableTask.run()V (345 bytes) @ 0x000000010ddefe94 [0x000000010ddefd00+0x194]
v  ~StubRoutines::call_stub
V  [libjvm.dylib+0x2ecf06]  JavaCalls::call_helper(JavaValue*, methodHandle*, JavaCallArguments*, Thread*)+0x6ae
V  [libjvm.dylib+0x324111]  jni_invoke_nonstatic(JNIEnv_*, JavaValue*, _jobject*, JNICallType, _jmethodID*, JNI_ArgumentPusher*, Thread*)+0x2ec
V  [libjvm.dylib+0x3168df]  jni_CallVoidMethod+0x16b
C  [libnativewindow_macosx.jnilib+0x5326]  Java_jogamp_nativewindow_jawt_macosx_MacOSXJAWTWindow_UnsetJAWTRootSurfaceLayer0+0x2b6
C  [Foundation+0x76fde]  __NSThreadPerformPerform+0x117
C  [CoreFoundation+0xaa881]  __CFRUNLOOP_IS_CALLING_OUT_TO_A_SOURCE0_PERFORM_FUNCTION__+0x11
C  [CoreFoundation+0x89fbc]  __CFRunLoopDoSources0+0x22c
C  [CoreFoundation+0x894df]  __CFRunLoopRun+0x39f
C  [CoreFoundation+0x88ed8]  CFRunLoopRunSpecific+0x128
C  [HIToolbox+0x30935]  RunCurrentEventLoopInMode+0xeb
C  [HIToolbox+0x30677]  ReceiveNextEventCommon+0xb8
C  [HIToolbox+0x305af]  _BlockUntilNextEventMatchingListInModeWithFilter+0x47
C  [AppKit+0x48df6]  _DPSNextEvent+0x42b
C  [AppKit+0x48226]  -[NSApplication _nextEventMatchingEventMask:untilDate:inMode:dequeue:]+0x1c6
C  [libosxapp.dylib+0x23aa]  -[NSApplicationAWT nextEventMatchingMask:untilDate:inMode:dequeue:]+0x7c
C  [AppKit+0x3cd80]  -[NSApplication run]+0x2aa
C  [libosxapp.dylib+0x214d]  +[NSApplicationAWT runAWTLoopWithApp:]+0x9c
C  [libawt_lwawt.dylib+0x444b3]  -[AWTStarter starter:]+0x389
C  [Foundation+0x76fde]  __NSThreadPerformPerform+0x117
C  [CoreFoundation+0xaa881]  __CFRUNLOOP_IS_CALLING_OUT_TO_A_SOURCE0_PERFORM_FUNCTION__+0x11
C  [CoreFoundation+0x89fbc]  __CFRunLoopDoSources0+0x22c
C  [CoreFoundation+0x894df]  __CFRunLoopRun+0x39f
C  [CoreFoundation+0x88ed8]  CFRunLoopRunSpecific+0x128
C  [java+0x6465]  CreateExecutionEnvironment+0x367
C  [java+0x218c]  JLI_Launch+0x7a0
C  [java+0x84c2]  main+0x65
C  [java+0x19e4]  start+0x34
C  0x0000000000000007

Java frames: (J=compiled Java code, j=interpreted, Vv=VM code)
j  jogamp.nativewindow.jawt.macosx.MacOSXJAWTWindow.UnsetJAWTRootSurfaceLayer0(JJ)V+0
j  jogamp.nativewindow.jawt.macosx.MacOSXJAWTWindow.access$200(JJ)V+2
j  jogamp.nativewindow.jawt.macosx.MacOSXJAWTWindow$1.run()V+38
J 2702 C1 com.jogamp.common.util.RunnableTask.run()V (345 bytes) @ 0x000000010ddefe94 [0x000000010ddefd00+0x194]
v  ~StubRoutines::call_stub

---------------  P R O C E S S  ---------------

Java Threads: ( => current thread )
  0x00007ffe1a6b0800 JavaThread "Thread-108" [_thread_blocked, id=26723, stack(0x000070000104a000,0x000070000114a000)]
  0x00007ffe194e7000 JavaThread "Keep-Alive-Timer" daemon [_thread_blocked, id=24463, stack(0x0000700001d7a000,0x0000700001e7a000)]
  0x00007ffe1aa40000 JavaThread "AWT-EventQueue-1" [_thread_in_native, id=59439, stack(0x00007000018eb000,0x00007000019eb000)]
  0x00007ffe19804800 JavaThread "DestroyJavaVM" [_thread_blocked, id=5891, stack(0x000070000011a000,0x000070000021a000)]
  0x00007ffe19184800 JavaThread "AWT-EventQueue-0" [_thread_blocked, id=54551, stack(0x00007000016e5000,0x00007000017e5000)]
  0x00007ffe1912a000 JavaThread "Java2D Disposer" daemon [_thread_blocked, id=49939, stack(0x000070000145c000,0x000070000155c000)]
  0x00007ffe1a164000 JavaThread "Java2D Queue Flusher" daemon [_thread_blocked, id=50443, stack(0x0000700001359000,0x0000700001459000)]
  0x00007ffe1a982000 JavaThread "AWT-Shutdown" [_thread_blocked, id=30487, stack(0x00007000011d3000,0x00007000012d3000)]
=>0x00007ffe190b8800 JavaThread "AWT-AppKit" daemon [_thread_in_native, id=2571, stack(0x00007fff53a5e000,0x00007fff5425e000)]
  0x00007ffe1981f800 JavaThread "Service Thread" daemon [_thread_blocked, id=18435, stack(0x0000700000dc1000,0x0000700000ec1000)]
  0x00007ffe19017000 JavaThread "C1 CompilerThread2" daemon [_thread_blocked, id=17923, stack(0x0000700000cbe000,0x0000700000dbe000)]
  0x00007ffe19016000 JavaThread "C2 CompilerThread1" daemon [_thread_blocked, id=17411, stack(0x0000700000bbb000,0x0000700000cbb000)]
  0x00007ffe19007000 JavaThread "C2 CompilerThread0" daemon [_thread_blocked, id=16899, stack(0x0000700000ab8000,0x0000700000bb8000)]
  0x00007ffe1a061000 JavaThread "Signal Dispatcher" daemon [_thread_blocked, id=12815, stack(0x00007000009b5000,0x0000700000ab5000)]
  0x00007ffe19815800 JavaThread "Finalizer" daemon [_thread_blocked, id=12291, stack(0x000070000082f000,0x000070000092f000)]
  0x00007ffe1a042000 JavaThread "Reference Handler" daemon [_thread_blocked, id=11779, stack(0x000070000072c000,0x000070000082c000)]

Other Threads:
  0x00007ffe1a815800 VMThread [stack: 0x0000700000629000,0x0000700000729000] [id=11267]
  0x00007ffe1902d800 WatcherThread [stack: 0x0000700000ec4000,0x0000700000fc4000] [id=18947]

VM state:not at safepoint (normal execution)

VM Mutex/Monitor currently owned by a thread: None

Heap:
 PSYoungGen      total 54272K, used 33645K [0x00000007aab00000, 0x00000007af580000, 0x00000007c0000000)
  eden space 42496K, 51% used [0x00000007aab00000,0x00000007ac063208,0x00000007ad480000)
  from space 11776K, 99% used [0x00000007ad680000,0x00000007ae1f8350,0x00000007ae200000)
  to   space 16896K, 0% used [0x00000007ae500000,0x00000007ae500000,0x00000007af580000)
 ParOldGen       total 39936K, used 32427K [0x0000000780000000, 0x0000000782700000, 0x00000007aab00000)
  object space 39936K, 81% used [0x0000000780000000,0x0000000781faad30,0x0000000782700000)
 Metaspace       used 24419K, capacity 24631K, committed 25088K, reserved 1071104K
  class space    used 2377K, capacity 2452K, committed 2560K, reserved 1048576K

Card table byte_map: [0x000000011c95d000,0x000000011cb5e000] byte_map_base: 0x0000000118d5d000

Marking Bits: (ParMarkBitMap*) 0x000000010ceedd20
 Begin Bits: [0x000000011cb5e000, 0x000000011db5e000)
 End Bits:   [0x000000011db5e000, 0x000000011eb5e000)

Polling page: 0x000000010bc65000

CodeCache: size=245760Kb used=11084Kb max_used=11099Kb free=234675Kb
 bounds [0x000000010d59d000, 0x000000010e0ad000, 0x000000011c59d000]
 total_blobs=4021 nmethods=3100 adapters=834
 compilation: enabled

Compilation events (10 events):
Event: 47.156 Thread 0x00007ffe19007000 nmethod 3639 0x000000010d7cf990 code [0x000000010d7cfca0, 0x000000010d7d10f8]
Event: 47.380 Thread 0x00007ffe19016000 3640       4       java.util.concurrent.locks.ReentrantLock$Sync::isHeldExclusively (16 bytes)
Event: 47.381 Thread 0x00007ffe19016000 nmethod 3640 0x000000010dc94b10 code [0x000000010dc94c60, 0x000000010dc94cf8]
Event: 47.731 Thread 0x00007ffe19007000 3641   !   4       de.fhpotsdam.unfolding.mapdisplay.Java2DMapDisplay::getVisibleKeys (763 bytes)
Event: 47.989 Thread 0x00007ffe19007000 nmethod 3641 0x000000010e099e90 code [0x000000010e09a2a0, 0x000000010e09dc60]
Event: 48.046 Thread 0x00007ffe19016000 3642       4       java.lang.Integer::formatUnsignedInt (48 bytes)
Event: 48.049 Thread 0x00007ffe19016000 nmethod 3642 0x000000010dcda950 code [0x000000010dcdaaa0, 0x000000010dcdac78]
Event: 48.326 Thread 0x00007ffe19007000 3643       4       java.util.HashMap::put (13 bytes)
Event: 48.339 Thread 0x00007ffe19007000 nmethod 3643 0x000000010dd80b90 code [0x000000010dd80d60, 0x000000010dd81410]
Event: 48.343 Thread 0x00007ffe19017000 3644   !   3       sun.awt.PostEventQueue::flush (168 bytes)

GC Heap History (10 events):
Event: 31.255 GC heap before
{Heap before GC invocations=14 (full 1):
 PSYoungGen      total 57344K, used 55040K [0x00000007aab00000, 0x00000007aef80000, 0x00000007c0000000)
  eden space 46592K, 100% used [0x00000007aab00000,0x00000007ad880000,0x00000007ad880000)
  from space 10752K, 78% used [0x00000007ae500000,0x00000007aed40280,0x00000007aef80000)
  to   space 11776K, 0% used [0x00000007ad880000,0x00000007ad880000,0x00000007ae400000)
 ParOldGen       total 39936K, used 19234K [0x0000000780000000, 0x0000000782700000, 0x00000007aab00000)
  object space 39936K, 48% used [0x0000000780000000,0x00000007812c8910,0x0000000782700000)
 Metaspace       used 24281K, capacity 24503K, committed 24832K, reserved 1071104K
  class space    used 2369K, capacity 2452K, committed 2560K, reserved 1048576K
Event: 31.260 GC heap after
Heap after GC invocations=14 (full 1):
 PSYoungGen      total 58368K, used 11760K [0x00000007aab00000, 0x00000007af900000, 0x00000007c0000000)
  eden space 46592K, 0% used [0x00000007aab00000,0x00000007aab00000,0x00000007ad880000)
  from space 11776K, 99% used [0x00000007ad880000,0x00000007ae3fc350,0x00000007ae400000)
  to   space 12800K, 0% used [0x00000007aec80000,0x00000007aec80000,0x00000007af900000)
 ParOldGen       total 39936K, used 21290K [0x0000000780000000, 0x0000000782700000, 0x00000007aab00000)
  object space 39936K, 53% used [0x0000000780000000,0x00000007814ca990,0x0000000782700000)
 Metaspace       used 24281K, capacity 24503K, committed 24832K, reserved 1071104K
  class space    used 2369K, capacity 2452K, committed 2560K, reserved 1048576K
}
Event: 35.159 GC heap before
{Heap before GC invocations=15 (full 1):
 PSYoungGen      total 58368K, used 58352K [0x00000007aab00000, 0x00000007af900000, 0x00000007c0000000)
  eden space 46592K, 100% used [0x00000007aab00000,0x00000007ad880000,0x00000007ad880000)
  from space 11776K, 99% used [0x00000007ad880000,0x00000007ae3fc350,0x00000007ae400000)
  to   space 12800K, 0% used [0x00000007aec80000,0x00000007aec80000,0x00000007af900000)
 ParOldGen       total 39936K, used 21290K [0x0000000780000000, 0x0000000782700000, 0x00000007aab00000)
  object space 39936K, 53% used [0x0000000780000000,0x00000007814ca990,0x0000000782700000)
 Metaspace       used 24288K, capacity 24567K, committed 24832K, reserved 1071104K
  class space    used 2369K, capacity 2452K, committed 2560K, reserved 1048576K
Event: 35.167 GC heap after
Heap after GC invocations=15 (full 1):
 PSYoungGen      total 58368K, used 12784K [0x00000007aab00000, 0x00000007af900000, 0x00000007c0000000)
  eden space 45568K, 0% used [0x00000007aab00000,0x00000007aab00000,0x00000007ad780000)
  from space 12800K, 99% used [0x00000007aec80000,0x00000007af8fc390,0x00000007af900000)
  to   space 14336K, 0% used [0x00000007add00000,0x00000007add00000,0x00000007aeb00000)
 ParOldGen       total 39936K, used 21810K [0x0000000780000000, 0x0000000782700000, 0x00000007aab00000)
  object space 39936K, 54% used [0x0000000780000000,0x000000078154c9b0,0x0000000782700000)
 Metaspace       used 24288K, capacity 24567K, committed 24832K, reserved 1071104K
  class space    used 2369K, capacity 2452K, committed 2560K, reserved 1048576K
}
Event: 37.871 GC heap before
{Heap before GC invocations=16 (full 1):
 PSYoungGen      total 58368K, used 58132K [0x00000007aab00000, 0x00000007af900000, 0x00000007c0000000)
  eden space 45568K, 99% used [0x00000007aab00000,0x00000007ad748ce0,0x00000007ad780000)
  from space 12800K, 99% used [0x00000007aec80000,0x00000007af8fc390,0x00000007af900000)
  to   space 14336K, 0% used [0x00000007add00000,0x00000007add00000,0x00000007aeb00000)
 ParOldGen       total 39936K, used 21810K [0x0000000780000000, 0x0000000782700000, 0x00000007aab00000)
  object space 39936K, 54% used [0x0000000780000000,0x000000078154c9b0,0x0000000782700000)
 Metaspace       used 24319K, capacity 24567K, committed 24832K, reserved 1071104K
  class space    used 2369K, capacity 2452K, committed 2560K, reserved 1048576K
Event: 37.877 GC heap after
Heap after GC invocations=16 (full 1):
 PSYoungGen      total 58880K, used 14305K [0x00000007aab00000, 0x00000007af680000, 0x00000007c0000000)
  eden space 44544K, 0% used [0x00000007aab00000,0x00000007aab00000,0x00000007ad680000)
  from space 14336K, 99% used [0x00000007add00000,0x00000007aeaf8410,0x00000007aeb00000)
  to   space 11776K, 0% used [0x00000007aeb00000,0x00000007aeb00000,0x00000007af680000)
 ParOldGen       total 39936K, used 25242K [0x0000000780000000, 0x0000000782700000, 0x00000007aab00000)
  object space 39936K, 63% used [0x0000000780000000,0x00000007818a6b70,0x0000000782700000)
 Metaspace       used 24319K, capacity 24567K, committed 24832K, reserved 1071104K
  class space    used 2369K, capacity 2452K, committed 2560K, reserved 1048576K
}
Event: 40.196 GC heap before
{Heap before GC invocations=17 (full 1):
 PSYoungGen      total 58880K, used 58849K [0x00000007aab00000, 0x00000007af680000, 0x00000007c0000000)
  eden space 44544K, 100% used [0x00000007aab00000,0x00000007ad680000,0x00000007ad680000)
  from space 14336K, 99% used [0x00000007add00000,0x00000007aeaf8410,0x00000007aeb00000)
  to   space 11776K, 0% used [0x00000007aeb00000,0x00000007aeb00000,0x00000007af680000)
 ParOldGen       total 39936K, used 25242K [0x0000000780000000, 0x0000000782700000, 0x00000007aab00000)
  object space 39936K, 63% used [0x0000000780000000,0x00000007818a6b70,0x0000000782700000)
 Metaspace       used 24383K, capacity 24631K, committed 25088K, reserved 1071104K
  class space    used 2369K, capacity 2452K, committed 2560K, reserved 1048576K
Event: 40.202 GC heap after
Heap after GC invocations=17 (full 1):
 PSYoungGen      total 55296K, used 11712K [0x00000007aab00000, 0x00000007af680000, 0x00000007c0000000)
  eden space 43520K, 0% used [0x00000007aab00000,0x00000007aab00000,0x00000007ad580000)
  from space 11776K, 99% used [0x00000007aeb00000,0x00000007af670350,0x00000007af680000)
  to   space 16384K, 0% used [0x00000007ad680000,0x00000007ad680000,0x00000007ae680000)
 ParOldGen       total 39936K, used 32419K [0x0000000780000000, 0x0000000782700000, 0x00000007aab00000)
  object space 39936K, 81% used [0x0000000780000000,0x0000000781fa8d30,0x0000000782700000)
 Metaspace       used 24383K, capacity 24631K, committed 25088K, reserved 1071104K
  class space    used 2369K, capacity 2452K, committed 2560K, reserved 1048576K
}
Event: 45.788 GC heap before
{Heap before GC invocations=18 (full 1):
 PSYoungGen      total 55296K, used 55232K [0x00000007aab00000, 0x00000007af680000, 0x00000007c0000000)
  eden space 43520K, 100% used [0x00000007aab00000,0x00000007ad580000,0x00000007ad580000)
  from space 11776K, 99% used [0x00000007aeb00000,0x00000007af670350,0x00000007af680000)
  to   space 16384K, 0% used [0x00000007ad680000,0x00000007ad680000,0x00000007ae680000)
 ParOldGen       total 39936K, used 32419K [0x0000000780000000, 0x0000000782700000, 0x00000007aab00000)
  object space 39936K, 81% used [0x0000000780000000,0x0000000781fa8d30,0x0000000782700000)
 Metaspace       used 24384K, capacity 24631K, committed 25088K, reserved 1071104K
  class space    used 2369K, capacity 2452K, committed 2560K, reserved 1048576K
Event: 45.792 GC heap after
Heap after GC invocations=18 (full 1):
 PSYoungGen      total 54272K, used 11744K [0x00000007aab00000, 0x00000007af580000, 0x00000007c0000000)
  eden space 42496K, 0% used [0x00000007aab00000,0x00000007aab00000,0x00000007ad480000)
  from space 11776K, 99% used [0x00000007ad680000,0x00000007ae1f8350,0x00000007ae200000)
  to   space 16896K, 0% used [0x00000007ae500000,0x00000007ae500000,0x00000007af580000)
 ParOldGen       total 39936K, used 32427K [0x0000000780000000, 0x0000000782700000, 0x00000007aab00000)
  object space 39936K, 81% used [0x0000000780000000,0x0000000781faad30,0x0000000782700000)
 Metaspace       used 24384K, capacity 24631K, committed 25088K, reserved 1071104K
  class space    used 2369K, capacity 2452K, committed 2560K, reserved 1048576K
}

Deoptimization events (10 events):
Event: 48.296 Thread 0x00007ffe19184800 Uncommon trap: reason=unstable_if action=reinterpret pc=0x000000010e076aac method=sun.java2d.pipe.Region.intersectsQuickCheck(Lsun/java2d/pipe/Region;)Z @ 41
Event: 48.296 Thread 0x00007ffe19184800 Uncommon trap: reason=unstable_if action=reinterpret pc=0x000000010dd5d84c method=java.awt.Font.equals(Ljava/lang/Object;)Z @ 2
Event: 48.326 Thread 0x00007ffe1a17d000 Uncommon trap: reason=class_check action=maybe_recompile pc=0x000000010da370e0 method=java.util.HashMap.putVal(ILjava/lang/Object;Ljava/lang/Object;ZZ)Ljava/lang/Object; @ 91
Event: 48.326 Thread 0x00007ffe1a17d000 Uncommon trap: reason=class_check action=maybe_recompile pc=0x000000010da370e0 method=java.util.HashMap.putVal(ILjava/lang/Object;Ljava/lang/Object;ZZ)Ljava/lang/Object; @ 91
Event: 48.326 Thread 0x00007ffe1a17d000 Uncommon trap: reason=class_check action=maybe_recompile pc=0x000000010da370e0 method=java.util.HashMap.putVal(ILjava/lang/Object;Ljava/lang/Object;ZZ)Ljava/lang/Object; @ 91
Event: 48.326 Thread 0x00007ffe1a17d000 Uncommon trap: reason=class_check action=maybe_recompile pc=0x000000010da370e0 method=java.util.HashMap.putVal(ILjava/lang/Object;Ljava/lang/Object;ZZ)Ljava/lang/Object; @ 91
Event: 48.326 Thread 0x00007ffe1a17d000 Uncommon trap: reason=class_check action=maybe_recompile pc=0x000000010da380b4 method=java.util.HashMap.putVal(ILjava/lang/Object;Ljava/lang/Object;ZZ)Ljava/lang/Object; @ 91
Event: 48.341 Thread 0x00007ffe1aa40000 Uncommon trap: reason=unstable_if action=reinterpret pc=0x000000010dc95058 method=java.util.LinkedList$ListItr.<init>(Ljava/util/LinkedList;I)V @ 26
Event: 48.342 Thread 0x00007ffe1aa40000 Uncommon trap: reason=unstable_if action=reinterpret pc=0x000000010dec418c method=java.security.AccessControlContext.optimize()Ljava/security/AccessControlContext; @ 233
Event: 48.343 Thread 0x00007ffe1aa40000 Uncommon trap: reason=unstable_if action=reinterpret pc=0x000000010dc95584 method=java.util.LinkedList$ListItr.<init>(Ljava/util/LinkedList;I)V @ 26

Internal exceptions (10 events):
Event: 0.429 Thread 0x00007ffe19804800 Exception <a 'java/lang/NoSuchFieldError': method resolution failed> (0x00000007aacb1c98) thrown at [/HUDSON3/workspace/8-2-build-macosx-x86_64/jdk8u101/7261/hotspot/src/share/vm/prims/methodHandles.cpp, line 1146]
Event: 0.432 Thread 0x00007ffe19804800 Exception <a 'java/lang/NoSuchFieldError': method resolution failed> (0x00000007aacbf468) thrown at [/HUDSON3/workspace/8-2-build-macosx-x86_64/jdk8u101/7261/hotspot/src/share/vm/prims/methodHandles.cpp, line 1146]
Event: 1.229 Thread 0x00007ffe19804800 Exception <a 'java/io/FileNotFoundException'> (0x00000007aad3ade0) thrown at [/HUDSON3/workspace/8-2-build-macosx-x86_64/jdk8u101/7261/hotspot/src/share/vm/prims/jni.cpp, line 709]
Event: 1.230 Thread 0x00007ffe19804800 Exception <a 'java/io/FileNotFoundException'> (0x00000007aad3b940) thrown at [/HUDSON3/workspace/8-2-build-macosx-x86_64/jdk8u101/7261/hotspot/src/share/vm/prims/jni.cpp, line 709]
Event: 1.487 Thread 0x00007ffe19804800 Exception <a 'java/io/FileNotFoundException'> (0x00000007aae22c10) thrown at [/HUDSON3/workspace/8-2-build-macosx-x86_64/jdk8u101/7261/hotspot/src/share/vm/prims/jni.cpp, line 709]
Event: 3.826 Thread 0x00007ffe19815800 Exception <a 'java/lang/NullPointerException'> (0x00000007aab85208) thrown at [/HUDSON3/workspace/8-2-build-macosx-x86_64/jdk8u101/7261/hotspot/src/share/vm/interpreter/linkResolver.cpp, line 1178]
Event: 3.966 Thread 0x00007ffe19394000 Exception <a 'java/lang/UnsatisfiedLinkError': com.jogamp.common.util.JarUtil.fixNativeLibAttribs(Ljava/lang/String;)Z> (0x00000007aae75738) thrown at [/HUDSON3/workspace/8-2-build-macosx-x86_64/jdk8u101/7261/hotspot/src/share/vm/prims/nativeLookup.cpp, l
Event: 5.284 Thread 0x00007ffe1aa40000 Exception <a 'java/io/FileNotFoundException'> (0x00000007ab0e82c8) thrown at [/HUDSON3/workspace/8-2-build-macosx-x86_64/jdk8u101/7261/hotspot/src/share/vm/prims/jni.cpp, line 709]
Event: 5.285 Thread 0x00007ffe1aa40000 Exception <a 'java/io/FileNotFoundException'> (0x00000007ab0ee7a0) thrown at [/HUDSON3/workspace/8-2-build-macosx-x86_64/jdk8u101/7261/hotspot/src/share/vm/prims/jni.cpp, line 709]
Event: 5.285 Thread 0x00007ffe1aa40000 Implicit null exception at 0x000000010d73b333 to 0x000000010d73b709

Events (10 events):
Event: 48.342 loading class java/awt/LightweightDispatcher$2 done
Event: 48.342 loading class java/awt/event/AWTEventListenerProxy
Event: 48.342 loading class java/awt/event/AWTEventListenerProxy done
Event: 48.342 Executing VM operation: Deoptimize
Event: 48.343 Executing VM operation: Deoptimize done
Event: 48.343 loading class java/awt/Toolkit$ToolkitEventMulticaster
Event: 48.343 loading class java/awt/Toolkit$ToolkitEventMulticaster done
Event: 48.343 Thread 0x00007ffe1aa40000 Uncommon trap: trap_request=0xffffff65 fr.pc=0x000000010dc95584
Event: 48.343 Thread 0x00007ffe1aa40000 DEOPT PACKING pc=0x000000010dc95584 sp=0x00007000019e8950
Event: 48.343 Thread 0x00007ffe1aa40000 DEOPT UNPACKING pc=0x000000010d5a2229 sp=0x00007000019e88a8 mode 2


Dynamic libraries:
0x0000000005485000 	/System/Library/Frameworks/Cocoa.framework/Versions/A/Cocoa
0x0000000005485000 	/System/Library/Frameworks/Security.framework/Versions/A/Security
0x0000000005485000 	/System/Library/Frameworks/ApplicationServices.framework/Versions/A/ApplicationServices
0x0000000005485000 	/usr/lib/libz.1.dylib
0x0000000005485000 	/usr/lib/libSystem.B.dylib
0x0000000005485000 	/usr/lib/libobjc.A.dylib
0x0000000005485000 	/System/Library/Frameworks/CoreFoundation.framework/Versions/A/CoreFoundation
0x0000000005485000 	/System/Library/Frameworks/Foundation.framework/Versions/C/Foundation
0x0000000005485000 	/System/Library/Frameworks/AppKit.framework/Versions/C/AppKit
0x0000000005485000 	/System/Library/Frameworks/CoreData.framework/Versions/A/CoreData
0x0000000005485000 	/System/Library/PrivateFrameworks/RemoteViewServices.framework/Versions/A/RemoteViewServices
0x0000000005485000 	/System/Library/PrivateFrameworks/UIFoundation.framework/Versions/A/UIFoundation
0x0000000005485000 	/usr/lib/libScreenReader.dylib
0x0000000005485000 	/System/Library/Frameworks/Accelerate.framework/Versions/A/Accelerate
0x0000000005485000 	/System/Library/Frameworks/IOSurface.framework/Versions/A/IOSurface
0x0000000005485000 	/System/Library/Frameworks/AudioToolbox.framework/Versions/A/AudioToolbox
0x0000000005485000 	/System/Library/Frameworks/AudioUnit.framework/Versions/A/AudioUnit
0x0000000005485000 	/System/Library/PrivateFrameworks/DataDetectorsCore.framework/Versions/A/DataDetectorsCore
0x0000000005485000 	/System/Library/PrivateFrameworks/DesktopServicesPriv.framework/Versions/A/DesktopServicesPriv
0x0000000005485000 	/System/Library/Frameworks/Carbon.framework/Versions/A/Frameworks/HIToolbox.framework/Versions/A/HIToolbox
0x0000000005485000 	/System/Library/Frameworks/QuartzCore.framework/Versions/A/QuartzCore
0x0000000005485000 	/System/Library/Frameworks/Carbon.framework/Versions/A/Frameworks/SpeechRecognition.framework/Versions/A/SpeechRecognition
0x0000000005485000 	/usr/lib/libauto.dylib
0x0000000005485000 	/usr/lib/libicucore.A.dylib
0x0000000005485000 	/usr/lib/libxml2.2.dylib
0x0000000005485000 	/System/Library/PrivateFrameworks/CoreUI.framework/Versions/A/CoreUI
0x0000000005485000 	/System/Library/Frameworks/CoreAudio.framework/Versions/A/CoreAudio
0x0000000005485000 	/System/Library/Frameworks/DiskArbitration.framework/Versions/A/DiskArbitration
0x0000000005485000 	/usr/lib/liblangid.dylib
0x0000000005485000 	/System/Library/PrivateFrameworks/MultitouchSupport.framework/Versions/A/MultitouchSupport
0x0000000005485000 	/System/Library/Frameworks/IOKit.framework/Versions/A/IOKit
0x0000000005485000 	/usr/lib/libDiagnosticMessagesClient.dylib
0x0000000005485000 	/System/Library/Frameworks/CoreServices.framework/Versions/A/CoreServices
0x0000000005485000 	/System/Library/PrivateFrameworks/PerformanceAnalysis.framework/Versions/A/PerformanceAnalysis
0x0000000005485000 	/System/Library/PrivateFrameworks/GenerationalStorage.framework/Versions/A/GenerationalStorage
0x0000000005485000 	/System/Library/Frameworks/OpenGL.framework/Versions/A/OpenGL
0x0000000005485000 	/System/Library/PrivateFrameworks/Sharing.framework/Versions/A/Sharing
0x0000000005485000 	/System/Library/Frameworks/CoreGraphics.framework/Versions/A/CoreGraphics
0x0000000005485000 	/System/Library/Frameworks/CoreImage.framework/Versions/A/CoreImage
0x0000000005485000 	/System/Library/Frameworks/CoreText.framework/Versions/A/CoreText
0x0000000005485000 	/System/Library/Frameworks/ImageIO.framework/Versions/A/ImageIO
0x0000000005485000 	/System/Library/PrivateFrameworks/Backup.framework/Versions/A/Backup
0x0000000005485000 	/usr/lib/libextension.dylib
0x0000000005485000 	/usr/lib/libarchive.2.dylib
0x0000000005485000 	/System/Library/Frameworks/CFNetwork.framework/Versions/A/CFNetwork
0x0000000005485000 	/System/Library/Frameworks/SystemConfiguration.framework/Versions/A/SystemConfiguration
0x0000000005485000 	/usr/lib/libCRFSuite.dylib
0x0000000005485000 	/usr/lib/libc++.1.dylib
0x0000000005485000 	/usr/lib/libc++abi.dylib
0x0000000005485000 	/usr/lib/system/libcache.dylib
0x0000000005485000 	/usr/lib/system/libcommonCrypto.dylib
0x0000000005485000 	/usr/lib/system/libcompiler_rt.dylib
0x0000000005485000 	/usr/lib/system/libcopyfile.dylib
0x0000000005485000 	/usr/lib/system/libcorecrypto.dylib
0x0000000005485000 	/usr/lib/system/libdispatch.dylib
0x0000000005485000 	/usr/lib/system/libdyld.dylib
0x0000000005485000 	/usr/lib/system/libkeymgr.dylib
0x0000000005485000 	/usr/lib/system/liblaunch.dylib
0x0000000005485000 	/usr/lib/system/libmacho.dylib
0x0000000005485000 	/usr/lib/system/libquarantine.dylib
0x0000000005485000 	/usr/lib/system/libremovefile.dylib
0x0000000005485000 	/usr/lib/system/libsystem_asl.dylib
0x0000000005485000 	/usr/lib/system/libsystem_blocks.dylib
0x0000000005485000 	/usr/lib/system/libsystem_c.dylib
0x0000000005485000 	/usr/lib/system/libsystem_configuration.dylib
0x0000000005485000 	/usr/lib/system/libsystem_coreservices.dylib
0x0000000005485000 	/usr/lib/system/libsystem_coretls.dylib
0x0000000005485000 	/usr/lib/system/libsystem_dnssd.dylib
0x0000000005485000 	/usr/lib/system/libsystem_info.dylib
0x0000000005485000 	/usr/lib/system/libsystem_kernel.dylib
0x0000000005485000 	/usr/lib/system/libsystem_m.dylib
0x0000000005485000 	/usr/lib/system/libsystem_malloc.dylib
0x0000000005485000 	/usr/lib/system/libsystem_network.dylib
0x0000000005485000 	/usr/lib/system/libsystem_networkextension.dylib
0x0000000005485000 	/usr/lib/system/libsystem_notify.dylib
0x0000000005485000 	/usr/lib/system/libsystem_platform.dylib
0x0000000005485000 	/usr/lib/system/libsystem_pthread.dylib
0x0000000005485000 	/usr/lib/system/libsystem_sandbox.dylib
0x0000000005485000 	/usr/lib/system/libsystem_secinit.dylib
0x0000000005485000 	/usr/lib/system/libsystem_trace.dylib
0x0000000005485000 	/usr/lib/system/libunc.dylib
0x0000000005485000 	/usr/lib/system/libunwind.dylib
0x0000000005485000 	/usr/lib/system/libxpc.dylib
0x0000000005485000 	/usr/lib/libenergytrace.dylib
0x0000000005485000 	/usr/lib/libbsm.0.dylib
0x0000000005485000 	/usr/lib/system/libkxld.dylib
0x0000000005485000 	/usr/lib/libxar.1.dylib
0x0000000005485000 	/usr/lib/libsqlite3.dylib
0x0000000005485000 	/usr/lib/libpam.2.dylib
0x0000000005485000 	/usr/lib/libOpenScriptingUtil.dylib
0x0000000005485000 	/usr/lib/libbz2.1.0.dylib
0x0000000005485000 	/usr/lib/liblzma.5.dylib
0x0000000005485000 	/System/Library/Frameworks/CoreServices.framework/Versions/A/Frameworks/FSEvents.framework/Versions/A/FSEvents
0x0000000005485000 	/System/Library/Frameworks/CoreServices.framework/Versions/A/Frameworks/CarbonCore.framework/Versions/A/CarbonCore
0x0000000005485000 	/System/Library/Frameworks/CoreServices.framework/Versions/A/Frameworks/Metadata.framework/Versions/A/Metadata
0x0000000005485000 	/System/Library/Frameworks/CoreServices.framework/Versions/A/Frameworks/OSServices.framework/Versions/A/OSServices
0x0000000005485000 	/System/Library/Frameworks/CoreServices.framework/Versions/A/Frameworks/SearchKit.framework/Versions/A/SearchKit
0x0000000005485000 	/System/Library/Frameworks/CoreServices.framework/Versions/A/Frameworks/AE.framework/Versions/A/AE
0x0000000005485000 	/System/Library/Frameworks/CoreServices.framework/Versions/A/Frameworks/LaunchServices.framework/Versions/A/LaunchServices
0x0000000005485000 	/System/Library/Frameworks/CoreServices.framework/Versions/A/Frameworks/DictionaryServices.framework/Versions/A/DictionaryServices
0x0000000005485000 	/System/Library/Frameworks/CoreServices.framework/Versions/A/Frameworks/SharedFileList.framework/Versions/A/SharedFileList
0x0000000005485000 	/System/Library/Frameworks/NetFS.framework/Versions/A/NetFS
0x0000000005485000 	/System/Library/PrivateFrameworks/NetAuth.framework/Versions/A/NetAuth
0x0000000005485000 	/System/Library/PrivateFrameworks/login.framework/Versions/A/Frameworks/loginsupport.framework/Versions/A/loginsupport
0x0000000005485000 	/System/Library/PrivateFrameworks/TCC.framework/Versions/A/TCC
0x0000000005485000 	/usr/lib/libmecabra.dylib
0x0000000005485000 	/System/Library/Frameworks/ApplicationServices.framework/Versions/A/Frameworks/ATS.framework/Versions/A/ATS
0x0000000005485000 	/System/Library/Frameworks/ApplicationServices.framework/Versions/A/Frameworks/ColorSync.framework/Versions/A/ColorSync
0x0000000005485000 	/System/Library/Frameworks/ApplicationServices.framework/Versions/A/Frameworks/HIServices.framework/Versions/A/HIServices
0x0000000005485000 	/System/Library/Frameworks/ApplicationServices.framework/Versions/A/Frameworks/LangAnalysis.framework/Versions/A/LangAnalysis
0x0000000005485000 	/System/Library/Frameworks/ApplicationServices.framework/Versions/A/Frameworks/PrintCore.framework/Versions/A/PrintCore
0x0000000005485000 	/System/Library/Frameworks/ApplicationServices.framework/Versions/A/Frameworks/QD.framework/Versions/A/QD
0x0000000005485000 	/System/Library/Frameworks/ApplicationServices.framework/Versions/A/Frameworks/SpeechSynthesis.framework/Versions/A/SpeechSynthesis
0x0000000005485000 	/System/Library/Frameworks/Metal.framework/Versions/A/Metal
0x0000000005485000 	/System/Library/Frameworks/Accelerate.framework/Versions/A/Frameworks/vImage.framework/Versions/A/vImage
0x0000000005485000 	/System/Library/Frameworks/Accelerate.framework/Versions/A/Frameworks/vecLib.framework/Versions/A/vecLib
0x0000000005485000 	/System/Library/Frameworks/Accelerate.framework/Versions/A/Frameworks/vecLib.framework/Versions/A/libvDSP.dylib
0x0000000005485000 	/System/Library/Frameworks/Accelerate.framework/Versions/A/Frameworks/vecLib.framework/Versions/A/libvMisc.dylib
0x0000000005485000 	/System/Library/Frameworks/Accelerate.framework/Versions/A/Frameworks/vecLib.framework/Versions/A/libLAPACK.dylib
0x0000000005485000 	/System/Library/Frameworks/Accelerate.framework/Versions/A/Frameworks/vecLib.framework/Versions/A/libBLAS.dylib
0x0000000005485000 	/System/Library/Frameworks/Accelerate.framework/Versions/A/Frameworks/vecLib.framework/Versions/A/libLinearAlgebra.dylib
0x0000000005485000 	/System/Library/Frameworks/Accelerate.framework/Versions/A/Frameworks/vecLib.framework/Versions/A/libSparseBLAS.dylib
0x0000000005485000 	/System/Library/PrivateFrameworks/GPUCompiler.framework/libmetal_timestamp.dylib
0x0000000005485000 	/System/Library/Frameworks/OpenGL.framework/Versions/A/Libraries/libCoreFSCache.dylib
0x0000000005485000 	/System/Library/PrivateFrameworks/IOAccelerator.framework/Versions/A/IOAccelerator
0x0000000005485000 	/System/Library/Frameworks/ApplicationServices.framework/Versions/A/Frameworks/ATS.framework/Versions/A/Resources/libFontParser.dylib
0x0000000005485000 	/System/Library/Frameworks/ApplicationServices.framework/Versions/A/Frameworks/ATS.framework/Versions/A/Resources/libFontRegistry.dylib
0x0000000005485000 	/System/Library/PrivateFrameworks/AppleVPA.framework/Versions/A/AppleVPA
0x0000000005485000 	/System/Library/PrivateFrameworks/AppleJPEG.framework/Versions/A/AppleJPEG
0x0000000005485000 	/System/Library/Frameworks/ImageIO.framework/Versions/A/Resources/libJPEG.dylib
0x0000000005485000 	/System/Library/Frameworks/ImageIO.framework/Versions/A/Resources/libTIFF.dylib
0x0000000005485000 	/System/Library/Frameworks/ImageIO.framework/Versions/A/Resources/libPng.dylib
0x0000000005485000 	/System/Library/Frameworks/ImageIO.framework/Versions/A/Resources/libGIF.dylib
0x0000000005485000 	/System/Library/Frameworks/ImageIO.framework/Versions/A/Resources/libJP2.dylib
0x0000000005485000 	/System/Library/Frameworks/ImageIO.framework/Versions/A/Resources/libRadiance.dylib
0x0000000005485000 	/System/Library/Frameworks/CoreVideo.framework/Versions/A/CoreVideo
0x0000000005485000 	/System/Library/Frameworks/OpenGL.framework/Versions/A/Libraries/libGLU.dylib
0x0000000005485000 	/System/Library/Frameworks/OpenGL.framework/Versions/A/Libraries/libGFXShared.dylib
0x0000000005485000 	/System/Library/Frameworks/OpenGL.framework/Versions/A/Libraries/libGL.dylib
0x0000000005485000 	/System/Library/Frameworks/OpenGL.framework/Versions/A/Libraries/libGLImage.dylib
0x0000000005485000 	/System/Library/Frameworks/OpenGL.framework/Versions/A/Libraries/libCVMSPluginSupport.dylib
0x0000000005485000 	/System/Library/Frameworks/OpenGL.framework/Versions/A/Libraries/libCoreVMClient.dylib
0x0000000005485000 	/usr/lib/libcompression.dylib
0x0000000005485000 	/usr/lib/libcups.2.dylib
0x0000000005485000 	/System/Library/Frameworks/Kerberos.framework/Versions/A/Kerberos
0x0000000005485000 	/System/Library/Frameworks/GSS.framework/Versions/A/GSS
0x0000000005485000 	/usr/lib/libresolv.9.dylib
0x0000000005485000 	/usr/lib/libiconv.2.dylib
0x0000000005485000 	/System/Library/PrivateFrameworks/Heimdal.framework/Versions/A/Heimdal
0x0000000005485000 	/usr/lib/libheimdal-asn1.dylib
0x0000000005485000 	/System/Library/Frameworks/OpenDirectory.framework/Versions/A/OpenDirectory
0x0000000005485000 	/System/Library/PrivateFrameworks/CommonAuth.framework/Versions/A/CommonAuth
0x0000000005485000 	/System/Library/Frameworks/OpenDirectory.framework/Versions/A/Frameworks/CFOpenDirectory.framework/Versions/A/CFOpenDirectory
0x0000000005485000 	/System/Library/Frameworks/SecurityFoundation.framework/Versions/A/SecurityFoundation
0x0000000005485000 	/System/Library/PrivateFrameworks/LanguageModeling.framework/Versions/A/LanguageModeling
0x0000000005485000 	/usr/lib/libmarisa.dylib
0x0000000005485000 	/usr/lib/libChineseTokenizer.dylib
0x0000000005485000 	/usr/lib/libcmph.dylib
0x0000000005485000 	/System/Library/Frameworks/ServiceManagement.framework/Versions/A/ServiceManagement
0x0000000005485000 	/usr/lib/libxslt.1.dylib
0x0000000005485000 	/System/Library/Frameworks/Carbon.framework/Versions/A/Frameworks/Ink.framework/Versions/A/Ink
0x0000000005485000 	/usr/lib/libFosl_dynamic.dylib
0x0000000005485000 	/System/Library/PrivateFrameworks/FaceCore.framework/Versions/A/FaceCore
0x0000000005485000 	/System/Library/Frameworks/OpenCL.framework/Versions/A/OpenCL
0x0000000005485000 	/System/Library/PrivateFrameworks/CrashReporterSupport.framework/Versions/A/CrashReporterSupport
0x0000000005485000 	/System/Library/PrivateFrameworks/IconServices.framework/Versions/A/IconServices
0x0000000005485000 	/System/Library/PrivateFrameworks/Apple80211.framework/Versions/A/Apple80211
0x0000000005485000 	/System/Library/Frameworks/CoreWLAN.framework/Versions/A/CoreWLAN
0x0000000005485000 	/System/Library/Frameworks/IOBluetooth.framework/Versions/A/IOBluetooth
0x0000000005485000 	/System/Library/PrivateFrameworks/CoreWiFi.framework/Versions/A/CoreWiFi
0x0000000005485000 	/System/Library/Frameworks/CoreBluetooth.framework/Versions/A/CoreBluetooth
0x0000000005485000 	/System/Library/PrivateFrameworks/ChunkingLibrary.framework/Versions/A/ChunkingLibrary
0x0000000005485000 	/System/Library/PrivateFrameworks/DebugSymbols.framework/Versions/A/DebugSymbols
0x0000000005485000 	/System/Library/PrivateFrameworks/CoreSymbolication.framework/Versions/A/CoreSymbolication
0x0000000005485000 	/System/Library/PrivateFrameworks/Symbolication.framework/Versions/A/Symbolication
0x0000000005485000 	/System/Library/PrivateFrameworks/SpeechRecognitionCore.framework/Versions/A/SpeechRecognitionCore
0x000000010c600000 	/Library/Java/JavaVirtualMachines/jdk1.8.0_101.jdk/Contents/Home/jre/lib/server/libjvm.dylib
0x0000000005485000 	/usr/lib/libstdc++.6.dylib
0x000000010bc22000 	/Library/Java/JavaVirtualMachines/jdk1.8.0_101.jdk/Contents/Home/jre/lib/libverify.dylib
0x000000010bc30000 	/Library/Java/JavaVirtualMachines/jdk1.8.0_101.jdk/Contents/Home/jre/lib/libjava.dylib
0x000000010bc6f000 	/Library/Java/JavaVirtualMachines/jdk1.8.0_101.jdk/Contents/Home/jre/lib/libzip.dylib
0x000000010bde3000 	/System/Library/Frameworks/JavaVM.framework/Frameworks/JavaRuntimeSupport.framework/JavaRuntimeSupport
0x000000012082d000 	/System/Library/Frameworks/JavaVM.framework/Versions/A/Frameworks/JavaNativeFoundation.framework/Versions/A/JavaNativeFoundation
0x0000000120842000 	/System/Library/Frameworks/JavaVM.framework/Versions/A/JavaVM
0x0000000005485000 	/System/Library/Frameworks/Carbon.framework/Versions/A/Carbon
0x000000012084f000 	/System/Library/PrivateFrameworks/JavaLaunching.framework/Versions/A/JavaLaunching
0x0000000005485000 	/System/Library/Frameworks/Carbon.framework/Versions/A/Frameworks/CommonPanels.framework/Versions/A/CommonPanels
0x0000000005485000 	/System/Library/Frameworks/Carbon.framework/Versions/A/Frameworks/Help.framework/Versions/A/Help
0x0000000005485000 	/System/Library/Frameworks/Carbon.framework/Versions/A/Frameworks/ImageCapture.framework/Versions/A/ImageCapture
0x0000000005485000 	/System/Library/Frameworks/Carbon.framework/Versions/A/Frameworks/OpenScripting.framework/Versions/A/OpenScripting
0x0000000005485000 	/System/Library/Frameworks/Carbon.framework/Versions/A/Frameworks/Print.framework/Versions/A/Print
0x0000000005485000 	/System/Library/Frameworks/Carbon.framework/Versions/A/Frameworks/SecurityHI.framework/Versions/A/SecurityHI
0x0000000122172000 	/Library/Java/JavaVirtualMachines/jdk1.8.0_101.jdk/Contents/Home/jre/lib/libawt.dylib
0x000000012221a000 	/Library/Java/JavaVirtualMachines/jdk1.8.0_101.jdk/Contents/Home/jre/lib/./libmlib_image.dylib
0x00000001222e6000 	/Library/Java/JavaVirtualMachines/jdk1.8.0_101.jdk/Contents/Home/jre/lib/libawt_lwawt.dylib
0x000000012239b000 	/Library/Java/JavaVirtualMachines/jdk1.8.0_101.jdk/Contents/Home/jre/lib/./libosxapp.dylib
0x0000000005485000 	/System/Library/Frameworks/ExceptionHandling.framework/Versions/A/ExceptionHandling
0x0000000005485000 	/System/Library/PrivateFrameworks/CoreServicesInternal.framework/Versions/A/CoreServicesInternal
0x0000000005485000 	/System/Library/Frameworks/CoreGraphics.framework/Versions/A/Resources/libRIP.A.dylib
0x0000000005485000 	/System/Library/Frameworks/Accelerate.framework/Versions/A/Frameworks/vImage.framework/Versions/A/Libraries/libCGInterfaces.dylib
0x0000000005485000 	/System/Library/Frameworks/CoreGraphics.framework/Versions/A/Resources/libCGXType.A.dylib
0x0000000005485000 	/System/Library/Frameworks/OpenCL.framework/Versions/A/Libraries/libcldcpuengine.dylib
0x0000000005485000 	/System/Library/PrivateFrameworks/DiskImages.framework/Versions/A/DiskImages
0x0000000005485000 	/System/Library/Frameworks/DiscRecording.framework/Versions/A/DiscRecording
0x0000000005485000 	/usr/lib/libcsfde.dylib
0x0000000005485000 	/usr/lib/libcurl.4.dylib
0x0000000005485000 	/System/Library/PrivateFrameworks/MediaKit.framework/Versions/A/MediaKit
0x0000000005485000 	/System/Library/PrivateFrameworks/ProtectedCloudStorage.framework/Versions/A/ProtectedCloudStorage
0x0000000005485000 	/usr/lib/libCoreStorage.dylib
0x0000000005485000 	/System/Library/PrivateFrameworks/EFILogin.framework/Versions/A/EFILogin
0x0000000005485000 	/usr/lib/libutil.dylib
0x0000000005485000 	/System/Library/PrivateFrameworks/FindMyDevice.framework/Versions/A/FindMyDevice
0x0000000005485000 	/System/Library/Frameworks/LDAP.framework/Versions/A/LDAP
0x0000000005485000 	/usr/lib/libsasl2.2.dylib
0x0000000005485000 	/System/Library/PrivateFrameworks/CoreDaemon.framework/Versions/B/CoreDaemon
0x0000000005485000 	/usr/lib/libcrypto.0.9.8.dylib
0x0000000005485000 	/System/Library/PrivateFrameworks/AppleSRP.framework/Versions/A/AppleSRP
0x0000000005485000 	/System/Library/PrivateFrameworks/TrustEvaluationAgent.framework/Versions/A/TrustEvaluationAgent
0x0000000123c2b000 	cl_kernels
0x0000000005485000 	/System/Library/Frameworks/OpenCL.framework/Versions/A/Libraries/ImageFormats/unorm8_bgra.dylib
0x0000000005485000 	/System/Library/Frameworks/OpenCL.framework/Versions/A/Libraries/ImageFormats/unorm8_rgba.dylib
0x0000000005485000 	/System/Library/PrivateFrameworks/FamilyControls.framework/Versions/A/FamilyControls
0x0000000005485000 	/System/Library/PrivateFrameworks/CommerceKit.framework/Versions/A/Frameworks/CommerceCore.framework/Versions/A/CommerceCore
0x0000000005485000 	/System/Library/PrivateFrameworks/SystemAdministration.framework/Versions/A/SystemAdministration
0x0000000005485000 	/System/Library/PrivateFrameworks/AppContainer.framework/Versions/A/AppContainer
0x0000000005485000 	/System/Library/PrivateFrameworks/SecCodeWrapper.framework/Versions/A/SecCodeWrapper
0x0000000005485000 	/System/Library/Frameworks/DirectoryService.framework/Versions/A/DirectoryService
0x0000000005485000 	/System/Library/PrivateFrameworks/LoginUIKit.framework/Versions/A/Frameworks/LoginUICore.framework/Versions/A/LoginUICore
0x0000000005485000 	/usr/lib/libodfde.dylib
0x0000000005485000 	/System/Library/Frameworks/OpenGL.framework/Versions/A/Resources/GLEngine.bundle/GLEngine
0x0000000005485000 	/System/Library/Frameworks/OpenGL.framework/Versions/A/Libraries/libGLProgrammability.dylib
0x0000000124c68000 	/System/Library/Extensions/AppleIntelHD4000GraphicsGLDriver.bundle/Contents/MacOS/AppleIntelHD4000GraphicsGLDriver
0x0000000005485000 	/System/Library/PrivateFrameworks/GPUSupport.framework/Versions/A/Libraries/libGPUSupportMercury.dylib
0x0000000005485000 	/System/Library/Frameworks/OpenGL.framework/Versions/A/Resources/GLRendererFloat.bundle/GLRendererFloat
0x0000000125bce000 	/Library/Java/JavaVirtualMachines/jdk1.8.0_101.jdk/Contents/Home/jre/lib/libfontmanager.dylib
0x000000012708f000 	/Library/Java/JavaVirtualMachines/jdk1.8.0_101.jdk/Contents/Home/jre/lib/libosxui.dylib
0x0000000127b83000 	/Library/Java/JavaVirtualMachines/jdk1.8.0_101.jdk/Contents/Home/jre/lib/libnet.dylib
0x0000000127dcb000 	/Library/Java/JavaVirtualMachines/jdk1.8.0_101.jdk/Contents/Home/jre/lib/libnio.dylib
0x0000000005485000 	/System/Library/Frameworks/ApplicationServices.framework/Versions/A/Frameworks/ATS.framework/Versions/A/Resources/libTrueTypeScaler.dylib
0x0000000178c97000 	/System/Library/Extensions/AppleIntelHD4000GraphicsMTLDriver.bundle/Contents/MacOS/AppleIntelHD4000GraphicsMTLDriver
0x000000012320e000 	/private/var/folders/df/q331szgs0rs63dmvvv6sk8180000gn/T/jogamp_0000/file_cache/jln7278309719445959445/jln2698036684267517205/libgluegen-rt.jnilib
0x0000000123213000 	/private/var/folders/df/q331szgs0rs63dmvvv6sk8180000gn/T/jogamp_0000/file_cache/jln7278309719445959445/jln2698036684267517205/libnativewindow_awt.jnilib
0x0000000123216000 	/Library/Java/JavaVirtualMachines/jdk1.8.0_101.jdk/Contents/Home/jre/lib/libjawt.dylib
0x0000000178be3000 	/private/var/folders/df/q331szgs0rs63dmvvv6sk8180000gn/T/jogamp_0000/file_cache/jln7278309719445959445/jln2698036684267517205/libnativewindow_macosx.jnilib
0x000000017a989000 	/private/var/folders/df/q331szgs0rs63dmvvv6sk8180000gn/T/jogamp_0000/file_cache/jln7278309719445959445/jln2698036684267517205/libjogl_desktop.jnilib
0x000000017d74a000 	/Library/Java/JavaVirtualMachines/jdk1.8.0_101.jdk/Contents/Home/jre/lib/libsunec.dylib
0x000000017ad08000 	/Library/Java/JavaVirtualMachines/jdk1.8.0_101.jdk/Contents/Home/jre/lib/libt2k.dylib

VM Arguments:
jvm_args: -Djava.security.policy=java.policy.applet -Dfile.encoding=UTF-8 
java_command: sun.applet.AppletViewer module5.EarthquakeCityMap1496352083083.html
java_class_path (initial): /Users/Ryan/Documents/workspaceCoursera/UCSDUnfoldingMaps/build:/Users/Ryan/Documents/workspaceCoursera/UCSDUnfoldingMaps/lib/core.jar:/Users/Ryan/Documents/workspaceCoursera/UCSDUnfoldingMaps/lib/gluegen-rt.jar:/Users/Ryan/Documents/workspaceCoursera/UCSDUnfoldingMaps/lib/jogl-all.jar:/Users/Ryan/Documents/workspaceCoursera/UCSDUnfoldingMaps/lib/log4j-1.2.15.jar:/Users/Ryan/Documents/workspaceCoursera/UCSDUnfoldingMaps/lib/sqlite-jdbc-3.7.2.jar:/Users/Ryan/Documents/workspaceCoursera/UCSDUnfoldingMaps/lib/json4processing.jar:/Users/Ryan/Documents/workspaceCoursera/UCSDUnfoldingMaps/lib/libTUIO.jar:/Users/Ryan/Documents/workspaceCoursera/UCSDUnfoldingMaps/lib/unfolding.0.9.7-uscd.jar
Launcher Type: SUN_STANDARD

Environment Variables:
PATH=/usr/bin:/bin:/usr/sbin:/sbin
SHELL=/bin/bash
DISPLAY=/private/tmp/com.apple.launchd.ULRZtvESmK/org.macosforge.xquartz:0

Signal Handlers:
SIGSEGV: [libjvm.dylib+0x5af145], sa_mask[0]=11111111011111110111111111111111, sa_flags=SA_ONSTACK|SA_RESTART|SA_SIGINFO
SIGBUS: [libjvm.dylib+0x5af145], sa_mask[0]=11111111011111110111111111111111, sa_flags=SA_RESTART|SA_SIGINFO
SIGFPE: [libjvm.dylib+0x48694c], sa_mask[0]=11111111011111110111111111111111, sa_flags=SA_RESTART|SA_SIGINFO
SIGPIPE: [libjvm.dylib+0x48694c], sa_mask[0]=11111111011111110111111111111111, sa_flags=SA_RESTART|SA_SIGINFO
SIGXFSZ: [libjvm.dylib+0x48694c], sa_mask[0]=11111111011111110111111111111111, sa_flags=SA_RESTART|SA_SIGINFO
SIGILL: [libjvm.dylib+0x48694c], sa_mask[0]=11111111011111110111111111111111, sa_flags=SA_RESTART|SA_SIGINFO
SIGUSR1: SIG_DFL, sa_mask[0]=00000000000000000000000000000000, sa_flags=none
SIGUSR2: [libjvm.dylib+0x48646a], sa_mask[0]=00100000000000000000000000000000, sa_flags=SA_RESTART|SA_SIGINFO
SIGHUP: [libjvm.dylib+0x484a41], sa_mask[0]=11111111011111110111111111111111, sa_flags=SA_RESTART|SA_SIGINFO
SIGINT: [libjvm.dylib+0x484a41], sa_mask[0]=11111111011111110111111111111111, sa_flags=SA_RESTART|SA_SIGINFO
SIGTERM: [libjvm.dylib+0x484a41], sa_mask[0]=11111111011111110111111111111111, sa_flags=SA_RESTART|SA_SIGINFO
SIGQUIT: [libjvm.dylib+0x484a41], sa_mask[0]=11111111011111110111111111111111, sa_flags=SA_RESTART|SA_SIGINFO


---------------  S Y S T E M  ---------------

OS:Bsduname:Darwin 15.6.0 Darwin Kernel Version 15.6.0: Thu Jun 23 18:25:34 PDT 2016; root:xnu-3248.60.10~1/RELEASE_X86_64 x86_64
rlimit: STACK 8192k, CORE 0k, NPROC 709, NOFILE 10240, AS infinity
load average:2.42 2.12 2.01

CPU:total 4 (2 cores per cpu, 2 threads per core) family 6 model 58 stepping 9, cmov, cx8, fxsr, mmx, sse, sse2, sse3, ssse3, sse4.1, sse4.2, popcnt, avx, aes, clmul, erms, ht, tsc, tscinvbit, tscinv

Memory: 4k page, physical 4194304k(161892k free)

/proc/meminfo:


vm_info: Java HotSpot(TM) 64-Bit Server VM (25.101-b13) for bsd-amd64 JRE (1.8.0_101-b13), built on Jun 22 2016 02:42:15 by "java_re" with gcc 4.2.1 (Based on Apple Inc. build 5658) (LLVM build 2336.11.00)

time: Thu Jun  1 17:22:11 2017
elapsed time: 48 seconds (0d 0h 0m 48s)

