#
# A fatal error has been detected by the Java Runtime Environment:
#
#  SIGSEGV (0xb) at pc=0x00007fff8b7c74e9, pid=31380, tid=0x0000000000000a0b
#
# JRE version: Java(TM) SE Runtime Environment (8.0_101-b13) (build 1.8.0_101-b13)
# Java VM: Java HotSpot(TM) 64-Bit Server VM (25.101-b13 mixed mode bsd-amd64 compressed oops)
# Problematic frame:
# C  [libobjc.A.dylib+0x14e9]  objc_msgSend+0x29
#
# Failed to write core dump. Core dumps have been disabled. To enable core dumping, try "ulimit -c unlimited" before starting Java again
#
# If you would like to submit a bug report, please visit:
#   http://bugreport.java.com/bugreport/crash.jsp
# The crash happened outside the Java Virtual Machine in native code.
# See problematic frame for where to report the bug.
#

---------------  T H R E A D  ---------------

Current thread (0x00007f8d1d121000):  JavaThread "AWT-AppKit" daemon [_thread_in_native, id=2571, stack(0x00007fff525c7000,0x00007fff52dc7000)]

siginfo: si_signo: 11 (SIGSEGV), si_code: 1 (SEGV_MAPERR), si_addr: 0x0000000000000000

Registers:
RAX=0x00007f8d20ad5540, RBX=0x000000017a098450, RCX=0x000000012459c720, RDX=0x0000000128214380
RSP=0x00007fff52dc2308, RBP=0x00007fff52dc23c0, RSI=0x00007fff85a09cbe, RDI=0x00007f8d20b6f160
R8 =0x0000000000000000, R9 =0x00000000000008b0, R10=0x0000000000000000, R11=0x00007f8d20ba8cb0
R12=0x0000000000000000, R13=0x000000017bf68818, R14=0x000000017a098440, R15=0x00007f8d1d121000
RIP=0x00007fff8b7c74e9, EFLAGS=0x0000000000010246, ERR=0x0000000000000004
  TRAPNO=0x000000000000000e

Top of Stack: (sp=0x00007fff52dc2308)
0x00007fff52dc2308:   000000017a096157 00007fff52dc2360
0x00007fff52dc2318:   0000000000000003 00007fff52dc2340
0x00007fff52dc2328:   000000010d2a78e6 000000017bf68818
0x00007fff52dc2338:   000000017bf68818 00007f8d20ad5540
0x00007fff52dc2348:   000000017a0986a0 000000017a098710
0x00007fff52dc2358:   00007fff779c6770 00007fff757ae500
0x00007fff52dc2368:   000000017a098450 000000017a098690
0x00007fff52dc2378:   00007f8d20ad5540 00007f8d20b6f160
0x00007fff52dc2388:   00007f8d20ba3050 00007f8d20ad5540
0x00007fff52dc2398:   00007f8d20b6f160 00007fff52dc2448
0x00007fff52dc23a8:   00007f8d1d1211f8 000000017bf68818
0x00007fff52dc23b8:   00007fff52dc2470 00007fff52dc2438
0x00007fff52dc23c8:   000000010ea179d4 000000017bf68818
0x00007fff52dc23d8:   00007fff52dc2470 00007fff52dc2438
0x00007fff52dc23e8:   000000010ea17767 000000010ea17722
0x00007fff52dc23f8:   00007fff52dc23f8 000000017bf68818
0x00007fff52dc2408:   00007fff52dc2470 000000017bf6b450
0x00007fff52dc2418:   0000000000000000 000000017bf68818
0x00007fff52dc2428:   0000000000000000 00007fff52dc2458
0x00007fff52dc2438:   00007fff52dc24b8 000000010ea082bd
0x00007fff52dc2448:   000000078024dc20 000000010ea11538
0x00007fff52dc2458:   00007f8d20ad5540 00007fff52dc24b8
0x00007fff52dc2468:   00007f8d20b6f160 000000010ea12e02
0x00007fff52dc2478:   00007fff52dc2478 000000017bf689e2
0x00007fff52dc2488:   00007fff52dc24e0 000000017bf6b450
0x00007fff52dc2498:   0000000000000000 000000017bf689f0
0x00007fff52dc24a8:   00007fff52dc2458 00007fff52dc24c8
0x00007fff52dc24b8:   00007fff52dc2528 000000010ea082bd
0x00007fff52dc24c8:   00007f8d20ad5540 00000007806085d0
0x00007fff52dc24d8:   00007f8d20b6f160 00000007806085d0
0x00007fff52dc24e8:   00007fff52dc24e8 0000000180d917a6
0x00007fff52dc24f8:   00007fff52dc2538 0000000180d91860 

Instructions: (pc=0x00007fff8b7c74e9)
0x00007fff8b7c74c9:   01 2e 75 66 49 bb f8 ff ff ff ff 7f 00 00 4c 23
0x00007fff8b7c74d9:   1f 49 89 f2 45 23 53 18 49 c1 e2 04 4d 03 53 10
0x00007fff8b7c74e9:   49 3b 32 75 04 41 ff 62 08 49 83 3a 01 76 0d 49
0x00007fff8b7c74f9:   83 c2 10 49 3b 32 75 f1 41 ff 62 08 72 40 4d 8b 

Register to memory mapping:

RAX=0x00007f8d20ad5540 is an unknown value
RBX=0x000000017a098450: Java_jogamp_nativewindow_macosx_OSXUtil_GetScreenRefreshRate0+0x1cf0 in /private/var/folders/df/q331szgs0rs63dmvvv6sk8180000gn/T/jogamp_0000/file_cache/jln8779680583543215250/jln8849927783083804360/libnativewindow_macosx.jnilib at 0x000000017a091000
RCX=0x000000012459c720 is an unknown value
RDX=0x0000000128214380 is an unknown value
RSP=0x00007fff52dc2308 is pointing into the stack for thread: 0x00007f8d1d121000
RBP=0x00007fff52dc23c0 is pointing into the stack for thread: 0x00007f8d1d121000
RSI=0x00007fff85a09cbe is an unknown value
RDI=0x00007f8d20b6f160 is an unknown value
R8 =0x0000000000000000 is an unknown value
R9 =0x00000000000008b0 is an unknown value
R10=0x0000000000000000 is an unknown value
R11=0x00007f8d20ba8cb0 is an unknown value
R12=0x0000000000000000 is an unknown value
R13={method} {0x000000017bf68818} 'UnsetJAWTRootSurfaceLayer0' '(JJ)V' in 'jogamp/nativewindow/jawt/macosx/MacOSXJAWTWindow'
R14=0x000000017a098440: Java_jogamp_nativewindow_macosx_OSXUtil_GetScreenRefreshRate0+0x1ce0 in /private/var/folders/df/q331szgs0rs63dmvvv6sk8180000gn/T/jogamp_0000/file_cache/jln8779680583543215250/jln8849927783083804360/libnativewindow_macosx.jnilib at 0x000000017a091000
R15=0x00007f8d1d121000 is a thread


Stack: [0x00007fff525c7000,0x00007fff52dc7000],  sp=0x00007fff52dc2308,  free space=8172k
Native frames: (J=compiled Java code, j=interpreted, Vv=VM code, C=native code)
C  [libobjc.A.dylib+0x14e9]  objc_msgSend+0x29
j  jogamp.nativewindow.jawt.macosx.MacOSXJAWTWindow.UnsetJAWTRootSurfaceLayer0(JJ)V+0
j  jogamp.nativewindow.jawt.macosx.MacOSXJAWTWindow.access$200(JJ)V+2
j  jogamp.nativewindow.jawt.macosx.MacOSXJAWTWindow$1.run()V+38
J 2580 C1 com.jogamp.common.util.RunnableTask.run()V (345 bytes) @ 0x000000010f1c1f94 [0x000000010f1c1e00+0x194]
v  ~StubRoutines::call_stub
V  [libjvm.dylib+0x2ecf06]  JavaCalls::call_helper(JavaValue*, methodHandle*, JavaCallArguments*, Thread*)+0x6ae
V  [libjvm.dylib+0x324111]  jni_invoke_nonstatic(JNIEnv_*, JavaValue*, _jobject*, JNICallType, _jmethodID*, JNI_ArgumentPusher*, Thread*)+0x2ec
V  [libjvm.dylib+0x3168df]  jni_CallVoidMethod+0x16b
C  [libnativewindow_macosx.jnilib+0x5326]  Java_jogamp_nativewindow_jawt_macosx_MacOSXJAWTWindow_UnsetJAWTRootSurfaceLayer0+0x2b6
C  [Foundation+0x76fde]  __NSThreadPerformPerform+0x117
C  [CoreFoundation+0xaa881]  __CFRUNLOOP_IS_CALLING_OUT_TO_A_SOURCE0_PERFORM_FUNCTION__+0x11
C  [CoreFoundation+0x89fbc]  __CFRunLoopDoSources0+0x22c
C  [CoreFoundation+0x894df]  __CFRunLoopRun+0x39f
C  [CoreFoundation+0x88ed8]  CFRunLoopRunSpecific+0x128
C  [HIToolbox+0x30935]  RunCurrentEventLoopInMode+0xeb
C  [HIToolbox+0x30677]  ReceiveNextEventCommon+0xb8
C  [HIToolbox+0x305af]  _BlockUntilNextEventMatchingListInModeWithFilter+0x47
C  [AppKit+0x48df6]  _DPSNextEvent+0x42b
C  [AppKit+0x48226]  -[NSApplication _nextEventMatchingEventMask:untilDate:inMode:dequeue:]+0x1c6
C  [libosxapp.dylib+0x23aa]  -[NSApplicationAWT nextEventMatchingMask:untilDate:inMode:dequeue:]+0x7c
C  [AppKit+0x3cd80]  -[NSApplication run]+0x2aa
C  [libosxapp.dylib+0x214d]  +[NSApplicationAWT runAWTLoopWithApp:]+0x9c
C  [libawt_lwawt.dylib+0x444b3]  -[AWTStarter starter:]+0x389
C  [Foundation+0x76fde]  __NSThreadPerformPerform+0x117
C  [CoreFoundation+0xaa881]  __CFRUNLOOP_IS_CALLING_OUT_TO_A_SOURCE0_PERFORM_FUNCTION__+0x11
C  [CoreFoundation+0x89fbc]  __CFRunLoopDoSources0+0x22c
C  [CoreFoundation+0x894df]  __CFRunLoopRun+0x39f
C  [CoreFoundation+0x88ed8]  CFRunLoopRunSpecific+0x128
C  [java+0x6465]  CreateExecutionEnvironment+0x367
C  [java+0x218c]  JLI_Launch+0x7a0
C  [java+0x84c2]  main+0x65
C  [java+0x19e4]  start+0x34
C  0x0000000000000007

Java frames: (J=compiled Java code, j=interpreted, Vv=VM code)
j  jogamp.nativewindow.jawt.macosx.MacOSXJAWTWindow.UnsetJAWTRootSurfaceLayer0(JJ)V+0
j  jogamp.nativewindow.jawt.macosx.MacOSXJAWTWindow.access$200(JJ)V+2
j  jogamp.nativewindow.jawt.macosx.MacOSXJAWTWindow$1.run()V+38
J 2580 C1 com.jogamp.common.util.RunnableTask.run()V (345 bytes) @ 0x000000010f1c1f94 [0x000000010f1c1e00+0x194]
v  ~StubRoutines::call_stub

---------------  P R O C E S S  ---------------

Java Threads: ( => current thread )
  0x00007f8d1d3fa800 JavaThread "Thread-19" [_thread_blocked, id=67087, stack(0x0000700000932000,0x0000700000a32000)]
  0x00007f8d1ca38000 JavaThread "AWT-EventQueue-1" [_thread_in_native, id=59679, stack(0x0000700001868000,0x0000700001968000)]
  0x00007f8d1db9a000 JavaThread "DestroyJavaVM" [_thread_blocked, id=5891, stack(0x000070000011a000,0x000070000021a000)]
  0x00007f8d1d263000 JavaThread "AWT-EventQueue-0" [_thread_blocked, id=53771, stack(0x0000700001662000,0x0000700001762000)]
  0x00007f8d1d1d9800 JavaThread "Java2D Disposer" daemon [_thread_blocked, id=50703, stack(0x00007000013d9000,0x00007000014d9000)]
  0x00007f8d1d96b000 JavaThread "Java2D Queue Flusher" daemon [_thread_blocked, id=49675, stack(0x00007000012d6000,0x00007000013d6000)]
  0x00007f8d1d8e5800 JavaThread "AWT-Shutdown" [_thread_blocked, id=29203, stack(0x0000700001150000,0x0000700001250000)]
=>0x00007f8d1d121000 JavaThread "AWT-AppKit" daemon [_thread_in_native, id=2571, stack(0x00007fff525c7000,0x00007fff52dc7000)]
  0x00007f8d1d047800 JavaThread "Service Thread" daemon [_thread_blocked, id=18691, stack(0x0000700000e44000,0x0000700000f44000)]
  0x00007f8d1c025000 JavaThread "C1 CompilerThread2" daemon [_thread_blocked, id=18179, stack(0x0000700000d41000,0x0000700000e41000)]
  0x00007f8d1d036800 JavaThread "C2 CompilerThread1" daemon [_thread_blocked, id=17667, stack(0x0000700000c3e000,0x0000700000d3e000)]
  0x00007f8d1c820000 JavaThread "C2 CompilerThread0" daemon [_thread_blocked, id=17155, stack(0x0000700000b3b000,0x0000700000c3b000)]
  0x00007f8d1c024800 JavaThread "Signal Dispatcher" daemon [_thread_blocked, id=12815, stack(0x0000700000a38000,0x0000700000b38000)]
  0x00007f8d1c817000 JavaThread "Finalizer" daemon [_thread_blocked, id=12291, stack(0x000070000082f000,0x000070000092f000)]
  0x00007f8d1c816000 JavaThread "Reference Handler" daemon [_thread_blocked, id=11779, stack(0x000070000072c000,0x000070000082c000)]

Other Threads:
  0x00007f8d1c815800 VMThread [stack: 0x0000700000629000,0x0000700000729000] [id=11267]
  0x00007f8d1d02e000 WatcherThread [stack: 0x0000700000f47000,0x0000700001047000] [id=19203]

VM state:not at safepoint (normal execution)

VM Mutex/Monitor currently owned by a thread: None

Heap:
 PSYoungGen      total 97792K, used 59076K [0x00000007aab00000, 0x00000007b1680000, 0x00000007c0000000)
  eden space 87552K, 67% used [0x00000007aab00000,0x00000007ae491310,0x00000007b0080000)
  from space 10240K, 1% used [0x00000007b0c80000,0x00000007b0ca0000,0x00000007b1680000)
  to   space 11264K, 0% used [0x00000007b0080000,0x00000007b0080000,0x00000007b0b80000)
 ParOldGen       total 30720K, used 18917K [0x0000000780000000, 0x0000000781e00000, 0x00000007aab00000)
  object space 30720K, 61% used [0x0000000780000000,0x0000000781279460,0x0000000781e00000)
 Metaspace       used 24001K, capacity 24241K, committed 24576K, reserved 1071104K
  class space    used 2371K, capacity 2451K, committed 2560K, reserved 1048576K

Card table byte_map: [0x000000011ddc0000,0x000000011dfc1000] byte_map_base: 0x000000011a1c0000

Marking Bits: (ParMarkBitMap*) 0x000000010d9a2d20
 Begin Bits: [0x000000011e117000, 0x000000011f117000)
 End Bits:   [0x000000011f117000, 0x0000000120117000)

Polling page: 0x000000010e099000

CodeCache: size=245760Kb used=9883Kb max_used=9914Kb free=235876Kb
 bounds [0x000000010ea00000, 0x000000010f3c0000, 0x000000011da00000]
 total_blobs=3832 nmethods=2913 adapters=832
 compilation: enabled

Compilation events (10 events):
Event: 41.487 Thread 0x00007f8d1d036800 nmethod 3131 0x000000010f379990 code [0x000000010f379b40, 0x000000010f37a2b8]
Event: 41.487 Thread 0x00007f8d1d036800 3133       4       processing.opengl.PGraphicsOpenGL::createPolyBuffers (479 bytes)
Event: 41.489 Thread 0x00007f8d1d036800 nmethod 3133 0x000000010f379590 code [0x000000010f3796e0, 0x000000010f3797d8]
Event: 41.489 Thread 0x00007f8d1d036800 3132       4       processing.opengl.PGraphicsOpenGL::popMatrix (97 bytes)
Event: 41.500 Thread 0x00007f8d1d036800 nmethod 3132 0x000000010f393310 code [0x000000010f3934e0, 0x000000010f393ee8]
Event: 41.581 Thread 0x00007f8d1c820000 nmethod 3130 0x000000010f3ad110 code [0x000000010f3adb00, 0x000000010f3b20f8]
Event: 42.872 Thread 0x00007f8d1d036800 3134       4       java.util.HashMap$KeyIterator::next (8 bytes)
Event: 42.872 Thread 0x00007f8d1c025000 3135   !   3       sun.lwawt.LWComponentPeer::isShowing (49 bytes)
Event: 42.873 Thread 0x00007f8d1c025000 nmethod 3135 0x000000010f392590 code [0x000000010f392740, 0x000000010f393048]
Event: 42.877 Thread 0x00007f8d1d036800 nmethod 3134 0x000000010eb113d0 code [0x000000010eb11520, 0x000000010eb11738]

GC Heap History (10 events):
Event: 4.899 GC heap before
{Heap before GC invocations=7 (full 1):
 PSYoungGen      total 18944K, used 16384K [0x00000007aab00000, 0x00000007adb00000, 0x00000007c0000000)
  eden space 16384K, 100% used [0x00000007aab00000,0x00000007abb00000,0x00000007abb00000)
  from space 2560K, 0% used [0x00000007abb00000,0x00000007abb00000,0x00000007abd80000)
  to   space 8192K, 0% used [0x00000007ad300000,0x00000007ad300000,0x00000007adb00000)
 ParOldGen       total 30720K, used 7207K [0x0000000780000000, 0x0000000781e00000, 0x00000007aab00000)
  object space 30720K, 23% used [0x0000000780000000,0x0000000780709dc0,0x0000000781e00000)
 Metaspace       used 23005K, capacity 23271K, committed 23552K, reserved 1071104K
  class space    used 2347K, capacity 2450K, committed 2560K, reserved 1048576K
Event: 4.905 GC heap after
Heap after GC invocations=7 (full 1):
 PSYoungGen      total 39936K, used 6109K [0x00000007aab00000, 0x00000007adb00000, 0x00000007c0000000)
  eden space 31744K, 0% used [0x00000007aab00000,0x00000007aab00000,0x00000007aca00000)
  from space 8192K, 74% used [0x00000007ad300000,0x00000007ad8f7520,0x00000007adb00000)
  to   space 8704K, 0% used [0x00000007aca00000,0x00000007aca00000,0x00000007ad280000)
 ParOldGen       total 30720K, used 9740K [0x0000000780000000, 0x0000000781e00000, 0x00000007aab00000)
  object space 30720K, 31% used [0x0000000780000000,0x00000007809831a0,0x0000000781e00000)
 Metaspace       used 23005K, capacity 23271K, committed 23552K, reserved 1071104K
  class space    used 2347K, capacity 2450K, committed 2560K, reserved 1048576K
}
Event: 8.193 GC heap before
{Heap before GC invocations=8 (full 1):
 PSYoungGen      total 39936K, used 37853K [0x00000007aab00000, 0x00000007adb00000, 0x00000007c0000000)
  eden space 31744K, 100% used [0x00000007aab00000,0x00000007aca00000,0x00000007aca00000)
  from space 8192K, 74% used [0x00000007ad300000,0x00000007ad8f7520,0x00000007adb00000)
  to   space 8704K, 0% used [0x00000007aca00000,0x00000007aca00000,0x00000007ad280000)
 ParOldGen       total 30720K, used 9740K [0x0000000780000000, 0x0000000781e00000, 0x00000007aab00000)
  object space 30720K, 31% used [0x0000000780000000,0x00000007809831a0,0x0000000781e00000)
 Metaspace       used 23677K, capacity 23921K, committed 24320K, reserved 1071104K
  class space    used 2363K, capacity 2451K, committed 2560K, reserved 1048576K
Event: 8.199 GC heap after
Heap after GC invocations=8 (full 1):
 PSYoungGen      total 40448K, used 8621K [0x00000007aab00000, 0x00000007afa00000, 0x00000007c0000000)
  eden space 31744K, 0% used [0x00000007aab00000,0x00000007aab00000,0x00000007aca00000)
  from space 8704K, 99% used [0x00000007aca00000,0x00000007ad26b5b0,0x00000007ad280000)
  to   space 10240K, 0% used [0x00000007af000000,0x00000007af000000,0x00000007afa00000)
 ParOldGen       total 30720K, used 10516K [0x0000000780000000, 0x0000000781e00000, 0x00000007aab00000)
  object space 30720K, 34% used [0x0000000780000000,0x0000000780a451d0,0x0000000781e00000)
 Metaspace       used 23677K, capacity 23921K, committed 24320K, reserved 1071104K
  class space    used 2363K, capacity 2451K, committed 2560K, reserved 1048576K
}
Event: 13.394 GC heap before
{Heap before GC invocations=9 (full 1):
 PSYoungGen      total 40448K, used 40365K [0x00000007aab00000, 0x00000007afa00000, 0x00000007c0000000)
  eden space 31744K, 100% used [0x00000007aab00000,0x00000007aca00000,0x00000007aca00000)
  from space 8704K, 99% used [0x00000007aca00000,0x00000007ad26b5b0,0x00000007ad280000)
  to   space 10240K, 0% used [0x00000007af000000,0x00000007af000000,0x00000007afa00000)
 ParOldGen       total 30720K, used 10516K [0x0000000780000000, 0x0000000781e00000, 0x00000007aab00000)
  object space 30720K, 34% used [0x0000000780000000,0x0000000780a451d0,0x0000000781e00000)
 Metaspace       used 23898K, capacity 24113K, committed 24576K, reserved 1071104K
  class space    used 2363K, capacity 2451K, committed 2560K, reserved 1048576K
Event: 13.400 GC heap after
Heap after GC invocations=9 (full 1):
 PSYoungGen      total 69632K, used 8557K [0x00000007aab00000, 0x00000007afa00000, 0x00000007c0000000)
  eden space 59392K, 0% used [0x00000007aab00000,0x00000007aab00000,0x00000007ae500000)
  from space 10240K, 83% used [0x00000007af000000,0x00000007af85b5b0,0x00000007afa00000)
  to   space 10752K, 0% used [0x00000007ae500000,0x00000007ae500000,0x00000007aef80000)
 ParOldGen       total 30720K, used 10524K [0x0000000780000000, 0x0000000781e00000, 0x00000007aab00000)
  object space 30720K, 34% used [0x0000000780000000,0x0000000780a471d0,0x0000000781e00000)
 Metaspace       used 23898K, capacity 24113K, committed 24576K, reserved 1071104K
  class space    used 2363K, capacity 2451K, committed 2560K, reserved 1048576K
}
Event: 23.303 GC heap before
{Heap before GC invocations=10 (full 1):
 PSYoungGen      total 69632K, used 67949K [0x00000007aab00000, 0x00000007afa00000, 0x00000007c0000000)
  eden space 59392K, 100% used [0x00000007aab00000,0x00000007ae500000,0x00000007ae500000)
  from space 10240K, 83% used [0x00000007af000000,0x00000007af85b5b0,0x00000007afa00000)
  to   space 10752K, 0% used [0x00000007ae500000,0x00000007ae500000,0x00000007aef80000)
 ParOldGen       total 30720K, used 10524K [0x0000000780000000, 0x0000000781e00000, 0x00000007aab00000)
  object space 30720K, 34% used [0x0000000780000000,0x0000000780a471d0,0x0000000781e00000)
 Metaspace       used 23965K, capacity 24241K, committed 24576K, reserved 1071104K
  class space    used 2363K, capacity 2451K, committed 2560K, reserved 1048576K
Event: 23.310 GC heap after
Heap after GC invocations=10 (full 1):
 PSYoungGen      total 70144K, used 2688K [0x00000007aab00000, 0x00000007b1700000, 0x00000007c0000000)
  eden space 59392K, 0% used [0x00000007aab00000,0x00000007aab00000,0x00000007ae500000)
  from space 10752K, 25% used [0x00000007ae500000,0x00000007ae7a0090,0x00000007aef80000)
  to   space 10752K, 0% used [0x00000007b0c80000,0x00000007b0c80000,0x00000007b1700000)
 ParOldGen       total 30720K, used 16336K [0x0000000780000000, 0x0000000781e00000, 0x00000007aab00000)
  object space 30720K, 53% used [0x0000000780000000,0x0000000780ff4300,0x0000000781e00000)
 Metaspace       used 23965K, capacity 24241K, committed 24576K, reserved 1071104K
  class space    used 2363K, capacity 2451K, committed 2560K, reserved 1048576K
}
Event: 33.430 GC heap before
{Heap before GC invocations=11 (full 1):
 PSYoungGen      total 70144K, used 62080K [0x00000007aab00000, 0x00000007b1700000, 0x00000007c0000000)
  eden space 59392K, 100% used [0x00000007aab00000,0x00000007ae500000,0x00000007ae500000)
  from space 10752K, 25% used [0x00000007ae500000,0x00000007ae7a0090,0x00000007aef80000)
  to   space 10752K, 0% used [0x00000007b0c80000,0x00000007b0c80000,0x00000007b1700000)
 ParOldGen       total 30720K, used 16336K [0x0000000780000000, 0x0000000781e00000, 0x00000007aab00000)
  object space 30720K, 53% used [0x0000000780000000,0x0000000780ff4300,0x0000000781e00000)
 Metaspace       used 23966K, capacity 24241K, committed 24576K, reserved 1071104K
  class space    used 2363K, capacity 2451K, committed 2560K, reserved 1048576K
Event: 33.432 GC heap after
Heap after GC invocations=11 (full 1):
 PSYoungGen      total 97792K, used 128K [0x00000007aab00000, 0x00000007b1680000, 0x00000007c0000000)
  eden space 87552K, 0% used [0x00000007aab00000,0x00000007aab00000,0x00000007b0080000)
  from space 10240K, 1% used [0x00000007b0c80000,0x00000007b0ca0000,0x00000007b1680000)
  to   space 11264K, 0% used [0x00000007b0080000,0x00000007b0080000,0x00000007b0b80000)
 ParOldGen       total 30720K, used 18917K [0x0000000780000000, 0x0000000781e00000, 0x00000007aab00000)
  object space 30720K, 61% used [0x0000000780000000,0x0000000781279460,0x0000000781e00000)
 Metaspace       used 23966K, capacity 24241K, committed 24576K, reserved 1071104K
  class space    used 2363K, capacity 2451K, committed 2560K, reserved 1048576K
}

Deoptimization events (10 events):
Event: 42.858 Thread 0x00007f8d1d263000 Uncommon trap: reason=unstable_if action=reinterpret pc=0x000000010f15a778 method=java.awt.font.FontRenderContext.equals(Ljava/awt/font/FontRenderContext;)Z @ 2
Event: 42.858 Thread 0x00007f8d1d263000 Uncommon trap: reason=unstable_if action=reinterpret pc=0x000000010f18cecc method=java.awt.Font.equals(Ljava/lang/Object;)Z @ 2
Event: 42.871 Thread 0x00007f8d1d980000 Uncommon trap: reason=class_check action=maybe_recompile pc=0x000000010efc49b4 method=java.util.HashMap.putVal(ILjava/lang/Object;Ljava/lang/Object;ZZ)Ljava/lang/Object; @ 91
Event: 42.871 Thread 0x00007f8d1d980000 Uncommon trap: reason=class_check action=maybe_recompile pc=0x000000010efc49b4 method=java.util.HashMap.putVal(ILjava/lang/Object;Ljava/lang/Object;ZZ)Ljava/lang/Object; @ 91
Event: 42.871 Thread 0x00007f8d1d980000 Uncommon trap: reason=class_check action=maybe_recompile pc=0x000000010efc49b4 method=java.util.HashMap.putVal(ILjava/lang/Object;Ljava/lang/Object;ZZ)Ljava/lang/Object; @ 91
Event: 42.871 Thread 0x00007f8d1d980000 Uncommon trap: reason=class_check action=maybe_recompile pc=0x000000010efc49b4 method=java.util.HashMap.putVal(ILjava/lang/Object;Ljava/lang/Object;ZZ)Ljava/lang/Object; @ 91
Event: 42.872 Thread 0x00007f8d1d980000 Uncommon trap: reason=class_check action=maybe_recompile pc=0x000000010f061cb0 method=java.util.HashMap.putVal(ILjava/lang/Object;Ljava/lang/Object;ZZ)Ljava/lang/Object; @ 91
Event: 42.885 Thread 0x00007f8d1ca38000 Uncommon trap: reason=unstable_if action=reinterpret pc=0x000000010f36ec98 method=java.util.LinkedList$ListItr.<init>(Ljava/util/LinkedList;I)V @ 26
Event: 42.886 Thread 0x00007f8d1ca38000 Uncommon trap: reason=unstable_if action=reinterpret pc=0x000000010f32962c method=java.security.AccessControlContext.optimize()Ljava/security/AccessControlContext; @ 233
Event: 42.887 Thread 0x00007f8d1ca38000 Uncommon trap: reason=unstable_if action=reinterpret pc=0x000000010f370dc4 method=java.util.LinkedList$ListItr.<init>(Ljava/util/LinkedList;I)V @ 26

Internal exceptions (10 events):
Event: 0.241 Thread 0x00007f8d1c005000 Exception <a 'java/lang/NoSuchFieldError': method resolution failed> (0x00000007aacb1c98) thrown at [/HUDSON3/workspace/8-2-build-macosx-x86_64/jdk8u101/7261/hotspot/src/share/vm/prims/methodHandles.cpp, line 1146]
Event: 0.244 Thread 0x00007f8d1c005000 Exception <a 'java/lang/NoSuchFieldError': method resolution failed> (0x00000007aacbf468) thrown at [/HUDSON3/workspace/8-2-build-macosx-x86_64/jdk8u101/7261/hotspot/src/share/vm/prims/methodHandles.cpp, line 1146]
Event: 0.411 Thread 0x00007f8d1c005000 Exception <a 'java/io/FileNotFoundException'> (0x00000007aad3ade0) thrown at [/HUDSON3/workspace/8-2-build-macosx-x86_64/jdk8u101/7261/hotspot/src/share/vm/prims/jni.cpp, line 709]
Event: 0.411 Thread 0x00007f8d1c005000 Exception <a 'java/io/FileNotFoundException'> (0x00000007aad3b940) thrown at [/HUDSON3/workspace/8-2-build-macosx-x86_64/jdk8u101/7261/hotspot/src/share/vm/prims/jni.cpp, line 709]
Event: 0.540 Thread 0x00007f8d1c005000 Exception <a 'java/io/FileNotFoundException'> (0x00000007aae22c10) thrown at [/HUDSON3/workspace/8-2-build-macosx-x86_64/jdk8u101/7261/hotspot/src/share/vm/prims/jni.cpp, line 709]
Event: 2.202 Thread 0x00007f8d1c817000 Exception <a 'java/lang/NullPointerException'> (0x00000007aab85930) thrown at [/HUDSON3/workspace/8-2-build-macosx-x86_64/jdk8u101/7261/hotspot/src/share/vm/interpreter/linkResolver.cpp, line 1178]
Event: 2.314 Thread 0x00007f8d1d3fb800 Exception <a 'java/lang/UnsatisfiedLinkError': com.jogamp.common.util.JarUtil.fixNativeLibAttribs(Ljava/lang/String;)Z> (0x00000007aae9c728) thrown at [/HUDSON3/workspace/8-2-build-macosx-x86_64/jdk8u101/7261/hotspot/src/share/vm/prims/nativeLookup.cpp, l
Event: 3.288 Thread 0x00007f8d1ca38000 Exception <a 'java/io/FileNotFoundException'> (0x00000007ab0fa458) thrown at [/HUDSON3/workspace/8-2-build-macosx-x86_64/jdk8u101/7261/hotspot/src/share/vm/prims/jni.cpp, line 709]
Event: 3.288 Thread 0x00007f8d1ca38000 Exception <a 'java/io/FileNotFoundException'> (0x00000007ab100930) thrown at [/HUDSON3/workspace/8-2-build-macosx-x86_64/jdk8u101/7261/hotspot/src/share/vm/prims/jni.cpp, line 709]
Event: 3.289 Thread 0x00007f8d1ca38000 Implicit null exception at 0x000000010eba4075 to 0x000000010eba43ed

Events (10 events):
Event: 42.886 loading class java/awt/LightweightDispatcher$2
Event: 42.886 loading class java/awt/LightweightDispatcher$2 done
Event: 42.886 loading class java/awt/event/AWTEventListenerProxy
Event: 42.886 loading class java/awt/event/AWTEventListenerProxy done
Event: 42.886 loading class java/awt/Toolkit$ToolkitEventMulticaster
Event: 42.887 loading class java/awt/Toolkit$ToolkitEventMulticaster done
Event: 42.887 Thread 0x00007f8d1ca38000 Uncommon trap: trap_request=0xffffff65 fr.pc=0x000000010f370dc4
Event: 42.887 Thread 0x00007f8d1ca38000 DEOPT PACKING pc=0x000000010f370dc4 sp=0x0000700001965830
Event: 42.887 Thread 0x00007f8d1ca38000 DEOPT UNPACKING pc=0x000000010ea05229 sp=0x0000700001965788 mode 2
Event: 42.887 Thread 0x00007f8d1d980000 Thread exited: 0x00007f8d1d980000


Dynamic libraries:
0x0000000005485000 	/System/Library/Frameworks/Cocoa.framework/Versions/A/Cocoa
0x0000000005485000 	/System/Library/Frameworks/Security.framework/Versions/A/Security
0x0000000005485000 	/System/Library/Frameworks/ApplicationServices.framework/Versions/A/ApplicationServices
0x0000000005485000 	/usr/lib/libz.1.dylib
0x0000000005485000 	/usr/lib/libSystem.B.dylib
0x0000000005485000 	/usr/lib/libobjc.A.dylib
0x0000000005485000 	/System/Library/Frameworks/CoreFoundation.framework/Versions/A/CoreFoundation
0x0000000005485000 	/System/Library/Frameworks/Foundation.framework/Versions/C/Foundation
0x0000000005485000 	/System/Library/Frameworks/AppKit.framework/Versions/C/AppKit
0x0000000005485000 	/System/Library/Frameworks/CoreData.framework/Versions/A/CoreData
0x0000000005485000 	/System/Library/PrivateFrameworks/RemoteViewServices.framework/Versions/A/RemoteViewServices
0x0000000005485000 	/System/Library/PrivateFrameworks/UIFoundation.framework/Versions/A/UIFoundation
0x0000000005485000 	/usr/lib/libScreenReader.dylib
0x0000000005485000 	/System/Library/Frameworks/Accelerate.framework/Versions/A/Accelerate
0x0000000005485000 	/System/Library/Frameworks/IOSurface.framework/Versions/A/IOSurface
0x0000000005485000 	/System/Library/Frameworks/AudioToolbox.framework/Versions/A/AudioToolbox
0x0000000005485000 	/System/Library/Frameworks/AudioUnit.framework/Versions/A/AudioUnit
0x0000000005485000 	/System/Library/PrivateFrameworks/DataDetectorsCore.framework/Versions/A/DataDetectorsCore
0x0000000005485000 	/System/Library/PrivateFrameworks/DesktopServicesPriv.framework/Versions/A/DesktopServicesPriv
0x0000000005485000 	/System/Library/Frameworks/Carbon.framework/Versions/A/Frameworks/HIToolbox.framework/Versions/A/HIToolbox
0x0000000005485000 	/System/Library/Frameworks/QuartzCore.framework/Versions/A/QuartzCore
0x0000000005485000 	/System/Library/Frameworks/Carbon.framework/Versions/A/Frameworks/SpeechRecognition.framework/Versions/A/SpeechRecognition
0x0000000005485000 	/usr/lib/libauto.dylib
0x0000000005485000 	/usr/lib/libicucore.A.dylib
0x0000000005485000 	/usr/lib/libxml2.2.dylib
0x0000000005485000 	/System/Library/PrivateFrameworks/CoreUI.framework/Versions/A/CoreUI
0x0000000005485000 	/System/Library/Frameworks/CoreAudio.framework/Versions/A/CoreAudio
0x0000000005485000 	/System/Library/Frameworks/DiskArbitration.framework/Versions/A/DiskArbitration
0x0000000005485000 	/usr/lib/liblangid.dylib
0x0000000005485000 	/System/Library/PrivateFrameworks/MultitouchSupport.framework/Versions/A/MultitouchSupport
0x0000000005485000 	/System/Library/Frameworks/IOKit.framework/Versions/A/IOKit
0x0000000005485000 	/usr/lib/libDiagnosticMessagesClient.dylib
0x0000000005485000 	/System/Library/Frameworks/CoreServices.framework/Versions/A/CoreServices
0x0000000005485000 	/System/Library/PrivateFrameworks/PerformanceAnalysis.framework/Versions/A/PerformanceAnalysis
0x0000000005485000 	/System/Library/PrivateFrameworks/GenerationalStorage.framework/Versions/A/GenerationalStorage
0x0000000005485000 	/System/Library/Frameworks/OpenGL.framework/Versions/A/OpenGL
0x0000000005485000 	/System/Library/PrivateFrameworks/Sharing.framework/Versions/A/Sharing
0x0000000005485000 	/System/Library/Frameworks/CoreGraphics.framework/Versions/A/CoreGraphics
0x0000000005485000 	/System/Library/Frameworks/CoreImage.framework/Versions/A/CoreImage
0x0000000005485000 	/System/Library/Frameworks/CoreText.framework/Versions/A/CoreText
0x0000000005485000 	/System/Library/Frameworks/ImageIO.framework/Versions/A/ImageIO
0x0000000005485000 	/System/Library/PrivateFrameworks/Backup.framework/Versions/A/Backup
0x0000000005485000 	/usr/lib/libextension.dylib
0x0000000005485000 	/usr/lib/libarchive.2.dylib
0x0000000005485000 	/System/Library/Frameworks/CFNetwork.framework/Versions/A/CFNetwork
0x0000000005485000 	/System/Library/Frameworks/SystemConfiguration.framework/Versions/A/SystemConfiguration
0x0000000005485000 	/usr/lib/libCRFSuite.dylib
0x0000000005485000 	/usr/lib/libc++.1.dylib
0x0000000005485000 	/usr/lib/libc++abi.dylib
0x0000000005485000 	/usr/lib/system/libcache.dylib
0x0000000005485000 	/usr/lib/system/libcommonCrypto.dylib
0x0000000005485000 	/usr/lib/system/libcompiler_rt.dylib
0x0000000005485000 	/usr/lib/system/libcopyfile.dylib
0x0000000005485000 	/usr/lib/system/libcorecrypto.dylib
0x0000000005485000 	/usr/lib/system/libdispatch.dylib
0x0000000005485000 	/usr/lib/system/libdyld.dylib
0x0000000005485000 	/usr/lib/system/libkeymgr.dylib
0x0000000005485000 	/usr/lib/system/liblaunch.dylib
0x0000000005485000 	/usr/lib/system/libmacho.dylib
0x0000000005485000 	/usr/lib/system/libquarantine.dylib
0x0000000005485000 	/usr/lib/system/libremovefile.dylib
0x0000000005485000 	/usr/lib/system/libsystem_asl.dylib
0x0000000005485000 	/usr/lib/system/libsystem_blocks.dylib
0x0000000005485000 	/usr/lib/system/libsystem_c.dylib
0x0000000005485000 	/usr/lib/system/libsystem_configuration.dylib
0x0000000005485000 	/usr/lib/system/libsystem_coreservices.dylib
0x0000000005485000 	/usr/lib/system/libsystem_coretls.dylib
0x0000000005485000 	/usr/lib/system/libsystem_dnssd.dylib
0x0000000005485000 	/usr/lib/system/libsystem_info.dylib
0x0000000005485000 	/usr/lib/system/libsystem_kernel.dylib
0x0000000005485000 	/usr/lib/system/libsystem_m.dylib
0x0000000005485000 	/usr/lib/system/libsystem_malloc.dylib
0x0000000005485000 	/usr/lib/system/libsystem_network.dylib
0x0000000005485000 	/usr/lib/system/libsystem_networkextension.dylib
0x0000000005485000 	/usr/lib/system/libsystem_notify.dylib
0x0000000005485000 	/usr/lib/system/libsystem_platform.dylib
0x0000000005485000 	/usr/lib/system/libsystem_pthread.dylib
0x0000000005485000 	/usr/lib/system/libsystem_sandbox.dylib
0x0000000005485000 	/usr/lib/system/libsystem_secinit.dylib
0x0000000005485000 	/usr/lib/system/libsystem_trace.dylib
0x0000000005485000 	/usr/lib/system/libunc.dylib
0x0000000005485000 	/usr/lib/system/libunwind.dylib
0x0000000005485000 	/usr/lib/system/libxpc.dylib
0x0000000005485000 	/usr/lib/libenergytrace.dylib
0x0000000005485000 	/usr/lib/libbsm.0.dylib
0x0000000005485000 	/usr/lib/system/libkxld.dylib
0x0000000005485000 	/usr/lib/libxar.1.dylib
0x0000000005485000 	/usr/lib/libsqlite3.dylib
0x0000000005485000 	/usr/lib/libpam.2.dylib
0x0000000005485000 	/usr/lib/libOpenScriptingUtil.dylib
0x0000000005485000 	/usr/lib/libbz2.1.0.dylib
0x0000000005485000 	/usr/lib/liblzma.5.dylib
0x0000000005485000 	/System/Library/Frameworks/CoreServices.framework/Versions/A/Frameworks/FSEvents.framework/Versions/A/FSEvents
0x0000000005485000 	/System/Library/Frameworks/CoreServices.framework/Versions/A/Frameworks/CarbonCore.framework/Versions/A/CarbonCore
0x0000000005485000 	/System/Library/Frameworks/CoreServices.framework/Versions/A/Frameworks/Metadata.framework/Versions/A/Metadata
0x0000000005485000 	/System/Library/Frameworks/CoreServices.framework/Versions/A/Frameworks/OSServices.framework/Versions/A/OSServices
0x0000000005485000 	/System/Library/Frameworks/CoreServices.framework/Versions/A/Frameworks/SearchKit.framework/Versions/A/SearchKit
0x0000000005485000 	/System/Library/Frameworks/CoreServices.framework/Versions/A/Frameworks/AE.framework/Versions/A/AE
0x0000000005485000 	/System/Library/Frameworks/CoreServices.framework/Versions/A/Frameworks/LaunchServices.framework/Versions/A/LaunchServices
0x0000000005485000 	/System/Library/Frameworks/CoreServices.framework/Versions/A/Frameworks/DictionaryServices.framework/Versions/A/DictionaryServices
0x0000000005485000 	/System/Library/Frameworks/CoreServices.framework/Versions/A/Frameworks/SharedFileList.framework/Versions/A/SharedFileList
0x0000000005485000 	/System/Library/Frameworks/NetFS.framework/Versions/A/NetFS
0x0000000005485000 	/System/Library/PrivateFrameworks/NetAuth.framework/Versions/A/NetAuth
0x0000000005485000 	/System/Library/PrivateFrameworks/login.framework/Versions/A/Frameworks/loginsupport.framework/Versions/A/loginsupport
0x0000000005485000 	/System/Library/PrivateFrameworks/TCC.framework/Versions/A/TCC
0x0000000005485000 	/usr/lib/libmecabra.dylib
0x0000000005485000 	/System/Library/Frameworks/ApplicationServices.framework/Versions/A/Frameworks/ATS.framework/Versions/A/ATS
0x0000000005485000 	/System/Library/Frameworks/ApplicationServices.framework/Versions/A/Frameworks/ColorSync.framework/Versions/A/ColorSync
0x0000000005485000 	/System/Library/Frameworks/ApplicationServices.framework/Versions/A/Frameworks/HIServices.framework/Versions/A/HIServices
0x0000000005485000 	/System/Library/Frameworks/ApplicationServices.framework/Versions/A/Frameworks/LangAnalysis.framework/Versions/A/LangAnalysis
0x0000000005485000 	/System/Library/Frameworks/ApplicationServices.framework/Versions/A/Frameworks/PrintCore.framework/Versions/A/PrintCore
0x0000000005485000 	/System/Library/Frameworks/ApplicationServices.framework/Versions/A/Frameworks/QD.framework/Versions/A/QD
0x0000000005485000 	/System/Library/Frameworks/ApplicationServices.framework/Versions/A/Frameworks/SpeechSynthesis.framework/Versions/A/SpeechSynthesis
0x0000000005485000 	/System/Library/Frameworks/Metal.framework/Versions/A/Metal
0x0000000005485000 	/System/Library/Frameworks/Accelerate.framework/Versions/A/Frameworks/vImage.framework/Versions/A/vImage
0x0000000005485000 	/System/Library/Frameworks/Accelerate.framework/Versions/A/Frameworks/vecLib.framework/Versions/A/vecLib
0x0000000005485000 	/System/Library/Frameworks/Accelerate.framework/Versions/A/Frameworks/vecLib.framework/Versions/A/libvDSP.dylib
0x0000000005485000 	/System/Library/Frameworks/Accelerate.framework/Versions/A/Frameworks/vecLib.framework/Versions/A/libvMisc.dylib
0x0000000005485000 	/System/Library/Frameworks/Accelerate.framework/Versions/A/Frameworks/vecLib.framework/Versions/A/libLAPACK.dylib
0x0000000005485000 	/System/Library/Frameworks/Accelerate.framework/Versions/A/Frameworks/vecLib.framework/Versions/A/libBLAS.dylib
0x0000000005485000 	/System/Library/Frameworks/Accelerate.framework/Versions/A/Frameworks/vecLib.framework/Versions/A/libLinearAlgebra.dylib
0x0000000005485000 	/System/Library/Frameworks/Accelerate.framework/Versions/A/Frameworks/vecLib.framework/Versions/A/libSparseBLAS.dylib
0x0000000005485000 	/System/Library/PrivateFrameworks/GPUCompiler.framework/libmetal_timestamp.dylib
0x0000000005485000 	/System/Library/Frameworks/OpenGL.framework/Versions/A/Libraries/libCoreFSCache.dylib
0x0000000005485000 	/System/Library/PrivateFrameworks/IOAccelerator.framework/Versions/A/IOAccelerator
0x0000000005485000 	/System/Library/Frameworks/ApplicationServices.framework/Versions/A/Frameworks/ATS.framework/Versions/A/Resources/libFontParser.dylib
0x0000000005485000 	/System/Library/Frameworks/ApplicationServices.framework/Versions/A/Frameworks/ATS.framework/Versions/A/Resources/libFontRegistry.dylib
0x0000000005485000 	/System/Library/PrivateFrameworks/AppleVPA.framework/Versions/A/AppleVPA
0x0000000005485000 	/System/Library/PrivateFrameworks/AppleJPEG.framework/Versions/A/AppleJPEG
0x0000000005485000 	/System/Library/Frameworks/ImageIO.framework/Versions/A/Resources/libJPEG.dylib
0x0000000005485000 	/System/Library/Frameworks/ImageIO.framework/Versions/A/Resources/libTIFF.dylib
0x0000000005485000 	/System/Library/Frameworks/ImageIO.framework/Versions/A/Resources/libPng.dylib
0x0000000005485000 	/System/Library/Frameworks/ImageIO.framework/Versions/A/Resources/libGIF.dylib
0x0000000005485000 	/System/Library/Frameworks/ImageIO.framework/Versions/A/Resources/libJP2.dylib
0x0000000005485000 	/System/Library/Frameworks/ImageIO.framework/Versions/A/Resources/libRadiance.dylib
0x0000000005485000 	/System/Library/Frameworks/CoreVideo.framework/Versions/A/CoreVideo
0x0000000005485000 	/System/Library/Frameworks/OpenGL.framework/Versions/A/Libraries/libGLU.dylib
0x0000000005485000 	/System/Library/Frameworks/OpenGL.framework/Versions/A/Libraries/libGFXShared.dylib
0x0000000005485000 	/System/Library/Frameworks/OpenGL.framework/Versions/A/Libraries/libGL.dylib
0x0000000005485000 	/System/Library/Frameworks/OpenGL.framework/Versions/A/Libraries/libGLImage.dylib
0x0000000005485000 	/System/Library/Frameworks/OpenGL.framework/Versions/A/Libraries/libCVMSPluginSupport.dylib
0x0000000005485000 	/System/Library/Frameworks/OpenGL.framework/Versions/A/Libraries/libCoreVMClient.dylib
0x0000000005485000 	/usr/lib/libcompression.dylib
0x0000000005485000 	/usr/lib/libcups.2.dylib
0x0000000005485000 	/System/Library/Frameworks/Kerberos.framework/Versions/A/Kerberos
0x0000000005485000 	/System/Library/Frameworks/GSS.framework/Versions/A/GSS
0x0000000005485000 	/usr/lib/libresolv.9.dylib
0x0000000005485000 	/usr/lib/libiconv.2.dylib
0x0000000005485000 	/System/Library/PrivateFrameworks/Heimdal.framework/Versions/A/Heimdal
0x0000000005485000 	/usr/lib/libheimdal-asn1.dylib
0x0000000005485000 	/System/Library/Frameworks/OpenDirectory.framework/Versions/A/OpenDirectory
0x0000000005485000 	/System/Library/PrivateFrameworks/CommonAuth.framework/Versions/A/CommonAuth
0x0000000005485000 	/System/Library/Frameworks/OpenDirectory.framework/Versions/A/Frameworks/CFOpenDirectory.framework/Versions/A/CFOpenDirectory
0x0000000005485000 	/System/Library/Frameworks/SecurityFoundation.framework/Versions/A/SecurityFoundation
0x0000000005485000 	/System/Library/PrivateFrameworks/LanguageModeling.framework/Versions/A/LanguageModeling
0x0000000005485000 	/usr/lib/libmarisa.dylib
0x0000000005485000 	/usr/lib/libChineseTokenizer.dylib
0x0000000005485000 	/usr/lib/libcmph.dylib
0x0000000005485000 	/System/Library/Frameworks/ServiceManagement.framework/Versions/A/ServiceManagement
0x0000000005485000 	/usr/lib/libxslt.1.dylib
0x0000000005485000 	/System/Library/Frameworks/Carbon.framework/Versions/A/Frameworks/Ink.framework/Versions/A/Ink
0x0000000005485000 	/usr/lib/libFosl_dynamic.dylib
0x0000000005485000 	/System/Library/PrivateFrameworks/FaceCore.framework/Versions/A/FaceCore
0x0000000005485000 	/System/Library/Frameworks/OpenCL.framework/Versions/A/OpenCL
0x0000000005485000 	/System/Library/PrivateFrameworks/CrashReporterSupport.framework/Versions/A/CrashReporterSupport
0x0000000005485000 	/System/Library/PrivateFrameworks/IconServices.framework/Versions/A/IconServices
0x0000000005485000 	/System/Library/PrivateFrameworks/Apple80211.framework/Versions/A/Apple80211
0x0000000005485000 	/System/Library/Frameworks/CoreWLAN.framework/Versions/A/CoreWLAN
0x0000000005485000 	/System/Library/Frameworks/IOBluetooth.framework/Versions/A/IOBluetooth
0x0000000005485000 	/System/Library/PrivateFrameworks/CoreWiFi.framework/Versions/A/CoreWiFi
0x0000000005485000 	/System/Library/Frameworks/CoreBluetooth.framework/Versions/A/CoreBluetooth
0x0000000005485000 	/System/Library/PrivateFrameworks/ChunkingLibrary.framework/Versions/A/ChunkingLibrary
0x0000000005485000 	/System/Library/PrivateFrameworks/DebugSymbols.framework/Versions/A/DebugSymbols
0x0000000005485000 	/System/Library/PrivateFrameworks/CoreSymbolication.framework/Versions/A/CoreSymbolication
0x0000000005485000 	/System/Library/PrivateFrameworks/Symbolication.framework/Versions/A/Symbolication
0x0000000005485000 	/System/Library/PrivateFrameworks/SpeechRecognitionCore.framework/Versions/A/SpeechRecognitionCore
0x000000010d0b5000 	/Library/Java/JavaVirtualMachines/jdk1.8.0_101.jdk/Contents/Home/jre/lib/server/libjvm.dylib
0x0000000005485000 	/usr/lib/libstdc++.6.dylib
0x000000010e056000 	/Library/Java/JavaVirtualMachines/jdk1.8.0_101.jdk/Contents/Home/jre/lib/libverify.dylib
0x000000010e064000 	/Library/Java/JavaVirtualMachines/jdk1.8.0_101.jdk/Contents/Home/jre/lib/libjava.dylib
0x000000010e0a3000 	/Library/Java/JavaVirtualMachines/jdk1.8.0_101.jdk/Contents/Home/jre/lib/libzip.dylib
0x0000000121cad000 	/System/Library/Frameworks/JavaVM.framework/Frameworks/JavaRuntimeSupport.framework/JavaRuntimeSupport
0x0000000121cc8000 	/System/Library/Frameworks/JavaVM.framework/Versions/A/Frameworks/JavaNativeFoundation.framework/Versions/A/JavaNativeFoundation
0x0000000121cdd000 	/System/Library/Frameworks/JavaVM.framework/Versions/A/JavaVM
0x0000000005485000 	/System/Library/Frameworks/Carbon.framework/Versions/A/Carbon
0x0000000121cea000 	/System/Library/PrivateFrameworks/JavaLaunching.framework/Versions/A/JavaLaunching
0x0000000005485000 	/System/Library/Frameworks/Carbon.framework/Versions/A/Frameworks/CommonPanels.framework/Versions/A/CommonPanels
0x0000000005485000 	/System/Library/Frameworks/Carbon.framework/Versions/A/Frameworks/Help.framework/Versions/A/Help
0x0000000005485000 	/System/Library/Frameworks/Carbon.framework/Versions/A/Frameworks/ImageCapture.framework/Versions/A/ImageCapture
0x0000000005485000 	/System/Library/Frameworks/Carbon.framework/Versions/A/Frameworks/OpenScripting.framework/Versions/A/OpenScripting
0x0000000005485000 	/System/Library/Frameworks/Carbon.framework/Versions/A/Frameworks/Print.framework/Versions/A/Print
0x0000000005485000 	/System/Library/Frameworks/Carbon.framework/Versions/A/Frameworks/SecurityHI.framework/Versions/A/SecurityHI
0x0000000123609000 	/Library/Java/JavaVirtualMachines/jdk1.8.0_101.jdk/Contents/Home/jre/lib/libawt.dylib
0x00000001236b1000 	/Library/Java/JavaVirtualMachines/jdk1.8.0_101.jdk/Contents/Home/jre/lib/./libmlib_image.dylib
0x000000012377d000 	/Library/Java/JavaVirtualMachines/jdk1.8.0_101.jdk/Contents/Home/jre/lib/libawt_lwawt.dylib
0x0000000123832000 	/Library/Java/JavaVirtualMachines/jdk1.8.0_101.jdk/Contents/Home/jre/lib/./libosxapp.dylib
0x0000000005485000 	/System/Library/Frameworks/ExceptionHandling.framework/Versions/A/ExceptionHandling
0x0000000005485000 	/System/Library/PrivateFrameworks/CoreServicesInternal.framework/Versions/A/CoreServicesInternal
0x0000000005485000 	/System/Library/Frameworks/CoreGraphics.framework/Versions/A/Resources/libRIP.A.dylib
0x0000000005485000 	/System/Library/Frameworks/Accelerate.framework/Versions/A/Frameworks/vImage.framework/Versions/A/Libraries/libCGInterfaces.dylib
0x0000000005485000 	/System/Library/Frameworks/CoreGraphics.framework/Versions/A/Resources/libCGXType.A.dylib
0x0000000005485000 	/System/Library/Frameworks/OpenCL.framework/Versions/A/Libraries/libcldcpuengine.dylib
0x0000000005485000 	/System/Library/PrivateFrameworks/DiskImages.framework/Versions/A/DiskImages
0x0000000005485000 	/System/Library/Frameworks/DiscRecording.framework/Versions/A/DiscRecording
0x0000000005485000 	/usr/lib/libcsfde.dylib
0x0000000005485000 	/usr/lib/libcurl.4.dylib
0x0000000005485000 	/System/Library/PrivateFrameworks/MediaKit.framework/Versions/A/MediaKit
0x0000000005485000 	/System/Library/PrivateFrameworks/ProtectedCloudStorage.framework/Versions/A/ProtectedCloudStorage
0x0000000005485000 	/usr/lib/libCoreStorage.dylib
0x0000000005485000 	/System/Library/PrivateFrameworks/EFILogin.framework/Versions/A/EFILogin
0x0000000005485000 	/usr/lib/libutil.dylib
0x0000000005485000 	/System/Library/PrivateFrameworks/FindMyDevice.framework/Versions/A/FindMyDevice
0x0000000005485000 	/System/Library/Frameworks/LDAP.framework/Versions/A/LDAP
0x0000000005485000 	/usr/lib/libsasl2.2.dylib
0x0000000005485000 	/System/Library/PrivateFrameworks/CoreDaemon.framework/Versions/B/CoreDaemon
0x0000000005485000 	/usr/lib/libcrypto.0.9.8.dylib
0x0000000005485000 	/System/Library/PrivateFrameworks/AppleSRP.framework/Versions/A/AppleSRP
0x0000000005485000 	/System/Library/PrivateFrameworks/TrustEvaluationAgent.framework/Versions/A/TrustEvaluationAgent
0x00000001250c2000 	cl_kernels
0x0000000005485000 	/System/Library/Frameworks/OpenCL.framework/Versions/A/Libraries/ImageFormats/unorm8_bgra.dylib
0x0000000005485000 	/System/Library/Frameworks/OpenCL.framework/Versions/A/Libraries/ImageFormats/unorm8_rgba.dylib
0x0000000005485000 	/System/Library/PrivateFrameworks/FamilyControls.framework/Versions/A/FamilyControls
0x0000000005485000 	/System/Library/PrivateFrameworks/CommerceKit.framework/Versions/A/Frameworks/CommerceCore.framework/Versions/A/CommerceCore
0x0000000005485000 	/System/Library/PrivateFrameworks/SystemAdministration.framework/Versions/A/SystemAdministration
0x0000000005485000 	/System/Library/PrivateFrameworks/AppContainer.framework/Versions/A/AppContainer
0x0000000005485000 	/System/Library/PrivateFrameworks/SecCodeWrapper.framework/Versions/A/SecCodeWrapper
0x0000000005485000 	/System/Library/Frameworks/DirectoryService.framework/Versions/A/DirectoryService
0x0000000005485000 	/System/Library/PrivateFrameworks/LoginUIKit.framework/Versions/A/Frameworks/LoginUICore.framework/Versions/A/LoginUICore
0x0000000005485000 	/usr/lib/libodfde.dylib
0x0000000005485000 	/System/Library/Frameworks/OpenGL.framework/Versions/A/Resources/GLEngine.bundle/GLEngine
0x0000000005485000 	/System/Library/Frameworks/OpenGL.framework/Versions/A/Libraries/libGLProgrammability.dylib
0x00000001260ff000 	/System/Library/Extensions/AppleIntelHD4000GraphicsGLDriver.bundle/Contents/MacOS/AppleIntelHD4000GraphicsGLDriver
0x0000000005485000 	/System/Library/PrivateFrameworks/GPUSupport.framework/Versions/A/Libraries/libGPUSupportMercury.dylib
0x0000000005485000 	/System/Library/Frameworks/OpenGL.framework/Versions/A/Resources/GLRendererFloat.bundle/GLRendererFloat
0x0000000127065000 	/Library/Java/JavaVirtualMachines/jdk1.8.0_101.jdk/Contents/Home/jre/lib/libfontmanager.dylib
0x0000000128526000 	/Library/Java/JavaVirtualMachines/jdk1.8.0_101.jdk/Contents/Home/jre/lib/libosxui.dylib
0x0000000129012000 	/Library/Java/JavaVirtualMachines/jdk1.8.0_101.jdk/Contents/Home/jre/lib/libnet.dylib
0x000000012925a000 	/Library/Java/JavaVirtualMachines/jdk1.8.0_101.jdk/Contents/Home/jre/lib/libnio.dylib
0x0000000005485000 	/System/Library/Frameworks/ApplicationServices.framework/Versions/A/Frameworks/ATS.framework/Versions/A/Resources/libTrueTypeScaler.dylib
0x000000017a12b000 	/System/Library/Extensions/AppleIntelHD4000GraphicsMTLDriver.bundle/Contents/MacOS/AppleIntelHD4000GraphicsMTLDriver
0x000000017a087000 	/private/var/folders/df/q331szgs0rs63dmvvv6sk8180000gn/T/jogamp_0000/file_cache/jln8779680583543215250/jln8849927783083804360/libgluegen-rt.jnilib
0x000000017a08b000 	/private/var/folders/df/q331szgs0rs63dmvvv6sk8180000gn/T/jogamp_0000/file_cache/jln8779680583543215250/jln8849927783083804360/libnativewindow_awt.jnilib
0x000000017a08e000 	/Library/Java/JavaVirtualMachines/jdk1.8.0_101.jdk/Contents/Home/jre/lib/libjawt.dylib
0x000000017a091000 	/private/var/folders/df/q331szgs0rs63dmvvv6sk8180000gn/T/jogamp_0000/file_cache/jln8779680583543215250/jln8849927783083804360/libnativewindow_macosx.jnilib
0x000000017be36000 	/private/var/folders/df/q331szgs0rs63dmvvv6sk8180000gn/T/jogamp_0000/file_cache/jln8779680583543215250/jln8849927783083804360/libjogl_desktop.jnilib
0x000000017e946000 	/Library/Java/JavaVirtualMachines/jdk1.8.0_101.jdk/Contents/Home/jre/lib/libsunec.dylib
0x0000000124ec1000 	/Library/Java/JavaVirtualMachines/jdk1.8.0_101.jdk/Contents/Home/jre/lib/libt2k.dylib

VM Arguments:
jvm_args: -Djava.security.policy=java.policy.applet -Dfile.encoding=UTF-8 
java_command: sun.applet.AppletViewer module4.EarthquakeCityMap1495589617935.html
java_class_path (initial): /Users/Ryan/Documents/workspaceCoursera/UCSDUnfoldingMaps/build:/Users/Ryan/Documents/workspaceCoursera/UCSDUnfoldingMaps/lib/core.jar:/Users/Ryan/Documents/workspaceCoursera/UCSDUnfoldingMaps/lib/gluegen-rt.jar:/Users/Ryan/Documents/workspaceCoursera/UCSDUnfoldingMaps/lib/jogl-all.jar:/Users/Ryan/Documents/workspaceCoursera/UCSDUnfoldingMaps/lib/log4j-1.2.15.jar:/Users/Ryan/Documents/workspaceCoursera/UCSDUnfoldingMaps/lib/sqlite-jdbc-3.7.2.jar:/Users/Ryan/Documents/workspaceCoursera/UCSDUnfoldingMaps/lib/json4processing.jar:/Users/Ryan/Documents/workspaceCoursera/UCSDUnfoldingMaps/lib/libTUIO.jar:/Users/Ryan/Documents/workspaceCoursera/UCSDUnfoldingMaps/lib/unfolding.0.9.7-uscd.jar
Launcher Type: SUN_STANDARD

Environment Variables:
PATH=/usr/bin:/bin:/usr/sbin:/sbin
SHELL=/bin/bash
DISPLAY=/private/tmp/com.apple.launchd.ULRZtvESmK/org.macosforge.xquartz:0

Signal Handlers:
SIGSEGV: [libjvm.dylib+0x5af145], sa_mask[0]=11111111011111110111111111111111, sa_flags=SA_ONSTACK|SA_RESTART|SA_SIGINFO
SIGBUS: [libjvm.dylib+0x5af145], sa_mask[0]=11111111011111110111111111111111, sa_flags=SA_RESTART|SA_SIGINFO
SIGFPE: [libjvm.dylib+0x48694c], sa_mask[0]=11111111011111110111111111111111, sa_flags=SA_RESTART|SA_SIGINFO
SIGPIPE: [libjvm.dylib+0x48694c], sa_mask[0]=11111111011111110111111111111111, sa_flags=SA_RESTART|SA_SIGINFO
SIGXFSZ: [libjvm.dylib+0x48694c], sa_mask[0]=11111111011111110111111111111111, sa_flags=SA_RESTART|SA_SIGINFO
SIGILL: [libjvm.dylib+0x48694c], sa_mask[0]=11111111011111110111111111111111, sa_flags=SA_RESTART|SA_SIGINFO
SIGUSR1: SIG_DFL, sa_mask[0]=00000000000000000000000000000000, sa_flags=none
SIGUSR2: [libjvm.dylib+0x48646a], sa_mask[0]=00100000000000000000000000000000, sa_flags=SA_RESTART|SA_SIGINFO
SIGHUP: [libjvm.dylib+0x484a41], sa_mask[0]=11111111011111110111111111111111, sa_flags=SA_RESTART|SA_SIGINFO
SIGINT: [libjvm.dylib+0x484a41], sa_mask[0]=11111111011111110111111111111111, sa_flags=SA_RESTART|SA_SIGINFO
SIGTERM: [libjvm.dylib+0x484a41], sa_mask[0]=11111111011111110111111111111111, sa_flags=SA_RESTART|SA_SIGINFO
SIGQUIT: [libjvm.dylib+0x484a41], sa_mask[0]=11111111011111110111111111111111, sa_flags=SA_RESTART|SA_SIGINFO


---------------  S Y S T E M  ---------------

OS:Bsduname:Darwin 15.6.0 Darwin Kernel Version 15.6.0: Thu Jun 23 18:25:34 PDT 2016; root:xnu-3248.60.10~1/RELEASE_X86_64 x86_64
rlimit: STACK 8192k, CORE 0k, NPROC 709, NOFILE 10240, AS infinity
load average:3.30 3.03 2.57

CPU:total 4 (2 cores per cpu, 2 threads per core) family 6 model 58 stepping 9, cmov, cx8, fxsr, mmx, sse, sse2, sse3, ssse3, sse4.1, sse4.2, popcnt, avx, aes, clmul, erms, ht, tsc, tscinvbit, tscinv

Memory: 4k page, physical 4194304k(536716k free)

/proc/meminfo:


vm_info: Java HotSpot(TM) 64-Bit Server VM (25.101-b13) for bsd-amd64 JRE (1.8.0_101-b13), built on Jun 22 2016 02:42:15 by "java_re" with gcc 4.2.1 (Based on Apple Inc. build 5658) (LLVM build 2336.11.00)

time: Tue May 23 21:34:20 2017
elapsed time: 42 seconds (0d 0h 0m 42s)

