#
# A fatal error has been detected by the Java Runtime Environment:
#
#  SIGSEGV (0xb) at pc=0x00007fff8b7c74dd, pid=79758, tid=0x0000000000000a0b
#
# JRE version: Java(TM) SE Runtime Environment (8.0_101-b13) (build 1.8.0_101-b13)
# Java VM: Java HotSpot(TM) 64-Bit Server VM (25.101-b13 mixed mode bsd-amd64 compressed oops)
# Problematic frame:
# C  [libobjc.A.dylib+0x14dd]  objc_msgSend+0x1d
#
# Failed to write core dump. Core dumps have been disabled. To enable core dumping, try "ulimit -c unlimited" before starting Java again
#
# If you would like to submit a bug report, please visit:
#   http://bugreport.java.com/bugreport/crash.jsp
# The crash happened outside the Java Virtual Machine in native code.
# See problematic frame for where to report the bug.
#

---------------  T H R E A D  ---------------

Current thread (0x00007fabbb051000):  JavaThread "AWT-AppKit" daemon [_thread_in_native, id=2571, stack(0x00007fff5b464000,0x00007fff5bc64000)]

siginfo: si_signo: 11 (SIGSEGV), si_code: 1 (SEGV_MAPERR), si_addr: 0x000007fabbae75b0

Registers:
RAX=0x00007fabbac99b40, RBX=0x0000000171230450, RCX=0x000000011b33fc20, RDX=0x000000011b438fe0
RSP=0x00007fff5bc5f308, RBP=0x00007fff5bc5f3c0, RSI=0x00007fff85a09cbe, RDI=0x00007fabbae811d0
R8 =0x0000000000000000, R9 =0x00000000000008b0, R10=0x00007fff85a09cbe, R11=0x000007fabbae7598
R12=0x0000000000000000, R13=0x000000017392fe78, R14=0x0000000171230440, R15=0x00007fabbb051000
RIP=0x00007fff8b7c74dd, EFLAGS=0x0000000000010202, ERR=0x0000000000000004
  TRAPNO=0x000000000000000e

Top of Stack: (sp=0x00007fff5bc5f308)
0x00007fff5bc5f308:   000000017122e157 00007fff5bc5f360
0x00007fff5bc5f318:   0000000000000003 00007fff5bc5f340
0x00007fff5bc5f328:   0000000104df28e6 000000017392fe78
0x00007fff5bc5f338:   000000017392fe78 00007fabbac99b40
0x00007fff5bc5f348:   00000001712306a0 0000000171230710
0x00007fff5bc5f358:   00007fff779c6770 00007fff757ae500
0x00007fff5bc5f368:   0000000171230450 0000000171230690
0x00007fff5bc5f378:   00007fabbac99b40 00007fabbae811d0
0x00007fff5bc5f388:   00007fabbaf2d3d0 00007fabbac99b40
0x00007fff5bc5f398:   00007fabbae811d0 00007fff5bc5f448
0x00007fff5bc5f3a8:   00007fabbb0511f8 000000017392fe78
0x00007fff5bc5f3b8:   00007fff5bc5f470 00007fff5bc5f438
0x00007fff5bc5f3c8:   0000000105bb49d4 000000017392fe78
0x00007fff5bc5f3d8:   00007fff5bc5f470 00007fff5bc5f438
0x00007fff5bc5f3e8:   0000000105bb4767 0000000105bb4722
0x00007fff5bc5f3f8:   00007fff5bc5f3f8 000000017392fe78
0x00007fff5bc5f408:   00007fff5bc5f470 0000000173932ab0
0x00007fff5bc5f418:   0000000000000000 000000017392fe78
0x00007fff5bc5f428:   0000000000000000 00007fff5bc5f458
0x00007fff5bc5f438:   00007fff5bc5f4b8 0000000105ba52bd
0x00007fff5bc5f448:   000000078078eda0 0000000105bae538
0x00007fff5bc5f458:   00007fabbac99b40 00007fff5bc5f4b8
0x00007fff5bc5f468:   00007fabbae811d0 0000000105bafe02
0x00007fff5bc5f478:   00007fff5bc5f478 0000000173930042
0x00007fff5bc5f488:   00007fff5bc5f4e0 0000000173932ab0
0x00007fff5bc5f498:   0000000000000000 0000000173930050
0x00007fff5bc5f4a8:   00007fff5bc5f458 00007fff5bc5f4c8
0x00007fff5bc5f4b8:   00007fff5bc5f528 0000000105ba52bd
0x00007fff5bc5f4c8:   00007fabbac99b40 000000078061e3d0
0x00007fff5bc5f4d8:   00007fabbae811d0 000000078061e3d0
0x00007fff5bc5f4e8:   00007fff5bc5f4e8 000000017a4620ee
0x00007fff5bc5f4f8:   00007fff5bc5f538 000000017a4621a8 

Instructions: (pc=0x00007fff8b7c74dd)
0x00007fff8b7c74bd:   44 00 00 48 85 ff 2e 74 62 40 f6 c7 01 2e 75 66
0x00007fff8b7c74cd:   49 bb f8 ff ff ff ff 7f 00 00 4c 23 1f 49 89 f2
0x00007fff8b7c74dd:   45 23 53 18 49 c1 e2 04 4d 03 53 10 49 3b 32 75
0x00007fff8b7c74ed:   04 41 ff 62 08 49 83 3a 01 76 0d 49 83 c2 10 49 

Register to memory mapping:

RAX=0x00007fabbac99b40 is an unknown value
RBX=0x0000000171230450: Java_jogamp_nativewindow_macosx_OSXUtil_GetScreenRefreshRate0+0x1cf0 in /private/var/folders/df/q331szgs0rs63dmvvv6sk8180000gn/T/jogamp_0000/file_cache/jln6408506045949581687/jln4319556154855065746/libnativewindow_macosx.jnilib at 0x0000000171229000
RCX=0x000000011b33fc20 is an unknown value
RDX=0x000000011b438fe0 is an unknown value
RSP=0x00007fff5bc5f308 is pointing into the stack for thread: 0x00007fabbb051000
RBP=0x00007fff5bc5f3c0 is pointing into the stack for thread: 0x00007fabbb051000
RSI=0x00007fff85a09cbe is an unknown value
RDI=0x00007fabbae811d0 is an unknown value
R8 =0x0000000000000000 is an unknown value
R9 =0x00000000000008b0 is an unknown value
R10=0x00007fff85a09cbe is an unknown value
R11=0x000007fabbae7598 is an unknown value
R12=0x0000000000000000 is an unknown value
R13={method} {0x000000017392fe78} 'UnsetJAWTRootSurfaceLayer0' '(JJ)V' in 'jogamp/nativewindow/jawt/macosx/MacOSXJAWTWindow'
R14=0x0000000171230440: Java_jogamp_nativewindow_macosx_OSXUtil_GetScreenRefreshRate0+0x1ce0 in /private/var/folders/df/q331szgs0rs63dmvvv6sk8180000gn/T/jogamp_0000/file_cache/jln6408506045949581687/jln4319556154855065746/libnativewindow_macosx.jnilib at 0x0000000171229000
R15=0x00007fabbb051000 is a thread


Stack: [0x00007fff5b464000,0x00007fff5bc64000],  sp=0x00007fff5bc5f308,  free space=8172k
Native frames: (J=compiled Java code, j=interpreted, Vv=VM code, C=native code)
C  [libobjc.A.dylib+0x14dd]  objc_msgSend+0x1d
j  jogamp.nativewindow.jawt.macosx.MacOSXJAWTWindow.UnsetJAWTRootSurfaceLayer0(JJ)V+0
j  jogamp.nativewindow.jawt.macosx.MacOSXJAWTWindow.access$200(JJ)V+2
j  jogamp.nativewindow.jawt.macosx.MacOSXJAWTWindow$1.run()V+38
J 2561 C1 com.jogamp.common.util.RunnableTask.run()V (345 bytes) @ 0x000000010645bc94 [0x000000010645bb00+0x194]
v  ~StubRoutines::call_stub
V  [libjvm.dylib+0x2ecf06]  JavaCalls::call_helper(JavaValue*, methodHandle*, JavaCallArguments*, Thread*)+0x6ae
V  [libjvm.dylib+0x324111]  jni_invoke_nonstatic(JNIEnv_*, JavaValue*, _jobject*, JNICallType, _jmethodID*, JNI_ArgumentPusher*, Thread*)+0x2ec
V  [libjvm.dylib+0x3168df]  jni_CallVoidMethod+0x16b
C  [libnativewindow_macosx.jnilib+0x5326]  Java_jogamp_nativewindow_jawt_macosx_MacOSXJAWTWindow_UnsetJAWTRootSurfaceLayer0+0x2b6
C  [Foundation+0x76fde]  __NSThreadPerformPerform+0x117
C  [CoreFoundation+0xaa881]  __CFRUNLOOP_IS_CALLING_OUT_TO_A_SOURCE0_PERFORM_FUNCTION__+0x11
C  [CoreFoundation+0x89fbc]  __CFRunLoopDoSources0+0x22c
C  [CoreFoundation+0x894df]  __CFRunLoopRun+0x39f
C  [CoreFoundation+0x88ed8]  CFRunLoopRunSpecific+0x128
C  [HIToolbox+0x30935]  RunCurrentEventLoopInMode+0xeb
C  [HIToolbox+0x30677]  ReceiveNextEventCommon+0xb8
C  [HIToolbox+0x305af]  _BlockUntilNextEventMatchingListInModeWithFilter+0x47
C  [AppKit+0x48df6]  _DPSNextEvent+0x42b
C  [AppKit+0x48226]  -[NSApplication _nextEventMatchingEventMask:untilDate:inMode:dequeue:]+0x1c6
C  [libosxapp.dylib+0x23aa]  -[NSApplicationAWT nextEventMatchingMask:untilDate:inMode:dequeue:]+0x7c
C  [AppKit+0x3cd80]  -[NSApplication run]+0x2aa
C  [libosxapp.dylib+0x214d]  +[NSApplicationAWT runAWTLoopWithApp:]+0x9c
C  [libawt_lwawt.dylib+0x444b3]  -[AWTStarter starter:]+0x389
C  [Foundation+0x76fde]  __NSThreadPerformPerform+0x117
C  [CoreFoundation+0xaa881]  __CFRUNLOOP_IS_CALLING_OUT_TO_A_SOURCE0_PERFORM_FUNCTION__+0x11
C  [CoreFoundation+0x89fbc]  __CFRunLoopDoSources0+0x22c
C  [CoreFoundation+0x894df]  __CFRunLoopRun+0x39f
C  [CoreFoundation+0x88ed8]  CFRunLoopRunSpecific+0x128
C  [java+0x6465]  CreateExecutionEnvironment+0x367
C  [java+0x218c]  JLI_Launch+0x7a0
C  [java+0x84c2]  main+0x65
C  [java+0x19e4]  start+0x34
C  0x0000000000000007

Java frames: (J=compiled Java code, j=interpreted, Vv=VM code)
j  jogamp.nativewindow.jawt.macosx.MacOSXJAWTWindow.UnsetJAWTRootSurfaceLayer0(JJ)V+0
j  jogamp.nativewindow.jawt.macosx.MacOSXJAWTWindow.access$200(JJ)V+2
j  jogamp.nativewindow.jawt.macosx.MacOSXJAWTWindow$1.run()V+38
J 2561 C1 com.jogamp.common.util.RunnableTask.run()V (345 bytes) @ 0x000000010645bc94 [0x000000010645bb00+0x194]
v  ~StubRoutines::call_stub

---------------  P R O C E S S  ---------------

Java Threads: ( => current thread )
  0x00007fabc02b1000 JavaThread "Thread-19" [_thread_blocked, id=5039, stack(0x00007000019ee000,0x0000700001aee000)]
  0x00007fabbc474000 JavaThread "AWT-EventQueue-1" [_thread_in_native, id=58915, stack(0x0000700001868000,0x0000700001968000)]
  0x00007fabbb0e9000 JavaThread "DestroyJavaVM" [_thread_blocked, id=5891, stack(0x000070000011a000,0x000070000021a000)]
  0x00007fabbca12000 JavaThread "AWT-EventQueue-0" [_thread_blocked, id=56323, stack(0x0000700001662000,0x0000700001762000)]
  0x00007fabbc997800 JavaThread "Java2D Disposer" daemon [_thread_blocked, id=52995, stack(0x00007000013d9000,0x00007000014d9000)]
  0x00007fabbc95f000 JavaThread "Java2D Queue Flusher" daemon [_thread_blocked, id=49927, stack(0x00007000012d6000,0x00007000013d6000)]
  0x00007fabbc923000 JavaThread "AWT-Shutdown" [_thread_blocked, id=29715, stack(0x0000700001150000,0x0000700001250000)]
=>0x00007fabbb051000 JavaThread "AWT-AppKit" daemon [_thread_in_native, id=2571, stack(0x00007fff5b464000,0x00007fff5bc64000)]
  0x00007fabbc843800 JavaThread "Service Thread" daemon [_thread_blocked, id=18691, stack(0x0000700000e44000,0x0000700000f44000)]
  0x00007fabbc01a000 JavaThread "C1 CompilerThread2" daemon [_thread_blocked, id=18179, stack(0x0000700000d41000,0x0000700000e41000)]
  0x00007fabbc019800 JavaThread "C2 CompilerThread1" daemon [_thread_blocked, id=17667, stack(0x0000700000c3e000,0x0000700000d3e000)]
  0x00007fabbc004800 JavaThread "C2 CompilerThread0" daemon [_thread_blocked, id=17155, stack(0x0000700000b3b000,0x0000700000c3b000)]
  0x00007fabbc843000 JavaThread "Signal Dispatcher" daemon [_thread_blocked, id=12815, stack(0x0000700000a38000,0x0000700000b38000)]
  0x00007fabbc83f800 JavaThread "Finalizer" daemon [_thread_blocked, id=12291, stack(0x000070000082f000,0x000070000092f000)]
  0x00007fabbc83c800 JavaThread "Reference Handler" daemon [_thread_blocked, id=11779, stack(0x000070000072c000,0x000070000082c000)]

Other Threads:
  0x00007fabbc838000 VMThread [stack: 0x0000700000629000,0x0000700000729000] [id=11267]
  0x00007fabbb80f000 WatcherThread [stack: 0x0000700000f47000,0x0000700001047000] [id=19203]

VM state:not at safepoint (normal execution)

VM Mutex/Monitor currently owned by a thread: None

Heap:
 PSYoungGen      total 47616K, used 37303K [0x00000007aab00000, 0x00000007ae600000, 0x00000007c0000000)
  eden space 37888K, 78% used [0x00000007aab00000,0x00000007ac82dd58,0x00000007ad000000)
  from space 9728K, 76% used [0x00000007adc80000,0x00000007ae3c01d0,0x00000007ae600000)
  to   space 11264K, 0% used [0x00000007ad000000,0x00000007ad000000,0x00000007adb00000)
 ParOldGen       total 37376K, used 17771K [0x0000000780000000, 0x0000000782480000, 0x00000007aab00000)
  object space 37376K, 47% used [0x0000000780000000,0x000000078115adc8,0x0000000782480000)
 Metaspace       used 24031K, capacity 24299K, committed 24832K, reserved 1071104K
  class space    used 2349K, capacity 2450K, committed 2560K, reserved 1048576K

Card table byte_map: [0x0000000114f5d000,0x000000011515e000] byte_map_base: 0x000000011135d000

Marking Bits: (ParMarkBitMap*) 0x00000001054edd20
 Begin Bits: [0x000000011515e000, 0x000000011615e000)
 End Bits:   [0x000000011615e000, 0x000000011715e000)

Polling page: 0x000000010425f000

CodeCache: size=245760Kb used=11175Kb max_used=11197Kb free=234584Kb
 bounds [0x0000000105b9d000, 0x000000010669d000, 0x0000000114b9d000]
 total_blobs=4068 nmethods=3150 adapters=831
 compilation: enabled

Compilation events (10 events):
Event: 20.173 Thread 0x00007fabbc019800 nmethod 3145 0x000000010666ed90 code [0x000000010666ef00, 0x000000010666f3d8]
Event: 20.173 Thread 0x00007fabbc004800 nmethod 3146 0x000000010666e510 code [0x000000010666e680, 0x000000010666eb18]
Event: 20.489 Thread 0x00007fabbc019800 3147       4       processing.opengl.PGraphicsOpenGL$TexCache::clear (24 bytes)
Event: 20.492 Thread 0x00007fabbc019800 nmethod 3147 0x000000010665f790 code [0x000000010665f8e0, 0x000000010665fa38]
Event: 21.252 Thread 0x00007fabbc01a000 3148       3       java.awt.Rectangle::intersection (180 bytes)
Event: 21.253 Thread 0x00007fabbc01a000 nmethod 3148 0x000000010665e2d0 code [0x000000010665e460, 0x000000010665e990]
Event: 21.302 Thread 0x00007fabbc004800 3149       4       java.util.HashMap::put (13 bytes)
Event: 21.305 Thread 0x00007fabbc019800 3150  s!   4       sun.misc.URLClassPath::getLoader (197 bytes)
Event: 21.314 Thread 0x00007fabbc019800 nmethod 3150 0x0000000106670250 code [0x00000001066703c0, 0x0000000106670b98]
Event: 21.314 Thread 0x00007fabbc019800 3151  s    4       sun.misc.URLClassPath::getNextLoader (88 bytes)

GC Heap History (10 events):
Event: 3.148 GC heap before
{Heap before GC invocations=5 (full 1):
 PSYoungGen      total 18944K, used 2544K [0x00000007aab00000, 0x00000007ad000000, 0x00000007c0000000)
  eden space 16384K, 0% used [0x00000007aab00000,0x00000007aab00000,0x00000007abb00000)
  from space 2560K, 99% used [0x00000007abd80000,0x00000007abffc050,0x00000007ac000000)
  to   space 2560K, 0% used [0x00000007abb00000,0x00000007abb00000,0x00000007abd80000)
 ParOldGen       total 44032K, used 8197K [0x0000000780000000, 0x0000000782b00000, 0x00000007aab00000)
  object space 44032K, 18% used [0x0000000780000000,0x0000000780801460,0x0000000782b00000)
 Metaspace       used 20783K, capacity 21019K, committed 21248K, reserved 1069056K
  class space    used 2137K, capacity 2256K, committed 2304K, reserved 1048576K
Event: 3.193 GC heap after
Heap after GC invocations=5 (full 1):
 PSYoungGen      total 18944K, used 0K [0x00000007aab00000, 0x00000007ad000000, 0x00000007c0000000)
  eden space 16384K, 0% used [0x00000007aab00000,0x00000007aab00000,0x00000007abb00000)
  from space 2560K, 0% used [0x00000007abd80000,0x00000007abd80000,0x00000007ac000000)
  to   space 2560K, 0% used [0x00000007abb00000,0x00000007abb00000,0x00000007abd80000)
 ParOldGen       total 37376K, used 8412K [0x0000000780000000, 0x0000000782480000, 0x00000007aab00000)
  object space 37376K, 22% used [0x0000000780000000,0x0000000780837108,0x0000000782480000)
 Metaspace       used 20783K, capacity 21019K, committed 21248K, reserved 1069056K
  class space    used 2137K, capacity 2256K, committed 2304K, reserved 1048576K
}
Event: 3.627 GC heap before
{Heap before GC invocations=6 (full 1):
 PSYoungGen      total 18944K, used 16384K [0x00000007aab00000, 0x00000007ad000000, 0x00000007c0000000)
  eden space 16384K, 100% used [0x00000007aab00000,0x00000007abb00000,0x00000007abb00000)
  from space 2560K, 0% used [0x00000007abd80000,0x00000007abd80000,0x00000007ac000000)
  to   space 2560K, 0% used [0x00000007abb00000,0x00000007abb00000,0x00000007abd80000)
 ParOldGen       total 37376K, used 8412K [0x0000000780000000, 0x0000000782480000, 0x00000007aab00000)
  object space 37376K, 22% used [0x0000000780000000,0x0000000780837108,0x0000000782480000)
 Metaspace       used 22811K, capacity 23067K, committed 23552K, reserved 1071104K
  class space    used 2329K, capacity 2448K, committed 2560K, reserved 1048576K
Event: 3.634 GC heap after
Heap after GC invocations=6 (full 1):
 PSYoungGen      total 18944K, used 2528K [0x00000007aab00000, 0x00000007adb00000, 0x00000007c0000000)
  eden space 16384K, 0% used [0x00000007aab00000,0x00000007aab00000,0x00000007abb00000)
  from space 2560K, 98% used [0x00000007abb00000,0x00000007abd78070,0x00000007abd80000)
  to   space 11776K, 0% used [0x00000007acf80000,0x00000007acf80000,0x00000007adb00000)
 ParOldGen       total 37376K, used 17683K [0x0000000780000000, 0x0000000782480000, 0x00000007aab00000)
  object space 37376K, 47% used [0x0000000780000000,0x0000000781144db8,0x0000000782480000)
 Metaspace       used 22811K, capacity 23067K, committed 23552K, reserved 1071104K
  class space    used 2329K, capacity 2448K, committed 2560K, reserved 1048576K
}
Event: 3.969 GC heap before
{Heap before GC invocations=7 (full 1):
 PSYoungGen      total 18944K, used 18731K [0x00000007aab00000, 0x00000007adb00000, 0x00000007c0000000)
  eden space 16384K, 98% used [0x00000007aab00000,0x00000007abad2da0,0x00000007abb00000)
  from space 2560K, 98% used [0x00000007abb00000,0x00000007abd78070,0x00000007abd80000)
  to   space 11776K, 0% used [0x00000007acf80000,0x00000007acf80000,0x00000007adb00000)
 ParOldGen       total 37376K, used 17683K [0x0000000780000000, 0x0000000782480000, 0x00000007aab00000)
  object space 37376K, 47% used [0x0000000780000000,0x0000000781144db8,0x0000000782480000)
 Metaspace       used 23122K, capacity 23387K, committed 23808K, reserved 1071104K
  class space    used 2340K, capacity 2448K, committed 2560K, reserved 1048576K
Event: 3.978 GC heap after
Heap after GC invocations=7 (full 1):
 PSYoungGen      total 37376K, used 7072K [0x00000007aab00000, 0x00000007ada80000, 0x00000007c0000000)
  eden space 26112K, 0% used [0x00000007aab00000,0x00000007aab00000,0x00000007ac480000)
  from space 11264K, 62% used [0x00000007acf80000,0x00000007ad6681f0,0x00000007ada80000)
  to   space 11264K, 0% used [0x00000007ac480000,0x00000007ac480000,0x00000007acf80000)
 ParOldGen       total 37376K, used 17755K [0x0000000780000000, 0x0000000782480000, 0x00000007aab00000)
  object space 37376K, 47% used [0x0000000780000000,0x0000000781156dc8,0x0000000782480000)
 Metaspace       used 23122K, capacity 23387K, committed 23808K, reserved 1071104K
  class space    used 2340K, capacity 2448K, committed 2560K, reserved 1048576K
}
Event: 9.781 GC heap before
{Heap before GC invocations=8 (full 1):
 PSYoungGen      total 37376K, used 33184K [0x00000007aab00000, 0x00000007ada80000, 0x00000007c0000000)
  eden space 26112K, 100% used [0x00000007aab00000,0x00000007ac480000,0x00000007ac480000)
  from space 11264K, 62% used [0x00000007acf80000,0x00000007ad6681f0,0x00000007ada80000)
  to   space 11264K, 0% used [0x00000007ac480000,0x00000007ac480000,0x00000007acf80000)
 ParOldGen       total 37376K, used 17755K [0x0000000780000000, 0x0000000782480000, 0x00000007aab00000)
  object space 37376K, 47% used [0x0000000780000000,0x0000000781156dc8,0x0000000782480000)
 Metaspace       used 23730K, capacity 24043K, committed 24576K, reserved 1071104K
  class space    used 2342K, capacity 2450K, committed 2560K, reserved 1048576K
Event: 9.786 GC heap after
Heap after GC invocations=8 (full 1):
 PSYoungGen      total 37376K, used 7600K [0x00000007aab00000, 0x00000007ae780000, 0x00000007c0000000)
  eden space 26112K, 0% used [0x00000007aab00000,0x00000007aab00000,0x00000007ac480000)
  from space 11264K, 67% used [0x00000007ac480000,0x00000007acbec200,0x00000007acf80000)
  to   space 11264K, 0% used [0x00000007adc80000,0x00000007adc80000,0x00000007ae780000)
 ParOldGen       total 37376K, used 17763K [0x0000000780000000, 0x0000000782480000, 0x00000007aab00000)
  object space 37376K, 47% used [0x0000000780000000,0x0000000781158dc8,0x0000000782480000)
 Metaspace       used 23730K, capacity 24043K, committed 24576K, reserved 1071104K
  class space    used 2342K, capacity 2450K, committed 2560K, reserved 1048576K
}
Event: 15.193 GC heap before
{Heap before GC invocations=9 (full 1):
 PSYoungGen      total 37376K, used 33712K [0x00000007aab00000, 0x00000007ae780000, 0x00000007c0000000)
  eden space 26112K, 100% used [0x00000007aab00000,0x00000007ac480000,0x00000007ac480000)
  from space 11264K, 67% used [0x00000007ac480000,0x00000007acbec200,0x00000007acf80000)
  to   space 11264K, 0% used [0x00000007adc80000,0x00000007adc80000,0x00000007ae780000)
 ParOldGen       total 37376K, used 17763K [0x0000000780000000, 0x0000000782480000, 0x00000007aab00000)
  object space 37376K, 47% used [0x0000000780000000,0x0000000781158dc8,0x0000000782480000)
 Metaspace       used 23969K, capacity 24235K, committed 24576K, reserved 1071104K
  class space    used 2342K, capacity 2450K, committed 2560K, reserved 1048576K
Event: 15.199 GC heap after
Heap after GC invocations=9 (full 1):
 PSYoungGen      total 47616K, used 7424K [0x00000007aab00000, 0x00000007ae600000, 0x00000007c0000000)
  eden space 37888K, 0% used [0x00000007aab00000,0x00000007aab00000,0x00000007ad000000)
  from space 9728K, 76% used [0x00000007adc80000,0x00000007ae3c01d0,0x00000007ae600000)
  to   space 11264K, 0% used [0x00000007ad000000,0x00000007ad000000,0x00000007adb00000)
 ParOldGen       total 37376K, used 17771K [0x0000000780000000, 0x0000000782480000, 0x00000007aab00000)
  object space 37376K, 47% used [0x0000000780000000,0x000000078115adc8,0x0000000782480000)
 Metaspace       used 23969K, capacity 24235K, committed 24576K, reserved 1071104K
  class space    used 2342K, capacity 2450K, committed 2560K, reserved 1048576K
}

Deoptimization events (10 events):
Event: 9.922 Thread 0x00007fabbc474000 Uncommon trap: reason=speculate_class_check action=maybe_recompile pc=0x0000000106578448 method=com.jogamp.common.nio.Buffers.getDirectBufferByteOffset(Ljava/lang/Object;)I @ 31
Event: 9.923 Thread 0x00007fabbc474000 Uncommon trap: reason=speculate_class_check action=maybe_recompile pc=0x0000000106578448 method=com.jogamp.common.nio.Buffers.getDirectBufferByteOffset(Ljava/lang/Object;)I @ 31
Event: 10.062 Thread 0x00007fabbc474000 Uncommon trap: reason=speculate_class_check action=maybe_recompile pc=0x00000001065882bc method=com.jogamp.common.nio.Buffers.getDirectBufferByteOffset(Ljava/lang/Object;)I @ 42
Event: 10.064 Thread 0x00007fabbc474000 Uncommon trap: reason=speculate_class_check action=maybe_recompile pc=0x00000001065882bc method=com.jogamp.common.nio.Buffers.getDirectBufferByteOffset(Ljava/lang/Object;)I @ 42
Event: 21.254 Thread 0x00007fabbca12000 Uncommon trap: reason=unstable_if action=reinterpret pc=0x000000010637f4f8 method=java.awt.font.FontRenderContext.equals(Ljava/awt/font/FontRenderContext;)Z @ 2
Event: 21.301 Thread 0x00007fabbc1f3800 Uncommon trap: reason=class_check action=maybe_recompile pc=0x0000000105fd8ff4 method=java.util.HashMap.putVal(ILjava/lang/Object;Ljava/lang/Object;ZZ)Ljava/lang/Object; @ 91
Event: 21.302 Thread 0x00007fabbc1f3800 Uncommon trap: reason=class_check action=maybe_recompile pc=0x0000000105fd8ff4 method=java.util.HashMap.putVal(ILjava/lang/Object;Ljava/lang/Object;ZZ)Ljava/lang/Object; @ 91
Event: 21.302 Thread 0x00007fabbc1f3800 Uncommon trap: reason=class_check action=maybe_recompile pc=0x0000000105fd8ff4 method=java.util.HashMap.putVal(ILjava/lang/Object;Ljava/lang/Object;ZZ)Ljava/lang/Object; @ 91
Event: 21.302 Thread 0x00007fabbc1f3800 Uncommon trap: reason=class_check action=maybe_recompile pc=0x0000000105fd8ff4 method=java.util.HashMap.putVal(ILjava/lang/Object;Ljava/lang/Object;ZZ)Ljava/lang/Object; @ 91
Event: 21.302 Thread 0x00007fabbc1f3800 Uncommon trap: reason=class_check action=maybe_recompile pc=0x0000000105fb57b4 method=java.util.HashMap.putVal(ILjava/lang/Object;Ljava/lang/Object;ZZ)Ljava/lang/Object; @ 91

Internal exceptions (10 events):
Event: 0.160 Thread 0x00007fabbb800000 Exception <a 'java/lang/NoSuchFieldError': method resolution failed> (0x00000007aacbf468) thrown at [/HUDSON3/workspace/8-2-build-macosx-x86_64/jdk8u101/7261/hotspot/src/share/vm/prims/methodHandles.cpp, line 1146]
Event: 0.310 Thread 0x00007fabbb800000 Exception <a 'java/io/FileNotFoundException'> (0x00000007aad3ade0) thrown at [/HUDSON3/workspace/8-2-build-macosx-x86_64/jdk8u101/7261/hotspot/src/share/vm/prims/jni.cpp, line 709]
Event: 0.311 Thread 0x00007fabbb800000 Exception <a 'java/io/FileNotFoundException'> (0x00000007aad3b940) thrown at [/HUDSON3/workspace/8-2-build-macosx-x86_64/jdk8u101/7261/hotspot/src/share/vm/prims/jni.cpp, line 709]
Event: 0.417 Thread 0x00007fabbb800000 Exception <a 'java/io/FileNotFoundException'> (0x00000007aae22c10) thrown at [/HUDSON3/workspace/8-2-build-macosx-x86_64/jdk8u101/7261/hotspot/src/share/vm/prims/jni.cpp, line 709]
Event: 1.682 Thread 0x00007fabbc83f800 Exception <a 'java/lang/NullPointerException'> (0x00000007aab853b8) thrown at [/HUDSON3/workspace/8-2-build-macosx-x86_64/jdk8u101/7261/hotspot/src/share/vm/interpreter/linkResolver.cpp, line 1178]
Event: 1.763 Thread 0x00007fabbcbcb800 Exception <a 'java/lang/UnsatisfiedLinkError': com.jogamp.common.util.JarUtil.fixNativeLibAttribs(Ljava/lang/String;)Z> (0x00000007aaed4aa8) thrown at [/HUDSON3/workspace/8-2-build-macosx-x86_64/jdk8u101/7261/hotspot/src/share/vm/prims/nativeLookup.cpp, l
Event: 2.714 Thread 0x00007fabbc474000 Exception <a 'java/io/FileNotFoundException'> (0x00000007ab126950) thrown at [/HUDSON3/workspace/8-2-build-macosx-x86_64/jdk8u101/7261/hotspot/src/share/vm/prims/jni.cpp, line 709]
Event: 2.715 Thread 0x00007fabbc474000 Exception <a 'java/io/FileNotFoundException'> (0x00000007ab12ce28) thrown at [/HUDSON3/workspace/8-2-build-macosx-x86_64/jdk8u101/7261/hotspot/src/share/vm/prims/jni.cpp, line 709]
Event: 2.715 Thread 0x00007fabbc474000 Implicit null exception at 0x0000000105d3e875 to 0x0000000105d3ebed
Event: 3.812 Thread 0x00007fabbc474000 Implicit null exception at 0x0000000106194a25 to 0x0000000106194b79

Events (10 events):
Event: 21.312 loading class jogamp/nativewindow/jawt/macosx/MacOSXJAWTWindow$1 done
Event: 21.314 loading class java/awt/LightweightDispatcher$2
Event: 21.314 loading class java/awt/LightweightDispatcher$2 done
Event: 21.314 loading class java/awt/event/AWTEventListenerProxy
Event: 21.314 loading class java/awt/event/AWTEventListenerProxy done
Event: 21.314 Executing VM operation: Deoptimize
Event: 21.315 Executing VM operation: Deoptimize done
Event: 21.315 loading class java/awt/Toolkit$ToolkitEventMulticaster
Event: 21.315 loading class java/awt/Toolkit$ToolkitEventMulticaster done
Event: 21.316 Thread 0x00007fabbc1f3800 Thread exited: 0x00007fabbc1f3800


Dynamic libraries:
0x0000000005485000 	/System/Library/Frameworks/Cocoa.framework/Versions/A/Cocoa
0x0000000005485000 	/System/Library/Frameworks/Security.framework/Versions/A/Security
0x0000000005485000 	/System/Library/Frameworks/ApplicationServices.framework/Versions/A/ApplicationServices
0x0000000005485000 	/usr/lib/libz.1.dylib
0x0000000005485000 	/usr/lib/libSystem.B.dylib
0x0000000005485000 	/usr/lib/libobjc.A.dylib
0x0000000005485000 	/System/Library/Frameworks/CoreFoundation.framework/Versions/A/CoreFoundation
0x0000000005485000 	/System/Library/Frameworks/Foundation.framework/Versions/C/Foundation
0x0000000005485000 	/System/Library/Frameworks/AppKit.framework/Versions/C/AppKit
0x0000000005485000 	/System/Library/Frameworks/CoreData.framework/Versions/A/CoreData
0x0000000005485000 	/System/Library/PrivateFrameworks/RemoteViewServices.framework/Versions/A/RemoteViewServices
0x0000000005485000 	/System/Library/PrivateFrameworks/UIFoundation.framework/Versions/A/UIFoundation
0x0000000005485000 	/usr/lib/libScreenReader.dylib
0x0000000005485000 	/System/Library/Frameworks/Accelerate.framework/Versions/A/Accelerate
0x0000000005485000 	/System/Library/Frameworks/IOSurface.framework/Versions/A/IOSurface
0x0000000005485000 	/System/Library/Frameworks/AudioToolbox.framework/Versions/A/AudioToolbox
0x0000000005485000 	/System/Library/Frameworks/AudioUnit.framework/Versions/A/AudioUnit
0x0000000005485000 	/System/Library/PrivateFrameworks/DataDetectorsCore.framework/Versions/A/DataDetectorsCore
0x0000000005485000 	/System/Library/PrivateFrameworks/DesktopServicesPriv.framework/Versions/A/DesktopServicesPriv
0x0000000005485000 	/System/Library/Frameworks/Carbon.framework/Versions/A/Frameworks/HIToolbox.framework/Versions/A/HIToolbox
0x0000000005485000 	/System/Library/Frameworks/QuartzCore.framework/Versions/A/QuartzCore
0x0000000005485000 	/System/Library/Frameworks/Carbon.framework/Versions/A/Frameworks/SpeechRecognition.framework/Versions/A/SpeechRecognition
0x0000000005485000 	/usr/lib/libauto.dylib
0x0000000005485000 	/usr/lib/libicucore.A.dylib
0x0000000005485000 	/usr/lib/libxml2.2.dylib
0x0000000005485000 	/System/Library/PrivateFrameworks/CoreUI.framework/Versions/A/CoreUI
0x0000000005485000 	/System/Library/Frameworks/CoreAudio.framework/Versions/A/CoreAudio
0x0000000005485000 	/System/Library/Frameworks/DiskArbitration.framework/Versions/A/DiskArbitration
0x0000000005485000 	/usr/lib/liblangid.dylib
0x0000000005485000 	/System/Library/PrivateFrameworks/MultitouchSupport.framework/Versions/A/MultitouchSupport
0x0000000005485000 	/System/Library/Frameworks/IOKit.framework/Versions/A/IOKit
0x0000000005485000 	/usr/lib/libDiagnosticMessagesClient.dylib
0x0000000005485000 	/System/Library/Frameworks/CoreServices.framework/Versions/A/CoreServices
0x0000000005485000 	/System/Library/PrivateFrameworks/PerformanceAnalysis.framework/Versions/A/PerformanceAnalysis
0x0000000005485000 	/System/Library/PrivateFrameworks/GenerationalStorage.framework/Versions/A/GenerationalStorage
0x0000000005485000 	/System/Library/Frameworks/OpenGL.framework/Versions/A/OpenGL
0x0000000005485000 	/System/Library/PrivateFrameworks/Sharing.framework/Versions/A/Sharing
0x0000000005485000 	/System/Library/Frameworks/CoreGraphics.framework/Versions/A/CoreGraphics
0x0000000005485000 	/System/Library/Frameworks/CoreImage.framework/Versions/A/CoreImage
0x0000000005485000 	/System/Library/Frameworks/CoreText.framework/Versions/A/CoreText
0x0000000005485000 	/System/Library/Frameworks/ImageIO.framework/Versions/A/ImageIO
0x0000000005485000 	/System/Library/PrivateFrameworks/Backup.framework/Versions/A/Backup
0x0000000005485000 	/usr/lib/libextension.dylib
0x0000000005485000 	/usr/lib/libarchive.2.dylib
0x0000000005485000 	/System/Library/Frameworks/CFNetwork.framework/Versions/A/CFNetwork
0x0000000005485000 	/System/Library/Frameworks/SystemConfiguration.framework/Versions/A/SystemConfiguration
0x0000000005485000 	/usr/lib/libCRFSuite.dylib
0x0000000005485000 	/usr/lib/libc++.1.dylib
0x0000000005485000 	/usr/lib/libc++abi.dylib
0x0000000005485000 	/usr/lib/system/libcache.dylib
0x0000000005485000 	/usr/lib/system/libcommonCrypto.dylib
0x0000000005485000 	/usr/lib/system/libcompiler_rt.dylib
0x0000000005485000 	/usr/lib/system/libcopyfile.dylib
0x0000000005485000 	/usr/lib/system/libcorecrypto.dylib
0x0000000005485000 	/usr/lib/system/libdispatch.dylib
0x0000000005485000 	/usr/lib/system/libdyld.dylib
0x0000000005485000 	/usr/lib/system/libkeymgr.dylib
0x0000000005485000 	/usr/lib/system/liblaunch.dylib
0x0000000005485000 	/usr/lib/system/libmacho.dylib
0x0000000005485000 	/usr/lib/system/libquarantine.dylib
0x0000000005485000 	/usr/lib/system/libremovefile.dylib
0x0000000005485000 	/usr/lib/system/libsystem_asl.dylib
0x0000000005485000 	/usr/lib/system/libsystem_blocks.dylib
0x0000000005485000 	/usr/lib/system/libsystem_c.dylib
0x0000000005485000 	/usr/lib/system/libsystem_configuration.dylib
0x0000000005485000 	/usr/lib/system/libsystem_coreservices.dylib
0x0000000005485000 	/usr/lib/system/libsystem_coretls.dylib
0x0000000005485000 	/usr/lib/system/libsystem_dnssd.dylib
0x0000000005485000 	/usr/lib/system/libsystem_info.dylib
0x0000000005485000 	/usr/lib/system/libsystem_kernel.dylib
0x0000000005485000 	/usr/lib/system/libsystem_m.dylib
0x0000000005485000 	/usr/lib/system/libsystem_malloc.dylib
0x0000000005485000 	/usr/lib/system/libsystem_network.dylib
0x0000000005485000 	/usr/lib/system/libsystem_networkextension.dylib
0x0000000005485000 	/usr/lib/system/libsystem_notify.dylib
0x0000000005485000 	/usr/lib/system/libsystem_platform.dylib
0x0000000005485000 	/usr/lib/system/libsystem_pthread.dylib
0x0000000005485000 	/usr/lib/system/libsystem_sandbox.dylib
0x0000000005485000 	/usr/lib/system/libsystem_secinit.dylib
0x0000000005485000 	/usr/lib/system/libsystem_trace.dylib
0x0000000005485000 	/usr/lib/system/libunc.dylib
0x0000000005485000 	/usr/lib/system/libunwind.dylib
0x0000000005485000 	/usr/lib/system/libxpc.dylib
0x0000000005485000 	/usr/lib/libenergytrace.dylib
0x0000000005485000 	/usr/lib/libbsm.0.dylib
0x0000000005485000 	/usr/lib/system/libkxld.dylib
0x0000000005485000 	/usr/lib/libxar.1.dylib
0x0000000005485000 	/usr/lib/libsqlite3.dylib
0x0000000005485000 	/usr/lib/libpam.2.dylib
0x0000000005485000 	/usr/lib/libOpenScriptingUtil.dylib
0x0000000005485000 	/usr/lib/libbz2.1.0.dylib
0x0000000005485000 	/usr/lib/liblzma.5.dylib
0x0000000005485000 	/System/Library/Frameworks/CoreServices.framework/Versions/A/Frameworks/FSEvents.framework/Versions/A/FSEvents
0x0000000005485000 	/System/Library/Frameworks/CoreServices.framework/Versions/A/Frameworks/CarbonCore.framework/Versions/A/CarbonCore
0x0000000005485000 	/System/Library/Frameworks/CoreServices.framework/Versions/A/Frameworks/Metadata.framework/Versions/A/Metadata
0x0000000005485000 	/System/Library/Frameworks/CoreServices.framework/Versions/A/Frameworks/OSServices.framework/Versions/A/OSServices
0x0000000005485000 	/System/Library/Frameworks/CoreServices.framework/Versions/A/Frameworks/SearchKit.framework/Versions/A/SearchKit
0x0000000005485000 	/System/Library/Frameworks/CoreServices.framework/Versions/A/Frameworks/AE.framework/Versions/A/AE
0x0000000005485000 	/System/Library/Frameworks/CoreServices.framework/Versions/A/Frameworks/LaunchServices.framework/Versions/A/LaunchServices
0x0000000005485000 	/System/Library/Frameworks/CoreServices.framework/Versions/A/Frameworks/DictionaryServices.framework/Versions/A/DictionaryServices
0x0000000005485000 	/System/Library/Frameworks/CoreServices.framework/Versions/A/Frameworks/SharedFileList.framework/Versions/A/SharedFileList
0x0000000005485000 	/System/Library/Frameworks/NetFS.framework/Versions/A/NetFS
0x0000000005485000 	/System/Library/PrivateFrameworks/NetAuth.framework/Versions/A/NetAuth
0x0000000005485000 	/System/Library/PrivateFrameworks/login.framework/Versions/A/Frameworks/loginsupport.framework/Versions/A/loginsupport
0x0000000005485000 	/System/Library/PrivateFrameworks/TCC.framework/Versions/A/TCC
0x0000000005485000 	/usr/lib/libmecabra.dylib
0x0000000005485000 	/System/Library/Frameworks/ApplicationServices.framework/Versions/A/Frameworks/ATS.framework/Versions/A/ATS
0x0000000005485000 	/System/Library/Frameworks/ApplicationServices.framework/Versions/A/Frameworks/ColorSync.framework/Versions/A/ColorSync
0x0000000005485000 	/System/Library/Frameworks/ApplicationServices.framework/Versions/A/Frameworks/HIServices.framework/Versions/A/HIServices
0x0000000005485000 	/System/Library/Frameworks/ApplicationServices.framework/Versions/A/Frameworks/LangAnalysis.framework/Versions/A/LangAnalysis
0x0000000005485000 	/System/Library/Frameworks/ApplicationServices.framework/Versions/A/Frameworks/PrintCore.framework/Versions/A/PrintCore
0x0000000005485000 	/System/Library/Frameworks/ApplicationServices.framework/Versions/A/Frameworks/QD.framework/Versions/A/QD
0x0000000005485000 	/System/Library/Frameworks/ApplicationServices.framework/Versions/A/Frameworks/SpeechSynthesis.framework/Versions/A/SpeechSynthesis
0x0000000005485000 	/System/Library/Frameworks/Metal.framework/Versions/A/Metal
0x0000000005485000 	/System/Library/Frameworks/Accelerate.framework/Versions/A/Frameworks/vImage.framework/Versions/A/vImage
0x0000000005485000 	/System/Library/Frameworks/Accelerate.framework/Versions/A/Frameworks/vecLib.framework/Versions/A/vecLib
0x0000000005485000 	/System/Library/Frameworks/Accelerate.framework/Versions/A/Frameworks/vecLib.framework/Versions/A/libvDSP.dylib
0x0000000005485000 	/System/Library/Frameworks/Accelerate.framework/Versions/A/Frameworks/vecLib.framework/Versions/A/libvMisc.dylib
0x0000000005485000 	/System/Library/Frameworks/Accelerate.framework/Versions/A/Frameworks/vecLib.framework/Versions/A/libLAPACK.dylib
0x0000000005485000 	/System/Library/Frameworks/Accelerate.framework/Versions/A/Frameworks/vecLib.framework/Versions/A/libBLAS.dylib
0x0000000005485000 	/System/Library/Frameworks/Accelerate.framework/Versions/A/Frameworks/vecLib.framework/Versions/A/libLinearAlgebra.dylib
0x0000000005485000 	/System/Library/Frameworks/Accelerate.framework/Versions/A/Frameworks/vecLib.framework/Versions/A/libSparseBLAS.dylib
0x0000000005485000 	/System/Library/PrivateFrameworks/GPUCompiler.framework/libmetal_timestamp.dylib
0x0000000005485000 	/System/Library/Frameworks/OpenGL.framework/Versions/A/Libraries/libCoreFSCache.dylib
0x0000000005485000 	/System/Library/PrivateFrameworks/IOAccelerator.framework/Versions/A/IOAccelerator
0x0000000005485000 	/System/Library/Frameworks/ApplicationServices.framework/Versions/A/Frameworks/ATS.framework/Versions/A/Resources/libFontParser.dylib
0x0000000005485000 	/System/Library/Frameworks/ApplicationServices.framework/Versions/A/Frameworks/ATS.framework/Versions/A/Resources/libFontRegistry.dylib
0x0000000005485000 	/System/Library/PrivateFrameworks/AppleVPA.framework/Versions/A/AppleVPA
0x0000000005485000 	/System/Library/PrivateFrameworks/AppleJPEG.framework/Versions/A/AppleJPEG
0x0000000005485000 	/System/Library/Frameworks/ImageIO.framework/Versions/A/Resources/libJPEG.dylib
0x0000000005485000 	/System/Library/Frameworks/ImageIO.framework/Versions/A/Resources/libTIFF.dylib
0x0000000005485000 	/System/Library/Frameworks/ImageIO.framework/Versions/A/Resources/libPng.dylib
0x0000000005485000 	/System/Library/Frameworks/ImageIO.framework/Versions/A/Resources/libGIF.dylib
0x0000000005485000 	/System/Library/Frameworks/ImageIO.framework/Versions/A/Resources/libJP2.dylib
0x0000000005485000 	/System/Library/Frameworks/ImageIO.framework/Versions/A/Resources/libRadiance.dylib
0x0000000005485000 	/System/Library/Frameworks/CoreVideo.framework/Versions/A/CoreVideo
0x0000000005485000 	/System/Library/Frameworks/OpenGL.framework/Versions/A/Libraries/libGLU.dylib
0x0000000005485000 	/System/Library/Frameworks/OpenGL.framework/Versions/A/Libraries/libGFXShared.dylib
0x0000000005485000 	/System/Library/Frameworks/OpenGL.framework/Versions/A/Libraries/libGL.dylib
0x0000000005485000 	/System/Library/Frameworks/OpenGL.framework/Versions/A/Libraries/libGLImage.dylib
0x0000000005485000 	/System/Library/Frameworks/OpenGL.framework/Versions/A/Libraries/libCVMSPluginSupport.dylib
0x0000000005485000 	/System/Library/Frameworks/OpenGL.framework/Versions/A/Libraries/libCoreVMClient.dylib
0x0000000005485000 	/usr/lib/libcompression.dylib
0x0000000005485000 	/usr/lib/libcups.2.dylib
0x0000000005485000 	/System/Library/Frameworks/Kerberos.framework/Versions/A/Kerberos
0x0000000005485000 	/System/Library/Frameworks/GSS.framework/Versions/A/GSS
0x0000000005485000 	/usr/lib/libresolv.9.dylib
0x0000000005485000 	/usr/lib/libiconv.2.dylib
0x0000000005485000 	/System/Library/PrivateFrameworks/Heimdal.framework/Versions/A/Heimdal
0x0000000005485000 	/usr/lib/libheimdal-asn1.dylib
0x0000000005485000 	/System/Library/Frameworks/OpenDirectory.framework/Versions/A/OpenDirectory
0x0000000005485000 	/System/Library/PrivateFrameworks/CommonAuth.framework/Versions/A/CommonAuth
0x0000000005485000 	/System/Library/Frameworks/OpenDirectory.framework/Versions/A/Frameworks/CFOpenDirectory.framework/Versions/A/CFOpenDirectory
0x0000000005485000 	/System/Library/Frameworks/SecurityFoundation.framework/Versions/A/SecurityFoundation
0x0000000005485000 	/System/Library/PrivateFrameworks/LanguageModeling.framework/Versions/A/LanguageModeling
0x0000000005485000 	/usr/lib/libmarisa.dylib
0x0000000005485000 	/usr/lib/libChineseTokenizer.dylib
0x0000000005485000 	/usr/lib/libcmph.dylib
0x0000000005485000 	/System/Library/Frameworks/ServiceManagement.framework/Versions/A/ServiceManagement
0x0000000005485000 	/usr/lib/libxslt.1.dylib
0x0000000005485000 	/System/Library/Frameworks/Carbon.framework/Versions/A/Frameworks/Ink.framework/Versions/A/Ink
0x0000000005485000 	/usr/lib/libFosl_dynamic.dylib
0x0000000005485000 	/System/Library/PrivateFrameworks/FaceCore.framework/Versions/A/FaceCore
0x0000000005485000 	/System/Library/Frameworks/OpenCL.framework/Versions/A/OpenCL
0x0000000005485000 	/System/Library/PrivateFrameworks/CrashReporterSupport.framework/Versions/A/CrashReporterSupport
0x0000000005485000 	/System/Library/PrivateFrameworks/IconServices.framework/Versions/A/IconServices
0x0000000005485000 	/System/Library/PrivateFrameworks/Apple80211.framework/Versions/A/Apple80211
0x0000000005485000 	/System/Library/Frameworks/CoreWLAN.framework/Versions/A/CoreWLAN
0x0000000005485000 	/System/Library/Frameworks/IOBluetooth.framework/Versions/A/IOBluetooth
0x0000000005485000 	/System/Library/PrivateFrameworks/CoreWiFi.framework/Versions/A/CoreWiFi
0x0000000005485000 	/System/Library/Frameworks/CoreBluetooth.framework/Versions/A/CoreBluetooth
0x0000000005485000 	/System/Library/PrivateFrameworks/ChunkingLibrary.framework/Versions/A/ChunkingLibrary
0x0000000005485000 	/System/Library/PrivateFrameworks/DebugSymbols.framework/Versions/A/DebugSymbols
0x0000000005485000 	/System/Library/PrivateFrameworks/CoreSymbolication.framework/Versions/A/CoreSymbolication
0x0000000005485000 	/System/Library/PrivateFrameworks/Symbolication.framework/Versions/A/Symbolication
0x0000000005485000 	/System/Library/PrivateFrameworks/SpeechRecognitionCore.framework/Versions/A/SpeechRecognitionCore
0x0000000104c00000 	/Library/Java/JavaVirtualMachines/jdk1.8.0_101.jdk/Contents/Home/jre/lib/server/libjvm.dylib
0x0000000005485000 	/usr/lib/libstdc++.6.dylib
0x000000010421c000 	/Library/Java/JavaVirtualMachines/jdk1.8.0_101.jdk/Contents/Home/jre/lib/libverify.dylib
0x000000010422a000 	/Library/Java/JavaVirtualMachines/jdk1.8.0_101.jdk/Contents/Home/jre/lib/libjava.dylib
0x0000000104269000 	/Library/Java/JavaVirtualMachines/jdk1.8.0_101.jdk/Contents/Home/jre/lib/libzip.dylib
0x0000000118e0d000 	/System/Library/Frameworks/JavaVM.framework/Frameworks/JavaRuntimeSupport.framework/JavaRuntimeSupport
0x0000000118e28000 	/System/Library/Frameworks/JavaVM.framework/Versions/A/Frameworks/JavaNativeFoundation.framework/Versions/A/JavaNativeFoundation
0x0000000118e3d000 	/System/Library/Frameworks/JavaVM.framework/Versions/A/JavaVM
0x0000000005485000 	/System/Library/Frameworks/Carbon.framework/Versions/A/Carbon
0x0000000118e4a000 	/System/Library/PrivateFrameworks/JavaLaunching.framework/Versions/A/JavaLaunching
0x0000000005485000 	/System/Library/Frameworks/Carbon.framework/Versions/A/Frameworks/CommonPanels.framework/Versions/A/CommonPanels
0x0000000005485000 	/System/Library/Frameworks/Carbon.framework/Versions/A/Frameworks/Help.framework/Versions/A/Help
0x0000000005485000 	/System/Library/Frameworks/Carbon.framework/Versions/A/Frameworks/ImageCapture.framework/Versions/A/ImageCapture
0x0000000005485000 	/System/Library/Frameworks/Carbon.framework/Versions/A/Frameworks/OpenScripting.framework/Versions/A/OpenScripting
0x0000000005485000 	/System/Library/Frameworks/Carbon.framework/Versions/A/Frameworks/Print.framework/Versions/A/Print
0x0000000005485000 	/System/Library/Frameworks/Carbon.framework/Versions/A/Frameworks/SecurityHI.framework/Versions/A/SecurityHI
0x000000011a76d000 	/Library/Java/JavaVirtualMachines/jdk1.8.0_101.jdk/Contents/Home/jre/lib/libawt.dylib
0x000000011a815000 	/Library/Java/JavaVirtualMachines/jdk1.8.0_101.jdk/Contents/Home/jre/lib/./libmlib_image.dylib
0x000000011a8e1000 	/Library/Java/JavaVirtualMachines/jdk1.8.0_101.jdk/Contents/Home/jre/lib/libawt_lwawt.dylib
0x000000011a996000 	/Library/Java/JavaVirtualMachines/jdk1.8.0_101.jdk/Contents/Home/jre/lib/./libosxapp.dylib
0x0000000005485000 	/System/Library/Frameworks/ExceptionHandling.framework/Versions/A/ExceptionHandling
0x0000000005485000 	/System/Library/PrivateFrameworks/CoreServicesInternal.framework/Versions/A/CoreServicesInternal
0x0000000005485000 	/System/Library/Frameworks/CoreGraphics.framework/Versions/A/Resources/libRIP.A.dylib
0x0000000005485000 	/System/Library/Frameworks/Accelerate.framework/Versions/A/Frameworks/vImage.framework/Versions/A/Libraries/libCGInterfaces.dylib
0x0000000005485000 	/System/Library/Frameworks/CoreGraphics.framework/Versions/A/Resources/libCGXType.A.dylib
0x0000000005485000 	/System/Library/Frameworks/OpenCL.framework/Versions/A/Libraries/libcldcpuengine.dylib
0x0000000005485000 	/System/Library/PrivateFrameworks/DiskImages.framework/Versions/A/DiskImages
0x0000000005485000 	/System/Library/Frameworks/DiscRecording.framework/Versions/A/DiscRecording
0x0000000005485000 	/usr/lib/libcsfde.dylib
0x0000000005485000 	/usr/lib/libcurl.4.dylib
0x0000000005485000 	/System/Library/PrivateFrameworks/MediaKit.framework/Versions/A/MediaKit
0x0000000005485000 	/System/Library/PrivateFrameworks/ProtectedCloudStorage.framework/Versions/A/ProtectedCloudStorage
0x0000000005485000 	/usr/lib/libCoreStorage.dylib
0x0000000005485000 	/System/Library/PrivateFrameworks/EFILogin.framework/Versions/A/EFILogin
0x0000000005485000 	/usr/lib/libutil.dylib
0x0000000005485000 	/System/Library/PrivateFrameworks/FindMyDevice.framework/Versions/A/FindMyDevice
0x0000000005485000 	/System/Library/Frameworks/LDAP.framework/Versions/A/LDAP
0x0000000005485000 	/usr/lib/libsasl2.2.dylib
0x0000000005485000 	/System/Library/PrivateFrameworks/CoreDaemon.framework/Versions/B/CoreDaemon
0x0000000005485000 	/usr/lib/libcrypto.0.9.8.dylib
0x0000000005485000 	/System/Library/PrivateFrameworks/AppleSRP.framework/Versions/A/AppleSRP
0x0000000005485000 	/System/Library/PrivateFrameworks/TrustEvaluationAgent.framework/Versions/A/TrustEvaluationAgent
0x000000011b520000 	cl_kernels
0x0000000005485000 	/System/Library/Frameworks/OpenCL.framework/Versions/A/Libraries/ImageFormats/unorm8_bgra.dylib
0x0000000005485000 	/System/Library/Frameworks/OpenCL.framework/Versions/A/Libraries/ImageFormats/unorm8_rgba.dylib
0x0000000005485000 	/System/Library/PrivateFrameworks/FamilyControls.framework/Versions/A/FamilyControls
0x0000000005485000 	/System/Library/PrivateFrameworks/CommerceKit.framework/Versions/A/Frameworks/CommerceCore.framework/Versions/A/CommerceCore
0x0000000005485000 	/System/Library/PrivateFrameworks/SystemAdministration.framework/Versions/A/SystemAdministration
0x0000000005485000 	/System/Library/PrivateFrameworks/AppContainer.framework/Versions/A/AppContainer
0x0000000005485000 	/System/Library/PrivateFrameworks/SecCodeWrapper.framework/Versions/A/SecCodeWrapper
0x0000000005485000 	/System/Library/Frameworks/DirectoryService.framework/Versions/A/DirectoryService
0x0000000005485000 	/System/Library/PrivateFrameworks/LoginUIKit.framework/Versions/A/Frameworks/LoginUICore.framework/Versions/A/LoginUICore
0x0000000005485000 	/usr/lib/libodfde.dylib
0x0000000005485000 	/System/Library/Frameworks/OpenGL.framework/Versions/A/Resources/GLEngine.bundle/GLEngine
0x0000000005485000 	/System/Library/Frameworks/OpenGL.framework/Versions/A/Libraries/libGLProgrammability.dylib
0x000000011d268000 	/System/Library/Extensions/AppleIntelHD4000GraphicsGLDriver.bundle/Contents/MacOS/AppleIntelHD4000GraphicsGLDriver
0x0000000005485000 	/System/Library/PrivateFrameworks/GPUSupport.framework/Versions/A/Libraries/libGPUSupportMercury.dylib
0x0000000005485000 	/System/Library/Frameworks/OpenGL.framework/Versions/A/Resources/GLRendererFloat.bundle/GLRendererFloat
0x000000011e1ca000 	/Library/Java/JavaVirtualMachines/jdk1.8.0_101.jdk/Contents/Home/jre/lib/libfontmanager.dylib
0x000000011f689000 	/Library/Java/JavaVirtualMachines/jdk1.8.0_101.jdk/Contents/Home/jre/lib/libosxui.dylib
0x000000012036b000 	/Library/Java/JavaVirtualMachines/jdk1.8.0_101.jdk/Contents/Home/jre/lib/libnet.dylib
0x000000012017f000 	/Library/Java/JavaVirtualMachines/jdk1.8.0_101.jdk/Contents/Home/jre/lib/libnio.dylib
0x0000000005485000 	/System/Library/Frameworks/ApplicationServices.framework/Versions/A/Frameworks/ATS.framework/Versions/A/Resources/libTrueTypeScaler.dylib
0x000000017128d000 	/System/Library/Extensions/AppleIntelHD4000GraphicsMTLDriver.bundle/Contents/MacOS/AppleIntelHD4000GraphicsMTLDriver
0x000000011b44f000 	/private/var/folders/df/q331szgs0rs63dmvvv6sk8180000gn/T/jogamp_0000/file_cache/jln6408506045949581687/jln4319556154855065746/libgluegen-rt.jnilib
0x000000011b454000 	/private/var/folders/df/q331szgs0rs63dmvvv6sk8180000gn/T/jogamp_0000/file_cache/jln6408506045949581687/jln4319556154855065746/libnativewindow_awt.jnilib
0x000000011f376000 	/Library/Java/JavaVirtualMachines/jdk1.8.0_101.jdk/Contents/Home/jre/lib/libjawt.dylib
0x0000000171229000 	/private/var/folders/df/q331szgs0rs63dmvvv6sk8180000gn/T/jogamp_0000/file_cache/jln6408506045949581687/jln4319556154855065746/libnativewindow_macosx.jnilib
0x00000001737dc000 	/private/var/folders/df/q331szgs0rs63dmvvv6sk8180000gn/T/jogamp_0000/file_cache/jln6408506045949581687/jln4319556154855065746/libjogl_desktop.jnilib
0x0000000176da9000 	/Library/Java/JavaVirtualMachines/jdk1.8.0_101.jdk/Contents/Home/jre/lib/libsunec.dylib
0x000000017cbca000 	/Library/Java/JavaVirtualMachines/jdk1.8.0_101.jdk/Contents/Home/jre/lib/libt2k.dylib

VM Arguments:
jvm_args: -Djava.security.policy=java.policy.applet -Dfile.encoding=UTF-8 
java_command: sun.applet.AppletViewer module3.EarthquakeCityMap1495325548069.html
java_class_path (initial): /Users/Ryan/Documents/workspaceCoursera/UCSDUnfoldingMaps/build:/Users/Ryan/Documents/workspaceCoursera/UCSDUnfoldingMaps/lib/core.jar:/Users/Ryan/Documents/workspaceCoursera/UCSDUnfoldingMaps/lib/gluegen-rt.jar:/Users/Ryan/Documents/workspaceCoursera/UCSDUnfoldingMaps/lib/jogl-all.jar:/Users/Ryan/Documents/workspaceCoursera/UCSDUnfoldingMaps/lib/log4j-1.2.15.jar:/Users/Ryan/Documents/workspaceCoursera/UCSDUnfoldingMaps/lib/sqlite-jdbc-3.7.2.jar:/Users/Ryan/Documents/workspaceCoursera/UCSDUnfoldingMaps/lib/json4processing.jar:/Users/Ryan/Documents/workspaceCoursera/UCSDUnfoldingMaps/lib/libTUIO.jar:/Users/Ryan/Documents/workspaceCoursera/UCSDUnfoldingMaps/lib/unfolding.0.9.7-uscd.jar
Launcher Type: SUN_STANDARD

Environment Variables:
PATH=/usr/bin:/bin:/usr/sbin:/sbin
SHELL=/bin/bash
DISPLAY=/private/tmp/com.apple.launchd.ULRZtvESmK/org.macosforge.xquartz:0

Signal Handlers:
SIGSEGV: [libjvm.dylib+0x5af145], sa_mask[0]=11111111011111110111111111111111, sa_flags=SA_ONSTACK|SA_RESTART|SA_SIGINFO
SIGBUS: [libjvm.dylib+0x5af145], sa_mask[0]=11111111011111110111111111111111, sa_flags=SA_RESTART|SA_SIGINFO
SIGFPE: [libjvm.dylib+0x48694c], sa_mask[0]=11111111011111110111111111111111, sa_flags=SA_RESTART|SA_SIGINFO
SIGPIPE: [libjvm.dylib+0x48694c], sa_mask[0]=11111111011111110111111111111111, sa_flags=SA_RESTART|SA_SIGINFO
SIGXFSZ: [libjvm.dylib+0x48694c], sa_mask[0]=11111111011111110111111111111111, sa_flags=SA_RESTART|SA_SIGINFO
SIGILL: [libjvm.dylib+0x48694c], sa_mask[0]=11111111011111110111111111111111, sa_flags=SA_RESTART|SA_SIGINFO
SIGUSR1: SIG_DFL, sa_mask[0]=00000000000000000000000000000000, sa_flags=none
SIGUSR2: [libjvm.dylib+0x48646a], sa_mask[0]=00100000000000000000000000000000, sa_flags=SA_RESTART|SA_SIGINFO
SIGHUP: [libjvm.dylib+0x484a41], sa_mask[0]=11111111011111110111111111111111, sa_flags=SA_RESTART|SA_SIGINFO
SIGINT: [libjvm.dylib+0x484a41], sa_mask[0]=11111111011111110111111111111111, sa_flags=SA_RESTART|SA_SIGINFO
SIGTERM: [libjvm.dylib+0x484a41], sa_mask[0]=11111111011111110111111111111111, sa_flags=SA_RESTART|SA_SIGINFO
SIGQUIT: [libjvm.dylib+0x484a41], sa_mask[0]=11111111011111110111111111111111, sa_flags=SA_RESTART|SA_SIGINFO


---------------  S Y S T E M  ---------------

OS:Bsduname:Darwin 15.6.0 Darwin Kernel Version 15.6.0: Thu Jun 23 18:25:34 PDT 2016; root:xnu-3248.60.10~1/RELEASE_X86_64 x86_64
rlimit: STACK 8192k, CORE 0k, NPROC 709, NOFILE 10240, AS infinity
load average:2.30 2.37 2.27

CPU:total 4 (2 cores per cpu, 2 threads per core) family 6 model 58 stepping 9, cmov, cx8, fxsr, mmx, sse, sse2, sse3, ssse3, sse4.1, sse4.2, popcnt, avx, aes, clmul, erms, ht, tsc, tscinvbit, tscinv

Memory: 4k page, physical 4194304k(187584k free)

/proc/meminfo:


vm_info: Java HotSpot(TM) 64-Bit Server VM (25.101-b13) for bsd-amd64 JRE (1.8.0_101-b13), built on Jun 22 2016 02:42:15 by "java_re" with gcc 4.2.1 (Based on Apple Inc. build 5658) (LLVM build 2336.11.00)

time: Sat May 20 20:12:49 2017
elapsed time: 21 seconds (0d 0h 0m 21s)

