#
# A fatal error has been detected by the Java Runtime Environment:
#
#  SIGSEGV (0xb) at pc=0x00007fff8b7c74dd, pid=56181, tid=0x0000000000000a0b
#
# JRE version: Java(TM) SE Runtime Environment (8.0_101-b13) (build 1.8.0_101-b13)
# Java VM: Java HotSpot(TM) 64-Bit Server VM (25.101-b13 mixed mode bsd-amd64 compressed oops)
# Problematic frame:
# C  [libobjc.A.dylib+0x14dd]  objc_msgSend+0x1d
#
# Failed to write core dump. Core dumps have been disabled. To enable core dumping, try "ulimit -c unlimited" before starting Java again
#
# If you would like to submit a bug report, please visit:
#   http://bugreport.java.com/bugreport/crash.jsp
# The crash happened outside the Java Virtual Machine in native code.
# See problematic frame for where to report the bug.
#

---------------  T H R E A D  ---------------

Current thread (0x00007fd3b1010800):  JavaThread "AWT-AppKit" daemon [_thread_in_native, id=2571, stack(0x00007fff5979a000,0x00007fff59f9a000)]

siginfo: si_signo: 11 (SIGSEGV), si_code: 1 (SEGV_MAPERR), si_addr: 0x0000000000000018

Registers:
RAX=0x00007fd3b5337df0, RBX=0x0000000172f01450, RCX=0x000000011d4c1da0, RDX=0x000000011d3c9520
RSP=0x00007fff59f95308, RBP=0x00007fff59f953c0, RSI=0x00007fff85a09cbe, RDI=0x00007fd3b533bc60
R8 =0x0000000000000000, R9 =0x00000000000008b0, R10=0x00007fff85a09cbe, R11=0x0000000000000000
R12=0x0000000000000000, R13=0x0000000174dc7818, R14=0x0000000172f01440, R15=0x00007fd3b1010800
RIP=0x00007fff8b7c74dd, EFLAGS=0x0000000000010246, ERR=0x0000000000000004
  TRAPNO=0x000000000000000e

Top of Stack: (sp=0x00007fff59f95308)
0x00007fff59f95308:   0000000172eff157 00007fff59f95360
0x00007fff59f95318:   0000000000000003 00007fff59f95340
0x00007fff59f95328:   00000001069f28e6 0000000174dc7818
0x00007fff59f95338:   0000000174dc7818 00007fd3b5337df0
0x00007fff59f95348:   0000000172f016a0 0000000172f01710
0x00007fff59f95358:   00007fff779c6770 00007fff757ae500
0x00007fff59f95368:   0000000172f01450 0000000172f01690
0x00007fff59f95378:   00007fd3b5337df0 00007fd3b533bc60
0x00007fff59f95388:   00007fd3b055d7f0 00007fd3b5337df0
0x00007fff59f95398:   00007fd3b533bc60 00007fff59f95448
0x00007fff59f953a8:   00007fd3b10109f8 0000000174dc7818
0x00007fff59f953b8:   00007fff59f95470 00007fff59f95438
0x00007fff59f953c8:   00000001077b49d4 0000000174dc7818
0x00007fff59f953d8:   00007fff59f95470 00007fff59f95438
0x00007fff59f953e8:   00000001077b4767 00000001077b4722
0x00007fff59f953f8:   00007fff59f953f8 0000000174dc7818
0x00007fff59f95408:   00007fff59f95470 0000000174dca450
0x00007fff59f95418:   0000000000000000 0000000174dc7818
0x00007fff59f95428:   0000000000000000 00007fff59f95458
0x00007fff59f95438:   00007fff59f954b8 00000001077a52bd
0x00007fff59f95448:   00000007807d0930 00000001077ae538
0x00007fff59f95458:   00007fd3b5337df0 00007fff59f954b8
0x00007fff59f95468:   00007fd3b533bc60 00000001077afe02
0x00007fff59f95478:   00007fff59f95478 0000000174dc79e2
0x00007fff59f95488:   00007fff59f954e0 0000000174dca450
0x00007fff59f95498:   0000000000000000 0000000174dc79f0
0x00007fff59f954a8:   00007fff59f95458 00007fff59f954c8
0x00007fff59f954b8:   00007fff59f95528 00000001077a52bd
0x00007fff59f954c8:   00007fd3b5337df0 0000000780686e28
0x00007fff59f954d8:   00007fd3b533bc60 0000000780686e28
0x00007fff59f954e8:   00007fff59f954e8 000000017958956e
0x00007fff59f954f8:   00007fff59f95538 0000000179589628 

Instructions: (pc=0x00007fff8b7c74dd)
0x00007fff8b7c74bd:   44 00 00 48 85 ff 2e 74 62 40 f6 c7 01 2e 75 66
0x00007fff8b7c74cd:   49 bb f8 ff ff ff ff 7f 00 00 4c 23 1f 49 89 f2
0x00007fff8b7c74dd:   45 23 53 18 49 c1 e2 04 4d 03 53 10 49 3b 32 75
0x00007fff8b7c74ed:   04 41 ff 62 08 49 83 3a 01 76 0d 49 83 c2 10 49 

Register to memory mapping:

RAX=0x00007fd3b5337df0 is an unknown value
RBX=0x0000000172f01450: Java_jogamp_nativewindow_macosx_OSXUtil_GetScreenRefreshRate0+0x1cf0 in /private/var/folders/df/q331szgs0rs63dmvvv6sk8180000gn/T/jogamp_0000/file_cache/jln8288204074692380829/jln5330370447119645142/libnativewindow_macosx.jnilib at 0x0000000172efa000
RCX=0x000000011d4c1da0 is an unknown value
RDX=0x000000011d3c9520 is an unknown value
RSP=0x00007fff59f95308 is pointing into the stack for thread: 0x00007fd3b1010800
RBP=0x00007fff59f953c0 is pointing into the stack for thread: 0x00007fd3b1010800
RSI=0x00007fff85a09cbe is an unknown value
RDI=0x00007fd3b533bc60 is an unknown value
R8 =0x0000000000000000 is an unknown value
R9 =0x00000000000008b0 is an unknown value
R10=0x00007fff85a09cbe is an unknown value
R11=0x0000000000000000 is an unknown value
R12=0x0000000000000000 is an unknown value
R13={method} {0x0000000174dc7818} 'UnsetJAWTRootSurfaceLayer0' '(JJ)V' in 'jogamp/nativewindow/jawt/macosx/MacOSXJAWTWindow'
R14=0x0000000172f01440: Java_jogamp_nativewindow_macosx_OSXUtil_GetScreenRefreshRate0+0x1ce0 in /private/var/folders/df/q331szgs0rs63dmvvv6sk8180000gn/T/jogamp_0000/file_cache/jln8288204074692380829/jln5330370447119645142/libnativewindow_macosx.jnilib at 0x0000000172efa000
R15=0x00007fd3b1010800 is a thread


Stack: [0x00007fff5979a000,0x00007fff59f9a000],  sp=0x00007fff59f95308,  free space=8172k
Native frames: (J=compiled Java code, j=interpreted, Vv=VM code, C=native code)
C  [libobjc.A.dylib+0x14dd]  objc_msgSend+0x1d
j  jogamp.nativewindow.jawt.macosx.MacOSXJAWTWindow.UnsetJAWTRootSurfaceLayer0(JJ)V+0
j  jogamp.nativewindow.jawt.macosx.MacOSXJAWTWindow.access$200(JJ)V+2
j  jogamp.nativewindow.jawt.macosx.MacOSXJAWTWindow$1.run()V+38
J 2638 C1 com.jogamp.common.util.RunnableTask.run()V (345 bytes) @ 0x0000000107fa8454 [0x0000000107fa82c0+0x194]
v  ~StubRoutines::call_stub
V  [libjvm.dylib+0x2ecf06]
V  [libjvm.dylib+0x324111]
V  [libjvm.dylib+0x3168df]
C  [libnativewindow_macosx.jnilib+0x5326]  Java_jogamp_nativewindow_jawt_macosx_MacOSXJAWTWindow_UnsetJAWTRootSurfaceLayer0+0x2b6
C  [Foundation+0x76fde]  __NSThreadPerformPerform+0x117
C  [CoreFoundation+0xaa881]  __CFRUNLOOP_IS_CALLING_OUT_TO_A_SOURCE0_PERFORM_FUNCTION__+0x11
C  [CoreFoundation+0x89fbc]  __CFRunLoopDoSources0+0x22c
C  [CoreFoundation+0x894df]  __CFRunLoopRun+0x39f
C  [CoreFoundation+0x88ed8]  CFRunLoopRunSpecific+0x128
C  [HIToolbox+0x30935]  RunCurrentEventLoopInMode+0xeb
C  [HIToolbox+0x30677]  ReceiveNextEventCommon+0xb8
C  [HIToolbox+0x305af]  _BlockUntilNextEventMatchingListInModeWithFilter+0x47
C  [AppKit+0x48df6]  _DPSNextEvent+0x42b
C  [AppKit+0x48226]  -[NSApplication _nextEventMatchingEventMask:untilDate:inMode:dequeue:]+0x1c6
C  [libosxapp.dylib+0x23aa]  -[NSApplicationAWT nextEventMatchingMask:untilDate:inMode:dequeue:]+0x7c
C  [AppKit+0x3cd80]  -[NSApplication run]+0x2aa
C  [libosxapp.dylib+0x214d]  +[NSApplicationAWT runAWTLoopWithApp:]+0x9c
C  [libawt_lwawt.dylib+0x444b3]  -[AWTStarter starter:]+0x389
C  [Foundation+0x76fde]  __NSThreadPerformPerform+0x117
C  [CoreFoundation+0xaa881]  __CFRUNLOOP_IS_CALLING_OUT_TO_A_SOURCE0_PERFORM_FUNCTION__+0x11
C  [CoreFoundation+0x89fbc]  __CFRunLoopDoSources0+0x22c
C  [CoreFoundation+0x894df]  __CFRunLoopRun+0x39f
C  [CoreFoundation+0x88ed8]  CFRunLoopRunSpecific+0x128
C  [java+0x6465]  CreateExecutionEnvironment+0x367
C  [java+0x218c]  JLI_Launch+0x7a0
C  [java+0x84c2]  main+0x65
C  [java+0x19e4]  start+0x34
C  0x0000000000000007

Java frames: (J=compiled Java code, j=interpreted, Vv=VM code)
j  jogamp.nativewindow.jawt.macosx.MacOSXJAWTWindow.UnsetJAWTRootSurfaceLayer0(JJ)V+0
j  jogamp.nativewindow.jawt.macosx.MacOSXJAWTWindow.access$200(JJ)V+2
j  jogamp.nativewindow.jawt.macosx.MacOSXJAWTWindow$1.run()V+38
J 2638 C1 com.jogamp.common.util.RunnableTask.run()V (345 bytes) @ 0x0000000107fa8454 [0x0000000107fa82c0+0x194]
v  ~StubRoutines::call_stub

---------------  P R O C E S S  ---------------

Java Threads: ( => current thread )
  0x00007fd3b2689000 JavaThread "Thread-102" [_thread_blocked, id=36811, stack(0x0000700000932000,0x0000700000a32000)]
  0x00007fd3b122e800 JavaThread "Keep-Alive-Timer" daemon [_thread_blocked, id=65687, stack(0x0000700001e7d000,0x0000700001f7d000)]
  0x00007fd3b09e8000 JavaThread "AWT-EventQueue-1" [_thread_in_native, id=58935, stack(0x0000700001868000,0x0000700001968000)]
  0x00007fd3b09e3800 JavaThread "DestroyJavaVM" [_thread_blocked, id=5891, stack(0x000070000011a000,0x000070000021a000)]
  0x00007fd3b08f6800 JavaThread "AWT-EventQueue-0" [_thread_blocked, id=56323, stack(0x0000700001662000,0x0000700001762000)]
  0x00007fd3b19fa000 JavaThread "Java2D Disposer" daemon [_thread_blocked, id=52995, stack(0x00007000013d9000,0x00007000014d9000)]
  0x00007fd3b21d7000 JavaThread "Java2D Queue Flusher" daemon [_thread_blocked, id=49927, stack(0x00007000012d6000,0x00007000013d6000)]
  0x00007fd3b2197000 JavaThread "AWT-Shutdown" [_thread_blocked, id=29459, stack(0x0000700001150000,0x0000700001250000)]
=>0x00007fd3b1010800 JavaThread "AWT-AppKit" daemon [_thread_in_native, id=2571, stack(0x00007fff5979a000,0x00007fff59f9a000)]
  0x00007fd3b080f800 JavaThread "Service Thread" daemon [_thread_blocked, id=18691, stack(0x0000700000e44000,0x0000700000f44000)]
  0x00007fd3b209a800 JavaThread "C1 CompilerThread2" daemon [_thread_blocked, id=18179, stack(0x0000700000d41000,0x0000700000e41000)]
  0x00007fd3b2099800 JavaThread "C2 CompilerThread1" daemon [_thread_blocked, id=17667, stack(0x0000700000c3e000,0x0000700000d3e000)]
  0x00007fd3b2049800 JavaThread "C2 CompilerThread0" daemon [_thread_blocked, id=17155, stack(0x0000700000b3b000,0x0000700000c3b000)]
  0x00007fd3b2048000 JavaThread "Signal Dispatcher" daemon [_thread_blocked, id=13071, stack(0x0000700000a38000,0x0000700000b38000)]
  0x00007fd3b2043800 JavaThread "Finalizer" daemon [_thread_blocked, id=12291, stack(0x000070000082f000,0x000070000092f000)]
  0x00007fd3b1009800 JavaThread "Reference Handler" daemon [_thread_blocked, id=11779, stack(0x000070000072c000,0x000070000082c000)]

Other Threads:
  0x00007fd3b181b800 VMThread [stack: 0x0000700000629000,0x0000700000729000] [id=11267]
  0x00007fd3b184c800 WatcherThread [stack: 0x0000700000f47000,0x0000700001047000] [id=19203]

VM state:not at safepoint (normal execution)

VM Mutex/Monitor currently owned by a thread: None

Heap:
 PSYoungGen      total 59392K, used 46347K [0x00000007aab00000, 0x00000007afb00000, 0x00000007c0000000)
  eden space 45056K, 71% used [0x00000007aab00000,0x00000007aca46a88,0x00000007ad700000)
  from space 14336K, 99% used [0x00000007ae780000,0x00000007af57c3e0,0x00000007af580000)
  to   space 16896K, 0% used [0x00000007ad700000,0x00000007ad700000,0x00000007ae780000)
 ParOldGen       total 40448K, used 28357K [0x0000000780000000, 0x0000000782780000, 0x00000007aab00000)
  object space 40448K, 70% used [0x0000000780000000,0x0000000781bb1588,0x0000000782780000)
 Metaspace       used 24429K, capacity 24635K, committed 25088K, reserved 1071104K
  class space    used 2372K, capacity 2452K, committed 2560K, reserved 1048576K

Card table byte_map: [0x0000000116b5d000,0x0000000116d5e000] byte_map_base: 0x0000000112f5d000

Marking Bits: (ParMarkBitMap*) 0x00000001070edd20
 Begin Bits: [0x0000000116eb4000, 0x0000000117eb4000)
 End Bits:   [0x0000000117eb4000, 0x0000000118eb4000)

Polling page: 0x0000000105f29000

CodeCache: size=245760Kb used=10740Kb max_used=10854Kb free=235019Kb
 bounds [0x000000010779d000, 0x000000010825d000, 0x000000011679d000]
 total_blobs=4030 nmethods=3109 adapters=834
 compilation: enabled

Compilation events (10 events):
Event: 27.728 Thread 0x00007fd3b2099800 nmethod 3603 0x0000000107b547d0 code [0x0000000107b54b40, 0x0000000107b572e0]
Event: 27.899 Thread 0x00007fd3b2049800 3605       4       processing.opengl.PGL::updateIntBuffer (41 bytes)
Event: 27.903 Thread 0x00007fd3b2099800 3606       4       processing.opengl.PGL::updateShortBuffer (41 bytes)
Event: 27.904 Thread 0x00007fd3b2049800 nmethod 3605 0x0000000107f99b10 code [0x0000000107f99ca0, 0x0000000107f9a038]
Event: 27.908 Thread 0x00007fd3b2099800 nmethod 3606 0x00000001079a2850 code [0x00000001079a29e0, 0x00000001079a2d78]
Event: 28.263 Thread 0x00007fd3b2049800 3607       4       processing.opengl.PGraphicsOpenGL$IndexCache::init (82 bytes)
Event: 28.265 Thread 0x00007fd3b2049800 nmethod 3607 0x0000000107f60d90 code [0x0000000107f60f00, 0x0000000107f61098]
Event: 28.611 Thread 0x00007fd3b209a800 3608       3       sun.java2d.SunGraphics2D::setColor (108 bytes)
Event: 28.612 Thread 0x00007fd3b209a800 nmethod 3608 0x0000000107b324d0 code [0x0000000107b32660, 0x0000000107b32b98]
Event: 28.627 Thread 0x00007fd3b209a800 3609       3       java.awt.Toolkit::notifyAWTEventListeners (36 bytes)

GC Heap History (10 events):
Event: 16.076 GC heap before
{Heap before GC invocations=11 (full 1):
 PSYoungGen      total 39936K, used 37610K [0x00000007aab00000, 0x00000007adf80000, 0x00000007c0000000)
  eden space 31232K, 99% used [0x00000007aab00000,0x00000007ac9668f0,0x00000007ac980000)
  from space 8704K, 74% used [0x00000007ac980000,0x00000007acfd41c0,0x00000007ad200000)
  to   space 8704K, 0% used [0x00000007ad700000,0x00000007ad700000,0x00000007adf80000)
 ParOldGen       total 40448K, used 14747K [0x0000000780000000, 0x0000000782780000, 0x00000007aab00000)
  object space 40448K, 36% used [0x0000000780000000,0x0000000780e66cf8,0x0000000782780000)
 Metaspace       used 24244K, capacity 24507K, committed 24832K, reserved 1071104K
  class space    used 2362K, capacity 2452K, committed 2560K, reserved 1048576K
Event: 16.084 GC heap after
Heap after GC invocations=11 (full 1):
 PSYoungGen      total 44544K, used 8608K [0x00000007aab00000, 0x00000007ae180000, 0x00000007c0000000)
  eden space 35840K, 0% used [0x00000007aab00000,0x00000007aab00000,0x00000007ace00000)
  from space 8704K, 98% used [0x00000007ad700000,0x00000007adf68270,0x00000007adf80000)
  to   space 9216K, 0% used [0x00000007ace00000,0x00000007ace00000,0x00000007ad700000)
 ParOldGen       total 40448K, used 19107K [0x0000000780000000, 0x0000000782780000, 0x00000007aab00000)
  object space 40448K, 47% used [0x0000000780000000,0x00000007812a8e08,0x0000000782780000)
 Metaspace       used 24244K, capacity 24507K, committed 24832K, reserved 1071104K
  class space    used 2362K, capacity 2452K, committed 2560K, reserved 1048576K
}
Event: 18.627 GC heap before
{Heap before GC invocations=12 (full 1):
 PSYoungGen      total 44544K, used 44275K [0x00000007aab00000, 0x00000007ae180000, 0x00000007c0000000)
  eden space 35840K, 99% used [0x00000007aab00000,0x00000007acdd49b8,0x00000007ace00000)
  from space 8704K, 98% used [0x00000007ad700000,0x00000007adf68270,0x00000007adf80000)
  to   space 9216K, 0% used [0x00000007ace00000,0x00000007ace00000,0x00000007ad700000)
 ParOldGen       total 40448K, used 19107K [0x0000000780000000, 0x0000000782780000, 0x00000007aab00000)
  object space 40448K, 47% used [0x0000000780000000,0x00000007812a8e08,0x0000000782780000)
 Metaspace       used 24280K, capacity 24507K, committed 24832K, reserved 1071104K
  class space    used 2362K, capacity 2452K, committed 2560K, reserved 1048576K
Event: 18.635 GC heap after
Heap after GC invocations=12 (full 1):
 PSYoungGen      total 45056K, used 9215K [0x00000007aab00000, 0x00000007ae980000, 0x00000007c0000000)
  eden space 35840K, 0% used [0x00000007aab00000,0x00000007aab00000,0x00000007ace00000)
  from space 9216K, 99% used [0x00000007ace00000,0x00000007ad6ffd48,0x00000007ad700000)
  to   space 10752K, 0% used [0x00000007adf00000,0x00000007adf00000,0x00000007ae980000)
 ParOldGen       total 40448K, used 21003K [0x0000000780000000, 0x0000000782780000, 0x00000007aab00000)
  object space 40448K, 51% used [0x0000000780000000,0x0000000781482e78,0x0000000782780000)
 Metaspace       used 24280K, capacity 24507K, committed 24832K, reserved 1071104K
  class space    used 2362K, capacity 2452K, committed 2560K, reserved 1048576K
}
Event: 20.813 GC heap before
{Heap before GC invocations=13 (full 1):
 PSYoungGen      total 45056K, used 45055K [0x00000007aab00000, 0x00000007ae980000, 0x00000007c0000000)
  eden space 35840K, 100% used [0x00000007aab00000,0x00000007ace00000,0x00000007ace00000)
  from space 9216K, 99% used [0x00000007ace00000,0x00000007ad6ffd48,0x00000007ad700000)
  to   space 10752K, 0% used [0x00000007adf00000,0x00000007adf00000,0x00000007ae980000)
 ParOldGen       total 40448K, used 21003K [0x0000000780000000, 0x0000000782780000, 0x00000007aab00000)
  object space 40448K, 51% used [0x0000000780000000,0x0000000781482e78,0x0000000782780000)
 Metaspace       used 24298K, capacity 24571K, committed 24832K, reserved 1071104K
  class space    used 2362K, capacity 2452K, committed 2560K, reserved 1048576K
Event: 20.820 GC heap after
Heap after GC invocations=13 (full 1):
 PSYoungGen      total 52224K, used 10608K [0x00000007aab00000, 0x00000007aeb00000, 0x00000007c0000000)
  eden space 41472K, 0% used [0x00000007aab00000,0x00000007aab00000,0x00000007ad380000)
  from space 10752K, 98% used [0x00000007adf00000,0x00000007ae95c2e0,0x00000007ae980000)
  to   space 11776K, 0% used [0x00000007ad380000,0x00000007ad380000,0x00000007adf00000)
 ParOldGen       total 40448K, used 22547K [0x0000000780000000, 0x0000000782780000, 0x00000007aab00000)
  object space 40448K, 55% used [0x0000000780000000,0x0000000781604ed8,0x0000000782780000)
 Metaspace       used 24298K, capacity 24571K, committed 24832K, reserved 1071104K
  class space    used 2362K, capacity 2452K, committed 2560K, reserved 1048576K
}
Event: 23.562 GC heap before
{Heap before GC invocations=14 (full 1):
 PSYoungGen      total 52224K, used 52080K [0x00000007aab00000, 0x00000007aeb00000, 0x00000007c0000000)
  eden space 41472K, 100% used [0x00000007aab00000,0x00000007ad380000,0x00000007ad380000)
  from space 10752K, 98% used [0x00000007adf00000,0x00000007ae95c2e0,0x00000007ae980000)
  to   space 11776K, 0% used [0x00000007ad380000,0x00000007ad380000,0x00000007adf00000)
 ParOldGen       total 40448K, used 22547K [0x0000000780000000, 0x0000000782780000, 0x00000007aab00000)
  object space 40448K, 55% used [0x0000000780000000,0x0000000781604ed8,0x0000000782780000)
 Metaspace       used 24336K, capacity 24571K, committed 24832K, reserved 1071104K
  class space    used 2364K, capacity 2452K, committed 2560K, reserved 1048576K
Event: 23.568 GC heap after
Heap after GC invocations=14 (full 1):
 PSYoungGen      total 53248K, used 11744K [0x00000007aab00000, 0x00000007af580000, 0x00000007c0000000)
  eden space 41472K, 0% used [0x00000007aab00000,0x00000007aab00000,0x00000007ad380000)
  from space 11776K, 99% used [0x00000007ad380000,0x00000007adef8350,0x00000007adf00000)
  to   space 14336K, 0% used [0x00000007ae780000,0x00000007ae780000,0x00000007af580000)
 ParOldGen       total 40448K, used 24996K [0x0000000780000000, 0x0000000782780000, 0x00000007aab00000)
  object space 40448K, 61% used [0x0000000780000000,0x0000000781869028,0x0000000782780000)
 Metaspace       used 24336K, capacity 24571K, committed 24832K, reserved 1071104K
  class space    used 2364K, capacity 2452K, committed 2560K, reserved 1048576K
}
Event: 25.872 GC heap before
{Heap before GC invocations=15 (full 1):
 PSYoungGen      total 53248K, used 53216K [0x00000007aab00000, 0x00000007af580000, 0x00000007c0000000)
  eden space 41472K, 100% used [0x00000007aab00000,0x00000007ad380000,0x00000007ad380000)
  from space 11776K, 99% used [0x00000007ad380000,0x00000007adef8350,0x00000007adf00000)
  to   space 14336K, 0% used [0x00000007ae780000,0x00000007ae780000,0x00000007af580000)
 ParOldGen       total 40448K, used 24996K [0x0000000780000000, 0x0000000782780000, 0x00000007aab00000)
  object space 40448K, 61% used [0x0000000780000000,0x0000000781869028,0x0000000782780000)
 Metaspace       used 24385K, capacity 24635K, committed 25088K, reserved 1071104K
  class space    used 2364K, capacity 2452K, committed 2560K, reserved 1048576K
Event: 25.885 GC heap after
Heap after GC invocations=15 (full 1):
 PSYoungGen      total 59392K, used 14320K [0x00000007aab00000, 0x00000007afb00000, 0x00000007c0000000)
  eden space 45056K, 0% used [0x00000007aab00000,0x00000007aab00000,0x00000007ad700000)
  from space 14336K, 99% used [0x00000007ae780000,0x00000007af57c3e0,0x00000007af580000)
  to   space 16896K, 0% used [0x00000007ad700000,0x00000007ad700000,0x00000007ae780000)
 ParOldGen       total 40448K, used 28357K [0x0000000780000000, 0x0000000782780000, 0x00000007aab00000)
  object space 40448K, 70% used [0x0000000780000000,0x0000000781bb1588,0x0000000782780000)
 Metaspace       used 24385K, capacity 24635K, committed 25088K, reserved 1071104K
  class space    used 2364K, capacity 2452K, committed 2560K, reserved 1048576K
}

Deoptimization events (10 events):
Event: 28.560 Thread 0x00007fd3b09e8000 Uncommon trap: reason=class_check action=maybe_recompile pc=0x0000000107e3a5ac method=java.awt.EventQueue.coalesceEvent(Ljava/awt/AWTEvent;I)Z @ 32
Event: 28.563 Thread 0x00007fd3b08f6800 Uncommon trap: reason=unstable_if action=reinterpret pc=0x0000000107e3a2dc method=java.awt.EventQueue.getPriority(Ljava/awt/AWTEvent;)I @ 71
Event: 28.563 Thread 0x00007fd3b09e9000 Uncommon trap: reason=unstable_if action=reinterpret pc=0x0000000107e38ec4 method=java.awt.EventQueue.getPriority(Ljava/awt/AWTEvent;)I @ 22
Event: 28.563 Thread 0x00007fd3b09e8000 Uncommon trap: reason=unstable_if action=reinterpret pc=0x0000000107aa7728 method=com.jogamp.common.util.VersionNumber.compareTo(Lcom/jogamp/common/util/VersionNumber;)I @ 21
Event: 28.565 Thread 0x00007fd3b08f6800 Uncommon trap: reason=unstable_if action=reinterpret pc=0x0000000107f4f84c method=java.awt.Font.equals(Ljava/lang/Object;)Z @ 2
Event: 28.610 Thread 0x00007fd3b2226000 Uncommon trap: reason=class_check action=maybe_recompile pc=0x0000000107c74658 method=java.util.HashMap.putVal(ILjava/lang/Object;Ljava/lang/Object;ZZ)Ljava/lang/Object; @ 91
Event: 28.610 Thread 0x00007fd3b2226000 Uncommon trap: reason=class_check action=maybe_recompile pc=0x0000000107c74658 method=java.util.HashMap.putVal(ILjava/lang/Object;Ljava/lang/Object;ZZ)Ljava/lang/Object; @ 91
Event: 28.610 Thread 0x00007fd3b2226000 Uncommon trap: reason=class_check action=maybe_recompile pc=0x0000000107c74658 method=java.util.HashMap.putVal(ILjava/lang/Object;Ljava/lang/Object;ZZ)Ljava/lang/Object; @ 91
Event: 28.610 Thread 0x00007fd3b2226000 Uncommon trap: reason=class_check action=maybe_recompile pc=0x0000000107c74658 method=java.util.HashMap.putVal(ILjava/lang/Object;Ljava/lang/Object;ZZ)Ljava/lang/Object; @ 91
Event: 28.625 Thread 0x00007fd3b09e8000 Uncommon trap: reason=unstable_if action=reinterpret pc=0x0000000108091b4c method=java.security.AccessControlContext.optimize()Ljava/security/AccessControlContext; @ 233

Internal exceptions (10 events):
Event: 26.003 Thread 0x00007fd3b09e7800 Exception <a 'java/net/SocketException': Socket closed> (0x00000007aade1b28) thrown at [/HUDSON3/workspace/8-2-build-macosx-x86_64/jdk8u101/7261/hotspot/src/share/vm/prims/jni.cpp, line 735]
Event: 26.003 Thread 0x00007fd3b09e7800 Exception <a 'java/net/SocketException': Socket closed> (0x00000007aade1f80) thrown at [/HUDSON3/workspace/8-2-build-macosx-x86_64/jdk8u101/7261/hotspot/src/share/vm/prims/jni.cpp, line 735]
Event: 26.014 Thread 0x00007fd3b2689000 Exception <a 'java/security/PrivilegedActionException'> (0x00000007aae50dd0) thrown at [/HUDSON3/workspace/8-2-build-macosx-x86_64/jdk8u101/7261/hotspot/src/share/vm/prims/jvm.cpp, line 1386]
Event: 26.019 Thread 0x00007fd3b1d60000 Exception <a 'java/net/SocketException': Socket closed> (0x00000007aaf65358) thrown at [/HUDSON3/workspace/8-2-build-macosx-x86_64/jdk8u101/7261/hotspot/src/share/vm/prims/jni.cpp, line 735]
Event: 26.019 Thread 0x00007fd3b1d60000 Exception <a 'java/net/SocketException': Socket closed> (0x00000007aaf657b0) thrown at [/HUDSON3/workspace/8-2-build-macosx-x86_64/jdk8u101/7261/hotspot/src/share/vm/prims/jni.cpp, line 735]
Event: 26.020 Thread 0x00007fd3b1d60000 Exception <a 'java/net/SocketException': Socket closed> (0x00000007aaf65c08) thrown at [/HUDSON3/workspace/8-2-build-macosx-x86_64/jdk8u101/7261/hotspot/src/share/vm/prims/jni.cpp, line 735]
Event: 26.427 Thread 0x00007fd3b09e7800 Exception <a 'java/security/PrivilegedActionException'> (0x00000007aadef720) thrown at [/HUDSON3/workspace/8-2-build-macosx-x86_64/jdk8u101/7261/hotspot/src/share/vm/prims/jvm.cpp, line 1386]
Event: 26.427 Thread 0x00007fd3b2417000 Exception <a 'java/security/PrivilegedActionException'> (0x00000007aad96650) thrown at [/HUDSON3/workspace/8-2-build-macosx-x86_64/jdk8u101/7261/hotspot/src/share/vm/prims/jvm.cpp, line 1386]
Event: 26.427 Thread 0x00007fd3b59a8000 Exception <a 'java/security/PrivilegedActionException'> (0x00000007aae087e0) thrown at [/HUDSON3/workspace/8-2-build-macosx-x86_64/jdk8u101/7261/hotspot/src/share/vm/prims/jvm.cpp, line 1386]
Event: 26.453 Thread 0x00007fd3b1d60000 Exception <a 'java/security/PrivilegedActionException'> (0x00000007aaf733a8) thrown at [/HUDSON3/workspace/8-2-build-macosx-x86_64/jdk8u101/7261/hotspot/src/share/vm/prims/jvm.cpp, line 1386]

Events (10 events):
Event: 28.625 Thread 0x00007fd3b09e8000 DEOPT PACKING pc=0x0000000108091b4c sp=0x00007000019658b0
Event: 28.625 Thread 0x00007fd3b09e8000 DEOPT UNPACKING pc=0x00000001077a2229 sp=0x0000700001965880 mode 2
Event: 28.625 loading class java/awt/LightweightDispatcher$2
Event: 28.625 loading class java/awt/LightweightDispatcher$2 done
Event: 28.625 loading class java/awt/event/AWTEventListenerProxy
Event: 28.625 loading class java/awt/event/AWTEventListenerProxy done
Event: 28.625 Executing VM operation: Deoptimize
Event: 28.626 Executing VM operation: Deoptimize done
Event: 28.626 loading class java/awt/Toolkit$ToolkitEventMulticaster
Event: 28.626 loading class java/awt/Toolkit$ToolkitEventMulticaster done


Dynamic libraries:
0x0000000005485000 	/System/Library/Frameworks/Cocoa.framework/Versions/A/Cocoa
0x0000000005485000 	/System/Library/Frameworks/Security.framework/Versions/A/Security
0x0000000005485000 	/System/Library/Frameworks/ApplicationServices.framework/Versions/A/ApplicationServices
0x0000000005485000 	/usr/lib/libz.1.dylib
0x0000000005485000 	/usr/lib/libSystem.B.dylib
0x0000000005485000 	/usr/lib/libobjc.A.dylib
0x0000000005485000 	/System/Library/Frameworks/CoreFoundation.framework/Versions/A/CoreFoundation
0x0000000005485000 	/System/Library/Frameworks/Foundation.framework/Versions/C/Foundation
0x0000000005485000 	/System/Library/Frameworks/AppKit.framework/Versions/C/AppKit
0x0000000005485000 	/System/Library/Frameworks/CoreData.framework/Versions/A/CoreData
0x0000000005485000 	/System/Library/PrivateFrameworks/RemoteViewServices.framework/Versions/A/RemoteViewServices
0x0000000005485000 	/System/Library/PrivateFrameworks/UIFoundation.framework/Versions/A/UIFoundation
0x0000000005485000 	/usr/lib/libScreenReader.dylib
0x0000000005485000 	/System/Library/Frameworks/Accelerate.framework/Versions/A/Accelerate
0x0000000005485000 	/System/Library/Frameworks/IOSurface.framework/Versions/A/IOSurface
0x0000000005485000 	/System/Library/Frameworks/AudioToolbox.framework/Versions/A/AudioToolbox
0x0000000005485000 	/System/Library/Frameworks/AudioUnit.framework/Versions/A/AudioUnit
0x0000000005485000 	/System/Library/PrivateFrameworks/DataDetectorsCore.framework/Versions/A/DataDetectorsCore
0x0000000005485000 	/System/Library/PrivateFrameworks/DesktopServicesPriv.framework/Versions/A/DesktopServicesPriv
0x0000000005485000 	/System/Library/Frameworks/Carbon.framework/Versions/A/Frameworks/HIToolbox.framework/Versions/A/HIToolbox
0x0000000005485000 	/System/Library/Frameworks/QuartzCore.framework/Versions/A/QuartzCore
0x0000000005485000 	/System/Library/Frameworks/Carbon.framework/Versions/A/Frameworks/SpeechRecognition.framework/Versions/A/SpeechRecognition
0x0000000005485000 	/usr/lib/libauto.dylib
0x0000000005485000 	/usr/lib/libicucore.A.dylib
0x0000000005485000 	/usr/lib/libxml2.2.dylib
0x0000000005485000 	/System/Library/PrivateFrameworks/CoreUI.framework/Versions/A/CoreUI
0x0000000005485000 	/System/Library/Frameworks/CoreAudio.framework/Versions/A/CoreAudio
0x0000000005485000 	/System/Library/Frameworks/DiskArbitration.framework/Versions/A/DiskArbitration
0x0000000005485000 	/usr/lib/liblangid.dylib
0x0000000005485000 	/System/Library/PrivateFrameworks/MultitouchSupport.framework/Versions/A/MultitouchSupport
0x0000000005485000 	/System/Library/Frameworks/IOKit.framework/Versions/A/IOKit
0x0000000005485000 	/usr/lib/libDiagnosticMessagesClient.dylib
0x0000000005485000 	/System/Library/Frameworks/CoreServices.framework/Versions/A/CoreServices
0x0000000005485000 	/System/Library/PrivateFrameworks/PerformanceAnalysis.framework/Versions/A/PerformanceAnalysis
0x0000000005485000 	/System/Library/PrivateFrameworks/GenerationalStorage.framework/Versions/A/GenerationalStorage
0x0000000005485000 	/System/Library/Frameworks/OpenGL.framework/Versions/A/OpenGL
0x0000000005485000 	/System/Library/PrivateFrameworks/Sharing.framework/Versions/A/Sharing
0x0000000005485000 	/System/Library/Frameworks/CoreGraphics.framework/Versions/A/CoreGraphics
0x0000000005485000 	/System/Library/Frameworks/CoreImage.framework/Versions/A/CoreImage
0x0000000005485000 	/System/Library/Frameworks/CoreText.framework/Versions/A/CoreText
0x0000000005485000 	/System/Library/Frameworks/ImageIO.framework/Versions/A/ImageIO
0x0000000005485000 	/System/Library/PrivateFrameworks/Backup.framework/Versions/A/Backup
0x0000000005485000 	/usr/lib/libextension.dylib
0x0000000005485000 	/usr/lib/libarchive.2.dylib
0x0000000005485000 	/System/Library/Frameworks/CFNetwork.framework/Versions/A/CFNetwork
0x0000000005485000 	/System/Library/Frameworks/SystemConfiguration.framework/Versions/A/SystemConfiguration
0x0000000005485000 	/usr/lib/libCRFSuite.dylib
0x0000000005485000 	/usr/lib/libc++.1.dylib
0x0000000005485000 	/usr/lib/libc++abi.dylib
0x0000000005485000 	/usr/lib/system/libcache.dylib
0x0000000005485000 	/usr/lib/system/libcommonCrypto.dylib
0x0000000005485000 	/usr/lib/system/libcompiler_rt.dylib
0x0000000005485000 	/usr/lib/system/libcopyfile.dylib
0x0000000005485000 	/usr/lib/system/libcorecrypto.dylib
0x0000000005485000 	/usr/lib/system/libdispatch.dylib
0x0000000005485000 	/usr/lib/system/libdyld.dylib
0x0000000005485000 	/usr/lib/system/libkeymgr.dylib
0x0000000005485000 	/usr/lib/system/liblaunch.dylib
0x0000000005485000 	/usr/lib/system/libmacho.dylib
0x0000000005485000 	/usr/lib/system/libquarantine.dylib
0x0000000005485000 	/usr/lib/system/libremovefile.dylib
0x0000000005485000 	/usr/lib/system/libsystem_asl.dylib
0x0000000005485000 	/usr/lib/system/libsystem_blocks.dylib
0x0000000005485000 	/usr/lib/system/libsystem_c.dylib
0x0000000005485000 	/usr/lib/system/libsystem_configuration.dylib
0x0000000005485000 	/usr/lib/system/libsystem_coreservices.dylib
0x0000000005485000 	/usr/lib/system/libsystem_coretls.dylib
0x0000000005485000 	/usr/lib/system/libsystem_dnssd.dylib
0x0000000005485000 	/usr/lib/system/libsystem_info.dylib
0x0000000005485000 	/usr/lib/system/libsystem_kernel.dylib
0x0000000005485000 	/usr/lib/system/libsystem_m.dylib
0x0000000005485000 	/usr/lib/system/libsystem_malloc.dylib
0x0000000005485000 	/usr/lib/system/libsystem_network.dylib
0x0000000005485000 	/usr/lib/system/libsystem_networkextension.dylib
0x0000000005485000 	/usr/lib/system/libsystem_notify.dylib
0x0000000005485000 	/usr/lib/system/libsystem_platform.dylib
0x0000000005485000 	/usr/lib/system/libsystem_pthread.dylib
0x0000000005485000 	/usr/lib/system/libsystem_sandbox.dylib
0x0000000005485000 	/usr/lib/system/libsystem_secinit.dylib
0x0000000005485000 	/usr/lib/system/libsystem_trace.dylib
0x0000000005485000 	/usr/lib/system/libunc.dylib
0x0000000005485000 	/usr/lib/system/libunwind.dylib
0x0000000005485000 	/usr/lib/system/libxpc.dylib
0x0000000005485000 	/usr/lib/libenergytrace.dylib
0x0000000005485000 	/usr/lib/libbsm.0.dylib
0x0000000005485000 	/usr/lib/system/libkxld.dylib
0x0000000005485000 	/usr/lib/libxar.1.dylib
0x0000000005485000 	/usr/lib/libsqlite3.dylib
0x0000000005485000 	/usr/lib/libpam.2.dylib
0x0000000005485000 	/usr/lib/libOpenScriptingUtil.dylib
0x0000000005485000 	/usr/lib/libbz2.1.0.dylib
0x0000000005485000 	/usr/lib/liblzma.5.dylib
0x0000000005485000 	/System/Library/Frameworks/CoreServices.framework/Versions/A/Frameworks/FSEvents.framework/Versions/A/FSEvents
0x0000000005485000 	/System/Library/Frameworks/CoreServices.framework/Versions/A/Frameworks/CarbonCore.framework/Versions/A/CarbonCore
0x0000000005485000 	/System/Library/Frameworks/CoreServices.framework/Versions/A/Frameworks/Metadata.framework/Versions/A/Metadata
0x0000000005485000 	/System/Library/Frameworks/CoreServices.framework/Versions/A/Frameworks/OSServices.framework/Versions/A/OSServices
0x0000000005485000 	/System/Library/Frameworks/CoreServices.framework/Versions/A/Frameworks/SearchKit.framework/Versions/A/SearchKit
0x0000000005485000 	/System/Library/Frameworks/CoreServices.framework/Versions/A/Frameworks/AE.framework/Versions/A/AE
0x0000000005485000 	/System/Library/Frameworks/CoreServices.framework/Versions/A/Frameworks/LaunchServices.framework/Versions/A/LaunchServices
0x0000000005485000 	/System/Library/Frameworks/CoreServices.framework/Versions/A/Frameworks/DictionaryServices.framework/Versions/A/DictionaryServices
0x0000000005485000 	/System/Library/Frameworks/CoreServices.framework/Versions/A/Frameworks/SharedFileList.framework/Versions/A/SharedFileList
0x0000000005485000 	/System/Library/Frameworks/NetFS.framework/Versions/A/NetFS
0x0000000005485000 	/System/Library/PrivateFrameworks/NetAuth.framework/Versions/A/NetAuth
0x0000000005485000 	/System/Library/PrivateFrameworks/login.framework/Versions/A/Frameworks/loginsupport.framework/Versions/A/loginsupport
0x0000000005485000 	/System/Library/PrivateFrameworks/TCC.framework/Versions/A/TCC
0x0000000005485000 	/usr/lib/libmecabra.dylib
0x0000000005485000 	/System/Library/Frameworks/ApplicationServices.framework/Versions/A/Frameworks/ATS.framework/Versions/A/ATS
0x0000000005485000 	/System/Library/Frameworks/ApplicationServices.framework/Versions/A/Frameworks/ColorSync.framework/Versions/A/ColorSync
0x0000000005485000 	/System/Library/Frameworks/ApplicationServices.framework/Versions/A/Frameworks/HIServices.framework/Versions/A/HIServices
0x0000000005485000 	/System/Library/Frameworks/ApplicationServices.framework/Versions/A/Frameworks/LangAnalysis.framework/Versions/A/LangAnalysis
0x0000000005485000 	/System/Library/Frameworks/ApplicationServices.framework/Versions/A/Frameworks/PrintCore.framework/Versions/A/PrintCore
0x0000000005485000 	/System/Library/Frameworks/ApplicationServices.framework/Versions/A/Frameworks/QD.framework/Versions/A/QD
0x0000000005485000 	/System/Library/Frameworks/ApplicationServices.framework/Versions/A/Frameworks/SpeechSynthesis.framework/Versions/A/SpeechSynthesis
0x0000000005485000 	/System/Library/Frameworks/Metal.framework/Versions/A/Metal
0x0000000005485000 	/System/Library/Frameworks/Accelerate.framework/Versions/A/Frameworks/vImage.framework/Versions/A/vImage
0x0000000005485000 	/System/Library/Frameworks/Accelerate.framework/Versions/A/Frameworks/vecLib.framework/Versions/A/vecLib
0x0000000005485000 	/System/Library/Frameworks/Accelerate.framework/Versions/A/Frameworks/vecLib.framework/Versions/A/libvDSP.dylib
0x0000000005485000 	/System/Library/Frameworks/Accelerate.framework/Versions/A/Frameworks/vecLib.framework/Versions/A/libvMisc.dylib
0x0000000005485000 	/System/Library/Frameworks/Accelerate.framework/Versions/A/Frameworks/vecLib.framework/Versions/A/libLAPACK.dylib
0x0000000005485000 	/System/Library/Frameworks/Accelerate.framework/Versions/A/Frameworks/vecLib.framework/Versions/A/libBLAS.dylib
0x0000000005485000 	/System/Library/Frameworks/Accelerate.framework/Versions/A/Frameworks/vecLib.framework/Versions/A/libLinearAlgebra.dylib
0x0000000005485000 	/System/Library/Frameworks/Accelerate.framework/Versions/A/Frameworks/vecLib.framework/Versions/A/libSparseBLAS.dylib
0x0000000005485000 	/System/Library/PrivateFrameworks/GPUCompiler.framework/libmetal_timestamp.dylib
0x0000000005485000 	/System/Library/Frameworks/OpenGL.framework/Versions/A/Libraries/libCoreFSCache.dylib
0x0000000005485000 	/System/Library/PrivateFrameworks/IOAccelerator.framework/Versions/A/IOAccelerator
0x0000000005485000 	/System/Library/Frameworks/ApplicationServices.framework/Versions/A/Frameworks/ATS.framework/Versions/A/Resources/libFontParser.dylib
0x0000000005485000 	/System/Library/Frameworks/ApplicationServices.framework/Versions/A/Frameworks/ATS.framework/Versions/A/Resources/libFontRegistry.dylib
0x0000000005485000 	/System/Library/PrivateFrameworks/AppleVPA.framework/Versions/A/AppleVPA
0x0000000005485000 	/System/Library/PrivateFrameworks/AppleJPEG.framework/Versions/A/AppleJPEG
0x0000000005485000 	/System/Library/Frameworks/ImageIO.framework/Versions/A/Resources/libJPEG.dylib
0x0000000005485000 	/System/Library/Frameworks/ImageIO.framework/Versions/A/Resources/libTIFF.dylib
0x0000000005485000 	/System/Library/Frameworks/ImageIO.framework/Versions/A/Resources/libPng.dylib
0x0000000005485000 	/System/Library/Frameworks/ImageIO.framework/Versions/A/Resources/libGIF.dylib
0x0000000005485000 	/System/Library/Frameworks/ImageIO.framework/Versions/A/Resources/libJP2.dylib
0x0000000005485000 	/System/Library/Frameworks/ImageIO.framework/Versions/A/Resources/libRadiance.dylib
0x0000000005485000 	/System/Library/Frameworks/CoreVideo.framework/Versions/A/CoreVideo
0x0000000005485000 	/System/Library/Frameworks/OpenGL.framework/Versions/A/Libraries/libGLU.dylib
0x0000000005485000 	/System/Library/Frameworks/OpenGL.framework/Versions/A/Libraries/libGFXShared.dylib
0x0000000005485000 	/System/Library/Frameworks/OpenGL.framework/Versions/A/Libraries/libGL.dylib
0x0000000005485000 	/System/Library/Frameworks/OpenGL.framework/Versions/A/Libraries/libGLImage.dylib
0x0000000005485000 	/System/Library/Frameworks/OpenGL.framework/Versions/A/Libraries/libCVMSPluginSupport.dylib
0x0000000005485000 	/System/Library/Frameworks/OpenGL.framework/Versions/A/Libraries/libCoreVMClient.dylib
0x0000000005485000 	/usr/lib/libcompression.dylib
0x0000000005485000 	/usr/lib/libcups.2.dylib
0x0000000005485000 	/System/Library/Frameworks/Kerberos.framework/Versions/A/Kerberos
0x0000000005485000 	/System/Library/Frameworks/GSS.framework/Versions/A/GSS
0x0000000005485000 	/usr/lib/libresolv.9.dylib
0x0000000005485000 	/usr/lib/libiconv.2.dylib
0x0000000005485000 	/System/Library/PrivateFrameworks/Heimdal.framework/Versions/A/Heimdal
0x0000000005485000 	/usr/lib/libheimdal-asn1.dylib
0x0000000005485000 	/System/Library/Frameworks/OpenDirectory.framework/Versions/A/OpenDirectory
0x0000000005485000 	/System/Library/PrivateFrameworks/CommonAuth.framework/Versions/A/CommonAuth
0x0000000005485000 	/System/Library/Frameworks/OpenDirectory.framework/Versions/A/Frameworks/CFOpenDirectory.framework/Versions/A/CFOpenDirectory
0x0000000005485000 	/System/Library/Frameworks/SecurityFoundation.framework/Versions/A/SecurityFoundation
0x0000000005485000 	/System/Library/PrivateFrameworks/LanguageModeling.framework/Versions/A/LanguageModeling
0x0000000005485000 	/usr/lib/libmarisa.dylib
0x0000000005485000 	/usr/lib/libChineseTokenizer.dylib
0x0000000005485000 	/usr/lib/libcmph.dylib
0x0000000005485000 	/System/Library/Frameworks/ServiceManagement.framework/Versions/A/ServiceManagement
0x0000000005485000 	/usr/lib/libxslt.1.dylib
0x0000000005485000 	/System/Library/Frameworks/Carbon.framework/Versions/A/Frameworks/Ink.framework/Versions/A/Ink
0x0000000005485000 	/usr/lib/libFosl_dynamic.dylib
0x0000000005485000 	/System/Library/PrivateFrameworks/FaceCore.framework/Versions/A/FaceCore
0x0000000005485000 	/System/Library/Frameworks/OpenCL.framework/Versions/A/OpenCL
0x0000000005485000 	/System/Library/PrivateFrameworks/CrashReporterSupport.framework/Versions/A/CrashReporterSupport
0x0000000005485000 	/System/Library/PrivateFrameworks/IconServices.framework/Versions/A/IconServices
0x0000000005485000 	/System/Library/PrivateFrameworks/Apple80211.framework/Versions/A/Apple80211
0x0000000005485000 	/System/Library/Frameworks/CoreWLAN.framework/Versions/A/CoreWLAN
0x0000000005485000 	/System/Library/Frameworks/IOBluetooth.framework/Versions/A/IOBluetooth
0x0000000005485000 	/System/Library/PrivateFrameworks/CoreWiFi.framework/Versions/A/CoreWiFi
0x0000000005485000 	/System/Library/Frameworks/CoreBluetooth.framework/Versions/A/CoreBluetooth
0x0000000005485000 	/System/Library/PrivateFrameworks/ChunkingLibrary.framework/Versions/A/ChunkingLibrary
0x0000000005485000 	/System/Library/PrivateFrameworks/DebugSymbols.framework/Versions/A/DebugSymbols
0x0000000005485000 	/System/Library/PrivateFrameworks/CoreSymbolication.framework/Versions/A/CoreSymbolication
0x0000000005485000 	/System/Library/PrivateFrameworks/Symbolication.framework/Versions/A/Symbolication
0x0000000005485000 	/System/Library/PrivateFrameworks/SpeechRecognitionCore.framework/Versions/A/SpeechRecognitionCore
0x0000000106800000 	/Library/Java/JavaVirtualMachines/jdk1.8.0_101.jdk/Contents/Home/jre/lib/server/libjvm.dylib
0x0000000005485000 	/usr/lib/libstdc++.6.dylib
0x0000000105ee6000 	/Library/Java/JavaVirtualMachines/jdk1.8.0_101.jdk/Contents/Home/jre/lib/libverify.dylib
0x0000000105ef4000 	/Library/Java/JavaVirtualMachines/jdk1.8.0_101.jdk/Contents/Home/jre/lib/libjava.dylib
0x0000000105f33000 	/Library/Java/JavaVirtualMachines/jdk1.8.0_101.jdk/Contents/Home/jre/lib/libzip.dylib
0x000000011aae0000 	/System/Library/Frameworks/JavaVM.framework/Frameworks/JavaRuntimeSupport.framework/JavaRuntimeSupport
0x000000011aafb000 	/System/Library/Frameworks/JavaVM.framework/Versions/A/Frameworks/JavaNativeFoundation.framework/Versions/A/JavaNativeFoundation
0x000000011ab10000 	/System/Library/Frameworks/JavaVM.framework/Versions/A/JavaVM
0x0000000005485000 	/System/Library/Frameworks/Carbon.framework/Versions/A/Carbon
0x0000000105ff4000 	/System/Library/PrivateFrameworks/JavaLaunching.framework/Versions/A/JavaLaunching
0x0000000005485000 	/System/Library/Frameworks/Carbon.framework/Versions/A/Frameworks/CommonPanels.framework/Versions/A/CommonPanels
0x0000000005485000 	/System/Library/Frameworks/Carbon.framework/Versions/A/Frameworks/Help.framework/Versions/A/Help
0x0000000005485000 	/System/Library/Frameworks/Carbon.framework/Versions/A/Frameworks/ImageCapture.framework/Versions/A/ImageCapture
0x0000000005485000 	/System/Library/Frameworks/Carbon.framework/Versions/A/Frameworks/OpenScripting.framework/Versions/A/OpenScripting
0x0000000005485000 	/System/Library/Frameworks/Carbon.framework/Versions/A/Frameworks/Print.framework/Versions/A/Print
0x0000000005485000 	/System/Library/Frameworks/Carbon.framework/Versions/A/Frameworks/SecurityHI.framework/Versions/A/SecurityHI
0x000000011c436000 	/Library/Java/JavaVirtualMachines/jdk1.8.0_101.jdk/Contents/Home/jre/lib/libawt.dylib
0x000000011c4de000 	/Library/Java/JavaVirtualMachines/jdk1.8.0_101.jdk/Contents/Home/jre/lib/./libmlib_image.dylib
0x000000011c5aa000 	/Library/Java/JavaVirtualMachines/jdk1.8.0_101.jdk/Contents/Home/jre/lib/libawt_lwawt.dylib
0x000000011c65f000 	/Library/Java/JavaVirtualMachines/jdk1.8.0_101.jdk/Contents/Home/jre/lib/./libosxapp.dylib
0x0000000005485000 	/System/Library/Frameworks/ExceptionHandling.framework/Versions/A/ExceptionHandling
0x0000000005485000 	/System/Library/PrivateFrameworks/CoreServicesInternal.framework/Versions/A/CoreServicesInternal
0x0000000005485000 	/System/Library/Frameworks/CoreGraphics.framework/Versions/A/Resources/libRIP.A.dylib
0x0000000005485000 	/System/Library/Frameworks/Accelerate.framework/Versions/A/Frameworks/vImage.framework/Versions/A/Libraries/libCGInterfaces.dylib
0x0000000005485000 	/System/Library/Frameworks/CoreGraphics.framework/Versions/A/Resources/libCGXType.A.dylib
0x0000000005485000 	/System/Library/Frameworks/OpenCL.framework/Versions/A/Libraries/libcldcpuengine.dylib
0x0000000005485000 	/System/Library/PrivateFrameworks/DiskImages.framework/Versions/A/DiskImages
0x0000000005485000 	/System/Library/Frameworks/DiscRecording.framework/Versions/A/DiscRecording
0x0000000005485000 	/usr/lib/libcsfde.dylib
0x0000000005485000 	/usr/lib/libcurl.4.dylib
0x0000000005485000 	/System/Library/PrivateFrameworks/MediaKit.framework/Versions/A/MediaKit
0x0000000005485000 	/System/Library/PrivateFrameworks/ProtectedCloudStorage.framework/Versions/A/ProtectedCloudStorage
0x0000000005485000 	/usr/lib/libCoreStorage.dylib
0x0000000005485000 	/System/Library/PrivateFrameworks/EFILogin.framework/Versions/A/EFILogin
0x0000000005485000 	/usr/lib/libutil.dylib
0x0000000005485000 	/System/Library/PrivateFrameworks/FindMyDevice.framework/Versions/A/FindMyDevice
0x0000000005485000 	/System/Library/Frameworks/LDAP.framework/Versions/A/LDAP
0x0000000005485000 	/usr/lib/libsasl2.2.dylib
0x0000000005485000 	/System/Library/PrivateFrameworks/CoreDaemon.framework/Versions/B/CoreDaemon
0x0000000005485000 	/usr/lib/libcrypto.0.9.8.dylib
0x0000000005485000 	/System/Library/PrivateFrameworks/AppleSRP.framework/Versions/A/AppleSRP
0x0000000005485000 	/System/Library/PrivateFrameworks/TrustEvaluationAgent.framework/Versions/A/TrustEvaluationAgent
0x000000011deef000 	cl_kernels
0x0000000005485000 	/System/Library/Frameworks/OpenCL.framework/Versions/A/Libraries/ImageFormats/unorm8_bgra.dylib
0x0000000005485000 	/System/Library/Frameworks/OpenCL.framework/Versions/A/Libraries/ImageFormats/unorm8_rgba.dylib
0x0000000005485000 	/System/Library/PrivateFrameworks/FamilyControls.framework/Versions/A/FamilyControls
0x0000000005485000 	/System/Library/PrivateFrameworks/CommerceKit.framework/Versions/A/Frameworks/CommerceCore.framework/Versions/A/CommerceCore
0x0000000005485000 	/System/Library/PrivateFrameworks/SystemAdministration.framework/Versions/A/SystemAdministration
0x0000000005485000 	/System/Library/PrivateFrameworks/AppContainer.framework/Versions/A/AppContainer
0x0000000005485000 	/System/Library/PrivateFrameworks/SecCodeWrapper.framework/Versions/A/SecCodeWrapper
0x0000000005485000 	/System/Library/Frameworks/DirectoryService.framework/Versions/A/DirectoryService
0x0000000005485000 	/System/Library/PrivateFrameworks/LoginUIKit.framework/Versions/A/Frameworks/LoginUICore.framework/Versions/A/LoginUICore
0x0000000005485000 	/usr/lib/libodfde.dylib
0x0000000005485000 	/System/Library/Frameworks/OpenGL.framework/Versions/A/Resources/GLEngine.bundle/GLEngine
0x0000000005485000 	/System/Library/Frameworks/OpenGL.framework/Versions/A/Libraries/libGLProgrammability.dylib
0x000000011ef2c000 	/System/Library/Extensions/AppleIntelHD4000GraphicsGLDriver.bundle/Contents/MacOS/AppleIntelHD4000GraphicsGLDriver
0x0000000005485000 	/System/Library/PrivateFrameworks/GPUSupport.framework/Versions/A/Libraries/libGPUSupportMercury.dylib
0x0000000005485000 	/System/Library/Frameworks/OpenGL.framework/Versions/A/Resources/GLRendererFloat.bundle/GLRendererFloat
0x000000011fe92000 	/Library/Java/JavaVirtualMachines/jdk1.8.0_101.jdk/Contents/Home/jre/lib/libfontmanager.dylib
0x0000000121353000 	/Library/Java/JavaVirtualMachines/jdk1.8.0_101.jdk/Contents/Home/jre/lib/libosxui.dylib
0x0000000121e49000 	/Library/Java/JavaVirtualMachines/jdk1.8.0_101.jdk/Contents/Home/jre/lib/libnet.dylib
0x0000000122091000 	/Library/Java/JavaVirtualMachines/jdk1.8.0_101.jdk/Contents/Home/jre/lib/libnio.dylib
0x0000000005485000 	/System/Library/Frameworks/ApplicationServices.framework/Versions/A/Frameworks/ATS.framework/Versions/A/Resources/libTrueTypeScaler.dylib
0x0000000172f5e000 	/System/Library/Extensions/AppleIntelHD4000GraphicsMTLDriver.bundle/Contents/MacOS/AppleIntelHD4000GraphicsMTLDriver
0x000000011d4d9000 	/private/var/folders/df/q331szgs0rs63dmvvv6sk8180000gn/T/jogamp_0000/file_cache/jln8288204074692380829/jln5330370447119645142/libgluegen-rt.jnilib
0x000000011d4de000 	/private/var/folders/df/q331szgs0rs63dmvvv6sk8180000gn/T/jogamp_0000/file_cache/jln8288204074692380829/jln5330370447119645142/libnativewindow_awt.jnilib
0x0000000121040000 	/Library/Java/JavaVirtualMachines/jdk1.8.0_101.jdk/Contents/Home/jre/lib/libjawt.dylib
0x0000000172efa000 	/private/var/folders/df/q331szgs0rs63dmvvv6sk8180000gn/T/jogamp_0000/file_cache/jln8288204074692380829/jln5330370447119645142/libnativewindow_macosx.jnilib
0x0000000174c75000 	/private/var/folders/df/q331szgs0rs63dmvvv6sk8180000gn/T/jogamp_0000/file_cache/jln8288204074692380829/jln5330370447119645142/libjogl_desktop.jnilib
0x0000000177308000 	/Library/Java/JavaVirtualMachines/jdk1.8.0_101.jdk/Contents/Home/jre/lib/libsunec.dylib
0x0000000175014000 	/Library/Java/JavaVirtualMachines/jdk1.8.0_101.jdk/Contents/Home/jre/lib/libt2k.dylib

VM Arguments:
jvm_args: -Djava.security.policy=java.policy.applet -Dfile.encoding=UTF-8 
java_command: sun.applet.AppletViewer module5.EarthquakeCityMap1496352307333.html
java_class_path (initial): /Users/Ryan/Documents/workspaceCoursera/UCSDUnfoldingMaps/build:/Users/Ryan/Documents/workspaceCoursera/UCSDUnfoldingMaps/lib/core.jar:/Users/Ryan/Documents/workspaceCoursera/UCSDUnfoldingMaps/lib/gluegen-rt.jar:/Users/Ryan/Documents/workspaceCoursera/UCSDUnfoldingMaps/lib/jogl-all.jar:/Users/Ryan/Documents/workspaceCoursera/UCSDUnfoldingMaps/lib/log4j-1.2.15.jar:/Users/Ryan/Documents/workspaceCoursera/UCSDUnfoldingMaps/lib/sqlite-jdbc-3.7.2.jar:/Users/Ryan/Documents/workspaceCoursera/UCSDUnfoldingMaps/lib/json4processing.jar:/Users/Ryan/Documents/workspaceCoursera/UCSDUnfoldingMaps/lib/libTUIO.jar:/Users/Ryan/Documents/workspaceCoursera/UCSDUnfoldingMaps/lib/unfolding.0.9.7-uscd.jar
Launcher Type: SUN_STANDARD

Environment Variables:
PATH=/usr/bin:/bin:/usr/sbin:/sbin
SHELL=/bin/bash
DISPLAY=/private/tmp/com.apple.launchd.ULRZtvESmK/org.macosforge.xquartz:0

Signal Handlers:
SIGSEGV: [libjvm.dylib+0x5af145], sa_mask[0]=11111111011111110111111111111111, sa_flags=SA_ONSTACK|SA_RESTART|SA_SIGINFO
SIGBUS: [libjvm.dylib+0x5af145], sa_mask[0]=11111111011111110111111111111111, sa_flags=SA_RESTART|SA_SIGINFO
SIGFPE: [libjvm.dylib+0x48694c], sa_mask[0]=11111111011111110111111111111111, sa_flags=SA_RESTART|SA_SIGINFO
SIGPIPE: [libjvm.dylib+0x48694c], sa_mask[0]=11111111011111110111111111111111, sa_flags=SA_RESTART|SA_SIGINFO
SIGXFSZ: [libjvm.dylib+0x48694c], sa_mask[0]=11111111011111110111111111111111, sa_flags=SA_RESTART|SA_SIGINFO
SIGILL: [libjvm.dylib+0x48694c], sa_mask[0]=11111111011111110111111111111111, sa_flags=SA_RESTART|SA_SIGINFO
SIGUSR1: SIG_DFL, sa_mask[0]=00000000000000000000000000000000, sa_flags=none
SIGUSR2: [libjvm.dylib+0x48646a], sa_mask[0]=00100000000000000000000000000000, sa_flags=SA_RESTART|SA_SIGINFO
SIGHUP: [libjvm.dylib+0x484a41], sa_mask[0]=11111111011111110111111111111111, sa_flags=SA_RESTART|SA_SIGINFO
SIGINT: [libjvm.dylib+0x484a41], sa_mask[0]=11111111011111110111111111111111, sa_flags=SA_RESTART|SA_SIGINFO
SIGTERM: [libjvm.dylib+0x484a41], sa_mask[0]=11111111011111110111111111111111, sa_flags=SA_RESTART|SA_SIGINFO
SIGQUIT: [libjvm.dylib+0x484a41], sa_mask[0]=11111111011111110111111111111111, sa_flags=SA_RESTART|SA_SIGINFO


---------------  S Y S T E M  ---------------

OS:Bsduname:Darwin 15.6.0 Darwin Kernel Version 15.6.0: Thu Jun 23 18:25:34 PDT 2016; root:xnu-3248.60.10~1/RELEASE_X86_64 x86_64
rlimit: STACK 8192k, CORE 0k, NPROC 709, NOFILE 10240, AS infinity
load average:2.36 2.19 2.06

CPU:total 4 (2 cores per cpu, 2 threads per core) family 6 model 58 stepping 9, cmov, cx8, fxsr, mmx, sse, sse2, sse3, ssse3, sse4.1, sse4.2, popcnt, avx, aes, clmul, erms, ht, tsc, tscinvbit, tscinv

Memory: 4k page, physical 4194304k(62008k free)

/proc/meminfo:


vm_info: Java HotSpot(TM) 64-Bit Server VM (25.101-b13) for bsd-amd64 JRE (1.8.0_101-b13), built on Jun 22 2016 02:42:15 by "java_re" with gcc 4.2.1 (Based on Apple Inc. build 5658) (LLVM build 2336.11.00)

time: Thu Jun  1 17:25:36 2017
elapsed time: 28 seconds (0d 0h 0m 28s)

