#
# A fatal error has been detected by the Java Runtime Environment:
#
#  SIGSEGV (0xb) at pc=0x00007fff8b7c74dd, pid=79266, tid=0x0000000000000a0b
#
# JRE version: Java(TM) SE Runtime Environment (8.0_101-b13) (build 1.8.0_101-b13)
# Java VM: Java HotSpot(TM) 64-Bit Server VM (25.101-b13 mixed mode bsd-amd64 compressed oops)
# Problematic frame:
# C  [libobjc.A.dylib+0x14dd]  objc_msgSend+0x1d
#
# Failed to write core dump. Core dumps have been disabled. To enable core dumping, try "ulimit -c unlimited" before starting Java again
#
# If you would like to submit a bug report, please visit:
#   http://bugreport.java.com/bugreport/crash.jsp
# The crash happened outside the Java Virtual Machine in native code.
# See problematic frame for where to report the bug.
#

---------------  T H R E A D  ---------------

Current thread (0x00007fdc9219f000):  JavaThread "AWT-AppKit" daemon [_thread_in_native, id=2571, stack(0x00007fff541c5000,0x00007fff549c5000)]

siginfo: si_signo: 11 (SIGSEGV), si_code: 1 (SEGV_MAPERR), si_addr: 0x0000000000000018

Registers:
RAX=0x00007fdc95a1f1f0, RBX=0x00000001784d9450, RCX=0x0000000122a987a0, RDX=0x0000000122a986a0
RSP=0x00007fff549c0308, RBP=0x00007fff549c03c0, RSI=0x00007fff85a09cbe, RDI=0x00007fdc95883600
R8 =0x0000000000000000, R9 =0x00000000000008b0, R10=0x00007fff85a09cbe, R11=0x0000000000000000
R12=0x0000000000000000, R13=0x000000017a1869d8, R14=0x00000001784d9440, R15=0x00007fdc9219f000
RIP=0x00007fff8b7c74dd, EFLAGS=0x0000000000010246, ERR=0x0000000000000004
  TRAPNO=0x000000000000000e

Top of Stack: (sp=0x00007fff549c0308)
0x00007fff549c0308:   00000001784d7157 00007fff549c0360
0x00007fff549c0318:   0000000000000003 00007fff549c0340
0x00007fff549c0328:   000000010bff28e6 000000017a1869d8
0x00007fff549c0338:   000000017a1869d8 00007fdc95a1f1f0
0x00007fff549c0348:   00000001784d96a0 00000001784d9710
0x00007fff549c0358:   00007fff779c6770 00007fff757ae500
0x00007fff549c0368:   00000001784d9450 00000001784d9690
0x00007fff549c0378:   00007fdc95a1f1f0 00007fdc95883600
0x00007fff549c0388:   00007fdc93fe1d60 00007fdc95a1f1f0
0x00007fff549c0398:   00007fdc95883600 00007fff549c0448
0x00007fff549c03a8:   00007fdc9219f1f8 000000017a1869d8
0x00007fff549c03b8:   00007fff549c0470 00007fff549c0438
0x00007fff549c03c8:   000000010cdb49d4 000000017a1869d8
0x00007fff549c03d8:   00007fff549c0470 00007fff549c0438
0x00007fff549c03e8:   000000010cdb4767 000000010cdb4722
0x00007fff549c03f8:   00007fff549c03f8 000000017a1869d8
0x00007fff549c0408:   00007fff549c0470 000000017a1aa028
0x00007fff549c0418:   0000000000000000 000000017a1869d8
0x00007fff549c0428:   0000000000000000 00007fff549c0458
0x00007fff549c0438:   00007fff549c04b8 000000010cda52bd
0x00007fff549c0448:   0000000780816c10 000000010cdae538
0x00007fff549c0458:   00007fdc95a1f1f0 00007fff549c04b8
0x00007fff549c0468:   00007fdc95883600 000000010cdafe02
0x00007fff549c0478:   00007fff549c0478 000000017a186ba2
0x00007fff549c0488:   00007fff549c04e0 000000017a1aa028
0x00007fff549c0498:   0000000000000000 000000017a186bb0
0x00007fff549c04a8:   00007fff549c0458 00007fff549c04c8
0x00007fff549c04b8:   00007fff549c0528 000000010cda52bd
0x00007fff549c04c8:   00007fdc95a1f1f0 0000000780703408
0x00007fff549c04d8:   00007fdc95883600 0000000780703408
0x00007fff549c04e8:   00007fff549c04e8 000000017e42cf8e
0x00007fff549c04f8:   00007fff549c0538 000000017e42d048 

Instructions: (pc=0x00007fff8b7c74dd)
0x00007fff8b7c74bd:   44 00 00 48 85 ff 2e 74 62 40 f6 c7 01 2e 75 66
0x00007fff8b7c74cd:   49 bb f8 ff ff ff ff 7f 00 00 4c 23 1f 49 89 f2
0x00007fff8b7c74dd:   45 23 53 18 49 c1 e2 04 4d 03 53 10 49 3b 32 75
0x00007fff8b7c74ed:   04 41 ff 62 08 49 83 3a 01 76 0d 49 83 c2 10 49 

Register to memory mapping:

RAX=0x00007fdc95a1f1f0 is an unknown value
RBX=0x00000001784d9450: Java_jogamp_nativewindow_macosx_OSXUtil_GetScreenRefreshRate0+0x1cf0 in /private/var/folders/df/q331szgs0rs63dmvvv6sk8180000gn/T/jogamp_0000/file_cache/jln6636678402632084612/jln6579643712260608308/libnativewindow_macosx.jnilib at 0x00000001784d2000
RCX=0x0000000122a987a0 is an unknown value
RDX=0x0000000122a986a0 is an unknown value
RSP=0x00007fff549c0308 is pointing into the stack for thread: 0x00007fdc9219f000
RBP=0x00007fff549c03c0 is pointing into the stack for thread: 0x00007fdc9219f000
RSI=0x00007fff85a09cbe is an unknown value
RDI=0x00007fdc95883600 is an unknown value
R8 =0x0000000000000000 is an unknown value
R9 =0x00000000000008b0 is an unknown value
R10=0x00007fff85a09cbe is an unknown value
R11=0x0000000000000000 is an unknown value
R12=0x0000000000000000 is an unknown value
R13={method} {0x000000017a1869d8} 'UnsetJAWTRootSurfaceLayer0' '(JJ)V' in 'jogamp/nativewindow/jawt/macosx/MacOSXJAWTWindow'
R14=0x00000001784d9440: Java_jogamp_nativewindow_macosx_OSXUtil_GetScreenRefreshRate0+0x1ce0 in /private/var/folders/df/q331szgs0rs63dmvvv6sk8180000gn/T/jogamp_0000/file_cache/jln6636678402632084612/jln6579643712260608308/libnativewindow_macosx.jnilib at 0x00000001784d2000
R15=0x00007fdc9219f000 is a thread


Stack: [0x00007fff541c5000,0x00007fff549c5000],  sp=0x00007fff549c0308,  free space=8172k
Native frames: (J=compiled Java code, j=interpreted, Vv=VM code, C=native code)
C  [libobjc.A.dylib+0x14dd]  objc_msgSend+0x1d
j  jogamp.nativewindow.jawt.macosx.MacOSXJAWTWindow.UnsetJAWTRootSurfaceLayer0(JJ)V+0
j  jogamp.nativewindow.jawt.macosx.MacOSXJAWTWindow.access$200(JJ)V+2
j  jogamp.nativewindow.jawt.macosx.MacOSXJAWTWindow$1.run()V+38
J 2347 C1 com.jogamp.common.util.RunnableTask.run()V (345 bytes) @ 0x000000010d564014 [0x000000010d563e80+0x194]
v  ~StubRoutines::call_stub
V  [libjvm.dylib+0x2ecf06]  JavaCalls::call_helper(JavaValue*, methodHandle*, JavaCallArguments*, Thread*)+0x6ae
V  [libjvm.dylib+0x324111]  jni_invoke_nonstatic(JNIEnv_*, JavaValue*, _jobject*, JNICallType, _jmethodID*, JNI_ArgumentPusher*, Thread*)+0x2ec
V  [libjvm.dylib+0x3168df]  jni_CallVoidMethod+0x16b
C  [libnativewindow_macosx.jnilib+0x5326]  Java_jogamp_nativewindow_jawt_macosx_MacOSXJAWTWindow_UnsetJAWTRootSurfaceLayer0+0x2b6
C  [Foundation+0x76fde]  __NSThreadPerformPerform+0x117
C  [CoreFoundation+0xaa881]  __CFRUNLOOP_IS_CALLING_OUT_TO_A_SOURCE0_PERFORM_FUNCTION__+0x11
C  [CoreFoundation+0x89f37]  __CFRunLoopDoSources0+0x1a7
C  [CoreFoundation+0x894df]  __CFRunLoopRun+0x39f
C  [CoreFoundation+0x88ed8]  CFRunLoopRunSpecific+0x128
C  [HIToolbox+0x30935]  RunCurrentEventLoopInMode+0xeb
C  [HIToolbox+0x30677]  ReceiveNextEventCommon+0xb8
C  [HIToolbox+0x305af]  _BlockUntilNextEventMatchingListInModeWithFilter+0x47
C  [AppKit+0x48df6]  _DPSNextEvent+0x42b
C  [AppKit+0x48226]  -[NSApplication _nextEventMatchingEventMask:untilDate:inMode:dequeue:]+0x1c6
C  [libosxapp.dylib+0x23aa]  -[NSApplicationAWT nextEventMatchingMask:untilDate:inMode:dequeue:]+0x7c
C  [AppKit+0x3cd80]  -[NSApplication run]+0x2aa
C  [libosxapp.dylib+0x214d]  +[NSApplicationAWT runAWTLoopWithApp:]+0x9c
C  [libawt_lwawt.dylib+0x444b3]  -[AWTStarter starter:]+0x389
C  [Foundation+0x76fde]  __NSThreadPerformPerform+0x117
C  [CoreFoundation+0xaa881]  __CFRUNLOOP_IS_CALLING_OUT_TO_A_SOURCE0_PERFORM_FUNCTION__+0x11
C  [CoreFoundation+0x89fbc]  __CFRunLoopDoSources0+0x22c
C  [CoreFoundation+0x894df]  __CFRunLoopRun+0x39f
C  [CoreFoundation+0x88ed8]  CFRunLoopRunSpecific+0x128
C  [java+0x6465]  CreateExecutionEnvironment+0x367
C  [java+0x218c]  JLI_Launch+0x7a0
C  [java+0x84c2]  main+0x65
C  [java+0x19e4]  start+0x34
C  0x0000000000000007

Java frames: (J=compiled Java code, j=interpreted, Vv=VM code)
j  jogamp.nativewindow.jawt.macosx.MacOSXJAWTWindow.UnsetJAWTRootSurfaceLayer0(JJ)V+0
j  jogamp.nativewindow.jawt.macosx.MacOSXJAWTWindow.access$200(JJ)V+2
j  jogamp.nativewindow.jawt.macosx.MacOSXJAWTWindow$1.run()V+38
J 2347 C1 com.jogamp.common.util.RunnableTask.run()V (345 bytes) @ 0x000000010d564014 [0x000000010d563e80+0x194]
v  ~StubRoutines::call_stub

---------------  P R O C E S S  ---------------

Java Threads: ( => current thread )
  0x00007fdc927aa800 JavaThread "Thread-19" [_thread_blocked, id=61231, stack(0x000070000104a000,0x000070000114a000)]
  0x00007fdc928f1800 JavaThread "AWT-EventQueue-1" [_thread_in_native, id=58935, stack(0x0000700001868000,0x0000700001968000)]
  0x00007fdc92136800 JavaThread "DestroyJavaVM" [_thread_blocked, id=5891, stack(0x000070000011a000,0x000070000021a000)]
  0x00007fdc930cf000 JavaThread "AWT-EventQueue-0" [_thread_blocked, id=56067, stack(0x0000700001662000,0x0000700001762000)]
  0x00007fdc9193b800 JavaThread "Java2D Disposer" daemon [_thread_blocked, id=52739, stack(0x00007000013d9000,0x00007000014d9000)]
  0x00007fdc92206800 JavaThread "Java2D Queue Flusher" daemon [_thread_blocked, id=49671, stack(0x00007000012d6000,0x00007000013d6000)]
  0x00007fdc928cd000 JavaThread "AWT-Shutdown" [_thread_blocked, id=29719, stack(0x0000700001150000,0x0000700001250000)]
=>0x00007fdc9219f000 JavaThread "AWT-AppKit" daemon [_thread_in_native, id=2571, stack(0x00007fff541c5000,0x00007fff549c5000)]
  0x00007fdc93015000 JavaThread "Service Thread" daemon [_thread_blocked, id=18435, stack(0x0000700000dc1000,0x0000700000ec1000)]
  0x00007fdc9180a000 JavaThread "C1 CompilerThread2" daemon [_thread_blocked, id=17923, stack(0x0000700000cbe000,0x0000700000dbe000)]
  0x00007fdc93025800 JavaThread "C2 CompilerThread1" daemon [_thread_blocked, id=17411, stack(0x0000700000bbb000,0x0000700000cbb000)]
  0x00007fdc93023800 JavaThread "C2 CompilerThread0" daemon [_thread_blocked, id=16899, stack(0x0000700000ab8000,0x0000700000bb8000)]
  0x00007fdc92843000 JavaThread "Signal Dispatcher" daemon [_thread_blocked, id=14351, stack(0x00007000009b5000,0x0000700000ab5000)]
  0x00007fdc92818000 JavaThread "Finalizer" daemon [_thread_blocked, id=12291, stack(0x000070000082f000,0x000070000092f000)]
  0x00007fdc92815000 JavaThread "Reference Handler" daemon [_thread_blocked, id=11779, stack(0x000070000072c000,0x000070000082c000)]

Other Threads:
  0x00007fdc9201b800 VMThread [stack: 0x0000700000629000,0x0000700000729000] [id=11267]
  0x00007fdc93048800 WatcherThread [stack: 0x0000700000ec4000,0x0000700000fc4000] [id=18947]

VM state:not at safepoint (normal execution)

VM Mutex/Monitor currently owned by a thread: None

Heap:
 PSYoungGen      total 42496K, used 1438K [0x00000007aab00000, 0x00000007aeb00000, 0x00000007c0000000)
  eden space 41984K, 3% used [0x00000007aab00000,0x00000007aac3f860,0x00000007ad400000)
  from space 512K, 31% used [0x00000007aea80000,0x00000007aeaa8000,0x00000007aeb00000)
  to   space 9728K, 0% used [0x00000007ad800000,0x00000007ad800000,0x00000007ae180000)
 ParOldGen       total 34816K, used 20776K [0x0000000780000000, 0x0000000782200000, 0x00000007aab00000)
  object space 34816K, 59% used [0x0000000780000000,0x000000078144a370,0x0000000782200000)
 Metaspace       used 23650K, capacity 23901K, committed 24320K, reserved 1071104K
  class space    used 2338K, capacity 2449K, committed 2560K, reserved 1048576K

Card table byte_map: [0x000000011c15d000,0x000000011c35e000] byte_map_base: 0x000000011855d000

Marking Bits: (ParMarkBitMap*) 0x000000010c6edd20
 Begin Bits: [0x000000011c4b4000, 0x000000011d4b4000)
 End Bits:   [0x000000011d4b4000, 0x000000011e4b4000)

Polling page: 0x000000010b4fe000

CodeCache: size=245760Kb used=9508Kb max_used=9534Kb free=236251Kb
 bounds [0x000000010cd9d000, 0x000000010d70d000, 0x000000011bd9d000]
 total_blobs=3587 nmethods=2675 adapters=825
 compilation: enabled

Compilation events (10 events):
Event: 43.270 Thread 0x00007fdc93025800 2900   !   4       sun.awt.PostEventQueue::flush (168 bytes)
Event: 43.383 Thread 0x00007fdc93025800 nmethod 2900 0x000000010d6f75d0 code [0x000000010d6f7ac0, 0x000000010d6fca00]
Event: 43.878 Thread 0x00007fdc9180a000 2901       3       sun.misc.URLClassPath$JarLoader$2::getContentLength (9 bytes)
Event: 43.879 Thread 0x00007fdc9180a000 nmethod 2901 0x000000010d3bf510 code [0x000000010d3bf680, 0x000000010d3bf8d0]
Event: 43.879 Thread 0x00007fdc9180a000 2902       3       sun.misc.URLClassPath$JarLoader$2::getCodeSigners (8 bytes)
Event: 43.879 Thread 0x00007fdc9180a000 nmethod 2902 0x000000010d3bf0d0 code [0x000000010d3bf240, 0x000000010d3bf468]
Event: 43.879 Thread 0x00007fdc9180a000 2903   !   3       java.util.jar.JarFile$JarFileEntry::getCodeSigners (78 bytes)
Event: 43.880 Thread 0x00007fdc9180a000 nmethod 2903 0x000000010d3be690 code [0x000000010d3be860, 0x000000010d3bee78]
Event: 43.886 Thread 0x00007fdc9180a000 2904       3       java.util.IdentityHashMap::maskNull (12 bytes)
Event: 43.886 Thread 0x00007fdc9180a000 nmethod 2904 0x000000010d6a1450 code [0x000000010d6a15c0, 0x000000010d6a1750]

GC Heap History (10 events):
Event: 10.140 GC heap before
{Heap before GC invocations=7 (full 1):
 PSYoungGen      total 18944K, used 18930K [0x00000007aab00000, 0x00000007ada00000, 0x00000007c0000000)
  eden space 16384K, 100% used [0x00000007aab00000,0x00000007abb00000,0x00000007abb00000)
  from space 2560K, 99% used [0x00000007abb00000,0x00000007abd7ca70,0x00000007abd80000)
  to   space 10240K, 0% used [0x00000007ad000000,0x00000007ad000000,0x00000007ada00000)
 ParOldGen       total 34816K, used 15038K [0x0000000780000000, 0x0000000782200000, 0x00000007aab00000)
  object space 34816K, 43% used [0x0000000780000000,0x0000000780eaf840,0x0000000782200000)
 Metaspace       used 23033K, capacity 23319K, committed 23552K, reserved 1071104K
  class space    used 2331K, capacity 2448K, committed 2560K, reserved 1048576K
Event: 10.145 GC heap after
Heap after GC invocations=7 (full 1):
 PSYoungGen      total 35840K, used 5746K [0x00000007aab00000, 0x00000007ad800000, 0x00000007c0000000)
  eden space 27648K, 0% used [0x00000007aab00000,0x00000007aab00000,0x00000007ac600000)
  from space 8192K, 70% used [0x00000007ad000000,0x00000007ad59cb30,0x00000007ad800000)
  to   space 9216K, 0% used [0x00000007ac600000,0x00000007ac600000,0x00000007acf00000)
 ParOldGen       total 34816K, used 15046K [0x0000000780000000, 0x0000000782200000, 0x00000007aab00000)
  object space 34816K, 43% used [0x0000000780000000,0x0000000780eb1840,0x0000000782200000)
 Metaspace       used 23033K, capacity 23319K, committed 23552K, reserved 1071104K
  class space    used 2331K, capacity 2448K, committed 2560K, reserved 1048576K
}
Event: 16.301 GC heap before
{Heap before GC invocations=8 (full 1):
 PSYoungGen      total 35840K, used 33394K [0x00000007aab00000, 0x00000007ad800000, 0x00000007c0000000)
  eden space 27648K, 100% used [0x00000007aab00000,0x00000007ac600000,0x00000007ac600000)
  from space 8192K, 70% used [0x00000007ad000000,0x00000007ad59cb30,0x00000007ad800000)
  to   space 9216K, 0% used [0x00000007ac600000,0x00000007ac600000,0x00000007acf00000)
 ParOldGen       total 34816K, used 15046K [0x0000000780000000, 0x0000000782200000, 0x00000007aab00000)
  object space 34816K, 43% used [0x0000000780000000,0x0000000780eb1840,0x0000000782200000)
 Metaspace       used 23488K, capacity 23709K, committed 24064K, reserved 1071104K
  class space    used 2331K, capacity 2449K, committed 2560K, reserved 1048576K
Event: 16.305 GC heap after
Heap after GC invocations=8 (full 1):
 PSYoungGen      total 36864K, used 5778K [0x00000007aab00000, 0x00000007ae900000, 0x00000007c0000000)
  eden space 27648K, 0% used [0x00000007aab00000,0x00000007aab00000,0x00000007ac600000)
  from space 9216K, 62% used [0x00000007ac600000,0x00000007acba4b30,0x00000007acf00000)
  to   space 9216K, 0% used [0x00000007ae000000,0x00000007ae000000,0x00000007ae900000)
 ParOldGen       total 34816K, used 15054K [0x0000000780000000, 0x0000000782200000, 0x00000007aab00000)
  object space 34816K, 43% used [0x0000000780000000,0x0000000780eb3840,0x0000000782200000)
 Metaspace       used 23488K, capacity 23709K, committed 24064K, reserved 1071104K
  class space    used 2331K, capacity 2449K, committed 2560K, reserved 1048576K
}
Event: 22.936 GC heap before
{Heap before GC invocations=9 (full 1):
 PSYoungGen      total 36864K, used 33426K [0x00000007aab00000, 0x00000007ae900000, 0x00000007c0000000)
  eden space 27648K, 100% used [0x00000007aab00000,0x00000007ac600000,0x00000007ac600000)
  from space 9216K, 62% used [0x00000007ac600000,0x00000007acba4b30,0x00000007acf00000)
  to   space 9216K, 0% used [0x00000007ae000000,0x00000007ae000000,0x00000007ae900000)
 ParOldGen       total 34816K, used 15054K [0x0000000780000000, 0x0000000782200000, 0x00000007aab00000)
  object space 34816K, 43% used [0x0000000780000000,0x0000000780eb3840,0x0000000782200000)
 Metaspace       used 23618K, capacity 23901K, committed 24320K, reserved 1071104K
  class space    used 2331K, capacity 2449K, committed 2560K, reserved 1048576K
Event: 22.941 GC heap after
Heap after GC invocations=9 (full 1):
 PSYoungGen      total 49152K, used 5746K [0x00000007aab00000, 0x00000007ae600000, 0x00000007c0000000)
  eden space 43008K, 0% used [0x00000007aab00000,0x00000007aab00000,0x00000007ad500000)
  from space 6144K, 93% used [0x00000007ae000000,0x00000007ae59cb30,0x00000007ae600000)
  to   space 8704K, 0% used [0x00000007ad500000,0x00000007ad500000,0x00000007add80000)
 ParOldGen       total 34816K, used 15062K [0x0000000780000000, 0x0000000782200000, 0x00000007aab00000)
  object space 34816K, 43% used [0x0000000780000000,0x0000000780eb5840,0x0000000782200000)
 Metaspace       used 23618K, capacity 23901K, committed 24320K, reserved 1071104K
  class space    used 2331K, capacity 2449K, committed 2560K, reserved 1048576K
}
Event: 33.562 GC heap before
{Heap before GC invocations=10 (full 1):
 PSYoungGen      total 49152K, used 48754K [0x00000007aab00000, 0x00000007ae600000, 0x00000007c0000000)
  eden space 43008K, 100% used [0x00000007aab00000,0x00000007ad500000,0x00000007ad500000)
  from space 6144K, 93% used [0x00000007ae000000,0x00000007ae59cb30,0x00000007ae600000)
  to   space 8704K, 0% used [0x00000007ad500000,0x00000007ad500000,0x00000007add80000)
 ParOldGen       total 34816K, used 15062K [0x0000000780000000, 0x0000000782200000, 0x00000007aab00000)
  object space 34816K, 43% used [0x0000000780000000,0x0000000780eb5840,0x0000000782200000)
 Metaspace       used 23619K, capacity 23901K, committed 24320K, reserved 1071104K
  class space    used 2331K, capacity 2449K, committed 2560K, reserved 1048576K
Event: 33.567 GC heap after
Heap after GC invocations=10 (full 1):
 PSYoungGen      total 51712K, used 160K [0x00000007aab00000, 0x00000007af380000, 0x00000007c0000000)
  eden space 43008K, 0% used [0x00000007aab00000,0x00000007aab00000,0x00000007ad500000)
  from space 8704K, 1% used [0x00000007ad500000,0x00000007ad528000,0x00000007add80000)
  to   space 9216K, 0% used [0x00000007aea80000,0x00000007aea80000,0x00000007af380000)
 ParOldGen       total 34816K, used 20720K [0x0000000780000000, 0x0000000782200000, 0x00000007aab00000)
  object space 34816K, 59% used [0x0000000780000000,0x000000078143c370,0x0000000782200000)
 Metaspace       used 23619K, capacity 23901K, committed 24320K, reserved 1071104K
  class space    used 2331K, capacity 2449K, committed 2560K, reserved 1048576K
}
Event: 43.883 GC heap before
{Heap before GC invocations=11 (full 1):
 PSYoungGen      total 51712K, used 43168K [0x00000007aab00000, 0x00000007af380000, 0x00000007c0000000)
  eden space 43008K, 100% used [0x00000007aab00000,0x00000007ad500000,0x00000007ad500000)
  from space 8704K, 1% used [0x00000007ad500000,0x00000007ad528000,0x00000007add80000)
  to   space 9216K, 0% used [0x00000007aea80000,0x00000007aea80000,0x00000007af380000)
 ParOldGen       total 34816K, used 20720K [0x0000000780000000, 0x0000000782200000, 0x00000007aab00000)
  object space 34816K, 59% used [0x0000000780000000,0x000000078143c370,0x0000000782200000)
 Metaspace       used 23647K, capacity 23901K, committed 24320K, reserved 1071104K
  class space    used 2337K, capacity 2449K, committed 2560K, reserved 1048576K
Event: 43.885 GC heap after
Heap after GC invocations=11 (full 1):
 PSYoungGen      total 42496K, used 160K [0x00000007aab00000, 0x00000007aeb00000, 0x00000007c0000000)
  eden space 41984K, 0% used [0x00000007aab00000,0x00000007aab00000,0x00000007ad400000)
  from space 512K, 31% used [0x00000007aea80000,0x00000007aeaa8000,0x00000007aeb00000)
  to   space 9728K, 0% used [0x00000007ad800000,0x00000007ad800000,0x00000007ae180000)
 ParOldGen       total 34816K, used 20776K [0x0000000780000000, 0x0000000782200000, 0x00000007aab00000)
  object space 34816K, 59% used [0x0000000780000000,0x000000078144a370,0x0000000782200000)
 Metaspace       used 23647K, capacity 23901K, committed 24320K, reserved 1071104K
  class space    used 2337K, capacity 2449K, committed 2560K, reserved 1048576K
}

Deoptimization events (10 events):
Event: 43.850 Thread 0x00007fdc928f1800 Uncommon trap: reason=unstable_if action=reinterpret pc=0x000000010d6b6920 method=java.awt.EventQueue.isDispatchThreadImpl()Z @ 65
Event: 43.850 Thread 0x00007fdc930cf000 Uncommon trap: reason=unstable_if action=reinterpret pc=0x000000010d6fa490 method=java.awt.EventQueue.getPriority(Ljava/awt/AWTEvent;)I @ 71
Event: 43.851 Thread 0x00007fdc930cf000 Uncommon trap: reason=unstable_if action=reinterpret pc=0x000000010d6ea318 method=sun.java2d.pipe.Region.intersectsQuickCheck(Lsun/java2d/pipe/Region;)Z @ 41
Event: 43.866 Thread 0x00007fdc92257000 Uncommon trap: reason=class_check action=maybe_recompile pc=0x000000010d1c83e8 method=java.util.HashMap.putVal(ILjava/lang/Object;Ljava/lang/Object;ZZ)Ljava/lang/Object; @ 91
Event: 43.867 Thread 0x00007fdc92257000 Uncommon trap: reason=class_check action=maybe_recompile pc=0x000000010d1c83e8 method=java.util.HashMap.putVal(ILjava/lang/Object;Ljava/lang/Object;ZZ)Ljava/lang/Object; @ 91
Event: 43.867 Thread 0x00007fdc92257000 Uncommon trap: reason=class_check action=maybe_recompile pc=0x000000010d1c83e8 method=java.util.HashMap.putVal(ILjava/lang/Object;Ljava/lang/Object;ZZ)Ljava/lang/Object; @ 91
Event: 43.867 Thread 0x00007fdc92257000 Uncommon trap: reason=class_check action=maybe_recompile pc=0x000000010d1c83e8 method=java.util.HashMap.putVal(ILjava/lang/Object;Ljava/lang/Object;ZZ)Ljava/lang/Object; @ 91
Event: 43.867 Thread 0x00007fdc92257000 Uncommon trap: reason=class_check action=maybe_recompile pc=0x000000010d19ddc8 method=java.util.HashMap.putVal(ILjava/lang/Object;Ljava/lang/Object;ZZ)Ljava/lang/Object; @ 91
Event: 43.881 Thread 0x00007fdc928f1800 Uncommon trap: reason=unstable_if action=reinterpret pc=0x000000010d6c4318 method=java.util.LinkedList$ListItr.<init>(Ljava/util/LinkedList;I)V @ 26
Event: 43.882 Thread 0x00007fdc928f1800 Uncommon trap: reason=unstable_if action=reinterpret pc=0x000000010d6c4844 method=java.util.LinkedList$ListItr.<init>(Ljava/util/LinkedList;I)V @ 26

Internal exceptions (10 events):
Event: 0.488 Thread 0x00007fdc93003000 Exception <a 'java/lang/NoSuchFieldError': method resolution failed> (0x00000007aacb1c98) thrown at [/HUDSON3/workspace/8-2-build-macosx-x86_64/jdk8u101/7261/hotspot/src/share/vm/prims/methodHandles.cpp, line 1146]
Event: 0.493 Thread 0x00007fdc93003000 Exception <a 'java/lang/NoSuchFieldError': method resolution failed> (0x00000007aacbf468) thrown at [/HUDSON3/workspace/8-2-build-macosx-x86_64/jdk8u101/7261/hotspot/src/share/vm/prims/methodHandles.cpp, line 1146]
Event: 1.559 Thread 0x00007fdc93003000 Exception <a 'java/io/FileNotFoundException'> (0x00000007aad3ade0) thrown at [/HUDSON3/workspace/8-2-build-macosx-x86_64/jdk8u101/7261/hotspot/src/share/vm/prims/jni.cpp, line 709]
Event: 1.559 Thread 0x00007fdc93003000 Exception <a 'java/io/FileNotFoundException'> (0x00000007aad3b940) thrown at [/HUDSON3/workspace/8-2-build-macosx-x86_64/jdk8u101/7261/hotspot/src/share/vm/prims/jni.cpp, line 709]
Event: 1.901 Thread 0x00007fdc93003000 Exception <a 'java/io/FileNotFoundException'> (0x00000007aae22c10) thrown at [/HUDSON3/workspace/8-2-build-macosx-x86_64/jdk8u101/7261/hotspot/src/share/vm/prims/jni.cpp, line 709]
Event: 6.035 Thread 0x00007fdc92818000 Exception <a 'java/lang/NullPointerException'> (0x00000007aab51f68) thrown at [/HUDSON3/workspace/8-2-build-macosx-x86_64/jdk8u101/7261/hotspot/src/share/vm/interpreter/linkResolver.cpp, line 1178]
Event: 6.183 Thread 0x00007fdc930ed000 Exception <a 'java/lang/UnsatisfiedLinkError': com.jogamp.common.util.JarUtil.fixNativeLibAttribs(Ljava/lang/String;)Z> (0x00000007aae84930) thrown at [/HUDSON3/workspace/8-2-build-macosx-x86_64/jdk8u101/7261/hotspot/src/share/vm/prims/nativeLookup.cpp, l
Event: 8.038 Thread 0x00007fdc928f1800 Exception <a 'java/io/FileNotFoundException'> (0x00000007ab0c5c40) thrown at [/HUDSON3/workspace/8-2-build-macosx-x86_64/jdk8u101/7261/hotspot/src/share/vm/prims/jni.cpp, line 709]
Event: 8.038 Thread 0x00007fdc928f1800 Exception <a 'java/io/FileNotFoundException'> (0x00000007ab0cc108) thrown at [/HUDSON3/workspace/8-2-build-macosx-x86_64/jdk8u101/7261/hotspot/src/share/vm/prims/jni.cpp, line 709]
Event: 8.039 Thread 0x00007fdc928f1800 Implicit null exception at 0x000000010cf3c9b5 to 0x000000010cf3cd2d

Events (10 events):
Event: 43.882 Thread 0x00007fdc928f1800 Uncommon trap: trap_request=0xffffff65 fr.pc=0x000000010d6c4844
Event: 43.882 Thread 0x00007fdc928f1800 DEOPT PACKING pc=0x000000010d6c4844 sp=0x0000700001965830
Event: 43.882 Thread 0x00007fdc928f1800 DEOPT UNPACKING pc=0x000000010cda2229 sp=0x0000700001965788 mode 2
Event: 43.883 Executing VM operation: RevokeBias
Event: 43.883 Executing VM operation: RevokeBias done
Event: 43.883 Thread 0x00007fdc92257000 Thread exited: 0x00007fdc92257000
Event: 43.883 Executing VM operation: ParallelGCFailedAllocation
Event: 43.885 Executing VM operation: ParallelGCFailedAllocation done
Event: 43.885 loading class java/awt/Window$1DisposeAction
Event: 43.886 loading class java/awt/Window$1DisposeAction done


Dynamic libraries:
0x0000000005485000 	/System/Library/Frameworks/Cocoa.framework/Versions/A/Cocoa
0x0000000005485000 	/System/Library/Frameworks/Security.framework/Versions/A/Security
0x0000000005485000 	/System/Library/Frameworks/ApplicationServices.framework/Versions/A/ApplicationServices
0x0000000005485000 	/usr/lib/libz.1.dylib
0x0000000005485000 	/usr/lib/libSystem.B.dylib
0x0000000005485000 	/usr/lib/libobjc.A.dylib
0x0000000005485000 	/System/Library/Frameworks/CoreFoundation.framework/Versions/A/CoreFoundation
0x0000000005485000 	/System/Library/Frameworks/Foundation.framework/Versions/C/Foundation
0x0000000005485000 	/System/Library/Frameworks/AppKit.framework/Versions/C/AppKit
0x0000000005485000 	/System/Library/Frameworks/CoreData.framework/Versions/A/CoreData
0x0000000005485000 	/System/Library/PrivateFrameworks/RemoteViewServices.framework/Versions/A/RemoteViewServices
0x0000000005485000 	/System/Library/PrivateFrameworks/UIFoundation.framework/Versions/A/UIFoundation
0x0000000005485000 	/usr/lib/libScreenReader.dylib
0x0000000005485000 	/System/Library/Frameworks/Accelerate.framework/Versions/A/Accelerate
0x0000000005485000 	/System/Library/Frameworks/IOSurface.framework/Versions/A/IOSurface
0x0000000005485000 	/System/Library/Frameworks/AudioToolbox.framework/Versions/A/AudioToolbox
0x0000000005485000 	/System/Library/Frameworks/AudioUnit.framework/Versions/A/AudioUnit
0x0000000005485000 	/System/Library/PrivateFrameworks/DataDetectorsCore.framework/Versions/A/DataDetectorsCore
0x0000000005485000 	/System/Library/PrivateFrameworks/DesktopServicesPriv.framework/Versions/A/DesktopServicesPriv
0x0000000005485000 	/System/Library/Frameworks/Carbon.framework/Versions/A/Frameworks/HIToolbox.framework/Versions/A/HIToolbox
0x0000000005485000 	/System/Library/Frameworks/QuartzCore.framework/Versions/A/QuartzCore
0x0000000005485000 	/System/Library/Frameworks/Carbon.framework/Versions/A/Frameworks/SpeechRecognition.framework/Versions/A/SpeechRecognition
0x0000000005485000 	/usr/lib/libauto.dylib
0x0000000005485000 	/usr/lib/libicucore.A.dylib
0x0000000005485000 	/usr/lib/libxml2.2.dylib
0x0000000005485000 	/System/Library/PrivateFrameworks/CoreUI.framework/Versions/A/CoreUI
0x0000000005485000 	/System/Library/Frameworks/CoreAudio.framework/Versions/A/CoreAudio
0x0000000005485000 	/System/Library/Frameworks/DiskArbitration.framework/Versions/A/DiskArbitration
0x0000000005485000 	/usr/lib/liblangid.dylib
0x0000000005485000 	/System/Library/PrivateFrameworks/MultitouchSupport.framework/Versions/A/MultitouchSupport
0x0000000005485000 	/System/Library/Frameworks/IOKit.framework/Versions/A/IOKit
0x0000000005485000 	/usr/lib/libDiagnosticMessagesClient.dylib
0x0000000005485000 	/System/Library/Frameworks/CoreServices.framework/Versions/A/CoreServices
0x0000000005485000 	/System/Library/PrivateFrameworks/PerformanceAnalysis.framework/Versions/A/PerformanceAnalysis
0x0000000005485000 	/System/Library/PrivateFrameworks/GenerationalStorage.framework/Versions/A/GenerationalStorage
0x0000000005485000 	/System/Library/Frameworks/OpenGL.framework/Versions/A/OpenGL
0x0000000005485000 	/System/Library/PrivateFrameworks/Sharing.framework/Versions/A/Sharing
0x0000000005485000 	/System/Library/Frameworks/CoreGraphics.framework/Versions/A/CoreGraphics
0x0000000005485000 	/System/Library/Frameworks/CoreImage.framework/Versions/A/CoreImage
0x0000000005485000 	/System/Library/Frameworks/CoreText.framework/Versions/A/CoreText
0x0000000005485000 	/System/Library/Frameworks/ImageIO.framework/Versions/A/ImageIO
0x0000000005485000 	/System/Library/PrivateFrameworks/Backup.framework/Versions/A/Backup
0x0000000005485000 	/usr/lib/libextension.dylib
0x0000000005485000 	/usr/lib/libarchive.2.dylib
0x0000000005485000 	/System/Library/Frameworks/CFNetwork.framework/Versions/A/CFNetwork
0x0000000005485000 	/System/Library/Frameworks/SystemConfiguration.framework/Versions/A/SystemConfiguration
0x0000000005485000 	/usr/lib/libCRFSuite.dylib
0x0000000005485000 	/usr/lib/libc++.1.dylib
0x0000000005485000 	/usr/lib/libc++abi.dylib
0x0000000005485000 	/usr/lib/system/libcache.dylib
0x0000000005485000 	/usr/lib/system/libcommonCrypto.dylib
0x0000000005485000 	/usr/lib/system/libcompiler_rt.dylib
0x0000000005485000 	/usr/lib/system/libcopyfile.dylib
0x0000000005485000 	/usr/lib/system/libcorecrypto.dylib
0x0000000005485000 	/usr/lib/system/libdispatch.dylib
0x0000000005485000 	/usr/lib/system/libdyld.dylib
0x0000000005485000 	/usr/lib/system/libkeymgr.dylib
0x0000000005485000 	/usr/lib/system/liblaunch.dylib
0x0000000005485000 	/usr/lib/system/libmacho.dylib
0x0000000005485000 	/usr/lib/system/libquarantine.dylib
0x0000000005485000 	/usr/lib/system/libremovefile.dylib
0x0000000005485000 	/usr/lib/system/libsystem_asl.dylib
0x0000000005485000 	/usr/lib/system/libsystem_blocks.dylib
0x0000000005485000 	/usr/lib/system/libsystem_c.dylib
0x0000000005485000 	/usr/lib/system/libsystem_configuration.dylib
0x0000000005485000 	/usr/lib/system/libsystem_coreservices.dylib
0x0000000005485000 	/usr/lib/system/libsystem_coretls.dylib
0x0000000005485000 	/usr/lib/system/libsystem_dnssd.dylib
0x0000000005485000 	/usr/lib/system/libsystem_info.dylib
0x0000000005485000 	/usr/lib/system/libsystem_kernel.dylib
0x0000000005485000 	/usr/lib/system/libsystem_m.dylib
0x0000000005485000 	/usr/lib/system/libsystem_malloc.dylib
0x0000000005485000 	/usr/lib/system/libsystem_network.dylib
0x0000000005485000 	/usr/lib/system/libsystem_networkextension.dylib
0x0000000005485000 	/usr/lib/system/libsystem_notify.dylib
0x0000000005485000 	/usr/lib/system/libsystem_platform.dylib
0x0000000005485000 	/usr/lib/system/libsystem_pthread.dylib
0x0000000005485000 	/usr/lib/system/libsystem_sandbox.dylib
0x0000000005485000 	/usr/lib/system/libsystem_secinit.dylib
0x0000000005485000 	/usr/lib/system/libsystem_trace.dylib
0x0000000005485000 	/usr/lib/system/libunc.dylib
0x0000000005485000 	/usr/lib/system/libunwind.dylib
0x0000000005485000 	/usr/lib/system/libxpc.dylib
0x0000000005485000 	/usr/lib/libenergytrace.dylib
0x0000000005485000 	/usr/lib/libbsm.0.dylib
0x0000000005485000 	/usr/lib/system/libkxld.dylib
0x0000000005485000 	/usr/lib/libxar.1.dylib
0x0000000005485000 	/usr/lib/libsqlite3.dylib
0x0000000005485000 	/usr/lib/libpam.2.dylib
0x0000000005485000 	/usr/lib/libOpenScriptingUtil.dylib
0x0000000005485000 	/usr/lib/libbz2.1.0.dylib
0x0000000005485000 	/usr/lib/liblzma.5.dylib
0x0000000005485000 	/System/Library/Frameworks/CoreServices.framework/Versions/A/Frameworks/FSEvents.framework/Versions/A/FSEvents
0x0000000005485000 	/System/Library/Frameworks/CoreServices.framework/Versions/A/Frameworks/CarbonCore.framework/Versions/A/CarbonCore
0x0000000005485000 	/System/Library/Frameworks/CoreServices.framework/Versions/A/Frameworks/Metadata.framework/Versions/A/Metadata
0x0000000005485000 	/System/Library/Frameworks/CoreServices.framework/Versions/A/Frameworks/OSServices.framework/Versions/A/OSServices
0x0000000005485000 	/System/Library/Frameworks/CoreServices.framework/Versions/A/Frameworks/SearchKit.framework/Versions/A/SearchKit
0x0000000005485000 	/System/Library/Frameworks/CoreServices.framework/Versions/A/Frameworks/AE.framework/Versions/A/AE
0x0000000005485000 	/System/Library/Frameworks/CoreServices.framework/Versions/A/Frameworks/LaunchServices.framework/Versions/A/LaunchServices
0x0000000005485000 	/System/Library/Frameworks/CoreServices.framework/Versions/A/Frameworks/DictionaryServices.framework/Versions/A/DictionaryServices
0x0000000005485000 	/System/Library/Frameworks/CoreServices.framework/Versions/A/Frameworks/SharedFileList.framework/Versions/A/SharedFileList
0x0000000005485000 	/System/Library/Frameworks/NetFS.framework/Versions/A/NetFS
0x0000000005485000 	/System/Library/PrivateFrameworks/NetAuth.framework/Versions/A/NetAuth
0x0000000005485000 	/System/Library/PrivateFrameworks/login.framework/Versions/A/Frameworks/loginsupport.framework/Versions/A/loginsupport
0x0000000005485000 	/System/Library/PrivateFrameworks/TCC.framework/Versions/A/TCC
0x0000000005485000 	/usr/lib/libmecabra.dylib
0x0000000005485000 	/System/Library/Frameworks/ApplicationServices.framework/Versions/A/Frameworks/ATS.framework/Versions/A/ATS
0x0000000005485000 	/System/Library/Frameworks/ApplicationServices.framework/Versions/A/Frameworks/ColorSync.framework/Versions/A/ColorSync
0x0000000005485000 	/System/Library/Frameworks/ApplicationServices.framework/Versions/A/Frameworks/HIServices.framework/Versions/A/HIServices
0x0000000005485000 	/System/Library/Frameworks/ApplicationServices.framework/Versions/A/Frameworks/LangAnalysis.framework/Versions/A/LangAnalysis
0x0000000005485000 	/System/Library/Frameworks/ApplicationServices.framework/Versions/A/Frameworks/PrintCore.framework/Versions/A/PrintCore
0x0000000005485000 	/System/Library/Frameworks/ApplicationServices.framework/Versions/A/Frameworks/QD.framework/Versions/A/QD
0x0000000005485000 	/System/Library/Frameworks/ApplicationServices.framework/Versions/A/Frameworks/SpeechSynthesis.framework/Versions/A/SpeechSynthesis
0x0000000005485000 	/System/Library/Frameworks/Metal.framework/Versions/A/Metal
0x0000000005485000 	/System/Library/Frameworks/Accelerate.framework/Versions/A/Frameworks/vImage.framework/Versions/A/vImage
0x0000000005485000 	/System/Library/Frameworks/Accelerate.framework/Versions/A/Frameworks/vecLib.framework/Versions/A/vecLib
0x0000000005485000 	/System/Library/Frameworks/Accelerate.framework/Versions/A/Frameworks/vecLib.framework/Versions/A/libvDSP.dylib
0x0000000005485000 	/System/Library/Frameworks/Accelerate.framework/Versions/A/Frameworks/vecLib.framework/Versions/A/libvMisc.dylib
0x0000000005485000 	/System/Library/Frameworks/Accelerate.framework/Versions/A/Frameworks/vecLib.framework/Versions/A/libLAPACK.dylib
0x0000000005485000 	/System/Library/Frameworks/Accelerate.framework/Versions/A/Frameworks/vecLib.framework/Versions/A/libBLAS.dylib
0x0000000005485000 	/System/Library/Frameworks/Accelerate.framework/Versions/A/Frameworks/vecLib.framework/Versions/A/libLinearAlgebra.dylib
0x0000000005485000 	/System/Library/Frameworks/Accelerate.framework/Versions/A/Frameworks/vecLib.framework/Versions/A/libSparseBLAS.dylib
0x0000000005485000 	/System/Library/PrivateFrameworks/GPUCompiler.framework/libmetal_timestamp.dylib
0x0000000005485000 	/System/Library/Frameworks/OpenGL.framework/Versions/A/Libraries/libCoreFSCache.dylib
0x0000000005485000 	/System/Library/PrivateFrameworks/IOAccelerator.framework/Versions/A/IOAccelerator
0x0000000005485000 	/System/Library/Frameworks/ApplicationServices.framework/Versions/A/Frameworks/ATS.framework/Versions/A/Resources/libFontParser.dylib
0x0000000005485000 	/System/Library/Frameworks/ApplicationServices.framework/Versions/A/Frameworks/ATS.framework/Versions/A/Resources/libFontRegistry.dylib
0x0000000005485000 	/System/Library/PrivateFrameworks/AppleVPA.framework/Versions/A/AppleVPA
0x0000000005485000 	/System/Library/PrivateFrameworks/AppleJPEG.framework/Versions/A/AppleJPEG
0x0000000005485000 	/System/Library/Frameworks/ImageIO.framework/Versions/A/Resources/libJPEG.dylib
0x0000000005485000 	/System/Library/Frameworks/ImageIO.framework/Versions/A/Resources/libTIFF.dylib
0x0000000005485000 	/System/Library/Frameworks/ImageIO.framework/Versions/A/Resources/libPng.dylib
0x0000000005485000 	/System/Library/Frameworks/ImageIO.framework/Versions/A/Resources/libGIF.dylib
0x0000000005485000 	/System/Library/Frameworks/ImageIO.framework/Versions/A/Resources/libJP2.dylib
0x0000000005485000 	/System/Library/Frameworks/ImageIO.framework/Versions/A/Resources/libRadiance.dylib
0x0000000005485000 	/System/Library/Frameworks/CoreVideo.framework/Versions/A/CoreVideo
0x0000000005485000 	/System/Library/Frameworks/OpenGL.framework/Versions/A/Libraries/libGLU.dylib
0x0000000005485000 	/System/Library/Frameworks/OpenGL.framework/Versions/A/Libraries/libGFXShared.dylib
0x0000000005485000 	/System/Library/Frameworks/OpenGL.framework/Versions/A/Libraries/libGL.dylib
0x0000000005485000 	/System/Library/Frameworks/OpenGL.framework/Versions/A/Libraries/libGLImage.dylib
0x0000000005485000 	/System/Library/Frameworks/OpenGL.framework/Versions/A/Libraries/libCVMSPluginSupport.dylib
0x0000000005485000 	/System/Library/Frameworks/OpenGL.framework/Versions/A/Libraries/libCoreVMClient.dylib
0x0000000005485000 	/usr/lib/libcompression.dylib
0x0000000005485000 	/usr/lib/libcups.2.dylib
0x0000000005485000 	/System/Library/Frameworks/Kerberos.framework/Versions/A/Kerberos
0x0000000005485000 	/System/Library/Frameworks/GSS.framework/Versions/A/GSS
0x0000000005485000 	/usr/lib/libresolv.9.dylib
0x0000000005485000 	/usr/lib/libiconv.2.dylib
0x0000000005485000 	/System/Library/PrivateFrameworks/Heimdal.framework/Versions/A/Heimdal
0x0000000005485000 	/usr/lib/libheimdal-asn1.dylib
0x0000000005485000 	/System/Library/Frameworks/OpenDirectory.framework/Versions/A/OpenDirectory
0x0000000005485000 	/System/Library/PrivateFrameworks/CommonAuth.framework/Versions/A/CommonAuth
0x0000000005485000 	/System/Library/Frameworks/OpenDirectory.framework/Versions/A/Frameworks/CFOpenDirectory.framework/Versions/A/CFOpenDirectory
0x0000000005485000 	/System/Library/Frameworks/SecurityFoundation.framework/Versions/A/SecurityFoundation
0x0000000005485000 	/System/Library/PrivateFrameworks/LanguageModeling.framework/Versions/A/LanguageModeling
0x0000000005485000 	/usr/lib/libmarisa.dylib
0x0000000005485000 	/usr/lib/libChineseTokenizer.dylib
0x0000000005485000 	/usr/lib/libcmph.dylib
0x0000000005485000 	/System/Library/Frameworks/ServiceManagement.framework/Versions/A/ServiceManagement
0x0000000005485000 	/usr/lib/libxslt.1.dylib
0x0000000005485000 	/System/Library/Frameworks/Carbon.framework/Versions/A/Frameworks/Ink.framework/Versions/A/Ink
0x0000000005485000 	/usr/lib/libFosl_dynamic.dylib
0x0000000005485000 	/System/Library/PrivateFrameworks/FaceCore.framework/Versions/A/FaceCore
0x0000000005485000 	/System/Library/Frameworks/OpenCL.framework/Versions/A/OpenCL
0x0000000005485000 	/System/Library/PrivateFrameworks/CrashReporterSupport.framework/Versions/A/CrashReporterSupport
0x0000000005485000 	/System/Library/PrivateFrameworks/IconServices.framework/Versions/A/IconServices
0x0000000005485000 	/System/Library/PrivateFrameworks/Apple80211.framework/Versions/A/Apple80211
0x0000000005485000 	/System/Library/Frameworks/CoreWLAN.framework/Versions/A/CoreWLAN
0x0000000005485000 	/System/Library/Frameworks/IOBluetooth.framework/Versions/A/IOBluetooth
0x0000000005485000 	/System/Library/PrivateFrameworks/CoreWiFi.framework/Versions/A/CoreWiFi
0x0000000005485000 	/System/Library/Frameworks/CoreBluetooth.framework/Versions/A/CoreBluetooth
0x0000000005485000 	/System/Library/PrivateFrameworks/ChunkingLibrary.framework/Versions/A/ChunkingLibrary
0x0000000005485000 	/System/Library/PrivateFrameworks/DebugSymbols.framework/Versions/A/DebugSymbols
0x0000000005485000 	/System/Library/PrivateFrameworks/CoreSymbolication.framework/Versions/A/CoreSymbolication
0x0000000005485000 	/System/Library/PrivateFrameworks/Symbolication.framework/Versions/A/Symbolication
0x0000000005485000 	/System/Library/PrivateFrameworks/SpeechRecognitionCore.framework/Versions/A/SpeechRecognitionCore
0x000000010be00000 	/Library/Java/JavaVirtualMachines/jdk1.8.0_101.jdk/Contents/Home/jre/lib/server/libjvm.dylib
0x0000000005485000 	/usr/lib/libstdc++.6.dylib
0x000000010b4bb000 	/Library/Java/JavaVirtualMachines/jdk1.8.0_101.jdk/Contents/Home/jre/lib/libverify.dylib
0x000000010b4c9000 	/Library/Java/JavaVirtualMachines/jdk1.8.0_101.jdk/Contents/Home/jre/lib/libjava.dylib
0x000000010b508000 	/Library/Java/JavaVirtualMachines/jdk1.8.0_101.jdk/Contents/Home/jre/lib/libzip.dylib
0x00000001200af000 	/System/Library/Frameworks/JavaVM.framework/Frameworks/JavaRuntimeSupport.framework/JavaRuntimeSupport
0x00000001200ca000 	/System/Library/Frameworks/JavaVM.framework/Versions/A/Frameworks/JavaNativeFoundation.framework/Versions/A/JavaNativeFoundation
0x00000001200df000 	/System/Library/Frameworks/JavaVM.framework/Versions/A/JavaVM
0x0000000005485000 	/System/Library/Frameworks/Carbon.framework/Versions/A/Carbon
0x00000001200ec000 	/System/Library/PrivateFrameworks/JavaLaunching.framework/Versions/A/JavaLaunching
0x0000000005485000 	/System/Library/Frameworks/Carbon.framework/Versions/A/Frameworks/CommonPanels.framework/Versions/A/CommonPanels
0x0000000005485000 	/System/Library/Frameworks/Carbon.framework/Versions/A/Frameworks/Help.framework/Versions/A/Help
0x0000000005485000 	/System/Library/Frameworks/Carbon.framework/Versions/A/Frameworks/ImageCapture.framework/Versions/A/ImageCapture
0x0000000005485000 	/System/Library/Frameworks/Carbon.framework/Versions/A/Frameworks/OpenScripting.framework/Versions/A/OpenScripting
0x0000000005485000 	/System/Library/Frameworks/Carbon.framework/Versions/A/Frameworks/Print.framework/Versions/A/Print
0x0000000005485000 	/System/Library/Frameworks/Carbon.framework/Versions/A/Frameworks/SecurityHI.framework/Versions/A/SecurityHI
0x0000000121a0b000 	/Library/Java/JavaVirtualMachines/jdk1.8.0_101.jdk/Contents/Home/jre/lib/libawt.dylib
0x0000000121ab3000 	/Library/Java/JavaVirtualMachines/jdk1.8.0_101.jdk/Contents/Home/jre/lib/./libmlib_image.dylib
0x0000000121b7f000 	/Library/Java/JavaVirtualMachines/jdk1.8.0_101.jdk/Contents/Home/jre/lib/libawt_lwawt.dylib
0x0000000121c34000 	/Library/Java/JavaVirtualMachines/jdk1.8.0_101.jdk/Contents/Home/jre/lib/./libosxapp.dylib
0x0000000005485000 	/System/Library/Frameworks/ExceptionHandling.framework/Versions/A/ExceptionHandling
0x0000000005485000 	/System/Library/PrivateFrameworks/CoreServicesInternal.framework/Versions/A/CoreServicesInternal
0x0000000005485000 	/System/Library/Frameworks/CoreGraphics.framework/Versions/A/Resources/libRIP.A.dylib
0x0000000005485000 	/System/Library/Frameworks/Accelerate.framework/Versions/A/Frameworks/vImage.framework/Versions/A/Libraries/libCGInterfaces.dylib
0x0000000005485000 	/System/Library/Frameworks/CoreGraphics.framework/Versions/A/Resources/libCGXType.A.dylib
0x0000000005485000 	/System/Library/Frameworks/OpenCL.framework/Versions/A/Libraries/libcldcpuengine.dylib
0x0000000005485000 	/System/Library/PrivateFrameworks/DiskImages.framework/Versions/A/DiskImages
0x0000000005485000 	/System/Library/Frameworks/DiscRecording.framework/Versions/A/DiscRecording
0x0000000005485000 	/usr/lib/libcsfde.dylib
0x0000000005485000 	/usr/lib/libcurl.4.dylib
0x0000000005485000 	/System/Library/PrivateFrameworks/MediaKit.framework/Versions/A/MediaKit
0x0000000005485000 	/System/Library/PrivateFrameworks/ProtectedCloudStorage.framework/Versions/A/ProtectedCloudStorage
0x0000000005485000 	/usr/lib/libCoreStorage.dylib
0x0000000005485000 	/System/Library/PrivateFrameworks/EFILogin.framework/Versions/A/EFILogin
0x0000000005485000 	/usr/lib/libutil.dylib
0x0000000005485000 	/System/Library/PrivateFrameworks/FindMyDevice.framework/Versions/A/FindMyDevice
0x0000000005485000 	/System/Library/Frameworks/LDAP.framework/Versions/A/LDAP
0x0000000005485000 	/usr/lib/libsasl2.2.dylib
0x0000000005485000 	/System/Library/PrivateFrameworks/CoreDaemon.framework/Versions/B/CoreDaemon
0x0000000005485000 	/usr/lib/libcrypto.0.9.8.dylib
0x0000000005485000 	/System/Library/PrivateFrameworks/AppleSRP.framework/Versions/A/AppleSRP
0x0000000005485000 	/System/Library/PrivateFrameworks/TrustEvaluationAgent.framework/Versions/A/TrustEvaluationAgent
0x00000001234c4000 	cl_kernels
0x0000000005485000 	/System/Library/Frameworks/OpenCL.framework/Versions/A/Libraries/ImageFormats/unorm8_bgra.dylib
0x0000000005485000 	/System/Library/Frameworks/OpenCL.framework/Versions/A/Libraries/ImageFormats/unorm8_rgba.dylib
0x0000000005485000 	/System/Library/PrivateFrameworks/FamilyControls.framework/Versions/A/FamilyControls
0x0000000005485000 	/System/Library/PrivateFrameworks/CommerceKit.framework/Versions/A/Frameworks/CommerceCore.framework/Versions/A/CommerceCore
0x0000000005485000 	/System/Library/PrivateFrameworks/SystemAdministration.framework/Versions/A/SystemAdministration
0x0000000005485000 	/System/Library/PrivateFrameworks/AppContainer.framework/Versions/A/AppContainer
0x0000000005485000 	/System/Library/PrivateFrameworks/SecCodeWrapper.framework/Versions/A/SecCodeWrapper
0x0000000005485000 	/System/Library/Frameworks/DirectoryService.framework/Versions/A/DirectoryService
0x0000000005485000 	/System/Library/PrivateFrameworks/LoginUIKit.framework/Versions/A/Frameworks/LoginUICore.framework/Versions/A/LoginUICore
0x0000000005485000 	/usr/lib/libodfde.dylib
0x0000000005485000 	/System/Library/Frameworks/OpenGL.framework/Versions/A/Resources/GLEngine.bundle/GLEngine
0x0000000005485000 	/System/Library/Frameworks/OpenGL.framework/Versions/A/Libraries/libGLProgrammability.dylib
0x0000000124501000 	/System/Library/Extensions/AppleIntelHD4000GraphicsGLDriver.bundle/Contents/MacOS/AppleIntelHD4000GraphicsGLDriver
0x0000000005485000 	/System/Library/PrivateFrameworks/GPUSupport.framework/Versions/A/Libraries/libGPUSupportMercury.dylib
0x0000000005485000 	/System/Library/Frameworks/OpenGL.framework/Versions/A/Resources/GLRendererFloat.bundle/GLRendererFloat
0x0000000125467000 	/Library/Java/JavaVirtualMachines/jdk1.8.0_101.jdk/Contents/Home/jre/lib/libfontmanager.dylib
0x0000000126928000 	/Library/Java/JavaVirtualMachines/jdk1.8.0_101.jdk/Contents/Home/jre/lib/libosxui.dylib
0x0000000127606000 	/Library/Java/JavaVirtualMachines/jdk1.8.0_101.jdk/Contents/Home/jre/lib/libnet.dylib
0x000000012741a000 	/Library/Java/JavaVirtualMachines/jdk1.8.0_101.jdk/Contents/Home/jre/lib/libnio.dylib
0x0000000005485000 	/System/Library/Frameworks/ApplicationServices.framework/Versions/A/Frameworks/ATS.framework/Versions/A/Resources/libTrueTypeScaler.dylib
0x0000000178526000 	/System/Library/Extensions/AppleIntelHD4000GraphicsMTLDriver.bundle/Contents/MacOS/AppleIntelHD4000GraphicsMTLDriver
0x0000000122aae000 	/private/var/folders/df/q331szgs0rs63dmvvv6sk8180000gn/T/jogamp_0000/file_cache/jln6636678402632084612/jln6579643712260608308/libgluegen-rt.jnilib
0x0000000122ab3000 	/private/var/folders/df/q331szgs0rs63dmvvv6sk8180000gn/T/jogamp_0000/file_cache/jln6636678402632084612/jln6579643712260608308/libnativewindow_awt.jnilib
0x0000000126615000 	/Library/Java/JavaVirtualMachines/jdk1.8.0_101.jdk/Contents/Home/jre/lib/libjawt.dylib
0x00000001784d2000 	/private/var/folders/df/q331szgs0rs63dmvvv6sk8180000gn/T/jogamp_0000/file_cache/jln6636678402632084612/jln6579643712260608308/libnativewindow_macosx.jnilib
0x000000017a042000 	/private/var/folders/df/q331szgs0rs63dmvvv6sk8180000gn/T/jogamp_0000/file_cache/jln6636678402632084612/jln6579643712260608308/libjogl_desktop.jnilib
0x000000017c5a3000 	/Library/Java/JavaVirtualMachines/jdk1.8.0_101.jdk/Contents/Home/jre/lib/libsunec.dylib

VM Arguments:
jvm_args: -Djava.security.policy=java.policy.applet -Dfile.encoding=UTF-8 
java_command: sun.applet.AppletViewer module3.EarthquakeCityMap1495324513561.html
java_class_path (initial): /Users/Ryan/Documents/workspaceCoursera/UCSDUnfoldingMaps/build:/Users/Ryan/Documents/workspaceCoursera/UCSDUnfoldingMaps/lib/core.jar:/Users/Ryan/Documents/workspaceCoursera/UCSDUnfoldingMaps/lib/gluegen-rt.jar:/Users/Ryan/Documents/workspaceCoursera/UCSDUnfoldingMaps/lib/jogl-all.jar:/Users/Ryan/Documents/workspaceCoursera/UCSDUnfoldingMaps/lib/log4j-1.2.15.jar:/Users/Ryan/Documents/workspaceCoursera/UCSDUnfoldingMaps/lib/sqlite-jdbc-3.7.2.jar:/Users/Ryan/Documents/workspaceCoursera/UCSDUnfoldingMaps/lib/json4processing.jar:/Users/Ryan/Documents/workspaceCoursera/UCSDUnfoldingMaps/lib/libTUIO.jar:/Users/Ryan/Documents/workspaceCoursera/UCSDUnfoldingMaps/lib/unfolding.0.9.7-uscd.jar
Launcher Type: SUN_STANDARD

Environment Variables:
PATH=/usr/bin:/bin:/usr/sbin:/sbin
SHELL=/bin/bash
DISPLAY=/private/tmp/com.apple.launchd.ULRZtvESmK/org.macosforge.xquartz:0

Signal Handlers:
SIGSEGV: [libjvm.dylib+0x5af145], sa_mask[0]=11111111011111110111111111111111, sa_flags=SA_ONSTACK|SA_RESTART|SA_SIGINFO
SIGBUS: [libjvm.dylib+0x5af145], sa_mask[0]=11111111011111110111111111111111, sa_flags=SA_RESTART|SA_SIGINFO
SIGFPE: [libjvm.dylib+0x48694c], sa_mask[0]=11111111011111110111111111111111, sa_flags=SA_RESTART|SA_SIGINFO
SIGPIPE: [libjvm.dylib+0x48694c], sa_mask[0]=11111111011111110111111111111111, sa_flags=SA_RESTART|SA_SIGINFO
SIGXFSZ: [libjvm.dylib+0x48694c], sa_mask[0]=11111111011111110111111111111111, sa_flags=SA_RESTART|SA_SIGINFO
SIGILL: [libjvm.dylib+0x48694c], sa_mask[0]=11111111011111110111111111111111, sa_flags=SA_RESTART|SA_SIGINFO
SIGUSR1: SIG_DFL, sa_mask[0]=00000000000000000000000000000000, sa_flags=none
SIGUSR2: [libjvm.dylib+0x48646a], sa_mask[0]=00100000000000000000000000000000, sa_flags=SA_RESTART|SA_SIGINFO
SIGHUP: [libjvm.dylib+0x484a41], sa_mask[0]=11111111011111110111111111111111, sa_flags=SA_RESTART|SA_SIGINFO
SIGINT: [libjvm.dylib+0x484a41], sa_mask[0]=11111111011111110111111111111111, sa_flags=SA_RESTART|SA_SIGINFO
SIGTERM: [libjvm.dylib+0x484a41], sa_mask[0]=11111111011111110111111111111111, sa_flags=SA_RESTART|SA_SIGINFO
SIGQUIT: [libjvm.dylib+0x484a41], sa_mask[0]=11111111011111110111111111111111, sa_flags=SA_RESTART|SA_SIGINFO


---------------  S Y S T E M  ---------------

OS:Bsduname:Darwin 15.6.0 Darwin Kernel Version 15.6.0: Thu Jun 23 18:25:34 PDT 2016; root:xnu-3248.60.10~1/RELEASE_X86_64 x86_64
rlimit: STACK 8192k, CORE 0k, NPROC 709, NOFILE 10240, AS infinity
load average:3.33 2.41 2.30

CPU:total 4 (2 cores per cpu, 2 threads per core) family 6 model 58 stepping 9, cmov, cx8, fxsr, mmx, sse, sse2, sse3, ssse3, sse4.1, sse4.2, popcnt, avx, aes, clmul, erms, ht, tsc, tscinvbit, tscinv

Memory: 4k page, physical 4194304k(368308k free)

/proc/meminfo:


vm_info: Java HotSpot(TM) 64-Bit Server VM (25.101-b13) for bsd-amd64 JRE (1.8.0_101-b13), built on Jun 22 2016 02:42:15 by "java_re" with gcc 4.2.1 (Based on Apple Inc. build 5658) (LLVM build 2336.11.00)

time: Sat May 20 19:55:57 2017
elapsed time: 43 seconds (0d 0h 0m 43s)

