#
# A fatal error has been detected by the Java Runtime Environment:
#
#  SIGSEGV (0xb) at pc=0x00007fff8b7c74dd, pid=56102, tid=0x0000000000000a0b
#
# JRE version: Java(TM) SE Runtime Environment (8.0_101-b13) (build 1.8.0_101-b13)
# Java VM: Java HotSpot(TM) 64-Bit Server VM (25.101-b13 mixed mode bsd-amd64 compressed oops)
# Problematic frame:
# C  [libobjc.A.dylib+0x14dd]  objc_msgSend+0x1d
#
# Failed to write core dump. Core dumps have been disabled. To enable core dumping, try "ulimit -c unlimited" before starting Java again
#
# If you would like to submit a bug report, please visit:
#   http://bugreport.java.com/bugreport/crash.jsp
# The crash happened outside the Java Virtual Machine in native code.
# See problematic frame for where to report the bug.
#

---------------  T H R E A D  ---------------

Current thread (0x00007fd54a8d9000):  JavaThread "AWT-AppKit" daemon [_thread_in_native, id=2571, stack(0x00007fff5e34f000,0x00007fff5eb4f000)]

siginfo: si_signo: 11 (SIGSEGV), si_code: 1 (SEGV_MAPERR), si_addr: 0x0000000000000018

Registers:
RAX=0x00007fd54f300ae0, RBX=0x000000016e302450, RCX=0x000000011891e6e0, RDX=0x0000000118814220
RSP=0x00007fff5eb4a308, RBP=0x00007fff5eb4a3c0, RSI=0x00007fff85a09cbe, RDI=0x00007fd54f283cb0
R8 =0x0000000000000000, R9 =0x00000000000008b0, R10=0x00007fff85a09cbe, R11=0x0000000000000000
R12=0x0000000000000000, R13=0x00000001701f04d0, R14=0x000000016e302440, R15=0x00007fd54a8d9000
RIP=0x00007fff8b7c74dd, EFLAGS=0x0000000000010246, ERR=0x0000000000000004
  TRAPNO=0x000000000000000e

Top of Stack: (sp=0x00007fff5eb4a308)
0x00007fff5eb4a308:   000000016e300157 00007fff5eb4a360
0x00007fff5eb4a318:   0000000000000003 00007fff5eb4a340
0x00007fff5eb4a328:   000000010151f8e6 00000001701f04d0
0x00007fff5eb4a338:   00000001701f04d0 00007fd54f300ae0
0x00007fff5eb4a348:   000000016e3026a0 000000016e302710
0x00007fff5eb4a358:   00007fff779c6770 00007fff757ae500
0x00007fff5eb4a368:   000000016e302450 000000016e302690
0x00007fff5eb4a378:   00007fd54f300ae0 00007fd54f283cb0
0x00007fff5eb4a388:   00007fd54f2c0130 00007fd54f300ae0
0x00007fff5eb4a398:   00007fd54f283cb0 00007fff5eb4a448
0x00007fff5eb4a3a8:   00007fd54a8d91f8 00000001701f04d0
0x00007fff5eb4a3b8:   00007fff5eb4a470 00007fff5eb4a438
0x00007fff5eb4a3c8:   0000000102c179d4 00000001701f04d0
0x00007fff5eb4a3d8:   00007fff5eb4a470 00007fff5eb4a438
0x00007fff5eb4a3e8:   0000000102c17767 0000000102c17722
0x00007fff5eb4a3f8:   00007fff5eb4a3f8 00000001701f04d0
0x00007fff5eb4a408:   00007fff5eb4a470 0000000170056ec8
0x00007fff5eb4a418:   0000000000000000 00000001701f04d0
0x00007fff5eb4a428:   0000000000000000 00007fff5eb4a458
0x00007fff5eb4a438:   00007fff5eb4a4b8 0000000102c082bd
0x00007fff5eb4a448:   00000007802766a0 0000000102c11538
0x00007fff5eb4a458:   00007fd54f300ae0 00007fff5eb4a4b8
0x00007fff5eb4a468:   00007fd54f283cb0 0000000102c12e02
0x00007fff5eb4a478:   00007fff5eb4a478 00000001701f069a
0x00007fff5eb4a488:   00007fff5eb4a4e0 0000000170056ec8
0x00007fff5eb4a498:   0000000000000000 00000001701f06a8
0x00007fff5eb4a4a8:   00007fff5eb4a458 00007fff5eb4a4c8
0x00007fff5eb4a4b8:   00007fff5eb4a528 0000000102c082bd
0x00007fff5eb4a4c8:   00007fd54f300ae0 000000078067f728
0x00007fff5eb4a4d8:   00007fd54f283cb0 000000078067f728
0x00007fff5eb4a4e8:   00007fff5eb4a4e8 0000000174f73eae
0x00007fff5eb4a4f8:   00007fff5eb4a538 0000000174f73f68 

Instructions: (pc=0x00007fff8b7c74dd)
0x00007fff8b7c74bd:   44 00 00 48 85 ff 2e 74 62 40 f6 c7 01 2e 75 66
0x00007fff8b7c74cd:   49 bb f8 ff ff ff ff 7f 00 00 4c 23 1f 49 89 f2
0x00007fff8b7c74dd:   45 23 53 18 49 c1 e2 04 4d 03 53 10 49 3b 32 75
0x00007fff8b7c74ed:   04 41 ff 62 08 49 83 3a 01 76 0d 49 83 c2 10 49 

Register to memory mapping:

RAX=0x00007fd54f300ae0 is an unknown value
RBX=0x000000016e302450: Java_jogamp_nativewindow_macosx_OSXUtil_GetScreenRefreshRate0+0x1cf0 in /private/var/folders/df/q331szgs0rs63dmvvv6sk8180000gn/T/jogamp_0000/file_cache/jln190230272367628364/jln6593105584443501435/libnativewindow_macosx.jnilib at 0x000000016e2fb000
RCX=0x000000011891e6e0 is an unknown value
RDX=0x0000000118814220 is an unknown value
RSP=0x00007fff5eb4a308 is pointing into the stack for thread: 0x00007fd54a8d9000
RBP=0x00007fff5eb4a3c0 is pointing into the stack for thread: 0x00007fd54a8d9000
RSI=0x00007fff85a09cbe is an unknown value
RDI=0x00007fd54f283cb0 is an unknown value
R8 =0x0000000000000000 is an unknown value
R9 =0x00000000000008b0 is an unknown value
R10=0x00007fff85a09cbe is an unknown value
R11=0x0000000000000000 is an unknown value
R12=0x0000000000000000 is an unknown value
R13={method} {0x00000001701f04d0} 'UnsetJAWTRootSurfaceLayer0' '(JJ)V' in 'jogamp/nativewindow/jawt/macosx/MacOSXJAWTWindow'
R14=0x000000016e302440: Java_jogamp_nativewindow_macosx_OSXUtil_GetScreenRefreshRate0+0x1ce0 in /private/var/folders/df/q331szgs0rs63dmvvv6sk8180000gn/T/jogamp_0000/file_cache/jln190230272367628364/jln6593105584443501435/libnativewindow_macosx.jnilib at 0x000000016e2fb000
R15=0x00007fd54a8d9000 is a thread


Stack: [0x00007fff5e34f000,0x00007fff5eb4f000],  sp=0x00007fff5eb4a308,  free space=8172k
Native frames: (J=compiled Java code, j=interpreted, Vv=VM code, C=native code)
C  [libobjc.A.dylib+0x14dd]  objc_msgSend+0x1d
j  jogamp.nativewindow.jawt.macosx.MacOSXJAWTWindow.UnsetJAWTRootSurfaceLayer0(JJ)V+0
j  jogamp.nativewindow.jawt.macosx.MacOSXJAWTWindow.access$200(JJ)V+2
j  jogamp.nativewindow.jawt.macosx.MacOSXJAWTWindow$1.run()V+38
J 2643 C1 com.jogamp.common.util.RunnableTask.run()V (345 bytes) @ 0x00000001034144d4 [0x0000000103414340+0x194]
v  ~StubRoutines::call_stub
V  [libjvm.dylib+0x2ecf06]
V  [libjvm.dylib+0x324111]
V  [libjvm.dylib+0x3168df]
C  [libnativewindow_macosx.jnilib+0x5326]  Java_jogamp_nativewindow_jawt_macosx_MacOSXJAWTWindow_UnsetJAWTRootSurfaceLayer0+0x2b6
C  [Foundation+0x76fde]  __NSThreadPerformPerform+0x117
C  [CoreFoundation+0xaa881]  __CFRUNLOOP_IS_CALLING_OUT_TO_A_SOURCE0_PERFORM_FUNCTION__+0x11
C  [CoreFoundation+0x89fbc]  __CFRunLoopDoSources0+0x22c
C  [CoreFoundation+0x894df]  __CFRunLoopRun+0x39f
C  [CoreFoundation+0x88ed8]  CFRunLoopRunSpecific+0x128
C  [HIToolbox+0x30935]  RunCurrentEventLoopInMode+0xeb
C  [HIToolbox+0x30677]  ReceiveNextEventCommon+0xb8
C  [HIToolbox+0x305af]  _BlockUntilNextEventMatchingListInModeWithFilter+0x47
C  [AppKit+0x48df6]  _DPSNextEvent+0x42b
C  [AppKit+0x48226]  -[NSApplication _nextEventMatchingEventMask:untilDate:inMode:dequeue:]+0x1c6
C  [libosxapp.dylib+0x23aa]  -[NSApplicationAWT nextEventMatchingMask:untilDate:inMode:dequeue:]+0x7c
C  [AppKit+0x3cd80]  -[NSApplication run]+0x2aa
C  [libosxapp.dylib+0x214d]  +[NSApplicationAWT runAWTLoopWithApp:]+0x9c
C  [libawt_lwawt.dylib+0x444b3]  -[AWTStarter starter:]+0x389
C  [Foundation+0x76fde]  __NSThreadPerformPerform+0x117
C  [CoreFoundation+0xaa881]  __CFRUNLOOP_IS_CALLING_OUT_TO_A_SOURCE0_PERFORM_FUNCTION__+0x11
C  [CoreFoundation+0x89fbc]  __CFRunLoopDoSources0+0x22c
C  [CoreFoundation+0x894df]  __CFRunLoopRun+0x39f
C  [CoreFoundation+0x88ed8]  CFRunLoopRunSpecific+0x128
C  [java+0x6465]  CreateExecutionEnvironment+0x367
C  [java+0x218c]  JLI_Launch+0x7a0
C  [java+0x84c2]  main+0x65
C  [java+0x19e4]  start+0x34
C  0x0000000000000007

Java frames: (J=compiled Java code, j=interpreted, Vv=VM code)
j  jogamp.nativewindow.jawt.macosx.MacOSXJAWTWindow.UnsetJAWTRootSurfaceLayer0(JJ)V+0
j  jogamp.nativewindow.jawt.macosx.MacOSXJAWTWindow.access$200(JJ)V+2
j  jogamp.nativewindow.jawt.macosx.MacOSXJAWTWindow$1.run()V+38
J 2643 C1 com.jogamp.common.util.RunnableTask.run()V (345 bytes) @ 0x00000001034144d4 [0x0000000103414340+0x194]
v  ~StubRoutines::call_stub

---------------  P R O C E S S  ---------------

Java Threads: ( => current thread )
  0x00007fd550181000 JavaThread "Thread-55" [_thread_blocked, id=64027, stack(0x0000700000932000,0x0000700000a32000)]
  0x00007fd54ab12800 JavaThread "Animation Thread" [_thread_blocked, id=58399, stack(0x0000700001765000,0x0000700001865000)]
  0x00007fd54b8ca800 JavaThread "AWT-EventQueue-1" [_thread_in_native, id=58927, stack(0x0000700001868000,0x0000700001968000)]
  0x00007fd54c000000 JavaThread "DestroyJavaVM" [_thread_blocked, id=4099, stack(0x0000700000084000,0x0000700000184000)]
  0x00007fd54c0f4800 JavaThread "AWT-EventQueue-0" [_thread_blocked, id=54031, stack(0x0000700001662000,0x0000700001762000)]
  0x00007fd54b224000 JavaThread "Java2D Disposer" daemon [_thread_blocked, id=52995, stack(0x00007000013d9000,0x00007000014d9000)]
  0x00007fd54a93c000 JavaThread "Java2D Queue Flusher" daemon [_thread_in_native, id=49927, stack(0x00007000012d6000,0x00007000013d6000)]
  0x00007fd54b8b4800 JavaThread "AWT-Shutdown" [_thread_blocked, id=27679, stack(0x0000700001150000,0x0000700001250000)]
=>0x00007fd54a8d9000 JavaThread "AWT-AppKit" daemon [_thread_in_native, id=2571, stack(0x00007fff5e34f000,0x00007fff5eb4f000)]
  0x00007fd54a81c000 JavaThread "Service Thread" daemon [_thread_blocked, id=18691, stack(0x0000700000e44000,0x0000700000f44000)]
  0x00007fd54b852000 JavaThread "C1 CompilerThread2" daemon [_thread_blocked, id=18179, stack(0x0000700000d41000,0x0000700000e41000)]
  0x00007fd54b851000 JavaThread "C2 CompilerThread1" daemon [_thread_blocked, id=17667, stack(0x0000700000c3e000,0x0000700000d3e000)]
  0x00007fd54b840800 JavaThread "C2 CompilerThread0" daemon [_thread_blocked, id=17155, stack(0x0000700000b3b000,0x0000700000c3b000)]
  0x00007fd54a81b000 JavaThread "Signal Dispatcher" daemon [_thread_blocked, id=12815, stack(0x0000700000a38000,0x0000700000b38000)]
  0x00007fd54a80c000 JavaThread "Finalizer" daemon [_thread_blocked, id=11779, stack(0x000070000082f000,0x000070000092f000)]
  0x00007fd54b00c800 JavaThread "Reference Handler" daemon [_thread_blocked, id=11267, stack(0x000070000072c000,0x000070000082c000)]

Other Threads:
  0x00007fd54b838800 VMThread [stack: 0x0000700000629000,0x0000700000729000] [id=10755]
  0x00007fd54a82e000 WatcherThread [stack: 0x0000700000f47000,0x0000700001047000] [id=19203]

VM state:not at safepoint (normal execution)

VM Mutex/Monitor currently owned by a thread: None

Heap:
 PSYoungGen      total 59392K, used 31815K [0x00000007aab00000, 0x00000007af180000, 0x00000007c0000000)
  eden space 47616K, 45% used [0x00000007aab00000,0x00000007abff9cc8,0x00000007ad980000)
  from space 11776K, 87% used [0x00000007ae600000,0x00000007af018300,0x00000007af180000)
  to   space 12288K, 0% used [0x00000007ad980000,0x00000007ad980000,0x00000007ae580000)
 ParOldGen       total 38912K, used 20000K [0x0000000780000000, 0x0000000782600000, 0x00000007aab00000)
  object space 38912K, 51% used [0x0000000780000000,0x00000007813880e8,0x0000000782600000)
 Metaspace       used 24547K, capacity 24859K, committed 25088K, reserved 1071104K
  class space    used 2390K, capacity 2484K, committed 2560K, reserved 1048576K

Card table byte_map: [0x0000000111fc0000,0x00000001121c1000] byte_map_base: 0x000000010e3c0000

Marking Bits: (ParMarkBitMap*) 0x0000000101c1ad20
 Begin Bits: [0x0000000112317000, 0x0000000113317000)
 End Bits:   [0x0000000113317000, 0x0000000114317000)

Polling page: 0x000000010230d000

CodeCache: size=245760Kb used=10754Kb max_used=11299Kb free=235005Kb
 bounds [0x0000000102c00000, 0x0000000103720000, 0x0000000111c00000]
 total_blobs=4073 nmethods=3152 adapters=834
 compilation: enabled

Compilation events (10 events):
Event: 29.422 Thread 0x00007fd54b852000 nmethod 3668 0x0000000102e33150 code [0x0000000102e332a0, 0x0000000102e333d0]
Event: 29.424 Thread 0x00007fd54b851000 nmethod 3667 0x0000000102e0c390 code [0x0000000102e0c500, 0x0000000102e0c6c8]
Event: 29.425 Thread 0x00007fd54b840800 3669       4       java.nio.DirectIntBufferU::put (157 bytes)
Event: 29.428 Thread 0x00007fd54b840800 nmethod 3669 0x0000000102fc6fd0 code [0x0000000102fc7140, 0x0000000102fc73b8]
Event: 29.569 Thread 0x00007fd54b851000 3670       4       java.util.HashMap::putVal (300 bytes)
Event: 29.570 Thread 0x00007fd54b852000 3671       1       sun.java2d.SurfaceData::isValid (5 bytes)
Event: 29.570 Thread 0x00007fd54b852000 nmethod 3671 0x0000000102f74050 code [0x0000000102f741a0, 0x0000000102f742b0]
Event: 29.582 Thread 0x00007fd54b851000 nmethod 3670 0x000000010326b610 code [0x000000010326b7e0, 0x000000010326beb0]
Event: 29.584 Thread 0x00007fd54b852000 3672       3       java.security.CodeSource::matchCerts (254 bytes)
Event: 29.586 Thread 0x00007fd54b852000 nmethod 3672 0x0000000102edfc10 code [0x0000000102edfe20, 0x0000000102ee09b8]

GC Heap History (10 events):
Event: 17.085 GC heap before
{Heap before GC invocations=9 (full 1):
 PSYoungGen      total 33792K, used 30464K [0x00000007aab00000, 0x00000007ade80000, 0x00000007c0000000)
  eden space 24576K, 100% used [0x00000007aab00000,0x00000007ac300000,0x00000007ac300000)
  from space 9216K, 63% used [0x00000007ac300000,0x00000007ac8c01e0,0x00000007acc00000)
  to   space 8704K, 0% used [0x00000007ad600000,0x00000007ad600000,0x00000007ade80000)
 ParOldGen       total 38912K, used 14773K [0x0000000780000000, 0x0000000782600000, 0x00000007aab00000)
  object space 38912K, 37% used [0x0000000780000000,0x0000000780e6d7d0,0x0000000782600000)
 Metaspace       used 23948K, capacity 24181K, committed 24576K, reserved 1071104K
  class space    used 2359K, capacity 2451K, committed 2560K, reserved 1048576K
Event: 17.089 GC heap after
Heap after GC invocations=9 (full 1):
 PSYoungGen      total 40960K, used 5792K [0x00000007aab00000, 0x00000007add00000, 0x00000007c0000000)
  eden space 33792K, 0% used [0x00000007aab00000,0x00000007aab00000,0x00000007acc00000)
  from space 7168K, 80% used [0x00000007ad600000,0x00000007adba81e0,0x00000007add00000)
  to   space 8704K, 0% used [0x00000007acc00000,0x00000007acc00000,0x00000007ad480000)
 ParOldGen       total 38912K, used 14781K [0x0000000780000000, 0x0000000782600000, 0x00000007aab00000)
  object space 38912K, 37% used [0x0000000780000000,0x0000000780e6f7d0,0x0000000782600000)
 Metaspace       used 23948K, capacity 24181K, committed 24576K, reserved 1071104K
  class space    used 2359K, capacity 2451K, committed 2560K, reserved 1048576K
}
Event: 19.632 GC heap before
{Heap before GC invocations=10 (full 1):
 PSYoungGen      total 40960K, used 39584K [0x00000007aab00000, 0x00000007add00000, 0x00000007c0000000)
  eden space 33792K, 100% used [0x00000007aab00000,0x00000007acc00000,0x00000007acc00000)
  from space 7168K, 80% used [0x00000007ad600000,0x00000007adba81e0,0x00000007add00000)
  to   space 8704K, 0% used [0x00000007acc00000,0x00000007acc00000,0x00000007ad480000)
 ParOldGen       total 38912K, used 14781K [0x0000000780000000, 0x0000000782600000, 0x00000007aab00000)
  object space 38912K, 37% used [0x0000000780000000,0x0000000780e6f7d0,0x0000000782600000)
 Metaspace       used 24211K, capacity 24539K, committed 24832K, reserved 1071104K
  class space    used 2382K, capacity 2484K, committed 2560K, reserved 1048576K
Event: 19.638 GC heap after
Heap after GC invocations=10 (full 1):
 PSYoungGen      total 42496K, used 8672K [0x00000007aab00000, 0x00000007ae600000, 0x00000007c0000000)
  eden space 33792K, 0% used [0x00000007aab00000,0x00000007aab00000,0x00000007acc00000)
  from space 8704K, 99% used [0x00000007acc00000,0x00000007ad4782d0,0x00000007ad480000)
  to   space 9728K, 0% used [0x00000007adc80000,0x00000007adc80000,0x00000007ae600000)
 ParOldGen       total 38912K, used 15623K [0x0000000780000000, 0x0000000782600000, 0x00000007aab00000)
  object space 38912K, 40% used [0x0000000780000000,0x0000000780f41fd8,0x0000000782600000)
 Metaspace       used 24211K, capacity 24539K, committed 24832K, reserved 1071104K
  class space    used 2382K, capacity 2484K, committed 2560K, reserved 1048576K
}
Event: 20.788 GC heap before
{Heap before GC invocations=11 (full 1):
 PSYoungGen      total 42496K, used 42457K [0x00000007aab00000, 0x00000007ae600000, 0x00000007c0000000)
  eden space 33792K, 99% used [0x00000007aab00000,0x00000007acbfe510,0x00000007acc00000)
  from space 8704K, 99% used [0x00000007acc00000,0x00000007ad4782d0,0x00000007ad480000)
  to   space 9728K, 0% used [0x00000007adc80000,0x00000007adc80000,0x00000007ae600000)
 ParOldGen       total 38912K, used 15623K [0x0000000780000000, 0x0000000782600000, 0x00000007aab00000)
  object space 38912K, 40% used [0x0000000780000000,0x0000000780f41fd8,0x0000000782600000)
 Metaspace       used 24243K, capacity 24539K, committed 24832K, reserved 1071104K
  class space    used 2382K, capacity 2484K, committed 2560K, reserved 1048576K
Event: 20.798 GC heap after
Heap after GC invocations=11 (full 1):
 PSYoungGen      total 49664K, used 9584K [0x00000007aab00000, 0x00000007ae900000, 0x00000007c0000000)
  eden space 39936K, 0% used [0x00000007aab00000,0x00000007aab00000,0x00000007ad200000)
  from space 9728K, 98% used [0x00000007adc80000,0x00000007ae5dc2e0,0x00000007ae600000)
  to   space 10752K, 0% used [0x00000007ad200000,0x00000007ad200000,0x00000007adc80000)
 ParOldGen       total 38912K, used 19984K [0x0000000780000000, 0x0000000782600000, 0x00000007aab00000)
  object space 38912K, 51% used [0x0000000780000000,0x00000007813840e8,0x0000000782600000)
 Metaspace       used 24243K, capacity 24539K, committed 24832K, reserved 1071104K
  class space    used 2382K, capacity 2484K, committed 2560K, reserved 1048576K
}
Event: 24.036 GC heap before
{Heap before GC invocations=12 (full 1):
 PSYoungGen      total 49664K, used 49520K [0x00000007aab00000, 0x00000007ae900000, 0x00000007c0000000)
  eden space 39936K, 100% used [0x00000007aab00000,0x00000007ad200000,0x00000007ad200000)
  from space 9728K, 98% used [0x00000007adc80000,0x00000007ae5dc2e0,0x00000007ae600000)
  to   space 10752K, 0% used [0x00000007ad200000,0x00000007ad200000,0x00000007adc80000)
 ParOldGen       total 38912K, used 19984K [0x0000000780000000, 0x0000000782600000, 0x00000007aab00000)
  object space 38912K, 51% used [0x0000000780000000,0x00000007813840e8,0x0000000782600000)
 Metaspace       used 24363K, capacity 24667K, committed 25088K, reserved 1071104K
  class space    used 2382K, capacity 2484K, committed 2560K, reserved 1048576K
Event: 24.041 GC heap after
Heap after GC invocations=12 (full 1):
 PSYoungGen      total 50688K, used 10288K [0x00000007aab00000, 0x00000007af180000, 0x00000007c0000000)
  eden space 39936K, 0% used [0x00000007aab00000,0x00000007aab00000,0x00000007ad200000)
  from space 10752K, 95% used [0x00000007ad200000,0x00000007adc0c310,0x00000007adc80000)
  to   space 11776K, 0% used [0x00000007ae600000,0x00000007ae600000,0x00000007af180000)
 ParOldGen       total 38912K, used 19992K [0x0000000780000000, 0x0000000782600000, 0x00000007aab00000)
  object space 38912K, 51% used [0x0000000780000000,0x00000007813860e8,0x0000000782600000)
 Metaspace       used 24363K, capacity 24667K, committed 25088K, reserved 1071104K
  class space    used 2382K, capacity 2484K, committed 2560K, reserved 1048576K
}
Event: 27.793 GC heap before
{Heap before GC invocations=13 (full 1):
 PSYoungGen      total 50688K, used 50224K [0x00000007aab00000, 0x00000007af180000, 0x00000007c0000000)
  eden space 39936K, 100% used [0x00000007aab00000,0x00000007ad200000,0x00000007ad200000)
  from space 10752K, 95% used [0x00000007ad200000,0x00000007adc0c310,0x00000007adc80000)
  to   space 11776K, 0% used [0x00000007ae600000,0x00000007ae600000,0x00000007af180000)
 ParOldGen       total 38912K, used 19992K [0x0000000780000000, 0x0000000782600000, 0x00000007aab00000)
  object space 38912K, 51% used [0x0000000780000000,0x00000007813860e8,0x0000000782600000)
 Metaspace       used 24487K, capacity 24731K, committed 25088K, reserved 1071104K
  class space    used 2382K, capacity 2484K, committed 2560K, reserved 1048576K
Event: 27.801 GC heap after
Heap after GC invocations=13 (full 1):
 PSYoungGen      total 59392K, used 10336K [0x00000007aab00000, 0x00000007af180000, 0x00000007c0000000)
  eden space 47616K, 0% used [0x00000007aab00000,0x00000007aab00000,0x00000007ad980000)
  from space 11776K, 87% used [0x00000007ae600000,0x00000007af018300,0x00000007af180000)
  to   space 12288K, 0% used [0x00000007ad980000,0x00000007ad980000,0x00000007ae580000)
 ParOldGen       total 38912K, used 20000K [0x0000000780000000, 0x0000000782600000, 0x00000007aab00000)
  object space 38912K, 51% used [0x0000000780000000,0x00000007813880e8,0x0000000782600000)
 Metaspace       used 24487K, capacity 24731K, committed 25088K, reserved 1071104K
  class space    used 2382K, capacity 2484K, committed 2560K, reserved 1048576K
}

Deoptimization events (10 events):
Event: 19.528 Thread 0x00007fd54b8ca800 Uncommon trap: reason=unstable_if action=reinterpret pc=0x00000001034b7de8 method=de.fhpotsdam.unfolding.mapdisplay.AbstractMapDisplay$ZoomComparator.compare(Lde/fhpotsdam/unfolding/core/Coordinate;Lde/fhpotsdam/unfolding/core/Coordinate;)I @ 9
Event: 19.528 Thread 0x00007fd54b8ca800 Uncommon trap: reason=unstable_if action=reinterpret pc=0x00000001033e9184 method=de.fhpotsdam.unfolding.core.Coordinate.equals(Ljava/lang/Object;)Z @ 38
Event: 19.563 Thread 0x00007fd54b8ca800 Uncommon trap: reason=null_check action=make_not_entrant pc=0x0000000103496920 method=processing.opengl.PGraphicsOpenGL.initCache(Lprocessing/core/PImage;)Ljava/lang/Object; @ 14
Event: 24.434 Thread 0x00007fd54b8ca800 Uncommon trap: reason=unstable_if action=reinterpret pc=0x00000001035ca34c method=module6.CommonMarker.draw(Lprocessing/core/PGraphics;FF)V @ 4
Event: 29.568 Thread 0x00007fd54b225000 Uncommon trap: reason=class_check action=maybe_recompile pc=0x0000000103124264 method=java.util.HashMap.putVal(ILjava/lang/Object;Ljava/lang/Object;ZZ)Ljava/lang/Object; @ 91
Event: 29.568 Thread 0x00007fd54b225000 Uncommon trap: reason=class_check action=maybe_recompile pc=0x0000000103124264 method=java.util.HashMap.putVal(ILjava/lang/Object;Ljava/lang/Object;ZZ)Ljava/lang/Object; @ 91
Event: 29.568 Thread 0x00007fd54b225000 Uncommon trap: reason=class_check action=maybe_recompile pc=0x0000000103124264 method=java.util.HashMap.putVal(ILjava/lang/Object;Ljava/lang/Object;ZZ)Ljava/lang/Object; @ 91
Event: 29.568 Thread 0x00007fd54b225000 Uncommon trap: reason=class_check action=maybe_recompile pc=0x0000000103124264 method=java.util.HashMap.putVal(ILjava/lang/Object;Ljava/lang/Object;ZZ)Ljava/lang/Object; @ 91
Event: 29.568 Thread 0x00007fd54b225000 Uncommon trap: reason=class_check action=maybe_recompile pc=0x0000000103119b08 method=java.util.HashMap.putVal(ILjava/lang/Object;Ljava/lang/Object;ZZ)Ljava/lang/Object; @ 91
Event: 29.585 Thread 0x00007fd54b8ca800 Uncommon trap: reason=unstable_if action=reinterpret pc=0x00000001035b3698 method=java.security.AccessControlContext.optimize()Ljava/security/AccessControlContext; @ 233

Internal exceptions (10 events):
Event: 0.279 Thread 0x00007fd54c000000 Exception <a 'java/lang/NoSuchFieldError': method resolution failed> (0x00000007aacb1c98) thrown at [/HUDSON3/workspace/8-2-build-macosx-x86_64/jdk8u101/7261/hotspot/src/share/vm/prims/methodHandles.cpp, line 1146]
Event: 0.284 Thread 0x00007fd54c000000 Exception <a 'java/lang/NoSuchFieldError': method resolution failed> (0x00000007aacbf468) thrown at [/HUDSON3/workspace/8-2-build-macosx-x86_64/jdk8u101/7261/hotspot/src/share/vm/prims/methodHandles.cpp, line 1146]
Event: 0.470 Thread 0x00007fd54c000000 Exception <a 'java/io/FileNotFoundException'> (0x00000007aad3ade0) thrown at [/HUDSON3/workspace/8-2-build-macosx-x86_64/jdk8u101/7261/hotspot/src/share/vm/prims/jni.cpp, line 709]
Event: 0.471 Thread 0x00007fd54c000000 Exception <a 'java/io/FileNotFoundException'> (0x00000007aad3b940) thrown at [/HUDSON3/workspace/8-2-build-macosx-x86_64/jdk8u101/7261/hotspot/src/share/vm/prims/jni.cpp, line 709]
Event: 0.629 Thread 0x00007fd54c000000 Exception <a 'java/io/FileNotFoundException'> (0x00000007aae22c10) thrown at [/HUDSON3/workspace/8-2-build-macosx-x86_64/jdk8u101/7261/hotspot/src/share/vm/prims/jni.cpp, line 709]
Event: 2.396 Thread 0x00007fd54a80c000 Exception <a 'java/lang/NullPointerException'> (0x00000007aab846f0) thrown at [/HUDSON3/workspace/8-2-build-macosx-x86_64/jdk8u101/7261/hotspot/src/share/vm/interpreter/linkResolver.cpp, line 1178]
Event: 2.514 Thread 0x00007fd54ab12800 Exception <a 'java/lang/UnsatisfiedLinkError': com.jogamp.common.util.JarUtil.fixNativeLibAttribs(Ljava/lang/String;)Z> (0x00000007aaf1bdf0) thrown at [/HUDSON3/workspace/8-2-build-macosx-x86_64/jdk8u101/7261/hotspot/src/share/vm/prims/nativeLookup.cpp, l
Event: 3.901 Thread 0x00007fd54b8ca800 Exception <a 'java/io/FileNotFoundException'> (0x00000007ab0f01b8) thrown at [/HUDSON3/workspace/8-2-build-macosx-x86_64/jdk8u101/7261/hotspot/src/share/vm/prims/jni.cpp, line 709]
Event: 3.902 Thread 0x00007fd54b8ca800 Exception <a 'java/io/FileNotFoundException'> (0x00000007ab0f6680) thrown at [/HUDSON3/workspace/8-2-build-macosx-x86_64/jdk8u101/7261/hotspot/src/share/vm/prims/jni.cpp, line 709]
Event: 3.902 Thread 0x00007fd54b8ca800 Implicit null exception at 0x0000000102db55b3 to 0x0000000102db5989

Events (10 events):
Event: 29.585 Thread 0x00007fd54b8ca800 DEOPT UNPACKING pc=0x0000000102c05229 sp=0x0000700001965880 mode 2
Event: 29.586 loading class java/awt/LightweightDispatcher$2
Event: 29.586 loading class java/awt/LightweightDispatcher$2 done
Event: 29.586 loading class java/awt/event/AWTEventListenerProxy
Event: 29.586 loading class java/awt/event/AWTEventListenerProxy done
Event: 29.586 Executing VM operation: Deoptimize
Event: 29.587 Executing VM operation: Deoptimize done
Event: 29.587 loading class java/awt/Toolkit$ToolkitEventMulticaster
Event: 29.587 loading class java/awt/Toolkit$ToolkitEventMulticaster done
Event: 29.588 Thread 0x00007fd54b225000 Thread exited: 0x00007fd54b225000


Dynamic libraries:
0x0000000005485000 	/System/Library/Frameworks/Cocoa.framework/Versions/A/Cocoa
0x0000000005485000 	/System/Library/Frameworks/Security.framework/Versions/A/Security
0x0000000005485000 	/System/Library/Frameworks/ApplicationServices.framework/Versions/A/ApplicationServices
0x0000000005485000 	/usr/lib/libz.1.dylib
0x0000000005485000 	/usr/lib/libSystem.B.dylib
0x0000000005485000 	/usr/lib/libobjc.A.dylib
0x0000000005485000 	/System/Library/Frameworks/CoreFoundation.framework/Versions/A/CoreFoundation
0x0000000005485000 	/System/Library/Frameworks/Foundation.framework/Versions/C/Foundation
0x0000000005485000 	/System/Library/Frameworks/AppKit.framework/Versions/C/AppKit
0x0000000005485000 	/System/Library/Frameworks/CoreData.framework/Versions/A/CoreData
0x0000000005485000 	/System/Library/PrivateFrameworks/RemoteViewServices.framework/Versions/A/RemoteViewServices
0x0000000005485000 	/System/Library/PrivateFrameworks/UIFoundation.framework/Versions/A/UIFoundation
0x0000000005485000 	/usr/lib/libScreenReader.dylib
0x0000000005485000 	/System/Library/Frameworks/Accelerate.framework/Versions/A/Accelerate
0x0000000005485000 	/System/Library/Frameworks/IOSurface.framework/Versions/A/IOSurface
0x0000000005485000 	/System/Library/Frameworks/AudioToolbox.framework/Versions/A/AudioToolbox
0x0000000005485000 	/System/Library/Frameworks/AudioUnit.framework/Versions/A/AudioUnit
0x0000000005485000 	/System/Library/PrivateFrameworks/DataDetectorsCore.framework/Versions/A/DataDetectorsCore
0x0000000005485000 	/System/Library/PrivateFrameworks/DesktopServicesPriv.framework/Versions/A/DesktopServicesPriv
0x0000000005485000 	/System/Library/Frameworks/Carbon.framework/Versions/A/Frameworks/HIToolbox.framework/Versions/A/HIToolbox
0x0000000005485000 	/System/Library/Frameworks/QuartzCore.framework/Versions/A/QuartzCore
0x0000000005485000 	/System/Library/Frameworks/Carbon.framework/Versions/A/Frameworks/SpeechRecognition.framework/Versions/A/SpeechRecognition
0x0000000005485000 	/usr/lib/libauto.dylib
0x0000000005485000 	/usr/lib/libicucore.A.dylib
0x0000000005485000 	/usr/lib/libxml2.2.dylib
0x0000000005485000 	/System/Library/PrivateFrameworks/CoreUI.framework/Versions/A/CoreUI
0x0000000005485000 	/System/Library/Frameworks/CoreAudio.framework/Versions/A/CoreAudio
0x0000000005485000 	/System/Library/Frameworks/DiskArbitration.framework/Versions/A/DiskArbitration
0x0000000005485000 	/usr/lib/liblangid.dylib
0x0000000005485000 	/System/Library/PrivateFrameworks/MultitouchSupport.framework/Versions/A/MultitouchSupport
0x0000000005485000 	/System/Library/Frameworks/IOKit.framework/Versions/A/IOKit
0x0000000005485000 	/usr/lib/libDiagnosticMessagesClient.dylib
0x0000000005485000 	/System/Library/Frameworks/CoreServices.framework/Versions/A/CoreServices
0x0000000005485000 	/System/Library/PrivateFrameworks/PerformanceAnalysis.framework/Versions/A/PerformanceAnalysis
0x0000000005485000 	/System/Library/PrivateFrameworks/GenerationalStorage.framework/Versions/A/GenerationalStorage
0x0000000005485000 	/System/Library/Frameworks/OpenGL.framework/Versions/A/OpenGL
0x0000000005485000 	/System/Library/PrivateFrameworks/Sharing.framework/Versions/A/Sharing
0x0000000005485000 	/System/Library/Frameworks/CoreGraphics.framework/Versions/A/CoreGraphics
0x0000000005485000 	/System/Library/Frameworks/CoreImage.framework/Versions/A/CoreImage
0x0000000005485000 	/System/Library/Frameworks/CoreText.framework/Versions/A/CoreText
0x0000000005485000 	/System/Library/Frameworks/ImageIO.framework/Versions/A/ImageIO
0x0000000005485000 	/System/Library/PrivateFrameworks/Backup.framework/Versions/A/Backup
0x0000000005485000 	/usr/lib/libextension.dylib
0x0000000005485000 	/usr/lib/libarchive.2.dylib
0x0000000005485000 	/System/Library/Frameworks/CFNetwork.framework/Versions/A/CFNetwork
0x0000000005485000 	/System/Library/Frameworks/SystemConfiguration.framework/Versions/A/SystemConfiguration
0x0000000005485000 	/usr/lib/libCRFSuite.dylib
0x0000000005485000 	/usr/lib/libc++.1.dylib
0x0000000005485000 	/usr/lib/libc++abi.dylib
0x0000000005485000 	/usr/lib/system/libcache.dylib
0x0000000005485000 	/usr/lib/system/libcommonCrypto.dylib
0x0000000005485000 	/usr/lib/system/libcompiler_rt.dylib
0x0000000005485000 	/usr/lib/system/libcopyfile.dylib
0x0000000005485000 	/usr/lib/system/libcorecrypto.dylib
0x0000000005485000 	/usr/lib/system/libdispatch.dylib
0x0000000005485000 	/usr/lib/system/libdyld.dylib
0x0000000005485000 	/usr/lib/system/libkeymgr.dylib
0x0000000005485000 	/usr/lib/system/liblaunch.dylib
0x0000000005485000 	/usr/lib/system/libmacho.dylib
0x0000000005485000 	/usr/lib/system/libquarantine.dylib
0x0000000005485000 	/usr/lib/system/libremovefile.dylib
0x0000000005485000 	/usr/lib/system/libsystem_asl.dylib
0x0000000005485000 	/usr/lib/system/libsystem_blocks.dylib
0x0000000005485000 	/usr/lib/system/libsystem_c.dylib
0x0000000005485000 	/usr/lib/system/libsystem_configuration.dylib
0x0000000005485000 	/usr/lib/system/libsystem_coreservices.dylib
0x0000000005485000 	/usr/lib/system/libsystem_coretls.dylib
0x0000000005485000 	/usr/lib/system/libsystem_dnssd.dylib
0x0000000005485000 	/usr/lib/system/libsystem_info.dylib
0x0000000005485000 	/usr/lib/system/libsystem_kernel.dylib
0x0000000005485000 	/usr/lib/system/libsystem_m.dylib
0x0000000005485000 	/usr/lib/system/libsystem_malloc.dylib
0x0000000005485000 	/usr/lib/system/libsystem_network.dylib
0x0000000005485000 	/usr/lib/system/libsystem_networkextension.dylib
0x0000000005485000 	/usr/lib/system/libsystem_notify.dylib
0x0000000005485000 	/usr/lib/system/libsystem_platform.dylib
0x0000000005485000 	/usr/lib/system/libsystem_pthread.dylib
0x0000000005485000 	/usr/lib/system/libsystem_sandbox.dylib
0x0000000005485000 	/usr/lib/system/libsystem_secinit.dylib
0x0000000005485000 	/usr/lib/system/libsystem_trace.dylib
0x0000000005485000 	/usr/lib/system/libunc.dylib
0x0000000005485000 	/usr/lib/system/libunwind.dylib
0x0000000005485000 	/usr/lib/system/libxpc.dylib
0x0000000005485000 	/usr/lib/libenergytrace.dylib
0x0000000005485000 	/usr/lib/libbsm.0.dylib
0x0000000005485000 	/usr/lib/system/libkxld.dylib
0x0000000005485000 	/usr/lib/libxar.1.dylib
0x0000000005485000 	/usr/lib/libsqlite3.dylib
0x0000000005485000 	/usr/lib/libpam.2.dylib
0x0000000005485000 	/usr/lib/libOpenScriptingUtil.dylib
0x0000000005485000 	/usr/lib/libbz2.1.0.dylib
0x0000000005485000 	/usr/lib/liblzma.5.dylib
0x0000000005485000 	/System/Library/Frameworks/CoreServices.framework/Versions/A/Frameworks/FSEvents.framework/Versions/A/FSEvents
0x0000000005485000 	/System/Library/Frameworks/CoreServices.framework/Versions/A/Frameworks/CarbonCore.framework/Versions/A/CarbonCore
0x0000000005485000 	/System/Library/Frameworks/CoreServices.framework/Versions/A/Frameworks/Metadata.framework/Versions/A/Metadata
0x0000000005485000 	/System/Library/Frameworks/CoreServices.framework/Versions/A/Frameworks/OSServices.framework/Versions/A/OSServices
0x0000000005485000 	/System/Library/Frameworks/CoreServices.framework/Versions/A/Frameworks/SearchKit.framework/Versions/A/SearchKit
0x0000000005485000 	/System/Library/Frameworks/CoreServices.framework/Versions/A/Frameworks/AE.framework/Versions/A/AE
0x0000000005485000 	/System/Library/Frameworks/CoreServices.framework/Versions/A/Frameworks/LaunchServices.framework/Versions/A/LaunchServices
0x0000000005485000 	/System/Library/Frameworks/CoreServices.framework/Versions/A/Frameworks/DictionaryServices.framework/Versions/A/DictionaryServices
0x0000000005485000 	/System/Library/Frameworks/CoreServices.framework/Versions/A/Frameworks/SharedFileList.framework/Versions/A/SharedFileList
0x0000000005485000 	/System/Library/Frameworks/NetFS.framework/Versions/A/NetFS
0x0000000005485000 	/System/Library/PrivateFrameworks/NetAuth.framework/Versions/A/NetAuth
0x0000000005485000 	/System/Library/PrivateFrameworks/login.framework/Versions/A/Frameworks/loginsupport.framework/Versions/A/loginsupport
0x0000000005485000 	/System/Library/PrivateFrameworks/TCC.framework/Versions/A/TCC
0x0000000005485000 	/usr/lib/libmecabra.dylib
0x0000000005485000 	/System/Library/Frameworks/ApplicationServices.framework/Versions/A/Frameworks/ATS.framework/Versions/A/ATS
0x0000000005485000 	/System/Library/Frameworks/ApplicationServices.framework/Versions/A/Frameworks/ColorSync.framework/Versions/A/ColorSync
0x0000000005485000 	/System/Library/Frameworks/ApplicationServices.framework/Versions/A/Frameworks/HIServices.framework/Versions/A/HIServices
0x0000000005485000 	/System/Library/Frameworks/ApplicationServices.framework/Versions/A/Frameworks/LangAnalysis.framework/Versions/A/LangAnalysis
0x0000000005485000 	/System/Library/Frameworks/ApplicationServices.framework/Versions/A/Frameworks/PrintCore.framework/Versions/A/PrintCore
0x0000000005485000 	/System/Library/Frameworks/ApplicationServices.framework/Versions/A/Frameworks/QD.framework/Versions/A/QD
0x0000000005485000 	/System/Library/Frameworks/ApplicationServices.framework/Versions/A/Frameworks/SpeechSynthesis.framework/Versions/A/SpeechSynthesis
0x0000000005485000 	/System/Library/Frameworks/Metal.framework/Versions/A/Metal
0x0000000005485000 	/System/Library/Frameworks/Accelerate.framework/Versions/A/Frameworks/vImage.framework/Versions/A/vImage
0x0000000005485000 	/System/Library/Frameworks/Accelerate.framework/Versions/A/Frameworks/vecLib.framework/Versions/A/vecLib
0x0000000005485000 	/System/Library/Frameworks/Accelerate.framework/Versions/A/Frameworks/vecLib.framework/Versions/A/libvDSP.dylib
0x0000000005485000 	/System/Library/Frameworks/Accelerate.framework/Versions/A/Frameworks/vecLib.framework/Versions/A/libvMisc.dylib
0x0000000005485000 	/System/Library/Frameworks/Accelerate.framework/Versions/A/Frameworks/vecLib.framework/Versions/A/libLAPACK.dylib
0x0000000005485000 	/System/Library/Frameworks/Accelerate.framework/Versions/A/Frameworks/vecLib.framework/Versions/A/libBLAS.dylib
0x0000000005485000 	/System/Library/Frameworks/Accelerate.framework/Versions/A/Frameworks/vecLib.framework/Versions/A/libLinearAlgebra.dylib
0x0000000005485000 	/System/Library/Frameworks/Accelerate.framework/Versions/A/Frameworks/vecLib.framework/Versions/A/libSparseBLAS.dylib
0x0000000005485000 	/System/Library/PrivateFrameworks/GPUCompiler.framework/libmetal_timestamp.dylib
0x0000000005485000 	/System/Library/Frameworks/OpenGL.framework/Versions/A/Libraries/libCoreFSCache.dylib
0x0000000005485000 	/System/Library/PrivateFrameworks/IOAccelerator.framework/Versions/A/IOAccelerator
0x0000000005485000 	/System/Library/Frameworks/ApplicationServices.framework/Versions/A/Frameworks/ATS.framework/Versions/A/Resources/libFontParser.dylib
0x0000000005485000 	/System/Library/Frameworks/ApplicationServices.framework/Versions/A/Frameworks/ATS.framework/Versions/A/Resources/libFontRegistry.dylib
0x0000000005485000 	/System/Library/PrivateFrameworks/AppleVPA.framework/Versions/A/AppleVPA
0x0000000005485000 	/System/Library/PrivateFrameworks/AppleJPEG.framework/Versions/A/AppleJPEG
0x0000000005485000 	/System/Library/Frameworks/ImageIO.framework/Versions/A/Resources/libJPEG.dylib
0x0000000005485000 	/System/Library/Frameworks/ImageIO.framework/Versions/A/Resources/libTIFF.dylib
0x0000000005485000 	/System/Library/Frameworks/ImageIO.framework/Versions/A/Resources/libPng.dylib
0x0000000005485000 	/System/Library/Frameworks/ImageIO.framework/Versions/A/Resources/libGIF.dylib
0x0000000005485000 	/System/Library/Frameworks/ImageIO.framework/Versions/A/Resources/libJP2.dylib
0x0000000005485000 	/System/Library/Frameworks/ImageIO.framework/Versions/A/Resources/libRadiance.dylib
0x0000000005485000 	/System/Library/Frameworks/CoreVideo.framework/Versions/A/CoreVideo
0x0000000005485000 	/System/Library/Frameworks/OpenGL.framework/Versions/A/Libraries/libGLU.dylib
0x0000000005485000 	/System/Library/Frameworks/OpenGL.framework/Versions/A/Libraries/libGFXShared.dylib
0x0000000005485000 	/System/Library/Frameworks/OpenGL.framework/Versions/A/Libraries/libGL.dylib
0x0000000005485000 	/System/Library/Frameworks/OpenGL.framework/Versions/A/Libraries/libGLImage.dylib
0x0000000005485000 	/System/Library/Frameworks/OpenGL.framework/Versions/A/Libraries/libCVMSPluginSupport.dylib
0x0000000005485000 	/System/Library/Frameworks/OpenGL.framework/Versions/A/Libraries/libCoreVMClient.dylib
0x0000000005485000 	/usr/lib/libcompression.dylib
0x0000000005485000 	/usr/lib/libcups.2.dylib
0x0000000005485000 	/System/Library/Frameworks/Kerberos.framework/Versions/A/Kerberos
0x0000000005485000 	/System/Library/Frameworks/GSS.framework/Versions/A/GSS
0x0000000005485000 	/usr/lib/libresolv.9.dylib
0x0000000005485000 	/usr/lib/libiconv.2.dylib
0x0000000005485000 	/System/Library/PrivateFrameworks/Heimdal.framework/Versions/A/Heimdal
0x0000000005485000 	/usr/lib/libheimdal-asn1.dylib
0x0000000005485000 	/System/Library/Frameworks/OpenDirectory.framework/Versions/A/OpenDirectory
0x0000000005485000 	/System/Library/PrivateFrameworks/CommonAuth.framework/Versions/A/CommonAuth
0x0000000005485000 	/System/Library/Frameworks/OpenDirectory.framework/Versions/A/Frameworks/CFOpenDirectory.framework/Versions/A/CFOpenDirectory
0x0000000005485000 	/System/Library/Frameworks/SecurityFoundation.framework/Versions/A/SecurityFoundation
0x0000000005485000 	/System/Library/PrivateFrameworks/LanguageModeling.framework/Versions/A/LanguageModeling
0x0000000005485000 	/usr/lib/libmarisa.dylib
0x0000000005485000 	/usr/lib/libChineseTokenizer.dylib
0x0000000005485000 	/usr/lib/libcmph.dylib
0x0000000005485000 	/System/Library/Frameworks/ServiceManagement.framework/Versions/A/ServiceManagement
0x0000000005485000 	/usr/lib/libxslt.1.dylib
0x0000000005485000 	/System/Library/Frameworks/Carbon.framework/Versions/A/Frameworks/Ink.framework/Versions/A/Ink
0x0000000005485000 	/usr/lib/libFosl_dynamic.dylib
0x0000000005485000 	/System/Library/PrivateFrameworks/FaceCore.framework/Versions/A/FaceCore
0x0000000005485000 	/System/Library/Frameworks/OpenCL.framework/Versions/A/OpenCL
0x0000000005485000 	/System/Library/PrivateFrameworks/CrashReporterSupport.framework/Versions/A/CrashReporterSupport
0x0000000005485000 	/System/Library/PrivateFrameworks/IconServices.framework/Versions/A/IconServices
0x0000000005485000 	/System/Library/PrivateFrameworks/Apple80211.framework/Versions/A/Apple80211
0x0000000005485000 	/System/Library/Frameworks/CoreWLAN.framework/Versions/A/CoreWLAN
0x0000000005485000 	/System/Library/Frameworks/IOBluetooth.framework/Versions/A/IOBluetooth
0x0000000005485000 	/System/Library/PrivateFrameworks/CoreWiFi.framework/Versions/A/CoreWiFi
0x0000000005485000 	/System/Library/Frameworks/CoreBluetooth.framework/Versions/A/CoreBluetooth
0x0000000005485000 	/System/Library/PrivateFrameworks/ChunkingLibrary.framework/Versions/A/ChunkingLibrary
0x0000000005485000 	/System/Library/PrivateFrameworks/DebugSymbols.framework/Versions/A/DebugSymbols
0x0000000005485000 	/System/Library/PrivateFrameworks/CoreSymbolication.framework/Versions/A/CoreSymbolication
0x0000000005485000 	/System/Library/PrivateFrameworks/Symbolication.framework/Versions/A/Symbolication
0x0000000005485000 	/System/Library/PrivateFrameworks/SpeechRecognitionCore.framework/Versions/A/SpeechRecognitionCore
0x000000010132d000 	/Library/Java/JavaVirtualMachines/jdk1.8.0_101.jdk/Contents/Home/jre/lib/server/libjvm.dylib
0x0000000005485000 	/usr/lib/libstdc++.6.dylib
0x00000001022ca000 	/Library/Java/JavaVirtualMachines/jdk1.8.0_101.jdk/Contents/Home/jre/lib/libverify.dylib
0x00000001022d8000 	/Library/Java/JavaVirtualMachines/jdk1.8.0_101.jdk/Contents/Home/jre/lib/libjava.dylib
0x000000010231b000 	/Library/Java/JavaVirtualMachines/jdk1.8.0_101.jdk/Contents/Home/jre/lib/libzip.dylib
0x0000000115f23000 	/System/Library/Frameworks/JavaVM.framework/Frameworks/JavaRuntimeSupport.framework/JavaRuntimeSupport
0x0000000115f3e000 	/System/Library/Frameworks/JavaVM.framework/Versions/A/Frameworks/JavaNativeFoundation.framework/Versions/A/JavaNativeFoundation
0x0000000115f53000 	/System/Library/Frameworks/JavaVM.framework/Versions/A/JavaVM
0x0000000005485000 	/System/Library/Frameworks/Carbon.framework/Versions/A/Carbon
0x0000000115f60000 	/System/Library/PrivateFrameworks/JavaLaunching.framework/Versions/A/JavaLaunching
0x0000000005485000 	/System/Library/Frameworks/Carbon.framework/Versions/A/Frameworks/CommonPanels.framework/Versions/A/CommonPanels
0x0000000005485000 	/System/Library/Frameworks/Carbon.framework/Versions/A/Frameworks/Help.framework/Versions/A/Help
0x0000000005485000 	/System/Library/Frameworks/Carbon.framework/Versions/A/Frameworks/ImageCapture.framework/Versions/A/ImageCapture
0x0000000005485000 	/System/Library/Frameworks/Carbon.framework/Versions/A/Frameworks/OpenScripting.framework/Versions/A/OpenScripting
0x0000000005485000 	/System/Library/Frameworks/Carbon.framework/Versions/A/Frameworks/Print.framework/Versions/A/Print
0x0000000005485000 	/System/Library/Frameworks/Carbon.framework/Versions/A/Frameworks/SecurityHI.framework/Versions/A/SecurityHI
0x0000000117881000 	/Library/Java/JavaVirtualMachines/jdk1.8.0_101.jdk/Contents/Home/jre/lib/libawt.dylib
0x0000000117929000 	/Library/Java/JavaVirtualMachines/jdk1.8.0_101.jdk/Contents/Home/jre/lib/./libmlib_image.dylib
0x00000001179f5000 	/Library/Java/JavaVirtualMachines/jdk1.8.0_101.jdk/Contents/Home/jre/lib/libawt_lwawt.dylib
0x0000000117aaa000 	/Library/Java/JavaVirtualMachines/jdk1.8.0_101.jdk/Contents/Home/jre/lib/./libosxapp.dylib
0x0000000005485000 	/System/Library/Frameworks/ExceptionHandling.framework/Versions/A/ExceptionHandling
0x0000000005485000 	/System/Library/PrivateFrameworks/CoreServicesInternal.framework/Versions/A/CoreServicesInternal
0x0000000005485000 	/System/Library/Frameworks/CoreGraphics.framework/Versions/A/Resources/libRIP.A.dylib
0x0000000005485000 	/System/Library/Frameworks/Accelerate.framework/Versions/A/Frameworks/vImage.framework/Versions/A/Libraries/libCGInterfaces.dylib
0x0000000005485000 	/System/Library/Frameworks/CoreGraphics.framework/Versions/A/Resources/libCGXType.A.dylib
0x0000000005485000 	/System/Library/Frameworks/OpenCL.framework/Versions/A/Libraries/libcldcpuengine.dylib
0x0000000005485000 	/System/Library/PrivateFrameworks/DiskImages.framework/Versions/A/DiskImages
0x0000000005485000 	/System/Library/Frameworks/DiscRecording.framework/Versions/A/DiscRecording
0x0000000005485000 	/usr/lib/libcsfde.dylib
0x0000000005485000 	/usr/lib/libcurl.4.dylib
0x0000000005485000 	/System/Library/PrivateFrameworks/MediaKit.framework/Versions/A/MediaKit
0x0000000005485000 	/System/Library/PrivateFrameworks/ProtectedCloudStorage.framework/Versions/A/ProtectedCloudStorage
0x0000000005485000 	/usr/lib/libCoreStorage.dylib
0x0000000005485000 	/System/Library/PrivateFrameworks/EFILogin.framework/Versions/A/EFILogin
0x0000000005485000 	/usr/lib/libutil.dylib
0x0000000005485000 	/System/Library/PrivateFrameworks/FindMyDevice.framework/Versions/A/FindMyDevice
0x0000000005485000 	/System/Library/Frameworks/LDAP.framework/Versions/A/LDAP
0x0000000005485000 	/usr/lib/libsasl2.2.dylib
0x0000000005485000 	/System/Library/PrivateFrameworks/CoreDaemon.framework/Versions/B/CoreDaemon
0x0000000005485000 	/usr/lib/libcrypto.0.9.8.dylib
0x0000000005485000 	/System/Library/PrivateFrameworks/AppleSRP.framework/Versions/A/AppleSRP
0x0000000005485000 	/System/Library/PrivateFrameworks/TrustEvaluationAgent.framework/Versions/A/TrustEvaluationAgent
0x000000011933a000 	cl_kernels
0x0000000005485000 	/System/Library/Frameworks/OpenCL.framework/Versions/A/Libraries/ImageFormats/unorm8_bgra.dylib
0x0000000005485000 	/System/Library/Frameworks/OpenCL.framework/Versions/A/Libraries/ImageFormats/unorm8_rgba.dylib
0x0000000005485000 	/System/Library/PrivateFrameworks/FamilyControls.framework/Versions/A/FamilyControls
0x0000000005485000 	/System/Library/PrivateFrameworks/CommerceKit.framework/Versions/A/Frameworks/CommerceCore.framework/Versions/A/CommerceCore
0x0000000005485000 	/System/Library/PrivateFrameworks/SystemAdministration.framework/Versions/A/SystemAdministration
0x0000000005485000 	/System/Library/PrivateFrameworks/AppContainer.framework/Versions/A/AppContainer
0x0000000005485000 	/System/Library/PrivateFrameworks/SecCodeWrapper.framework/Versions/A/SecCodeWrapper
0x0000000005485000 	/System/Library/Frameworks/DirectoryService.framework/Versions/A/DirectoryService
0x0000000005485000 	/System/Library/PrivateFrameworks/LoginUIKit.framework/Versions/A/Frameworks/LoginUICore.framework/Versions/A/LoginUICore
0x0000000005485000 	/usr/lib/libodfde.dylib
0x0000000005485000 	/System/Library/Frameworks/OpenGL.framework/Versions/A/Resources/GLEngine.bundle/GLEngine
0x0000000005485000 	/System/Library/Frameworks/OpenGL.framework/Versions/A/Libraries/libGLProgrammability.dylib
0x000000011a377000 	/System/Library/Extensions/AppleIntelHD4000GraphicsGLDriver.bundle/Contents/MacOS/AppleIntelHD4000GraphicsGLDriver
0x0000000005485000 	/System/Library/PrivateFrameworks/GPUSupport.framework/Versions/A/Libraries/libGPUSupportMercury.dylib
0x0000000005485000 	/System/Library/Frameworks/OpenGL.framework/Versions/A/Resources/GLRendererFloat.bundle/GLRendererFloat
0x000000011b2dd000 	/Library/Java/JavaVirtualMachines/jdk1.8.0_101.jdk/Contents/Home/jre/lib/libfontmanager.dylib
0x000000011c79e000 	/Library/Java/JavaVirtualMachines/jdk1.8.0_101.jdk/Contents/Home/jre/lib/libosxui.dylib
0x000000011d293000 	/Library/Java/JavaVirtualMachines/jdk1.8.0_101.jdk/Contents/Home/jre/lib/libnet.dylib
0x000000011d4db000 	/Library/Java/JavaVirtualMachines/jdk1.8.0_101.jdk/Contents/Home/jre/lib/libnio.dylib
0x0000000005485000 	/System/Library/Frameworks/ApplicationServices.framework/Versions/A/Frameworks/ATS.framework/Versions/A/Resources/libTrueTypeScaler.dylib
0x000000016e3af000 	/System/Library/Extensions/AppleIntelHD4000GraphicsMTLDriver.bundle/Contents/MacOS/AppleIntelHD4000GraphicsMTLDriver
0x0000000118924000 	/private/var/folders/df/q331szgs0rs63dmvvv6sk8180000gn/T/jogamp_0000/file_cache/jln190230272367628364/jln6593105584443501435/libgluegen-rt.jnilib
0x0000000118929000 	/private/var/folders/df/q331szgs0rs63dmvvv6sk8180000gn/T/jogamp_0000/file_cache/jln190230272367628364/jln6593105584443501435/libnativewindow_awt.jnilib
0x000000011c48b000 	/Library/Java/JavaVirtualMachines/jdk1.8.0_101.jdk/Contents/Home/jre/lib/libjawt.dylib
0x000000016e2fb000 	/private/var/folders/df/q331szgs0rs63dmvvv6sk8180000gn/T/jogamp_0000/file_cache/jln190230272367628364/jln6593105584443501435/libnativewindow_macosx.jnilib
0x000000017009a000 	/private/var/folders/df/q331szgs0rs63dmvvv6sk8180000gn/T/jogamp_0000/file_cache/jln190230272367628364/jln6593105584443501435/libjogl_desktop.jnilib
0x0000000119297000 	/Library/Java/JavaVirtualMachines/jdk1.8.0_101.jdk/Contents/Home/jre/lib/libsunec.dylib
0x000000017286c000 	/Library/Java/JavaVirtualMachines/jdk1.8.0_101.jdk/Contents/Home/jre/lib/libt2k.dylib

VM Arguments:
jvm_args: -Djava.security.policy=java.policy.applet -Dfile.encoding=UTF-8 
java_command: sun.applet.AppletViewer module6.EarthquakeCityMap1496352137365.html
java_class_path (initial): /Users/Ryan/Documents/workspaceCoursera/UCSDUnfoldingMaps/build:/Users/Ryan/Documents/workspaceCoursera/UCSDUnfoldingMaps/lib/core.jar:/Users/Ryan/Documents/workspaceCoursera/UCSDUnfoldingMaps/lib/gluegen-rt.jar:/Users/Ryan/Documents/workspaceCoursera/UCSDUnfoldingMaps/lib/jogl-all.jar:/Users/Ryan/Documents/workspaceCoursera/UCSDUnfoldingMaps/lib/log4j-1.2.15.jar:/Users/Ryan/Documents/workspaceCoursera/UCSDUnfoldingMaps/lib/sqlite-jdbc-3.7.2.jar:/Users/Ryan/Documents/workspaceCoursera/UCSDUnfoldingMaps/lib/json4processing.jar:/Users/Ryan/Documents/workspaceCoursera/UCSDUnfoldingMaps/lib/libTUIO.jar:/Users/Ryan/Documents/workspaceCoursera/UCSDUnfoldingMaps/lib/unfolding.0.9.7-uscd.jar
Launcher Type: SUN_STANDARD

Environment Variables:
PATH=/usr/bin:/bin:/usr/sbin:/sbin
SHELL=/bin/bash
DISPLAY=/private/tmp/com.apple.launchd.ULRZtvESmK/org.macosforge.xquartz:0

Signal Handlers:
SIGSEGV: [libjvm.dylib+0x5af145], sa_mask[0]=11111111011111110111111111111111, sa_flags=SA_ONSTACK|SA_RESTART|SA_SIGINFO
SIGBUS: [libjvm.dylib+0x5af145], sa_mask[0]=11111111011111110111111111111111, sa_flags=SA_RESTART|SA_SIGINFO
SIGFPE: [libjvm.dylib+0x48694c], sa_mask[0]=11111111011111110111111111111111, sa_flags=SA_RESTART|SA_SIGINFO
SIGPIPE: [libjvm.dylib+0x48694c], sa_mask[0]=11111111011111110111111111111111, sa_flags=SA_RESTART|SA_SIGINFO
SIGXFSZ: [libjvm.dylib+0x48694c], sa_mask[0]=11111111011111110111111111111111, sa_flags=SA_RESTART|SA_SIGINFO
SIGILL: [libjvm.dylib+0x48694c], sa_mask[0]=11111111011111110111111111111111, sa_flags=SA_RESTART|SA_SIGINFO
SIGUSR1: SIG_DFL, sa_mask[0]=00000000000000000000000000000000, sa_flags=none
SIGUSR2: [libjvm.dylib+0x48646a], sa_mask[0]=00100000000000000000000000000000, sa_flags=SA_RESTART|SA_SIGINFO
SIGHUP: [libjvm.dylib+0x484a41], sa_mask[0]=11111111011111110111111111111111, sa_flags=SA_RESTART|SA_SIGINFO
SIGINT: [libjvm.dylib+0x484a41], sa_mask[0]=11111111011111110111111111111111, sa_flags=SA_RESTART|SA_SIGINFO
SIGTERM: [libjvm.dylib+0x484a41], sa_mask[0]=11111111011111110111111111111111, sa_flags=SA_RESTART|SA_SIGINFO
SIGQUIT: [libjvm.dylib+0x484a41], sa_mask[0]=11111111011111110111111111111111, sa_flags=SA_RESTART|SA_SIGINFO


---------------  S Y S T E M  ---------------

OS:Bsduname:Darwin 15.6.0 Darwin Kernel Version 15.6.0: Thu Jun 23 18:25:34 PDT 2016; root:xnu-3248.60.10~1/RELEASE_X86_64 x86_64
rlimit: STACK 8192k, CORE 0k, NPROC 709, NOFILE 10240, AS infinity
load average:2.62 2.23 2.06

CPU:total 4 (2 cores per cpu, 2 threads per core) family 6 model 58 stepping 9, cmov, cx8, fxsr, mmx, sse, sse2, sse3, ssse3, sse4.1, sse4.2, popcnt, avx, aes, clmul, erms, ht, tsc, tscinvbit, tscinv

Memory: 4k page, physical 4194304k(344204k free)

/proc/meminfo:


vm_info: Java HotSpot(TM) 64-Bit Server VM (25.101-b13) for bsd-amd64 JRE (1.8.0_101-b13), built on Jun 22 2016 02:42:15 by "java_re" with gcc 4.2.1 (Based on Apple Inc. build 5658) (LLVM build 2336.11.00)

time: Thu Jun  1 17:22:47 2017
elapsed time: 29 seconds (0d 0h 0m 29s)

