#
# A fatal error has been detected by the Java Runtime Environment:
#
#  SIGSEGV (0xb) at pc=0x00007fff8b7c74dd, pid=767, tid=0x0000000000000a0b
#
# JRE version: Java(TM) SE Runtime Environment (8.0_101-b13) (build 1.8.0_101-b13)
# Java VM: Java HotSpot(TM) 64-Bit Server VM (25.101-b13 mixed mode bsd-amd64 compressed oops)
# Problematic frame:
# C  [libobjc.A.dylib+0x14dd]  objc_msgSend+0x1d
#
# Failed to write core dump. Core dumps have been disabled. To enable core dumping, try "ulimit -c unlimited" before starting Java again
#
# If you would like to submit a bug report, please visit:
#   http://bugreport.java.com/bugreport/crash.jsp
# The crash happened outside the Java Virtual Machine in native code.
# See problematic frame for where to report the bug.
#

---------------  T H R E A D  ---------------

Current thread (0x00007fc02c8f1000):  JavaThread "AWT-AppKit" daemon [_thread_in_native, id=2571, stack(0x00007fff4f8fe000,0x00007fff500fe000)]

siginfo: si_signo: 11 (SIGSEGV), si_code: 1 (SEGV_MAPERR), si_addr: 0x0000000000000018

Registers:
RAX=0x00007fc03030cc70, RBX=0x000000017cd61450, RCX=0x0000000127265020, RDX=0x000000012aedcfc0
RSP=0x00007fff500f9308, RBP=0x00007fff500f93c0, RSI=0x00007fff85a09cbe, RDI=0x00007fc02bebc780
R8 =0x0000000000000000, R9 =0x00000000000008b0, R10=0x00007fff85a09cbe, R11=0x0000000000000000
R12=0x0000000000000000, R13=0x000000017eedca90, R14=0x000000017cd61440, R15=0x00007fc02c8f1000
RIP=0x00007fff8b7c74dd, EFLAGS=0x0000000000010246, ERR=0x0000000000000004
  TRAPNO=0x000000000000000e

Top of Stack: (sp=0x00007fff500f9308)
0x00007fff500f9308:   000000017cd5f157 00007fff500f9360
0x00007fff500f9318:   0000000000000003 00007fff500f9340
0x00007fff500f9328:   00000001107f28e6 000000017eedca90
0x00007fff500f9338:   000000017eedca90 00007fc03030cc70
0x00007fff500f9348:   000000017cd616a0 000000017cd61710
0x00007fff500f9358:   00007fff779c6770 00007fff757ae500
0x00007fff500f9368:   000000017cd61450 000000017cd61690
0x00007fff500f9378:   00007fc03030cc70 00007fc02bebc780
0x00007fff500f9388:   00007fc02be42e10 00007fc03030cc70
0x00007fff500f9398:   00007fc02bebc780 00007fff500f9448
0x00007fff500f93a8:   00007fc02c8f11f8 000000017eedca90
0x00007fff500f93b8:   00007fff500f9470 00007fff500f9438
0x00007fff500f93c8:   00000001115b49d4 000000017eedca90
0x00007fff500f93d8:   00007fff500f9470 00007fff500f9438
0x00007fff500f93e8:   00000001115b4767 00000001115b4722
0x00007fff500f93f8:   00007fff500f93f8 000000017eedca90
0x00007fff500f9408:   00007fff500f9470 000000017eede240
0x00007fff500f9418:   0000000000000000 000000017eedca90
0x00007fff500f9428:   0000000000000000 00007fff500f9458
0x00007fff500f9438:   00007fff500f94b8 00000001115a52bd
0x00007fff500f9448:   0000000780258fb8 00000001115ae538
0x00007fff500f9458:   00007fc03030cc70 00007fff500f94b8
0x00007fff500f9468:   00007fc02bebc780 00000001115afe02
0x00007fff500f9478:   00007fff500f9478 000000017eedcc5a
0x00007fff500f9488:   00007fff500f94e0 000000017eede240
0x00007fff500f9498:   0000000000000000 000000017eedcc68
0x00007fff500f94a8:   00007fff500f9458 00007fff500f94c8
0x00007fff500f94b8:   00007fff500f9528 00000001115a52bd
0x00007fff500f94c8:   00007fc03030cc70 00000007806c1dd0
0x00007fff500f94d8:   00007fc02bebc780 00000007806c1dd0
0x00007fff500f94e8:   00007fff500f94e8 00000001838208d6
0x00007fff500f94f8:   00007fff500f9538 0000000183820990 

Instructions: (pc=0x00007fff8b7c74dd)
0x00007fff8b7c74bd:   44 00 00 48 85 ff 2e 74 62 40 f6 c7 01 2e 75 66
0x00007fff8b7c74cd:   49 bb f8 ff ff ff ff 7f 00 00 4c 23 1f 49 89 f2
0x00007fff8b7c74dd:   45 23 53 18 49 c1 e2 04 4d 03 53 10 49 3b 32 75
0x00007fff8b7c74ed:   04 41 ff 62 08 49 83 3a 01 76 0d 49 83 c2 10 49 

Register to memory mapping:

RAX=0x00007fc03030cc70 is an unknown value
RBX=0x000000017cd61450: Java_jogamp_nativewindow_macosx_OSXUtil_GetScreenRefreshRate0+0x1cf0 in /private/var/folders/df/q331szgs0rs63dmvvv6sk8180000gn/T/jogamp_0000/file_cache/jln5946034547706306824/jln4311446629681697404/libnativewindow_macosx.jnilib at 0x000000017cd5a000
RCX=0x0000000127265020 is an unknown value
RDX=0x000000012aedcfc0 is an unknown value
RSP=0x00007fff500f9308 is pointing into the stack for thread: 0x00007fc02c8f1000
RBP=0x00007fff500f93c0 is pointing into the stack for thread: 0x00007fc02c8f1000
RSI=0x00007fff85a09cbe is an unknown value
RDI=0x00007fc02bebc780 is an unknown value
R8 =0x0000000000000000 is an unknown value
R9 =0x00000000000008b0 is an unknown value
R10=0x00007fff85a09cbe is an unknown value
R11=0x0000000000000000 is an unknown value
R12=0x0000000000000000 is an unknown value
R13={method} {0x000000017eedca90} 'UnsetJAWTRootSurfaceLayer0' '(JJ)V' in 'jogamp/nativewindow/jawt/macosx/MacOSXJAWTWindow'
R14=0x000000017cd61440: Java_jogamp_nativewindow_macosx_OSXUtil_GetScreenRefreshRate0+0x1ce0 in /private/var/folders/df/q331szgs0rs63dmvvv6sk8180000gn/T/jogamp_0000/file_cache/jln5946034547706306824/jln4311446629681697404/libnativewindow_macosx.jnilib at 0x000000017cd5a000
R15=0x00007fc02c8f1000 is a thread


Stack: [0x00007fff4f8fe000,0x00007fff500fe000],  sp=0x00007fff500f9308,  free space=8172k
Native frames: (J=compiled Java code, j=interpreted, Vv=VM code, C=native code)
C  [libobjc.A.dylib+0x14dd]  objc_msgSend+0x1d
j  jogamp.nativewindow.jawt.macosx.MacOSXJAWTWindow.UnsetJAWTRootSurfaceLayer0(JJ)V+0
j  jogamp.nativewindow.jawt.macosx.MacOSXJAWTWindow.access$200(JJ)V+2
j  jogamp.nativewindow.jawt.macosx.MacOSXJAWTWindow$1.run()V+38
J 2532 C1 com.jogamp.common.util.RunnableTask.run()V (345 bytes) @ 0x0000000111d96bd4 [0x0000000111d96a40+0x194]
v  ~StubRoutines::call_stub
V  [libjvm.dylib+0x2ecf06]
V  [libjvm.dylib+0x324111]
V  [libjvm.dylib+0x3168df]
C  [libnativewindow_macosx.jnilib+0x5326]  Java_jogamp_nativewindow_jawt_macosx_MacOSXJAWTWindow_UnsetJAWTRootSurfaceLayer0+0x2b6
C  [Foundation+0x76fde]  __NSThreadPerformPerform+0x117
C  [CoreFoundation+0xaa881]  __CFRUNLOOP_IS_CALLING_OUT_TO_A_SOURCE0_PERFORM_FUNCTION__+0x11
C  [CoreFoundation+0x89fbc]  __CFRunLoopDoSources0+0x22c
C  [CoreFoundation+0x894df]  __CFRunLoopRun+0x39f
C  [CoreFoundation+0x88ed8]  CFRunLoopRunSpecific+0x128
C  [HIToolbox+0x30935]  RunCurrentEventLoopInMode+0xeb
C  [HIToolbox+0x30677]  ReceiveNextEventCommon+0xb8
C  [HIToolbox+0x305af]  _BlockUntilNextEventMatchingListInModeWithFilter+0x47
C  [AppKit+0x48df6]  _DPSNextEvent+0x42b
C  [AppKit+0x48226]  -[NSApplication _nextEventMatchingEventMask:untilDate:inMode:dequeue:]+0x1c6
C  [libosxapp.dylib+0x23aa]  -[NSApplicationAWT nextEventMatchingMask:untilDate:inMode:dequeue:]+0x7c
C  [AppKit+0x3cd80]  -[NSApplication run]+0x2aa
C  [libosxapp.dylib+0x214d]  +[NSApplicationAWT runAWTLoopWithApp:]+0x9c
C  [libawt_lwawt.dylib+0x444b3]  -[AWTStarter starter:]+0x389
C  [Foundation+0x76fde]  __NSThreadPerformPerform+0x117
C  [CoreFoundation+0xaa881]  __CFRUNLOOP_IS_CALLING_OUT_TO_A_SOURCE0_PERFORM_FUNCTION__+0x11
C  [CoreFoundation+0x89fbc]  __CFRunLoopDoSources0+0x22c
C  [CoreFoundation+0x894df]  __CFRunLoopRun+0x39f
C  [CoreFoundation+0x88ed8]  CFRunLoopRunSpecific+0x128
C  [java+0x6465]  CreateExecutionEnvironment+0x367
C  [java+0x218c]  JLI_Launch+0x7a0
C  [java+0x84c2]  main+0x65
C  [java+0x19e4]  start+0x34
C  0x0000000000000007

Java frames: (J=compiled Java code, j=interpreted, Vv=VM code)
j  jogamp.nativewindow.jawt.macosx.MacOSXJAWTWindow.UnsetJAWTRootSurfaceLayer0(JJ)V+0
j  jogamp.nativewindow.jawt.macosx.MacOSXJAWTWindow.access$200(JJ)V+2
j  jogamp.nativewindow.jawt.macosx.MacOSXJAWTWindow$1.run()V+38
J 2532 C1 com.jogamp.common.util.RunnableTask.run()V (345 bytes) @ 0x0000000111d96bd4 [0x0000000111d96a40+0x194]
v  ~StubRoutines::call_stub

---------------  P R O C E S S  ---------------

Java Threads: ( => current thread )
  0x00007fc02cfa1000 JavaThread "Thread-19" [_thread_blocked, id=38647, stack(0x00007000019ee000,0x0000700001aee000)]
  0x00007fc02c135000 JavaThread "AWT-EventQueue-1" [_thread_in_native, id=58911, stack(0x0000700001868000,0x0000700001968000)]
  0x00007fc02cbe3800 JavaThread "DestroyJavaVM" [_thread_blocked, id=5891, stack(0x000070000011a000,0x000070000021a000)]
  0x00007fc02d170000 JavaThread "AWT-EventQueue-0" [_thread_blocked, id=56323, stack(0x0000700001662000,0x0000700001762000)]
  0x00007fc02d98f000 JavaThread "Java2D Disposer" daemon [_thread_blocked, id=52995, stack(0x00007000013d9000,0x00007000014d9000)]
  0x00007fc02c0d1800 JavaThread "Java2D Queue Flusher" daemon [_thread_blocked, id=49927, stack(0x00007000012d6000,0x00007000013d6000)]
  0x00007fc02d940000 JavaThread "AWT-Shutdown" [_thread_blocked, id=28691, stack(0x00007000010cd000,0x00007000011cd000)]
=>0x00007fc02c8f1000 JavaThread "AWT-AppKit" daemon [_thread_in_native, id=2571, stack(0x00007fff4f8fe000,0x00007fff500fe000)]
  0x00007fc02c821000 JavaThread "Service Thread" daemon [_thread_blocked, id=18691, stack(0x0000700000e44000,0x0000700000f44000)]
  0x00007fc02c03a000 JavaThread "C1 CompilerThread2" daemon [_thread_blocked, id=18179, stack(0x0000700000d41000,0x0000700000e41000)]
  0x00007fc02d00f000 JavaThread "C2 CompilerThread1" daemon [_thread_blocked, id=17667, stack(0x0000700000c3e000,0x0000700000d3e000)]
  0x00007fc02c800000 JavaThread "C2 CompilerThread0" daemon [_thread_blocked, id=17155, stack(0x0000700000b3b000,0x0000700000c3b000)]
  0x00007fc02c823000 JavaThread "Signal Dispatcher" daemon [_thread_blocked, id=12815, stack(0x0000700000a38000,0x0000700000b38000)]
  0x00007fc02c81f800 JavaThread "Finalizer" daemon [_thread_blocked, id=12291, stack(0x000070000082f000,0x000070000092f000)]
  0x00007fc02c819000 JavaThread "Reference Handler" daemon [_thread_blocked, id=11779, stack(0x000070000072c000,0x000070000082c000)]

Other Threads:
  0x00007fc02c814800 VMThread [stack: 0x0000700000629000,0x0000700000729000] [id=11267]
  0x00007fc02c05b000 WatcherThread [stack: 0x0000700000f47000,0x0000700001047000] [id=19203]

VM state:not at safepoint (normal execution)

VM Mutex/Monitor currently owned by a thread: None

Heap:
 PSYoungGen      total 48128K, used 44625K [0x00000007aab00000, 0x00000007ae380000, 0x00000007c0000000)
  eden space 40448K, 96% used [0x00000007aab00000,0x00000007ad10c4f0,0x00000007ad280000)
  from space 7680K, 73% used [0x00000007adc00000,0x00000007ae1881e0,0x00000007ae380000)
  to   space 8704K, 0% used [0x00000007ad280000,0x00000007ad280000,0x00000007adb00000)
 ParOldGen       total 38912K, used 15216K [0x0000000780000000, 0x0000000782600000, 0x00000007aab00000)
  object space 38912K, 39% used [0x0000000780000000,0x0000000780edc230,0x0000000782600000)
 Metaspace       used 24078K, capacity 24319K, committed 24576K, reserved 1071104K
  class space    used 2364K, capacity 2452K, committed 2560K, reserved 1048576K

Card table byte_map: [0x000000012095d000,0x0000000120b5e000] byte_map_base: 0x000000011cd5d000

Marking Bits: (ParMarkBitMap*) 0x0000000110eedd20
 Begin Bits: [0x0000000120cb4000, 0x0000000121cb4000)
 End Bits:   [0x0000000121cb4000, 0x0000000122cb4000)

Polling page: 0x000000010fdc5000

CodeCache: size=245760Kb used=10342Kb max_used=10398Kb free=235417Kb
 bounds [0x000000011159d000, 0x0000000111fdd000, 0x000000012059d000]
 total_blobs=3873 nmethods=2954 adapters=832
 compilation: enabled

Compilation events (10 events):
Event: 31.831 Thread 0x00007fc02c03a000 3247       3       java.util.HashMap::remove (26 bytes)
Event: 31.832 Thread 0x00007fc02c03a000 nmethod 3247 0x0000000111c6ea10 code [0x0000000111c6eba0, 0x0000000111c6efb8]
Event: 31.832 Thread 0x00007fc02c03a000 3248       3       sun.awt.SunToolkit::postEvent (157 bytes)
Event: 31.833 Thread 0x00007fc02c800000 3250  s!   4       sun.misc.URLClassPath::getLoader (197 bytes)
Event: 31.834 Thread 0x00007fc02d00f000 3251  s    4       sun.misc.URLClassPath::getNextLoader (88 bytes)
Event: 31.836 Thread 0x00007fc02c03a000 nmethod 3248 0x0000000111fc4450 code [0x0000000111fc4800, 0x0000000111fc6c48]
Event: 31.836 Thread 0x00007fc02c03a000 3249       3       sun.awt.AWTAccessor::getSequencedEventAccessor (4 bytes)
Event: 31.836 Thread 0x00007fc02c03a000 nmethod 3249 0x0000000111c15b90 code [0x0000000111c15ce0, 0x0000000111c15e30]
Event: 31.841 Thread 0x00007fc02c800000 nmethod 3250 0x0000000111c14e90 code [0x0000000111c15000, 0x0000000111c157d8]
Event: 31.841 Thread 0x00007fc02d00f000 nmethod 3251 0x0000000111fc3650 code [0x0000000111fc37c0, 0x0000000111fc3f38]

GC Heap History (10 events):
Event: 7.641 GC heap before
{Heap before GC invocations=7 (full 1):
 PSYoungGen      total 18944K, used 18795K [0x00000007aab00000, 0x00000007ad700000, 0x00000007c0000000)
  eden space 16384K, 99% used [0x00000007aab00000,0x00000007abadebf8,0x00000007abb00000)
  from space 2560K, 99% used [0x00000007abb00000,0x00000007abd7c120,0x00000007abd80000)
  to   space 10240K, 0% used [0x00000007acd00000,0x00000007acd00000,0x00000007ad700000)
 ParOldGen       total 38912K, used 15184K [0x0000000780000000, 0x0000000782600000, 0x00000007aab00000)
  object space 38912K, 39% used [0x0000000780000000,0x0000000780ed4230,0x0000000782600000)
 Metaspace       used 23399K, capacity 23609K, committed 24064K, reserved 1071104K
  class space    used 2355K, capacity 2451K, committed 2560K, reserved 1048576K
Event: 7.647 GC heap after
Heap after GC invocations=7 (full 1):
 PSYoungGen      total 33792K, used 5776K [0x00000007aab00000, 0x00000007ad600000, 0x00000007c0000000)
  eden space 24576K, 0% used [0x00000007aab00000,0x00000007aab00000,0x00000007ac300000)
  from space 9216K, 62% used [0x00000007acd00000,0x00000007ad2a4200,0x00000007ad600000)
  to   space 9728K, 0% used [0x00000007ac300000,0x00000007ac300000,0x00000007acc80000)
 ParOldGen       total 38912K, used 15192K [0x0000000780000000, 0x0000000782600000, 0x00000007aab00000)
  object space 38912K, 39% used [0x0000000780000000,0x0000000780ed6230,0x0000000782600000)
 Metaspace       used 23399K, capacity 23609K, committed 24064K, reserved 1071104K
  class space    used 2355K, capacity 2451K, committed 2560K, reserved 1048576K
}
Event: 12.115 GC heap before
{Heap before GC invocations=8 (full 1):
 PSYoungGen      total 33792K, used 30352K [0x00000007aab00000, 0x00000007ad600000, 0x00000007c0000000)
  eden space 24576K, 100% used [0x00000007aab00000,0x00000007ac300000,0x00000007ac300000)
  from space 9216K, 62% used [0x00000007acd00000,0x00000007ad2a4200,0x00000007ad600000)
  to   space 9728K, 0% used [0x00000007ac300000,0x00000007ac300000,0x00000007acc80000)
 ParOldGen       total 38912K, used 15192K [0x0000000780000000, 0x0000000782600000, 0x00000007aab00000)
  object space 38912K, 39% used [0x0000000780000000,0x0000000780ed6230,0x0000000782600000)
 Metaspace       used 23770K, capacity 24063K, committed 24320K, reserved 1071104K
  class space    used 2356K, capacity 2452K, committed 2560K, reserved 1048576K
Event: 12.120 GC heap after
Heap after GC invocations=8 (full 1):
 PSYoungGen      total 34304K, used 5680K [0x00000007aab00000, 0x00000007ae000000, 0x00000007c0000000)
  eden space 24576K, 0% used [0x00000007aab00000,0x00000007aab00000,0x00000007ac300000)
  from space 9728K, 58% used [0x00000007ac300000,0x00000007ac88c1f0,0x00000007acc80000)
  to   space 9216K, 0% used [0x00000007ad700000,0x00000007ad700000,0x00000007ae000000)
 ParOldGen       total 38912K, used 15200K [0x0000000780000000, 0x0000000782600000, 0x00000007aab00000)
  object space 38912K, 39% used [0x0000000780000000,0x0000000780ed8230,0x0000000782600000)
 Metaspace       used 23770K, capacity 24063K, committed 24320K, reserved 1071104K
  class space    used 2356K, capacity 2452K, committed 2560K, reserved 1048576K
}
Event: 15.822 GC heap before
{Heap before GC invocations=9 (full 1):
 PSYoungGen      total 34304K, used 30256K [0x00000007aab00000, 0x00000007ae000000, 0x00000007c0000000)
  eden space 24576K, 100% used [0x00000007aab00000,0x00000007ac300000,0x00000007ac300000)
  from space 9728K, 58% used [0x00000007ac300000,0x00000007ac88c1f0,0x00000007acc80000)
  to   space 9216K, 0% used [0x00000007ad700000,0x00000007ad700000,0x00000007ae000000)
 ParOldGen       total 38912K, used 15200K [0x0000000780000000, 0x0000000782600000, 0x00000007aab00000)
  object space 38912K, 39% used [0x0000000780000000,0x0000000780ed8230,0x0000000782600000)
 Metaspace       used 23952K, capacity 24191K, committed 24576K, reserved 1071104K
  class space    used 2356K, capacity 2452K, committed 2560K, reserved 1048576K
Event: 15.827 GC heap after
Heap after GC invocations=9 (full 1):
 PSYoungGen      total 41984K, used 5632K [0x00000007aab00000, 0x00000007ade80000, 0x00000007c0000000)
  eden space 34304K, 0% used [0x00000007aab00000,0x00000007aab00000,0x00000007acc80000)
  from space 7680K, 73% used [0x00000007ad700000,0x00000007adc801e0,0x00000007ade80000)
  to   space 9216K, 0% used [0x00000007acc80000,0x00000007acc80000,0x00000007ad580000)
 ParOldGen       total 38912K, used 15208K [0x0000000780000000, 0x0000000782600000, 0x00000007aab00000)
  object space 38912K, 39% used [0x0000000780000000,0x0000000780eda230,0x0000000782600000)
 Metaspace       used 23952K, capacity 24191K, committed 24576K, reserved 1071104K
  class space    used 2356K, capacity 2452K, committed 2560K, reserved 1048576K
}
Event: 21.011 GC heap before
{Heap before GC invocations=10 (full 1):
 PSYoungGen      total 41984K, used 39936K [0x00000007aab00000, 0x00000007ade80000, 0x00000007c0000000)
  eden space 34304K, 100% used [0x00000007aab00000,0x00000007acc80000,0x00000007acc80000)
  from space 7680K, 73% used [0x00000007ad700000,0x00000007adc801e0,0x00000007ade80000)
  to   space 9216K, 0% used [0x00000007acc80000,0x00000007acc80000,0x00000007ad580000)
 ParOldGen       total 38912K, used 15208K [0x0000000780000000, 0x0000000782600000, 0x00000007aab00000)
  object space 38912K, 39% used [0x0000000780000000,0x0000000780eda230,0x0000000782600000)
 Metaspace       used 24033K, capacity 24319K, committed 24576K, reserved 1071104K
  class space    used 2356K, capacity 2452K, committed 2560K, reserved 1048576K
Event: 21.015 GC heap after
Heap after GC invocations=10 (full 1):
 PSYoungGen      total 43520K, used 5696K [0x00000007aab00000, 0x00000007ae480000, 0x00000007c0000000)
  eden space 34304K, 0% used [0x00000007aab00000,0x00000007aab00000,0x00000007acc80000)
  from space 9216K, 61% used [0x00000007acc80000,0x00000007ad2101e0,0x00000007ad580000)
  to   space 8704K, 0% used [0x00000007adc00000,0x00000007adc00000,0x00000007ae480000)
 ParOldGen       total 38912K, used 15216K [0x0000000780000000, 0x0000000782600000, 0x00000007aab00000)
  object space 38912K, 39% used [0x0000000780000000,0x0000000780edc230,0x0000000782600000)
 Metaspace       used 24033K, capacity 24319K, committed 24576K, reserved 1071104K
  class space    used 2356K, capacity 2452K, committed 2560K, reserved 1048576K
}
Event: 26.213 GC heap before
{Heap before GC invocations=11 (full 1):
 PSYoungGen      total 43520K, used 40000K [0x00000007aab00000, 0x00000007ae480000, 0x00000007c0000000)
  eden space 34304K, 100% used [0x00000007aab00000,0x00000007acc80000,0x00000007acc80000)
  from space 9216K, 61% used [0x00000007acc80000,0x00000007ad2101e0,0x00000007ad580000)
  to   space 8704K, 0% used [0x00000007adc00000,0x00000007adc00000,0x00000007ae480000)
 ParOldGen       total 38912K, used 15216K [0x0000000780000000, 0x0000000782600000, 0x00000007aab00000)
  object space 38912K, 39% used [0x0000000780000000,0x0000000780edc230,0x0000000782600000)
 Metaspace       used 24033K, capacity 24319K, committed 24576K, reserved 1071104K
  class space    used 2356K, capacity 2452K, committed 2560K, reserved 1048576K
Event: 26.218 GC heap after
Heap after GC invocations=11 (full 1):
 PSYoungGen      total 48128K, used 5664K [0x00000007aab00000, 0x00000007ae380000, 0x00000007c0000000)
  eden space 40448K, 0% used [0x00000007aab00000,0x00000007aab00000,0x00000007ad280000)
  from space 7680K, 73% used [0x00000007adc00000,0x00000007ae1881e0,0x00000007ae380000)
  to   space 8704K, 0% used [0x00000007ad280000,0x00000007ad280000,0x00000007adb00000)
 ParOldGen       total 38912K, used 15216K [0x0000000780000000, 0x0000000782600000, 0x00000007aab00000)
  object space 38912K, 39% used [0x0000000780000000,0x0000000780edc230,0x0000000782600000)
 Metaspace       used 24033K, capacity 24319K, committed 24576K, reserved 1071104K
  class space    used 2356K, capacity 2452K, committed 2560K, reserved 1048576K
}

Deoptimization events (10 events):
Event: 7.014 Thread 0x00007fc02c135000 Uncommon trap: reason=class_check action=maybe_recompile pc=0x0000000111ae72c0 method=java.io.DataInputStream.readInt()I @ 4
Event: 7.034 Thread 0x00007fc02c135000 Uncommon trap: reason=unstable_if action=reinterpret pc=0x0000000111c1abfc method=com.jogamp.common.util.IntIntHashMap.get(I)I @ 28
Event: 30.206 Thread 0x00007fc02c135000 Uncommon trap: reason=unstable_if action=reinterpret pc=0x0000000111fc8514 method=de.fhpotsdam.unfolding.mapdisplay.Java2DMapDisplay.getTransformedPosition(FFZ)[F @ 1
Event: 31.800 Thread 0x00007fc02c135000 Uncommon trap: reason=unstable_if action=reinterpret pc=0x0000000111779b28 method=com.jogamp.common.util.VersionNumber.compareTo(Lcom/jogamp/common/util/VersionNumber;)I @ 21
Event: 31.803 Thread 0x00007fc02d170000 Uncommon trap: reason=unstable_if action=reinterpret pc=0x0000000111da500c method=java.awt.font.FontRenderContext.equals(Ljava/awt/font/FontRenderContext;)Z @ 2
Event: 31.831 Thread 0x00007fc02c9ae800 Uncommon trap: reason=class_check action=maybe_recompile pc=0x0000000111a48a40 method=java.util.HashMap.putVal(ILjava/lang/Object;Ljava/lang/Object;ZZ)Ljava/lang/Object; @ 91
Event: 31.831 Thread 0x00007fc02c9ae800 Uncommon trap: reason=class_check action=maybe_recompile pc=0x0000000111a48a40 method=java.util.HashMap.putVal(ILjava/lang/Object;Ljava/lang/Object;ZZ)Ljava/lang/Object; @ 91
Event: 31.831 Thread 0x00007fc02c9ae800 Uncommon trap: reason=class_check action=maybe_recompile pc=0x0000000111a48a40 method=java.util.HashMap.putVal(ILjava/lang/Object;Ljava/lang/Object;ZZ)Ljava/lang/Object; @ 91
Event: 31.831 Thread 0x00007fc02c9ae800 Uncommon trap: reason=class_check action=maybe_recompile pc=0x0000000111a48a40 method=java.util.HashMap.putVal(ILjava/lang/Object;Ljava/lang/Object;ZZ)Ljava/lang/Object; @ 91
Event: 31.847 Thread 0x00007fc02c135000 Uncommon trap: reason=unstable_if action=reinterpret pc=0x0000000111f796e4 method=java.security.AccessControlContext.optimize()Ljava/security/AccessControlContext; @ 233

Internal exceptions (10 events):
Event: 0.262 Thread 0x00007fc02c005000 Exception <a 'java/lang/NoSuchFieldError': method resolution failed> (0x00000007aacb1c98) thrown at [/HUDSON3/workspace/8-2-build-macosx-x86_64/jdk8u101/7261/hotspot/src/share/vm/prims/methodHandles.cpp, line 1146]
Event: 0.265 Thread 0x00007fc02c005000 Exception <a 'java/lang/NoSuchFieldError': method resolution failed> (0x00000007aacbf468) thrown at [/HUDSON3/workspace/8-2-build-macosx-x86_64/jdk8u101/7261/hotspot/src/share/vm/prims/methodHandles.cpp, line 1146]
Event: 0.585 Thread 0x00007fc02c005000 Exception <a 'java/io/FileNotFoundException'> (0x00000007aad3add8) thrown at [/HUDSON3/workspace/8-2-build-macosx-x86_64/jdk8u101/7261/hotspot/src/share/vm/prims/jni.cpp, line 709]
Event: 0.585 Thread 0x00007fc02c005000 Exception <a 'java/io/FileNotFoundException'> (0x00000007aad3b938) thrown at [/HUDSON3/workspace/8-2-build-macosx-x86_64/jdk8u101/7261/hotspot/src/share/vm/prims/jni.cpp, line 709]
Event: 0.754 Thread 0x00007fc02c005000 Exception <a 'java/io/FileNotFoundException'> (0x00000007aae22c10) thrown at [/HUDSON3/workspace/8-2-build-macosx-x86_64/jdk8u101/7261/hotspot/src/share/vm/prims/jni.cpp, line 709]
Event: 3.462 Thread 0x00007fc02c81f800 Exception <a 'java/lang/NullPointerException'> (0x00000007aab86478) thrown at [/HUDSON3/workspace/8-2-build-macosx-x86_64/jdk8u101/7261/hotspot/src/share/vm/interpreter/linkResolver.cpp, line 1178]
Event: 3.646 Thread 0x00007fc02d1fd800 Exception <a 'java/lang/UnsatisfiedLinkError': com.jogamp.common.util.JarUtil.fixNativeLibAttribs(Ljava/lang/String;)Z> (0x00000007aaef2450) thrown at [/HUDSON3/workspace/8-2-build-macosx-x86_64/jdk8u101/7261/hotspot/src/share/vm/prims/nativeLookup.cpp, l
Event: 5.027 Thread 0x00007fc02c135000 Exception <a 'java/io/FileNotFoundException'> (0x00000007ab0f90b8) thrown at [/HUDSON3/workspace/8-2-build-macosx-x86_64/jdk8u101/7261/hotspot/src/share/vm/prims/jni.cpp, line 709]
Event: 5.028 Thread 0x00007fc02c135000 Exception <a 'java/io/FileNotFoundException'> (0x00000007ab0ff590) thrown at [/HUDSON3/workspace/8-2-build-macosx-x86_64/jdk8u101/7261/hotspot/src/share/vm/prims/jni.cpp, line 709]
Event: 5.028 Thread 0x00007fc02c135000 Implicit null exception at 0x000000011173b0b5 to 0x000000011173b42d

Events (10 events):
Event: 31.846 Executing VM operation: RevokeBias done
Event: 31.847 Thread 0x00007fc02c135000 Uncommon trap: trap_request=0xffffff65 fr.pc=0x0000000111f796e4
Event: 31.847 Thread 0x00007fc02c135000 DEOPT PACKING pc=0x0000000111f796e4 sp=0x0000700001965790
Event: 31.847 Thread 0x00007fc02c135000 DEOPT UNPACKING pc=0x00000001115a2229 sp=0x0000700001965760 mode 2
Event: 31.847 loading class java/awt/LightweightDispatcher$2
Event: 31.847 loading class java/awt/LightweightDispatcher$2 done
Event: 31.848 loading class java/awt/event/AWTEventListenerProxy
Event: 31.848 loading class java/awt/event/AWTEventListenerProxy done
Event: 31.848 loading class java/awt/Toolkit$ToolkitEventMulticaster
Event: 31.848 loading class java/awt/Toolkit$ToolkitEventMulticaster done


Dynamic libraries:
0x0000000005485000 	/System/Library/Frameworks/Cocoa.framework/Versions/A/Cocoa
0x0000000005485000 	/System/Library/Frameworks/Security.framework/Versions/A/Security
0x0000000005485000 	/System/Library/Frameworks/ApplicationServices.framework/Versions/A/ApplicationServices
0x0000000005485000 	/usr/lib/libz.1.dylib
0x0000000005485000 	/usr/lib/libSystem.B.dylib
0x0000000005485000 	/usr/lib/libobjc.A.dylib
0x0000000005485000 	/System/Library/Frameworks/CoreFoundation.framework/Versions/A/CoreFoundation
0x0000000005485000 	/System/Library/Frameworks/Foundation.framework/Versions/C/Foundation
0x0000000005485000 	/System/Library/Frameworks/AppKit.framework/Versions/C/AppKit
0x0000000005485000 	/System/Library/Frameworks/CoreData.framework/Versions/A/CoreData
0x0000000005485000 	/System/Library/PrivateFrameworks/RemoteViewServices.framework/Versions/A/RemoteViewServices
0x0000000005485000 	/System/Library/PrivateFrameworks/UIFoundation.framework/Versions/A/UIFoundation
0x0000000005485000 	/usr/lib/libScreenReader.dylib
0x0000000005485000 	/System/Library/Frameworks/Accelerate.framework/Versions/A/Accelerate
0x0000000005485000 	/System/Library/Frameworks/IOSurface.framework/Versions/A/IOSurface
0x0000000005485000 	/System/Library/Frameworks/AudioToolbox.framework/Versions/A/AudioToolbox
0x0000000005485000 	/System/Library/Frameworks/AudioUnit.framework/Versions/A/AudioUnit
0x0000000005485000 	/System/Library/PrivateFrameworks/DataDetectorsCore.framework/Versions/A/DataDetectorsCore
0x0000000005485000 	/System/Library/PrivateFrameworks/DesktopServicesPriv.framework/Versions/A/DesktopServicesPriv
0x0000000005485000 	/System/Library/Frameworks/Carbon.framework/Versions/A/Frameworks/HIToolbox.framework/Versions/A/HIToolbox
0x0000000005485000 	/System/Library/Frameworks/QuartzCore.framework/Versions/A/QuartzCore
0x0000000005485000 	/System/Library/Frameworks/Carbon.framework/Versions/A/Frameworks/SpeechRecognition.framework/Versions/A/SpeechRecognition
0x0000000005485000 	/usr/lib/libauto.dylib
0x0000000005485000 	/usr/lib/libicucore.A.dylib
0x0000000005485000 	/usr/lib/libxml2.2.dylib
0x0000000005485000 	/System/Library/PrivateFrameworks/CoreUI.framework/Versions/A/CoreUI
0x0000000005485000 	/System/Library/Frameworks/CoreAudio.framework/Versions/A/CoreAudio
0x0000000005485000 	/System/Library/Frameworks/DiskArbitration.framework/Versions/A/DiskArbitration
0x0000000005485000 	/usr/lib/liblangid.dylib
0x0000000005485000 	/System/Library/PrivateFrameworks/MultitouchSupport.framework/Versions/A/MultitouchSupport
0x0000000005485000 	/System/Library/Frameworks/IOKit.framework/Versions/A/IOKit
0x0000000005485000 	/usr/lib/libDiagnosticMessagesClient.dylib
0x0000000005485000 	/System/Library/Frameworks/CoreServices.framework/Versions/A/CoreServices
0x0000000005485000 	/System/Library/PrivateFrameworks/PerformanceAnalysis.framework/Versions/A/PerformanceAnalysis
0x0000000005485000 	/System/Library/PrivateFrameworks/GenerationalStorage.framework/Versions/A/GenerationalStorage
0x0000000005485000 	/System/Library/Frameworks/OpenGL.framework/Versions/A/OpenGL
0x0000000005485000 	/System/Library/PrivateFrameworks/Sharing.framework/Versions/A/Sharing
0x0000000005485000 	/System/Library/Frameworks/CoreGraphics.framework/Versions/A/CoreGraphics
0x0000000005485000 	/System/Library/Frameworks/CoreImage.framework/Versions/A/CoreImage
0x0000000005485000 	/System/Library/Frameworks/CoreText.framework/Versions/A/CoreText
0x0000000005485000 	/System/Library/Frameworks/ImageIO.framework/Versions/A/ImageIO
0x0000000005485000 	/System/Library/PrivateFrameworks/Backup.framework/Versions/A/Backup
0x0000000005485000 	/usr/lib/libextension.dylib
0x0000000005485000 	/usr/lib/libarchive.2.dylib
0x0000000005485000 	/System/Library/Frameworks/CFNetwork.framework/Versions/A/CFNetwork
0x0000000005485000 	/System/Library/Frameworks/SystemConfiguration.framework/Versions/A/SystemConfiguration
0x0000000005485000 	/usr/lib/libCRFSuite.dylib
0x0000000005485000 	/usr/lib/libc++.1.dylib
0x0000000005485000 	/usr/lib/libc++abi.dylib
0x0000000005485000 	/usr/lib/system/libcache.dylib
0x0000000005485000 	/usr/lib/system/libcommonCrypto.dylib
0x0000000005485000 	/usr/lib/system/libcompiler_rt.dylib
0x0000000005485000 	/usr/lib/system/libcopyfile.dylib
0x0000000005485000 	/usr/lib/system/libcorecrypto.dylib
0x0000000005485000 	/usr/lib/system/libdispatch.dylib
0x0000000005485000 	/usr/lib/system/libdyld.dylib
0x0000000005485000 	/usr/lib/system/libkeymgr.dylib
0x0000000005485000 	/usr/lib/system/liblaunch.dylib
0x0000000005485000 	/usr/lib/system/libmacho.dylib
0x0000000005485000 	/usr/lib/system/libquarantine.dylib
0x0000000005485000 	/usr/lib/system/libremovefile.dylib
0x0000000005485000 	/usr/lib/system/libsystem_asl.dylib
0x0000000005485000 	/usr/lib/system/libsystem_blocks.dylib
0x0000000005485000 	/usr/lib/system/libsystem_c.dylib
0x0000000005485000 	/usr/lib/system/libsystem_configuration.dylib
0x0000000005485000 	/usr/lib/system/libsystem_coreservices.dylib
0x0000000005485000 	/usr/lib/system/libsystem_coretls.dylib
0x0000000005485000 	/usr/lib/system/libsystem_dnssd.dylib
0x0000000005485000 	/usr/lib/system/libsystem_info.dylib
0x0000000005485000 	/usr/lib/system/libsystem_kernel.dylib
0x0000000005485000 	/usr/lib/system/libsystem_m.dylib
0x0000000005485000 	/usr/lib/system/libsystem_malloc.dylib
0x0000000005485000 	/usr/lib/system/libsystem_network.dylib
0x0000000005485000 	/usr/lib/system/libsystem_networkextension.dylib
0x0000000005485000 	/usr/lib/system/libsystem_notify.dylib
0x0000000005485000 	/usr/lib/system/libsystem_platform.dylib
0x0000000005485000 	/usr/lib/system/libsystem_pthread.dylib
0x0000000005485000 	/usr/lib/system/libsystem_sandbox.dylib
0x0000000005485000 	/usr/lib/system/libsystem_secinit.dylib
0x0000000005485000 	/usr/lib/system/libsystem_trace.dylib
0x0000000005485000 	/usr/lib/system/libunc.dylib
0x0000000005485000 	/usr/lib/system/libunwind.dylib
0x0000000005485000 	/usr/lib/system/libxpc.dylib
0x0000000005485000 	/usr/lib/libenergytrace.dylib
0x0000000005485000 	/usr/lib/libbsm.0.dylib
0x0000000005485000 	/usr/lib/system/libkxld.dylib
0x0000000005485000 	/usr/lib/libxar.1.dylib
0x0000000005485000 	/usr/lib/libsqlite3.dylib
0x0000000005485000 	/usr/lib/libpam.2.dylib
0x0000000005485000 	/usr/lib/libOpenScriptingUtil.dylib
0x0000000005485000 	/usr/lib/libbz2.1.0.dylib
0x0000000005485000 	/usr/lib/liblzma.5.dylib
0x0000000005485000 	/System/Library/Frameworks/CoreServices.framework/Versions/A/Frameworks/FSEvents.framework/Versions/A/FSEvents
0x0000000005485000 	/System/Library/Frameworks/CoreServices.framework/Versions/A/Frameworks/CarbonCore.framework/Versions/A/CarbonCore
0x0000000005485000 	/System/Library/Frameworks/CoreServices.framework/Versions/A/Frameworks/Metadata.framework/Versions/A/Metadata
0x0000000005485000 	/System/Library/Frameworks/CoreServices.framework/Versions/A/Frameworks/OSServices.framework/Versions/A/OSServices
0x0000000005485000 	/System/Library/Frameworks/CoreServices.framework/Versions/A/Frameworks/SearchKit.framework/Versions/A/SearchKit
0x0000000005485000 	/System/Library/Frameworks/CoreServices.framework/Versions/A/Frameworks/AE.framework/Versions/A/AE
0x0000000005485000 	/System/Library/Frameworks/CoreServices.framework/Versions/A/Frameworks/LaunchServices.framework/Versions/A/LaunchServices
0x0000000005485000 	/System/Library/Frameworks/CoreServices.framework/Versions/A/Frameworks/DictionaryServices.framework/Versions/A/DictionaryServices
0x0000000005485000 	/System/Library/Frameworks/CoreServices.framework/Versions/A/Frameworks/SharedFileList.framework/Versions/A/SharedFileList
0x0000000005485000 	/System/Library/Frameworks/NetFS.framework/Versions/A/NetFS
0x0000000005485000 	/System/Library/PrivateFrameworks/NetAuth.framework/Versions/A/NetAuth
0x0000000005485000 	/System/Library/PrivateFrameworks/login.framework/Versions/A/Frameworks/loginsupport.framework/Versions/A/loginsupport
0x0000000005485000 	/System/Library/PrivateFrameworks/TCC.framework/Versions/A/TCC
0x0000000005485000 	/usr/lib/libmecabra.dylib
0x0000000005485000 	/System/Library/Frameworks/ApplicationServices.framework/Versions/A/Frameworks/ATS.framework/Versions/A/ATS
0x0000000005485000 	/System/Library/Frameworks/ApplicationServices.framework/Versions/A/Frameworks/ColorSync.framework/Versions/A/ColorSync
0x0000000005485000 	/System/Library/Frameworks/ApplicationServices.framework/Versions/A/Frameworks/HIServices.framework/Versions/A/HIServices
0x0000000005485000 	/System/Library/Frameworks/ApplicationServices.framework/Versions/A/Frameworks/LangAnalysis.framework/Versions/A/LangAnalysis
0x0000000005485000 	/System/Library/Frameworks/ApplicationServices.framework/Versions/A/Frameworks/PrintCore.framework/Versions/A/PrintCore
0x0000000005485000 	/System/Library/Frameworks/ApplicationServices.framework/Versions/A/Frameworks/QD.framework/Versions/A/QD
0x0000000005485000 	/System/Library/Frameworks/ApplicationServices.framework/Versions/A/Frameworks/SpeechSynthesis.framework/Versions/A/SpeechSynthesis
0x0000000005485000 	/System/Library/Frameworks/Metal.framework/Versions/A/Metal
0x0000000005485000 	/System/Library/Frameworks/Accelerate.framework/Versions/A/Frameworks/vImage.framework/Versions/A/vImage
0x0000000005485000 	/System/Library/Frameworks/Accelerate.framework/Versions/A/Frameworks/vecLib.framework/Versions/A/vecLib
0x0000000005485000 	/System/Library/Frameworks/Accelerate.framework/Versions/A/Frameworks/vecLib.framework/Versions/A/libvDSP.dylib
0x0000000005485000 	/System/Library/Frameworks/Accelerate.framework/Versions/A/Frameworks/vecLib.framework/Versions/A/libvMisc.dylib
0x0000000005485000 	/System/Library/Frameworks/Accelerate.framework/Versions/A/Frameworks/vecLib.framework/Versions/A/libLAPACK.dylib
0x0000000005485000 	/System/Library/Frameworks/Accelerate.framework/Versions/A/Frameworks/vecLib.framework/Versions/A/libBLAS.dylib
0x0000000005485000 	/System/Library/Frameworks/Accelerate.framework/Versions/A/Frameworks/vecLib.framework/Versions/A/libLinearAlgebra.dylib
0x0000000005485000 	/System/Library/Frameworks/Accelerate.framework/Versions/A/Frameworks/vecLib.framework/Versions/A/libSparseBLAS.dylib
0x0000000005485000 	/System/Library/PrivateFrameworks/GPUCompiler.framework/libmetal_timestamp.dylib
0x0000000005485000 	/System/Library/Frameworks/OpenGL.framework/Versions/A/Libraries/libCoreFSCache.dylib
0x0000000005485000 	/System/Library/PrivateFrameworks/IOAccelerator.framework/Versions/A/IOAccelerator
0x0000000005485000 	/System/Library/Frameworks/ApplicationServices.framework/Versions/A/Frameworks/ATS.framework/Versions/A/Resources/libFontParser.dylib
0x0000000005485000 	/System/Library/Frameworks/ApplicationServices.framework/Versions/A/Frameworks/ATS.framework/Versions/A/Resources/libFontRegistry.dylib
0x0000000005485000 	/System/Library/PrivateFrameworks/AppleVPA.framework/Versions/A/AppleVPA
0x0000000005485000 	/System/Library/PrivateFrameworks/AppleJPEG.framework/Versions/A/AppleJPEG
0x0000000005485000 	/System/Library/Frameworks/ImageIO.framework/Versions/A/Resources/libJPEG.dylib
0x0000000005485000 	/System/Library/Frameworks/ImageIO.framework/Versions/A/Resources/libTIFF.dylib
0x0000000005485000 	/System/Library/Frameworks/ImageIO.framework/Versions/A/Resources/libPng.dylib
0x0000000005485000 	/System/Library/Frameworks/ImageIO.framework/Versions/A/Resources/libGIF.dylib
0x0000000005485000 	/System/Library/Frameworks/ImageIO.framework/Versions/A/Resources/libJP2.dylib
0x0000000005485000 	/System/Library/Frameworks/ImageIO.framework/Versions/A/Resources/libRadiance.dylib
0x0000000005485000 	/System/Library/Frameworks/CoreVideo.framework/Versions/A/CoreVideo
0x0000000005485000 	/System/Library/Frameworks/OpenGL.framework/Versions/A/Libraries/libGLU.dylib
0x0000000005485000 	/System/Library/Frameworks/OpenGL.framework/Versions/A/Libraries/libGFXShared.dylib
0x0000000005485000 	/System/Library/Frameworks/OpenGL.framework/Versions/A/Libraries/libGL.dylib
0x0000000005485000 	/System/Library/Frameworks/OpenGL.framework/Versions/A/Libraries/libGLImage.dylib
0x0000000005485000 	/System/Library/Frameworks/OpenGL.framework/Versions/A/Libraries/libCVMSPluginSupport.dylib
0x0000000005485000 	/System/Library/Frameworks/OpenGL.framework/Versions/A/Libraries/libCoreVMClient.dylib
0x0000000005485000 	/usr/lib/libcompression.dylib
0x0000000005485000 	/usr/lib/libcups.2.dylib
0x0000000005485000 	/System/Library/Frameworks/Kerberos.framework/Versions/A/Kerberos
0x0000000005485000 	/System/Library/Frameworks/GSS.framework/Versions/A/GSS
0x0000000005485000 	/usr/lib/libresolv.9.dylib
0x0000000005485000 	/usr/lib/libiconv.2.dylib
0x0000000005485000 	/System/Library/PrivateFrameworks/Heimdal.framework/Versions/A/Heimdal
0x0000000005485000 	/usr/lib/libheimdal-asn1.dylib
0x0000000005485000 	/System/Library/Frameworks/OpenDirectory.framework/Versions/A/OpenDirectory
0x0000000005485000 	/System/Library/PrivateFrameworks/CommonAuth.framework/Versions/A/CommonAuth
0x0000000005485000 	/System/Library/Frameworks/OpenDirectory.framework/Versions/A/Frameworks/CFOpenDirectory.framework/Versions/A/CFOpenDirectory
0x0000000005485000 	/System/Library/Frameworks/SecurityFoundation.framework/Versions/A/SecurityFoundation
0x0000000005485000 	/System/Library/PrivateFrameworks/LanguageModeling.framework/Versions/A/LanguageModeling
0x0000000005485000 	/usr/lib/libmarisa.dylib
0x0000000005485000 	/usr/lib/libChineseTokenizer.dylib
0x0000000005485000 	/usr/lib/libcmph.dylib
0x0000000005485000 	/System/Library/Frameworks/ServiceManagement.framework/Versions/A/ServiceManagement
0x0000000005485000 	/usr/lib/libxslt.1.dylib
0x0000000005485000 	/System/Library/Frameworks/Carbon.framework/Versions/A/Frameworks/Ink.framework/Versions/A/Ink
0x0000000005485000 	/usr/lib/libFosl_dynamic.dylib
0x0000000005485000 	/System/Library/PrivateFrameworks/FaceCore.framework/Versions/A/FaceCore
0x0000000005485000 	/System/Library/Frameworks/OpenCL.framework/Versions/A/OpenCL
0x0000000005485000 	/System/Library/PrivateFrameworks/CrashReporterSupport.framework/Versions/A/CrashReporterSupport
0x0000000005485000 	/System/Library/PrivateFrameworks/IconServices.framework/Versions/A/IconServices
0x0000000005485000 	/System/Library/PrivateFrameworks/Apple80211.framework/Versions/A/Apple80211
0x0000000005485000 	/System/Library/Frameworks/CoreWLAN.framework/Versions/A/CoreWLAN
0x0000000005485000 	/System/Library/Frameworks/IOBluetooth.framework/Versions/A/IOBluetooth
0x0000000005485000 	/System/Library/PrivateFrameworks/CoreWiFi.framework/Versions/A/CoreWiFi
0x0000000005485000 	/System/Library/Frameworks/CoreBluetooth.framework/Versions/A/CoreBluetooth
0x0000000005485000 	/System/Library/PrivateFrameworks/ChunkingLibrary.framework/Versions/A/ChunkingLibrary
0x0000000005485000 	/System/Library/PrivateFrameworks/DebugSymbols.framework/Versions/A/DebugSymbols
0x0000000005485000 	/System/Library/PrivateFrameworks/CoreSymbolication.framework/Versions/A/CoreSymbolication
0x0000000005485000 	/System/Library/PrivateFrameworks/Symbolication.framework/Versions/A/Symbolication
0x0000000005485000 	/System/Library/PrivateFrameworks/SpeechRecognitionCore.framework/Versions/A/SpeechRecognitionCore
0x0000000110600000 	/Library/Java/JavaVirtualMachines/jdk1.8.0_101.jdk/Contents/Home/jre/lib/server/libjvm.dylib
0x0000000005485000 	/usr/lib/libstdc++.6.dylib
0x000000010fd82000 	/Library/Java/JavaVirtualMachines/jdk1.8.0_101.jdk/Contents/Home/jre/lib/libverify.dylib
0x000000010fd90000 	/Library/Java/JavaVirtualMachines/jdk1.8.0_101.jdk/Contents/Home/jre/lib/libjava.dylib
0x000000010fdcf000 	/Library/Java/JavaVirtualMachines/jdk1.8.0_101.jdk/Contents/Home/jre/lib/libzip.dylib
0x0000000124983000 	/System/Library/Frameworks/JavaVM.framework/Frameworks/JavaRuntimeSupport.framework/JavaRuntimeSupport
0x000000012499e000 	/System/Library/Frameworks/JavaVM.framework/Versions/A/Frameworks/JavaNativeFoundation.framework/Versions/A/JavaNativeFoundation
0x000000010fded000 	/System/Library/Frameworks/JavaVM.framework/Versions/A/JavaVM
0x0000000005485000 	/System/Library/Frameworks/Carbon.framework/Versions/A/Carbon
0x00000001249b3000 	/System/Library/PrivateFrameworks/JavaLaunching.framework/Versions/A/JavaLaunching
0x0000000005485000 	/System/Library/Frameworks/Carbon.framework/Versions/A/Frameworks/CommonPanels.framework/Versions/A/CommonPanels
0x0000000005485000 	/System/Library/Frameworks/Carbon.framework/Versions/A/Frameworks/Help.framework/Versions/A/Help
0x0000000005485000 	/System/Library/Frameworks/Carbon.framework/Versions/A/Frameworks/ImageCapture.framework/Versions/A/ImageCapture
0x0000000005485000 	/System/Library/Frameworks/Carbon.framework/Versions/A/Frameworks/OpenScripting.framework/Versions/A/OpenScripting
0x0000000005485000 	/System/Library/Frameworks/Carbon.framework/Versions/A/Frameworks/Print.framework/Versions/A/Print
0x0000000005485000 	/System/Library/Frameworks/Carbon.framework/Versions/A/Frameworks/SecurityHI.framework/Versions/A/SecurityHI
0x00000001262d2000 	/Library/Java/JavaVirtualMachines/jdk1.8.0_101.jdk/Contents/Home/jre/lib/libawt.dylib
0x000000012637a000 	/Library/Java/JavaVirtualMachines/jdk1.8.0_101.jdk/Contents/Home/jre/lib/./libmlib_image.dylib
0x0000000126446000 	/Library/Java/JavaVirtualMachines/jdk1.8.0_101.jdk/Contents/Home/jre/lib/libawt_lwawt.dylib
0x00000001264fb000 	/Library/Java/JavaVirtualMachines/jdk1.8.0_101.jdk/Contents/Home/jre/lib/./libosxapp.dylib
0x0000000005485000 	/System/Library/Frameworks/ExceptionHandling.framework/Versions/A/ExceptionHandling
0x0000000005485000 	/System/Library/PrivateFrameworks/CoreServicesInternal.framework/Versions/A/CoreServicesInternal
0x0000000005485000 	/System/Library/Frameworks/CoreGraphics.framework/Versions/A/Resources/libRIP.A.dylib
0x0000000005485000 	/System/Library/Frameworks/Accelerate.framework/Versions/A/Frameworks/vImage.framework/Versions/A/Libraries/libCGInterfaces.dylib
0x0000000005485000 	/System/Library/Frameworks/CoreGraphics.framework/Versions/A/Resources/libCGXType.A.dylib
0x0000000005485000 	/System/Library/Frameworks/OpenCL.framework/Versions/A/Libraries/libcldcpuengine.dylib
0x0000000005485000 	/System/Library/PrivateFrameworks/DiskImages.framework/Versions/A/DiskImages
0x0000000005485000 	/System/Library/Frameworks/DiscRecording.framework/Versions/A/DiscRecording
0x0000000005485000 	/usr/lib/libcsfde.dylib
0x0000000005485000 	/usr/lib/libcurl.4.dylib
0x0000000005485000 	/System/Library/PrivateFrameworks/MediaKit.framework/Versions/A/MediaKit
0x0000000005485000 	/System/Library/PrivateFrameworks/ProtectedCloudStorage.framework/Versions/A/ProtectedCloudStorage
0x0000000005485000 	/usr/lib/libCoreStorage.dylib
0x0000000005485000 	/System/Library/PrivateFrameworks/EFILogin.framework/Versions/A/EFILogin
0x0000000005485000 	/usr/lib/libutil.dylib
0x0000000005485000 	/System/Library/PrivateFrameworks/FindMyDevice.framework/Versions/A/FindMyDevice
0x0000000005485000 	/System/Library/Frameworks/LDAP.framework/Versions/A/LDAP
0x0000000005485000 	/usr/lib/libsasl2.2.dylib
0x0000000005485000 	/System/Library/PrivateFrameworks/CoreDaemon.framework/Versions/B/CoreDaemon
0x0000000005485000 	/usr/lib/libcrypto.0.9.8.dylib
0x0000000005485000 	/System/Library/PrivateFrameworks/AppleSRP.framework/Versions/A/AppleSRP
0x0000000005485000 	/System/Library/PrivateFrameworks/TrustEvaluationAgent.framework/Versions/A/TrustEvaluationAgent
0x0000000127d8b000 	cl_kernels
0x0000000005485000 	/System/Library/Frameworks/OpenCL.framework/Versions/A/Libraries/ImageFormats/unorm8_bgra.dylib
0x0000000005485000 	/System/Library/Frameworks/OpenCL.framework/Versions/A/Libraries/ImageFormats/unorm8_rgba.dylib
0x0000000005485000 	/System/Library/PrivateFrameworks/FamilyControls.framework/Versions/A/FamilyControls
0x0000000005485000 	/System/Library/PrivateFrameworks/CommerceKit.framework/Versions/A/Frameworks/CommerceCore.framework/Versions/A/CommerceCore
0x0000000005485000 	/System/Library/PrivateFrameworks/SystemAdministration.framework/Versions/A/SystemAdministration
0x0000000005485000 	/System/Library/PrivateFrameworks/AppContainer.framework/Versions/A/AppContainer
0x0000000005485000 	/System/Library/PrivateFrameworks/SecCodeWrapper.framework/Versions/A/SecCodeWrapper
0x0000000005485000 	/System/Library/Frameworks/DirectoryService.framework/Versions/A/DirectoryService
0x0000000005485000 	/System/Library/PrivateFrameworks/LoginUIKit.framework/Versions/A/Frameworks/LoginUICore.framework/Versions/A/LoginUICore
0x0000000005485000 	/usr/lib/libodfde.dylib
0x0000000005485000 	/System/Library/Frameworks/OpenGL.framework/Versions/A/Resources/GLEngine.bundle/GLEngine
0x0000000005485000 	/System/Library/Frameworks/OpenGL.framework/Versions/A/Libraries/libGLProgrammability.dylib
0x0000000128dc8000 	/System/Library/Extensions/AppleIntelHD4000GraphicsGLDriver.bundle/Contents/MacOS/AppleIntelHD4000GraphicsGLDriver
0x0000000005485000 	/System/Library/PrivateFrameworks/GPUSupport.framework/Versions/A/Libraries/libGPUSupportMercury.dylib
0x0000000005485000 	/System/Library/Frameworks/OpenGL.framework/Versions/A/Resources/GLRendererFloat.bundle/GLRendererFloat
0x0000000129d2e000 	/Library/Java/JavaVirtualMachines/jdk1.8.0_101.jdk/Contents/Home/jre/lib/libfontmanager.dylib
0x000000012b1ef000 	/Library/Java/JavaVirtualMachines/jdk1.8.0_101.jdk/Contents/Home/jre/lib/libosxui.dylib
0x000000012bceb000 	/Library/Java/JavaVirtualMachines/jdk1.8.0_101.jdk/Contents/Home/jre/lib/libnet.dylib
0x000000012bf33000 	/Library/Java/JavaVirtualMachines/jdk1.8.0_101.jdk/Contents/Home/jre/lib/libnio.dylib
0x0000000005485000 	/System/Library/Frameworks/ApplicationServices.framework/Versions/A/Frameworks/ATS.framework/Versions/A/Resources/libTrueTypeScaler.dylib
0x000000017cdfe000 	/System/Library/Extensions/AppleIntelHD4000GraphicsMTLDriver.bundle/Contents/MacOS/AppleIntelHD4000GraphicsMTLDriver
0x000000012736e000 	/private/var/folders/df/q331szgs0rs63dmvvv6sk8180000gn/T/jogamp_0000/file_cache/jln5946034547706306824/jln4311446629681697404/libgluegen-rt.jnilib
0x0000000127373000 	/private/var/folders/df/q331szgs0rs63dmvvv6sk8180000gn/T/jogamp_0000/file_cache/jln5946034547706306824/jln4311446629681697404/libnativewindow_awt.jnilib
0x0000000127376000 	/Library/Java/JavaVirtualMachines/jdk1.8.0_101.jdk/Contents/Home/jre/lib/libjawt.dylib
0x000000017cd5a000 	/private/var/folders/df/q331szgs0rs63dmvvv6sk8180000gn/T/jogamp_0000/file_cache/jln5946034547706306824/jln4311446629681697404/libnativewindow_macosx.jnilib
0x000000017ed87000 	/private/var/folders/df/q331szgs0rs63dmvvv6sk8180000gn/T/jogamp_0000/file_cache/jln5946034547706306824/jln4311446629681697404/libjogl_desktop.jnilib
0x000000018151a000 	/Library/Java/JavaVirtualMachines/jdk1.8.0_101.jdk/Contents/Home/jre/lib/libsunec.dylib
0x00000001811d6000 	/Library/Java/JavaVirtualMachines/jdk1.8.0_101.jdk/Contents/Home/jre/lib/libt2k.dylib

VM Arguments:
jvm_args: -Djava.security.policy=java.policy.applet -Dfile.encoding=UTF-8 
java_command: sun.applet.AppletViewer module6.EarthquakeCityMap1496630909877.html
java_class_path (initial): /Users/Ryan/Documents/workspaceCoursera/UCSDUnfoldingMaps/build:/Users/Ryan/Documents/workspaceCoursera/UCSDUnfoldingMaps/lib/core.jar:/Users/Ryan/Documents/workspaceCoursera/UCSDUnfoldingMaps/lib/gluegen-rt.jar:/Users/Ryan/Documents/workspaceCoursera/UCSDUnfoldingMaps/lib/jogl-all.jar:/Users/Ryan/Documents/workspaceCoursera/UCSDUnfoldingMaps/lib/log4j-1.2.15.jar:/Users/Ryan/Documents/workspaceCoursera/UCSDUnfoldingMaps/lib/sqlite-jdbc-3.7.2.jar:/Users/Ryan/Documents/workspaceCoursera/UCSDUnfoldingMaps/lib/json4processing.jar:/Users/Ryan/Documents/workspaceCoursera/UCSDUnfoldingMaps/lib/libTUIO.jar:/Users/Ryan/Documents/workspaceCoursera/UCSDUnfoldingMaps/lib/unfolding.0.9.7-uscd.jar
Launcher Type: SUN_STANDARD

Environment Variables:
PATH=/usr/bin:/bin:/usr/sbin:/sbin
SHELL=/bin/bash
DISPLAY=/private/tmp/com.apple.launchd.ULRZtvESmK/org.macosforge.xquartz:0

Signal Handlers:
SIGSEGV: [libjvm.dylib+0x5af145], sa_mask[0]=11111111011111110111111111111111, sa_flags=SA_ONSTACK|SA_RESTART|SA_SIGINFO
SIGBUS: [libjvm.dylib+0x5af145], sa_mask[0]=11111111011111110111111111111111, sa_flags=SA_RESTART|SA_SIGINFO
SIGFPE: [libjvm.dylib+0x48694c], sa_mask[0]=11111111011111110111111111111111, sa_flags=SA_RESTART|SA_SIGINFO
SIGPIPE: [libjvm.dylib+0x48694c], sa_mask[0]=11111111011111110111111111111111, sa_flags=SA_RESTART|SA_SIGINFO
SIGXFSZ: [libjvm.dylib+0x48694c], sa_mask[0]=11111111011111110111111111111111, sa_flags=SA_RESTART|SA_SIGINFO
SIGILL: [libjvm.dylib+0x48694c], sa_mask[0]=11111111011111110111111111111111, sa_flags=SA_RESTART|SA_SIGINFO
SIGUSR1: SIG_DFL, sa_mask[0]=00000000000000000000000000000000, sa_flags=none
SIGUSR2: [libjvm.dylib+0x48646a], sa_mask[0]=00100000000000000000000000000000, sa_flags=SA_RESTART|SA_SIGINFO
SIGHUP: [libjvm.dylib+0x484a41], sa_mask[0]=11111111011111110111111111111111, sa_flags=SA_RESTART|SA_SIGINFO
SIGINT: [libjvm.dylib+0x484a41], sa_mask[0]=11111111011111110111111111111111, sa_flags=SA_RESTART|SA_SIGINFO
SIGTERM: [libjvm.dylib+0x484a41], sa_mask[0]=11111111011111110111111111111111, sa_flags=SA_RESTART|SA_SIGINFO
SIGQUIT: [libjvm.dylib+0x484a41], sa_mask[0]=11111111011111110111111111111111, sa_flags=SA_RESTART|SA_SIGINFO


---------------  S Y S T E M  ---------------

OS:Bsduname:Darwin 15.6.0 Darwin Kernel Version 15.6.0: Thu Jun 23 18:25:34 PDT 2016; root:xnu-3248.60.10~1/RELEASE_X86_64 x86_64
rlimit: STACK 8192k, CORE 0k, NPROC 709, NOFILE 10240, AS infinity
load average:2.63 2.39 2.43

CPU:total 4 (2 cores per cpu, 2 threads per core) family 6 model 58 stepping 9, cmov, cx8, fxsr, mmx, sse, sse2, sse3, ssse3, sse4.1, sse4.2, popcnt, avx, aes, clmul, erms, ht, tsc, tscinvbit, tscinv

Memory: 4k page, physical 4194304k(80468k free)

/proc/meminfo:


vm_info: Java HotSpot(TM) 64-Bit Server VM (25.101-b13) for bsd-amd64 JRE (1.8.0_101-b13), built on Jun 22 2016 02:42:15 by "java_re" with gcc 4.2.1 (Based on Apple Inc. build 5658) (LLVM build 2336.11.00)

time: Sun Jun  4 22:49:01 2017
elapsed time: 31 seconds (0d 0h 0m 31s)

