#
# A fatal error has been detected by the Java Runtime Environment:
#
#  SIGSEGV (0xb) at pc=0x00007fff8b7c74dd, pid=31288, tid=0x0000000000000a0b
#
# JRE version: Java(TM) SE Runtime Environment (8.0_101-b13) (build 1.8.0_101-b13)
# Java VM: Java HotSpot(TM) 64-Bit Server VM (25.101-b13 mixed mode bsd-amd64 compressed oops)
# Problematic frame:
# C  [libobjc.A.dylib+0x14dd]  objc_msgSend+0x1d
#
# Failed to write core dump. Core dumps have been disabled. To enable core dumping, try "ulimit -c unlimited" before starting Java again
#
# If you would like to submit a bug report, please visit:
#   http://bugreport.java.com/bugreport/crash.jsp
# The crash happened outside the Java Virtual Machine in native code.
# See problematic frame for where to report the bug.
#

---------------  T H R E A D  ---------------

Current thread (0x00007ffc949b2800):  JavaThread "AWT-AppKit" daemon [_thread_in_native, id=2571, stack(0x00007fff55cd9000,0x00007fff564d9000)]

siginfo: si_signo: 11 (SIGSEGV), si_code: 1 (SEGV_MAPERR), si_addr: 0x0000000000000018

Registers:
RAX=0x00007ffc93ecea00, RBX=0x0000000176986450, RCX=0x0000000124b02840, RDX=0x0000000124b02980
RSP=0x00007fff564d43f8, RBP=0x00007fff564d44b0, RSI=0x00007fff85a09cbe, RDI=0x00007ffc98ab00f0
R8 =0x0000000000000000, R9 =0x00000000000008b0, R10=0x00007fff85a09cbe, R11=0x0000000000000000
R12=0x0000000000000000, R13=0x0000000178b23950, R14=0x0000000176986440, R15=0x00007ffc949b2800
RIP=0x00007fff8b7c74dd, EFLAGS=0x0000000000010246, ERR=0x0000000000000004
  TRAPNO=0x000000000000000e

Top of Stack: (sp=0x00007fff564d43f8)
0x00007fff564d43f8:   0000000176984157 00007fff564d4450
0x00007fff564d4408:   0000000000000003 00007fff564d4430
0x00007fff564d4418:   0000000109b958e6 0000000178b23950
0x00007fff564d4428:   0000000178b23950 00007ffc93ecea00
0x00007fff564d4438:   00000001769866a0 0000000176986710
0x00007fff564d4448:   00007fff779c6770 00007fff757ae500
0x00007fff564d4458:   0000000176986450 0000000176986690
0x00007fff564d4468:   00007ffc93ecea00 00007ffc98ab00f0
0x00007fff564d4478:   00007ffc98ae2560 00007ffc93ecea00
0x00007fff564d4488:   00007ffc98ab00f0 00007fff564d4538
0x00007fff564d4498:   00007ffc949b29f8 0000000178b23950
0x00007fff564d44a8:   00007fff564d4560 00007fff564d4528
0x00007fff564d44b8:   000000010b2179d4 0000000178b23950
0x00007fff564d44c8:   00007fff564d4560 00007fff564d4528
0x00007fff564d44d8:   000000010b217767 000000010b217722
0x00007fff564d44e8:   00007fff564d44e8 0000000178b23950
0x00007fff564d44f8:   00007fff564d4560 0000000178b26588
0x00007fff564d4508:   0000000000000000 0000000178b23950
0x00007fff564d4518:   0000000000000000 00007fff564d4548
0x00007fff564d4528:   00007fff564d45a8 000000010b2082bd
0x00007fff564d4538:   0000000780253c28 000000010b211538
0x00007fff564d4548:   00007ffc93ecea00 00007fff564d45a8
0x00007fff564d4558:   00007ffc98ab00f0 000000010b212e02
0x00007fff564d4568:   00007fff564d4568 0000000178b23b1a
0x00007fff564d4578:   00007fff564d45d0 0000000178b26588
0x00007fff564d4588:   0000000000000000 0000000178b23b28
0x00007fff564d4598:   00007fff564d4548 00007fff564d45b8
0x00007fff564d45a8:   00007fff564d4618 000000010b2082bd
0x00007fff564d45b8:   00007ffc93ecea00 00000007806db738
0x00007fff564d45c8:   00007ffc98ab00f0 00000007806db738
0x00007fff564d45d8:   00007fff564d45d8 000000017d6e9c26
0x00007fff564d45e8:   00007fff564d4628 000000017d6e9ce0 

Instructions: (pc=0x00007fff8b7c74dd)
0x00007fff8b7c74bd:   44 00 00 48 85 ff 2e 74 62 40 f6 c7 01 2e 75 66
0x00007fff8b7c74cd:   49 bb f8 ff ff ff ff 7f 00 00 4c 23 1f 49 89 f2
0x00007fff8b7c74dd:   45 23 53 18 49 c1 e2 04 4d 03 53 10 49 3b 32 75
0x00007fff8b7c74ed:   04 41 ff 62 08 49 83 3a 01 76 0d 49 83 c2 10 49 

Register to memory mapping:

RAX=0x00007ffc93ecea00 is an unknown value
RBX=0x0000000176986450: Java_jogamp_nativewindow_macosx_OSXUtil_GetScreenRefreshRate0+0x1cf0 in /private/var/folders/df/q331szgs0rs63dmvvv6sk8180000gn/T/jogamp_0000/file_cache/jln5747554549625081530/jln1713881737076035346/libnativewindow_macosx.jnilib at 0x000000017697f000
RCX=0x0000000124b02840 is an unknown value
RDX=0x0000000124b02980 is an unknown value
RSP=0x00007fff564d43f8 is pointing into the stack for thread: 0x00007ffc949b2800
RBP=0x00007fff564d44b0 is pointing into the stack for thread: 0x00007ffc949b2800
RSI=0x00007fff85a09cbe is an unknown value
RDI=0x00007ffc98ab00f0 is an unknown value
R8 =0x0000000000000000 is an unknown value
R9 =0x00000000000008b0 is an unknown value
R10=0x00007fff85a09cbe is an unknown value
R11=0x0000000000000000 is an unknown value
R12=0x0000000000000000 is an unknown value
R13={method} {0x0000000178b23950} 'UnsetJAWTRootSurfaceLayer0' '(JJ)V' in 'jogamp/nativewindow/jawt/macosx/MacOSXJAWTWindow'
R14=0x0000000176986440: Java_jogamp_nativewindow_macosx_OSXUtil_GetScreenRefreshRate0+0x1ce0 in /private/var/folders/df/q331szgs0rs63dmvvv6sk8180000gn/T/jogamp_0000/file_cache/jln5747554549625081530/jln1713881737076035346/libnativewindow_macosx.jnilib at 0x000000017697f000
R15=0x00007ffc949b2800 is a thread


Stack: [0x00007fff55cd9000,0x00007fff564d9000],  sp=0x00007fff564d43f8,  free space=8172k
Native frames: (J=compiled Java code, j=interpreted, Vv=VM code, C=native code)
C  [libobjc.A.dylib+0x14dd]  objc_msgSend+0x1d
j  jogamp.nativewindow.jawt.macosx.MacOSXJAWTWindow.UnsetJAWTRootSurfaceLayer0(JJ)V+0
j  jogamp.nativewindow.jawt.macosx.MacOSXJAWTWindow.access$200(JJ)V+2
j  jogamp.nativewindow.jawt.macosx.MacOSXJAWTWindow$1.run()V+38
j  com.jogamp.common.util.RunnableTask.run()V+24
v  ~StubRoutines::call_stub
V  [libjvm.dylib+0x2ecf06]  JavaCalls::call_helper(JavaValue*, methodHandle*, JavaCallArguments*, Thread*)+0x6ae
V  [libjvm.dylib+0x324111]  jni_invoke_nonstatic(JNIEnv_*, JavaValue*, _jobject*, JNICallType, _jmethodID*, JNI_ArgumentPusher*, Thread*)+0x2ec
V  [libjvm.dylib+0x3168df]  jni_CallVoidMethod+0x16b
C  [libnativewindow_macosx.jnilib+0x5326]  Java_jogamp_nativewindow_jawt_macosx_MacOSXJAWTWindow_UnsetJAWTRootSurfaceLayer0+0x2b6
C  [Foundation+0x76fde]  __NSThreadPerformPerform+0x117
C  [CoreFoundation+0xaa881]  __CFRUNLOOP_IS_CALLING_OUT_TO_A_SOURCE0_PERFORM_FUNCTION__+0x11
C  [CoreFoundation+0x89fbc]  __CFRunLoopDoSources0+0x22c
C  [CoreFoundation+0x894df]  __CFRunLoopRun+0x39f
C  [CoreFoundation+0x88ed8]  CFRunLoopRunSpecific+0x128
C  [HIToolbox+0x30935]  RunCurrentEventLoopInMode+0xeb
C  [HIToolbox+0x30677]  ReceiveNextEventCommon+0xb8
C  [HIToolbox+0x305af]  _BlockUntilNextEventMatchingListInModeWithFilter+0x47
C  [AppKit+0x48df6]  _DPSNextEvent+0x42b
C  [AppKit+0x48226]  -[NSApplication _nextEventMatchingEventMask:untilDate:inMode:dequeue:]+0x1c6
C  [libosxapp.dylib+0x23aa]  -[NSApplicationAWT nextEventMatchingMask:untilDate:inMode:dequeue:]+0x7c
C  [AppKit+0x3cd80]  -[NSApplication run]+0x2aa
C  [libosxapp.dylib+0x214d]  +[NSApplicationAWT runAWTLoopWithApp:]+0x9c
C  [libawt_lwawt.dylib+0x444b3]  -[AWTStarter starter:]+0x389
C  [Foundation+0x76fde]  __NSThreadPerformPerform+0x117
C  [CoreFoundation+0xaa881]  __CFRUNLOOP_IS_CALLING_OUT_TO_A_SOURCE0_PERFORM_FUNCTION__+0x11
C  [CoreFoundation+0x89fbc]  __CFRunLoopDoSources0+0x22c
C  [CoreFoundation+0x894df]  __CFRunLoopRun+0x39f
C  [CoreFoundation+0x88ed8]  CFRunLoopRunSpecific+0x128
C  [java+0x6465]  CreateExecutionEnvironment+0x367
C  [java+0x218c]  JLI_Launch+0x7a0
C  [java+0x84c2]  main+0x65
C  [java+0x19e4]  start+0x34
C  0x0000000000000007

Java frames: (J=compiled Java code, j=interpreted, Vv=VM code)
j  jogamp.nativewindow.jawt.macosx.MacOSXJAWTWindow.UnsetJAWTRootSurfaceLayer0(JJ)V+0
j  jogamp.nativewindow.jawt.macosx.MacOSXJAWTWindow.access$200(JJ)V+2
j  jogamp.nativewindow.jawt.macosx.MacOSXJAWTWindow$1.run()V+38
j  com.jogamp.common.util.RunnableTask.run()V+24
v  ~StubRoutines::call_stub

---------------  P R O C E S S  ---------------

Java Threads: ( => current thread )
  0x00007ffc94597800 JavaThread "Thread-19" [_thread_blocked, id=33443, stack(0x000070000104a000,0x000070000114a000)]
  0x00007ffc94369800 JavaThread "AWT-EventQueue-1" [_thread_in_native, id=59675, stack(0x0000700001868000,0x0000700001968000)]
  0x00007ffc941ea800 JavaThread "DestroyJavaVM" [_thread_blocked, id=5891, stack(0x000070000011a000,0x000070000021a000)]
  0x00007ffc958fa800 JavaThread "AWT-EventQueue-0" [_thread_blocked, id=57091, stack(0x0000700001662000,0x0000700001762000)]
  0x00007ffc95078800 JavaThread "Java2D Disposer" daemon [_thread_blocked, id=53767, stack(0x00007000013d9000,0x00007000014d9000)]
  0x00007ffc94a01800 JavaThread "Java2D Queue Flusher" daemon [_thread_blocked, id=49671, stack(0x00007000012d6000,0x00007000013d6000)]
  0x00007ffc95884000 JavaThread "AWT-Shutdown" [_thread_blocked, id=26711, stack(0x0000700001150000,0x0000700001250000)]
=>0x00007ffc949b2800 JavaThread "AWT-AppKit" daemon [_thread_in_native, id=2571, stack(0x00007fff55cd9000,0x00007fff564d9000)]
  0x00007ffc95018800 JavaThread "Service Thread" daemon [_thread_blocked, id=18691, stack(0x0000700000e44000,0x0000700000f44000)]
  0x00007ffc95844000 JavaThread "C1 CompilerThread2" daemon [_thread_blocked, id=18179, stack(0x0000700000d41000,0x0000700000e41000)]
  0x00007ffc95840000 JavaThread "C2 CompilerThread1" daemon [_thread_blocked, id=17667, stack(0x0000700000c3e000,0x0000700000d3e000)]
  0x00007ffc94005000 JavaThread "C2 CompilerThread0" daemon [_thread_blocked, id=17155, stack(0x0000700000b3b000,0x0000700000c3b000)]
  0x00007ffc9481f000 JavaThread "Signal Dispatcher" daemon [_thread_blocked, id=12815, stack(0x0000700000a38000,0x0000700000b38000)]
  0x00007ffc94012000 JavaThread "Finalizer" daemon [_thread_blocked, id=12291, stack(0x000070000082f000,0x000070000092f000)]
  0x00007ffc95832800 JavaThread "Reference Handler" daemon [_thread_blocked, id=11779, stack(0x000070000072c000,0x000070000082c000)]

Other Threads:
  0x00007ffc9582e000 VMThread [stack: 0x0000700000629000,0x0000700000729000] [id=11267]
  0x00007ffc95800000 WatcherThread [stack: 0x0000700000f47000,0x0000700001047000] [id=19203]

VM state:not at safepoint (normal execution)

VM Mutex/Monitor currently owned by a thread: None

Heap:
 PSYoungGen      total 69120K, used 24216K [0x00000007aab00000, 0x00000007afe00000, 0x00000007c0000000)
  eden space 66560K, 32% used [0x00000007aab00000,0x00000007ac03e220,0x00000007aec00000)
  from space 2560K, 96% used [0x00000007aee80000,0x00000007af0e8060,0x00000007af100000)
  to   space 9216K, 0% used [0x00000007af500000,0x00000007af500000,0x00000007afe00000)
 ParOldGen       total 38400K, used 17946K [0x0000000780000000, 0x0000000782580000, 0x00000007aab00000)
  object space 38400K, 46% used [0x0000000780000000,0x0000000781186bc0,0x0000000782580000)
 Metaspace       used 24060K, capacity 24311K, committed 24576K, reserved 1071104K
  class space    used 2371K, capacity 2452K, committed 2560K, reserved 1048576K

Card table byte_map: [0x000000011a5c0000,0x000000011a7c1000] byte_map_base: 0x00000001169c0000

Marking Bits: (ParMarkBitMap*) 0x000000010a290d20
 Begin Bits: [0x000000011a917000, 0x000000011b917000)
 End Bits:   [0x000000011b917000, 0x000000011c917000)

Polling page: 0x000000010a987000

CodeCache: size=245760Kb used=10580Kb max_used=10592Kb free=235179Kb
 bounds [0x000000010b200000, 0x000000010bc70000, 0x000000011a200000]
 total_blobs=3962 nmethods=3043 adapters=832
 compilation: enabled

Compilation events (10 events):
Event: 161.782 Thread 0x00007ffc95844000 3376       3       sun.lwawt.macosx.CPlatformWindow::getTopmostPlatformWindowUnderMouse (4 bytes)
Event: 161.782 Thread 0x00007ffc95844000 nmethod 3376 0x000000010b897590 code [0x000000010b897700, 0x000000010b897888]
Event: 161.783 Thread 0x00007ffc95844000 3378       3       sun.lwawt.LWWindowPeer::generateMouseEnterExitEventsForComponents (141 bytes)
Event: 161.785 Thread 0x00007ffc95844000 nmethod 3378 0x000000010bc5f9d0 code [0x000000010bc5fbe0, 0x000000010bc60e58]
Event: 163.496 Thread 0x00007ffc95844000 3379       1       java.awt.Component::isEnabledImpl (5 bytes)
Event: 163.496 Thread 0x00007ffc95844000 nmethod 3379 0x000000010b897290 code [0x000000010b8973e0, 0x000000010b8974f0]
Event: 163.497 Thread 0x00007ffc95840000 3380       4       sun.java2d.SurfaceData::pixelFor (13 bytes)
Event: 163.499 Thread 0x00007ffc95840000 nmethod 3380 0x000000010bc643d0 code [0x000000010bc64520, 0x000000010bc645f8]
Event: 163.505 Thread 0x00007ffc94005000 3381       4       sun.java2d.SunGraphics2D::translate (68 bytes)
Event: 163.507 Thread 0x00007ffc94005000 nmethod 3381 0x000000010bc62b50 code [0x000000010bc62ca0, 0x000000010bc62dc8]

GC Heap History (10 events):
Event: 99.913 GC heap before
{Heap before GC invocations=14 (full 1):
 PSYoungGen      total 88064K, used 81792K [0x00000007aab00000, 0x00000007b0d80000, 0x00000007c0000000)
  eden space 79360K, 100% used [0x00000007aab00000,0x00000007af880000,0x00000007af880000)
  from space 8704K, 27% used [0x00000007b0500000,0x00000007b0760060,0x00000007b0d80000)
  to   space 10752K, 0% used [0x00000007af880000,0x00000007af880000,0x00000007b0300000)
 ParOldGen       total 38400K, used 17930K [0x0000000780000000, 0x0000000782580000, 0x00000007aab00000)
  object space 38400K, 46% used [0x0000000780000000,0x0000000781182bc0,0x0000000782580000)
 Metaspace       used 23997K, capacity 24247K, committed 24576K, reserved 1071104K
  class space    used 2363K, capacity 2452K, committed 2560K, reserved 1048576K
Event: 99.921 GC heap after
Heap after GC invocations=14 (full 1):
 PSYoungGen      total 79360K, used 2432K [0x00000007aab00000, 0x00000007b0b00000, 0x00000007c0000000)
  eden space 76800K, 0% used [0x00000007aab00000,0x00000007aab00000,0x00000007af600000)
  from space 2560K, 95% used [0x00000007af880000,0x00000007afae0060,0x00000007afb00000)
  to   space 10752K, 0% used [0x00000007b0080000,0x00000007b0080000,0x00000007b0b00000)
 ParOldGen       total 38400K, used 17930K [0x0000000780000000, 0x0000000782580000, 0x00000007aab00000)
  object space 38400K, 46% used [0x0000000780000000,0x0000000781182bc0,0x0000000782580000)
 Metaspace       used 23997K, capacity 24247K, committed 24576K, reserved 1071104K
  class space    used 2363K, capacity 2452K, committed 2560K, reserved 1048576K
}
Event: 115.709 GC heap before
{Heap before GC invocations=15 (full 1):
 PSYoungGen      total 79360K, used 79232K [0x00000007aab00000, 0x00000007b0b00000, 0x00000007c0000000)
  eden space 76800K, 100% used [0x00000007aab00000,0x00000007af600000,0x00000007af600000)
  from space 2560K, 95% used [0x00000007af880000,0x00000007afae0060,0x00000007afb00000)
  to   space 10752K, 0% used [0x00000007b0080000,0x00000007b0080000,0x00000007b0b00000)
 ParOldGen       total 38400K, used 17930K [0x0000000780000000, 0x0000000782580000, 0x00000007aab00000)
  object space 38400K, 46% used [0x0000000780000000,0x0000000781182bc0,0x0000000782580000)
 Metaspace       used 23997K, capacity 24247K, committed 24576K, reserved 1071104K
  class space    used 2363K, capacity 2452K, committed 2560K, reserved 1048576K
Event: 115.716 GC heap after
Heap after GC invocations=15 (full 1):
 PSYoungGen      total 81408K, used 2464K [0x00000007aab00000, 0x00000007b0780000, 0x00000007c0000000)
  eden space 74240K, 0% used [0x00000007aab00000,0x00000007aab00000,0x00000007af380000)
  from space 7168K, 34% used [0x00000007b0080000,0x00000007b02e8060,0x00000007b0780000)
  to   space 10240K, 0% used [0x00000007af380000,0x00000007af380000,0x00000007afd80000)
 ParOldGen       total 38400K, used 17938K [0x0000000780000000, 0x0000000782580000, 0x00000007aab00000)
  object space 38400K, 46% used [0x0000000780000000,0x0000000781184bc0,0x0000000782580000)
 Metaspace       used 23997K, capacity 24247K, committed 24576K, reserved 1071104K
  class space    used 2363K, capacity 2452K, committed 2560K, reserved 1048576K
}
Event: 131.189 GC heap before
{Heap before GC invocations=16 (full 1):
 PSYoungGen      total 81408K, used 76704K [0x00000007aab00000, 0x00000007b0780000, 0x00000007c0000000)
  eden space 74240K, 100% used [0x00000007aab00000,0x00000007af380000,0x00000007af380000)
  from space 7168K, 34% used [0x00000007b0080000,0x00000007b02e8060,0x00000007b0780000)
  to   space 10240K, 0% used [0x00000007af380000,0x00000007af380000,0x00000007afd80000)
 ParOldGen       total 38400K, used 17938K [0x0000000780000000, 0x0000000782580000, 0x00000007aab00000)
  object space 38400K, 46% used [0x0000000780000000,0x0000000781184bc0,0x0000000782580000)
 Metaspace       used 23999K, capacity 24247K, committed 24576K, reserved 1071104K
  class space    used 2363K, capacity 2452K, committed 2560K, reserved 1048576K
Event: 131.194 GC heap after
Heap after GC invocations=16 (full 1):
 PSYoungGen      total 74240K, used 2432K [0x00000007aab00000, 0x00000007b0400000, 0x00000007c0000000)
  eden space 71680K, 0% used [0x00000007aab00000,0x00000007aab00000,0x00000007af100000)
  from space 2560K, 95% used [0x00000007af380000,0x00000007af5e0060,0x00000007af600000)
  to   space 9728K, 0% used [0x00000007afa80000,0x00000007afa80000,0x00000007b0400000)
 ParOldGen       total 38400K, used 17938K [0x0000000780000000, 0x0000000782580000, 0x00000007aab00000)
  object space 38400K, 46% used [0x0000000780000000,0x0000000781184bc0,0x0000000782580000)
 Metaspace       used 23999K, capacity 24247K, committed 24576K, reserved 1071104K
  class space    used 2363K, capacity 2452K, committed 2560K, reserved 1048576K
}
Event: 145.824 GC heap before
{Heap before GC invocations=17 (full 1):
 PSYoungGen      total 74240K, used 74112K [0x00000007aab00000, 0x00000007b0400000, 0x00000007c0000000)
  eden space 71680K, 100% used [0x00000007aab00000,0x00000007af100000,0x00000007af100000)
  from space 2560K, 95% used [0x00000007af380000,0x00000007af5e0060,0x00000007af600000)
  to   space 9728K, 0% used [0x00000007afa80000,0x00000007afa80000,0x00000007b0400000)
 ParOldGen       total 38400K, used 17938K [0x0000000780000000, 0x0000000782580000, 0x00000007aab00000)
  object space 38400K, 46% used [0x0000000780000000,0x0000000781184bc0,0x0000000782580000)
 Metaspace       used 23999K, capacity 24247K, committed 24576K, reserved 1071104K
  class space    used 2363K, capacity 2452K, committed 2560K, reserved 1048576K
Event: 145.829 GC heap after
Heap after GC invocations=17 (full 1):
 PSYoungGen      total 75264K, used 2464K [0x00000007aab00000, 0x00000007b0080000, 0x00000007c0000000)
  eden space 69120K, 0% used [0x00000007aab00000,0x00000007aab00000,0x00000007aee80000)
  from space 6144K, 40% used [0x00000007afa80000,0x00000007afce8060,0x00000007b0080000)
  to   space 9216K, 0% used [0x00000007aee80000,0x00000007aee80000,0x00000007af780000)
 ParOldGen       total 38400K, used 17938K [0x0000000780000000, 0x0000000782580000, 0x00000007aab00000)
  object space 38400K, 46% used [0x0000000780000000,0x0000000781184bc0,0x0000000782580000)
 Metaspace       used 23999K, capacity 24247K, committed 24576K, reserved 1071104K
  class space    used 2363K, capacity 2452K, committed 2560K, reserved 1048576K
}
Event: 160.124 GC heap before
{Heap before GC invocations=18 (full 1):
 PSYoungGen      total 75264K, used 71584K [0x00000007aab00000, 0x00000007b0080000, 0x00000007c0000000)
  eden space 69120K, 100% used [0x00000007aab00000,0x00000007aee80000,0x00000007aee80000)
  from space 6144K, 40% used [0x00000007afa80000,0x00000007afce8060,0x00000007b0080000)
  to   space 9216K, 0% used [0x00000007aee80000,0x00000007aee80000,0x00000007af780000)
 ParOldGen       total 38400K, used 17938K [0x0000000780000000, 0x0000000782580000, 0x00000007aab00000)
  object space 38400K, 46% used [0x0000000780000000,0x0000000781184bc0,0x0000000782580000)
 Metaspace       used 24008K, capacity 24247K, committed 24576K, reserved 1071104K
  class space    used 2363K, capacity 2452K, committed 2560K, reserved 1048576K
Event: 160.129 GC heap after
Heap after GC invocations=18 (full 1):
 PSYoungGen      total 69120K, used 2464K [0x00000007aab00000, 0x00000007afe00000, 0x00000007c0000000)
  eden space 66560K, 0% used [0x00000007aab00000,0x00000007aab00000,0x00000007aec00000)
  from space 2560K, 96% used [0x00000007aee80000,0x00000007af0e8060,0x00000007af100000)
  to   space 9216K, 0% used [0x00000007af500000,0x00000007af500000,0x00000007afe00000)
 ParOldGen       total 38400K, used 17946K [0x0000000780000000, 0x0000000782580000, 0x00000007aab00000)
  object space 38400K, 46% used [0x0000000780000000,0x0000000781186bc0,0x0000000782580000)
 Metaspace       used 24008K, capacity 24247K, committed 24576K, reserved 1071104K
  class space    used 2363K, capacity 2452K, committed 2560K, reserved 1048576K
}

Deoptimization events (10 events):
Event: 163.545 Thread 0x00007ffc94a3f000 Uncommon trap: reason=class_check action=maybe_recompile pc=0x000000010b68a92c method=java.util.HashMap.putVal(ILjava/lang/Object;Ljava/lang/Object;ZZ)Ljava/lang/Object; @ 91
Event: 163.545 Thread 0x00007ffc94a3f000 Uncommon trap: reason=class_check action=maybe_recompile pc=0x000000010b68a92c method=java.util.HashMap.putVal(ILjava/lang/Object;Ljava/lang/Object;ZZ)Ljava/lang/Object; @ 91
Event: 163.545 Thread 0x00007ffc94a3f000 Uncommon trap: reason=class_check action=maybe_recompile pc=0x000000010b6aa4c0 method=java.util.HashMap.putVal(ILjava/lang/Object;Ljava/lang/Object;ZZ)Ljava/lang/Object; @ 91
Event: 163.546 Thread 0x00007ffc958fa800 Uncommon trap: reason=class_check action=maybe_recompile pc=0x000000010bc56d34 method=java.awt.event.InvocationEvent.dispatch()V @ 47
Event: 163.546 Thread 0x00007ffc958fa800 Uncommon trap: reason=class_check action=maybe_recompile pc=0x000000010b8f269c method=java.awt.Component.getGraphics()Ljava/awt/Graphics; @ 114
Event: 163.548 Thread 0x00007ffc949b2800 Uncommon trap: reason=class_check action=maybe_recompile pc=0x000000010b48f9c0 method=com.jogamp.common.util.RunnableTask.run()V @ 24
Event: 163.549 Thread 0x00007ffc949b2800 Uncommon trap: reason=unstable_if action=reinterpret pc=0x000000010b841fbc method=jogamp.nativewindow.macosx.OSXUtil.RunOnMainThread(ZZLjava/lang/Runnable;)V @ 3
Event: 163.557 Thread 0x00007ffc94369800 Uncommon trap: reason=unstable_if action=reinterpret pc=0x000000010b860310 method=jogamp.opengl.GLContextImpl.release(Z)V @ 161
Event: 163.564 Thread 0x00007ffc949b2800 Uncommon trap: reason=class_check action=maybe_recompile pc=0x000000010b48f9c0 method=com.jogamp.common.util.RunnableTask.run()V @ 24
Event: 163.565 Thread 0x00007ffc958fa800 Uncommon trap: reason=unstable_if action=reinterpret pc=0x000000010b9a1f78 method=java.awt.font.FontRenderContext.equals(Ljava/awt/font/FontRenderContext;)Z @ 2

Internal exceptions (10 events):
Event: 0.511 Thread 0x00007ffc9480b000 Exception <a 'java/lang/NoSuchFieldError': method resolution failed> (0x00000007aacbf468) thrown at [/HUDSON3/workspace/8-2-build-macosx-x86_64/jdk8u101/7261/hotspot/src/share/vm/prims/methodHandles.cpp, line 1146]
Event: 1.346 Thread 0x00007ffc9480b000 Exception <a 'java/io/FileNotFoundException'> (0x00000007aad3ade0) thrown at [/HUDSON3/workspace/8-2-build-macosx-x86_64/jdk8u101/7261/hotspot/src/share/vm/prims/jni.cpp, line 709]
Event: 1.346 Thread 0x00007ffc9480b000 Exception <a 'java/io/FileNotFoundException'> (0x00000007aad3b940) thrown at [/HUDSON3/workspace/8-2-build-macosx-x86_64/jdk8u101/7261/hotspot/src/share/vm/prims/jni.cpp, line 709]
Event: 1.566 Thread 0x00007ffc9480b000 Exception <a 'java/io/FileNotFoundException'> (0x00000007aae22c10) thrown at [/HUDSON3/workspace/8-2-build-macosx-x86_64/jdk8u101/7261/hotspot/src/share/vm/prims/jni.cpp, line 709]
Event: 3.978 Thread 0x00007ffc94012000 Exception <a 'java/lang/NullPointerException'> (0x00000007aab84cd0) thrown at [/HUDSON3/workspace/8-2-build-macosx-x86_64/jdk8u101/7261/hotspot/src/share/vm/interpreter/linkResolver.cpp, line 1178]
Event: 4.098 Thread 0x00007ffc94c6c000 Exception <a 'java/lang/UnsatisfiedLinkError': com.jogamp.common.util.JarUtil.fixNativeLibAttribs(Ljava/lang/String;)Z> (0x00000007aaea3dd8) thrown at [/HUDSON3/workspace/8-2-build-macosx-x86_64/jdk8u101/7261/hotspot/src/share/vm/prims/nativeLookup.cpp, l
Event: 5.307 Thread 0x00007ffc94369800 Exception <a 'java/io/FileNotFoundException'> (0x00000007ab13a748) thrown at [/HUDSON3/workspace/8-2-build-macosx-x86_64/jdk8u101/7261/hotspot/src/share/vm/prims/jni.cpp, line 709]
Event: 5.308 Thread 0x00007ffc94369800 Exception <a 'java/io/FileNotFoundException'> (0x00000007ab140c20) thrown at [/HUDSON3/workspace/8-2-build-macosx-x86_64/jdk8u101/7261/hotspot/src/share/vm/prims/jni.cpp, line 709]
Event: 5.308 Thread 0x00007ffc94369800 Implicit null exception at 0x000000010b3b17b5 to 0x000000010b3b1b2d
Event: 163.529 Thread 0x00007ffc94369800 Implicit null exception at 0x000000010b632784 to 0x000000010b632a85

Events (10 events):
Event: 163.564 loading class java/awt/event/AWTEventListenerProxy
Event: 163.564 loading class java/awt/event/AWTEventListenerProxy done
Event: 163.564 loading class java/awt/Toolkit$ToolkitEventMulticaster
Event: 163.564 Thread 0x00007ffc949b2800 Uncommon trap: trap_request=0xffffffde fr.pc=0x000000010b48f9c0
Event: 163.564 Thread 0x00007ffc949b2800 DEOPT PACKING pc=0x000000010b48f9c0 sp=0x00007fff564d4670
Event: 163.564 Thread 0x00007ffc949b2800 DEOPT UNPACKING pc=0x000000010b205229 sp=0x00007fff564d4618 mode 2
Event: 163.565 loading class java/awt/Toolkit$ToolkitEventMulticaster done
Event: 163.565 Thread 0x00007ffc958fa800 Uncommon trap: trap_request=0xffffff65 fr.pc=0x000000010b9a1f78
Event: 163.565 Thread 0x00007ffc958fa800 DEOPT PACKING pc=0x000000010b9a1f78 sp=0x000070000175f600
Event: 163.565 Thread 0x00007ffc958fa800 DEOPT UNPACKING pc=0x000000010b205229 sp=0x000070000175f5d0 mode 2


Dynamic libraries:
0x0000000005485000 	/System/Library/Frameworks/Cocoa.framework/Versions/A/Cocoa
0x0000000005485000 	/System/Library/Frameworks/Security.framework/Versions/A/Security
0x0000000005485000 	/System/Library/Frameworks/ApplicationServices.framework/Versions/A/ApplicationServices
0x0000000005485000 	/usr/lib/libz.1.dylib
0x0000000005485000 	/usr/lib/libSystem.B.dylib
0x0000000005485000 	/usr/lib/libobjc.A.dylib
0x0000000005485000 	/System/Library/Frameworks/CoreFoundation.framework/Versions/A/CoreFoundation
0x0000000005485000 	/System/Library/Frameworks/Foundation.framework/Versions/C/Foundation
0x0000000005485000 	/System/Library/Frameworks/AppKit.framework/Versions/C/AppKit
0x0000000005485000 	/System/Library/Frameworks/CoreData.framework/Versions/A/CoreData
0x0000000005485000 	/System/Library/PrivateFrameworks/RemoteViewServices.framework/Versions/A/RemoteViewServices
0x0000000005485000 	/System/Library/PrivateFrameworks/UIFoundation.framework/Versions/A/UIFoundation
0x0000000005485000 	/usr/lib/libScreenReader.dylib
0x0000000005485000 	/System/Library/Frameworks/Accelerate.framework/Versions/A/Accelerate
0x0000000005485000 	/System/Library/Frameworks/IOSurface.framework/Versions/A/IOSurface
0x0000000005485000 	/System/Library/Frameworks/AudioToolbox.framework/Versions/A/AudioToolbox
0x0000000005485000 	/System/Library/Frameworks/AudioUnit.framework/Versions/A/AudioUnit
0x0000000005485000 	/System/Library/PrivateFrameworks/DataDetectorsCore.framework/Versions/A/DataDetectorsCore
0x0000000005485000 	/System/Library/PrivateFrameworks/DesktopServicesPriv.framework/Versions/A/DesktopServicesPriv
0x0000000005485000 	/System/Library/Frameworks/Carbon.framework/Versions/A/Frameworks/HIToolbox.framework/Versions/A/HIToolbox
0x0000000005485000 	/System/Library/Frameworks/QuartzCore.framework/Versions/A/QuartzCore
0x0000000005485000 	/System/Library/Frameworks/Carbon.framework/Versions/A/Frameworks/SpeechRecognition.framework/Versions/A/SpeechRecognition
0x0000000005485000 	/usr/lib/libauto.dylib
0x0000000005485000 	/usr/lib/libicucore.A.dylib
0x0000000005485000 	/usr/lib/libxml2.2.dylib
0x0000000005485000 	/System/Library/PrivateFrameworks/CoreUI.framework/Versions/A/CoreUI
0x0000000005485000 	/System/Library/Frameworks/CoreAudio.framework/Versions/A/CoreAudio
0x0000000005485000 	/System/Library/Frameworks/DiskArbitration.framework/Versions/A/DiskArbitration
0x0000000005485000 	/usr/lib/liblangid.dylib
0x0000000005485000 	/System/Library/PrivateFrameworks/MultitouchSupport.framework/Versions/A/MultitouchSupport
0x0000000005485000 	/System/Library/Frameworks/IOKit.framework/Versions/A/IOKit
0x0000000005485000 	/usr/lib/libDiagnosticMessagesClient.dylib
0x0000000005485000 	/System/Library/Frameworks/CoreServices.framework/Versions/A/CoreServices
0x0000000005485000 	/System/Library/PrivateFrameworks/PerformanceAnalysis.framework/Versions/A/PerformanceAnalysis
0x0000000005485000 	/System/Library/PrivateFrameworks/GenerationalStorage.framework/Versions/A/GenerationalStorage
0x0000000005485000 	/System/Library/Frameworks/OpenGL.framework/Versions/A/OpenGL
0x0000000005485000 	/System/Library/PrivateFrameworks/Sharing.framework/Versions/A/Sharing
0x0000000005485000 	/System/Library/Frameworks/CoreGraphics.framework/Versions/A/CoreGraphics
0x0000000005485000 	/System/Library/Frameworks/CoreImage.framework/Versions/A/CoreImage
0x0000000005485000 	/System/Library/Frameworks/CoreText.framework/Versions/A/CoreText
0x0000000005485000 	/System/Library/Frameworks/ImageIO.framework/Versions/A/ImageIO
0x0000000005485000 	/System/Library/PrivateFrameworks/Backup.framework/Versions/A/Backup
0x0000000005485000 	/usr/lib/libextension.dylib
0x0000000005485000 	/usr/lib/libarchive.2.dylib
0x0000000005485000 	/System/Library/Frameworks/CFNetwork.framework/Versions/A/CFNetwork
0x0000000005485000 	/System/Library/Frameworks/SystemConfiguration.framework/Versions/A/SystemConfiguration
0x0000000005485000 	/usr/lib/libCRFSuite.dylib
0x0000000005485000 	/usr/lib/libc++.1.dylib
0x0000000005485000 	/usr/lib/libc++abi.dylib
0x0000000005485000 	/usr/lib/system/libcache.dylib
0x0000000005485000 	/usr/lib/system/libcommonCrypto.dylib
0x0000000005485000 	/usr/lib/system/libcompiler_rt.dylib
0x0000000005485000 	/usr/lib/system/libcopyfile.dylib
0x0000000005485000 	/usr/lib/system/libcorecrypto.dylib
0x0000000005485000 	/usr/lib/system/libdispatch.dylib
0x0000000005485000 	/usr/lib/system/libdyld.dylib
0x0000000005485000 	/usr/lib/system/libkeymgr.dylib
0x0000000005485000 	/usr/lib/system/liblaunch.dylib
0x0000000005485000 	/usr/lib/system/libmacho.dylib
0x0000000005485000 	/usr/lib/system/libquarantine.dylib
0x0000000005485000 	/usr/lib/system/libremovefile.dylib
0x0000000005485000 	/usr/lib/system/libsystem_asl.dylib
0x0000000005485000 	/usr/lib/system/libsystem_blocks.dylib
0x0000000005485000 	/usr/lib/system/libsystem_c.dylib
0x0000000005485000 	/usr/lib/system/libsystem_configuration.dylib
0x0000000005485000 	/usr/lib/system/libsystem_coreservices.dylib
0x0000000005485000 	/usr/lib/system/libsystem_coretls.dylib
0x0000000005485000 	/usr/lib/system/libsystem_dnssd.dylib
0x0000000005485000 	/usr/lib/system/libsystem_info.dylib
0x0000000005485000 	/usr/lib/system/libsystem_kernel.dylib
0x0000000005485000 	/usr/lib/system/libsystem_m.dylib
0x0000000005485000 	/usr/lib/system/libsystem_malloc.dylib
0x0000000005485000 	/usr/lib/system/libsystem_network.dylib
0x0000000005485000 	/usr/lib/system/libsystem_networkextension.dylib
0x0000000005485000 	/usr/lib/system/libsystem_notify.dylib
0x0000000005485000 	/usr/lib/system/libsystem_platform.dylib
0x0000000005485000 	/usr/lib/system/libsystem_pthread.dylib
0x0000000005485000 	/usr/lib/system/libsystem_sandbox.dylib
0x0000000005485000 	/usr/lib/system/libsystem_secinit.dylib
0x0000000005485000 	/usr/lib/system/libsystem_trace.dylib
0x0000000005485000 	/usr/lib/system/libunc.dylib
0x0000000005485000 	/usr/lib/system/libunwind.dylib
0x0000000005485000 	/usr/lib/system/libxpc.dylib
0x0000000005485000 	/usr/lib/libenergytrace.dylib
0x0000000005485000 	/usr/lib/libbsm.0.dylib
0x0000000005485000 	/usr/lib/system/libkxld.dylib
0x0000000005485000 	/usr/lib/libxar.1.dylib
0x0000000005485000 	/usr/lib/libsqlite3.dylib
0x0000000005485000 	/usr/lib/libpam.2.dylib
0x0000000005485000 	/usr/lib/libOpenScriptingUtil.dylib
0x0000000005485000 	/usr/lib/libbz2.1.0.dylib
0x0000000005485000 	/usr/lib/liblzma.5.dylib
0x0000000005485000 	/System/Library/Frameworks/CoreServices.framework/Versions/A/Frameworks/FSEvents.framework/Versions/A/FSEvents
0x0000000005485000 	/System/Library/Frameworks/CoreServices.framework/Versions/A/Frameworks/CarbonCore.framework/Versions/A/CarbonCore
0x0000000005485000 	/System/Library/Frameworks/CoreServices.framework/Versions/A/Frameworks/Metadata.framework/Versions/A/Metadata
0x0000000005485000 	/System/Library/Frameworks/CoreServices.framework/Versions/A/Frameworks/OSServices.framework/Versions/A/OSServices
0x0000000005485000 	/System/Library/Frameworks/CoreServices.framework/Versions/A/Frameworks/SearchKit.framework/Versions/A/SearchKit
0x0000000005485000 	/System/Library/Frameworks/CoreServices.framework/Versions/A/Frameworks/AE.framework/Versions/A/AE
0x0000000005485000 	/System/Library/Frameworks/CoreServices.framework/Versions/A/Frameworks/LaunchServices.framework/Versions/A/LaunchServices
0x0000000005485000 	/System/Library/Frameworks/CoreServices.framework/Versions/A/Frameworks/DictionaryServices.framework/Versions/A/DictionaryServices
0x0000000005485000 	/System/Library/Frameworks/CoreServices.framework/Versions/A/Frameworks/SharedFileList.framework/Versions/A/SharedFileList
0x0000000005485000 	/System/Library/Frameworks/NetFS.framework/Versions/A/NetFS
0x0000000005485000 	/System/Library/PrivateFrameworks/NetAuth.framework/Versions/A/NetAuth
0x0000000005485000 	/System/Library/PrivateFrameworks/login.framework/Versions/A/Frameworks/loginsupport.framework/Versions/A/loginsupport
0x0000000005485000 	/System/Library/PrivateFrameworks/TCC.framework/Versions/A/TCC
0x0000000005485000 	/usr/lib/libmecabra.dylib
0x0000000005485000 	/System/Library/Frameworks/ApplicationServices.framework/Versions/A/Frameworks/ATS.framework/Versions/A/ATS
0x0000000005485000 	/System/Library/Frameworks/ApplicationServices.framework/Versions/A/Frameworks/ColorSync.framework/Versions/A/ColorSync
0x0000000005485000 	/System/Library/Frameworks/ApplicationServices.framework/Versions/A/Frameworks/HIServices.framework/Versions/A/HIServices
0x0000000005485000 	/System/Library/Frameworks/ApplicationServices.framework/Versions/A/Frameworks/LangAnalysis.framework/Versions/A/LangAnalysis
0x0000000005485000 	/System/Library/Frameworks/ApplicationServices.framework/Versions/A/Frameworks/PrintCore.framework/Versions/A/PrintCore
0x0000000005485000 	/System/Library/Frameworks/ApplicationServices.framework/Versions/A/Frameworks/QD.framework/Versions/A/QD
0x0000000005485000 	/System/Library/Frameworks/ApplicationServices.framework/Versions/A/Frameworks/SpeechSynthesis.framework/Versions/A/SpeechSynthesis
0x0000000005485000 	/System/Library/Frameworks/Metal.framework/Versions/A/Metal
0x0000000005485000 	/System/Library/Frameworks/Accelerate.framework/Versions/A/Frameworks/vImage.framework/Versions/A/vImage
0x0000000005485000 	/System/Library/Frameworks/Accelerate.framework/Versions/A/Frameworks/vecLib.framework/Versions/A/vecLib
0x0000000005485000 	/System/Library/Frameworks/Accelerate.framework/Versions/A/Frameworks/vecLib.framework/Versions/A/libvDSP.dylib
0x0000000005485000 	/System/Library/Frameworks/Accelerate.framework/Versions/A/Frameworks/vecLib.framework/Versions/A/libvMisc.dylib
0x0000000005485000 	/System/Library/Frameworks/Accelerate.framework/Versions/A/Frameworks/vecLib.framework/Versions/A/libLAPACK.dylib
0x0000000005485000 	/System/Library/Frameworks/Accelerate.framework/Versions/A/Frameworks/vecLib.framework/Versions/A/libBLAS.dylib
0x0000000005485000 	/System/Library/Frameworks/Accelerate.framework/Versions/A/Frameworks/vecLib.framework/Versions/A/libLinearAlgebra.dylib
0x0000000005485000 	/System/Library/Frameworks/Accelerate.framework/Versions/A/Frameworks/vecLib.framework/Versions/A/libSparseBLAS.dylib
0x0000000005485000 	/System/Library/PrivateFrameworks/GPUCompiler.framework/libmetal_timestamp.dylib
0x0000000005485000 	/System/Library/Frameworks/OpenGL.framework/Versions/A/Libraries/libCoreFSCache.dylib
0x0000000005485000 	/System/Library/PrivateFrameworks/IOAccelerator.framework/Versions/A/IOAccelerator
0x0000000005485000 	/System/Library/Frameworks/ApplicationServices.framework/Versions/A/Frameworks/ATS.framework/Versions/A/Resources/libFontParser.dylib
0x0000000005485000 	/System/Library/Frameworks/ApplicationServices.framework/Versions/A/Frameworks/ATS.framework/Versions/A/Resources/libFontRegistry.dylib
0x0000000005485000 	/System/Library/PrivateFrameworks/AppleVPA.framework/Versions/A/AppleVPA
0x0000000005485000 	/System/Library/PrivateFrameworks/AppleJPEG.framework/Versions/A/AppleJPEG
0x0000000005485000 	/System/Library/Frameworks/ImageIO.framework/Versions/A/Resources/libJPEG.dylib
0x0000000005485000 	/System/Library/Frameworks/ImageIO.framework/Versions/A/Resources/libTIFF.dylib
0x0000000005485000 	/System/Library/Frameworks/ImageIO.framework/Versions/A/Resources/libPng.dylib
0x0000000005485000 	/System/Library/Frameworks/ImageIO.framework/Versions/A/Resources/libGIF.dylib
0x0000000005485000 	/System/Library/Frameworks/ImageIO.framework/Versions/A/Resources/libJP2.dylib
0x0000000005485000 	/System/Library/Frameworks/ImageIO.framework/Versions/A/Resources/libRadiance.dylib
0x0000000005485000 	/System/Library/Frameworks/CoreVideo.framework/Versions/A/CoreVideo
0x0000000005485000 	/System/Library/Frameworks/OpenGL.framework/Versions/A/Libraries/libGLU.dylib
0x0000000005485000 	/System/Library/Frameworks/OpenGL.framework/Versions/A/Libraries/libGFXShared.dylib
0x0000000005485000 	/System/Library/Frameworks/OpenGL.framework/Versions/A/Libraries/libGL.dylib
0x0000000005485000 	/System/Library/Frameworks/OpenGL.framework/Versions/A/Libraries/libGLImage.dylib
0x0000000005485000 	/System/Library/Frameworks/OpenGL.framework/Versions/A/Libraries/libCVMSPluginSupport.dylib
0x0000000005485000 	/System/Library/Frameworks/OpenGL.framework/Versions/A/Libraries/libCoreVMClient.dylib
0x0000000005485000 	/usr/lib/libcompression.dylib
0x0000000005485000 	/usr/lib/libcups.2.dylib
0x0000000005485000 	/System/Library/Frameworks/Kerberos.framework/Versions/A/Kerberos
0x0000000005485000 	/System/Library/Frameworks/GSS.framework/Versions/A/GSS
0x0000000005485000 	/usr/lib/libresolv.9.dylib
0x0000000005485000 	/usr/lib/libiconv.2.dylib
0x0000000005485000 	/System/Library/PrivateFrameworks/Heimdal.framework/Versions/A/Heimdal
0x0000000005485000 	/usr/lib/libheimdal-asn1.dylib
0x0000000005485000 	/System/Library/Frameworks/OpenDirectory.framework/Versions/A/OpenDirectory
0x0000000005485000 	/System/Library/PrivateFrameworks/CommonAuth.framework/Versions/A/CommonAuth
0x0000000005485000 	/System/Library/Frameworks/OpenDirectory.framework/Versions/A/Frameworks/CFOpenDirectory.framework/Versions/A/CFOpenDirectory
0x0000000005485000 	/System/Library/Frameworks/SecurityFoundation.framework/Versions/A/SecurityFoundation
0x0000000005485000 	/System/Library/PrivateFrameworks/LanguageModeling.framework/Versions/A/LanguageModeling
0x0000000005485000 	/usr/lib/libmarisa.dylib
0x0000000005485000 	/usr/lib/libChineseTokenizer.dylib
0x0000000005485000 	/usr/lib/libcmph.dylib
0x0000000005485000 	/System/Library/Frameworks/ServiceManagement.framework/Versions/A/ServiceManagement
0x0000000005485000 	/usr/lib/libxslt.1.dylib
0x0000000005485000 	/System/Library/Frameworks/Carbon.framework/Versions/A/Frameworks/Ink.framework/Versions/A/Ink
0x0000000005485000 	/usr/lib/libFosl_dynamic.dylib
0x0000000005485000 	/System/Library/PrivateFrameworks/FaceCore.framework/Versions/A/FaceCore
0x0000000005485000 	/System/Library/Frameworks/OpenCL.framework/Versions/A/OpenCL
0x0000000005485000 	/System/Library/PrivateFrameworks/CrashReporterSupport.framework/Versions/A/CrashReporterSupport
0x0000000005485000 	/System/Library/PrivateFrameworks/IconServices.framework/Versions/A/IconServices
0x0000000005485000 	/System/Library/PrivateFrameworks/Apple80211.framework/Versions/A/Apple80211
0x0000000005485000 	/System/Library/Frameworks/CoreWLAN.framework/Versions/A/CoreWLAN
0x0000000005485000 	/System/Library/Frameworks/IOBluetooth.framework/Versions/A/IOBluetooth
0x0000000005485000 	/System/Library/PrivateFrameworks/CoreWiFi.framework/Versions/A/CoreWiFi
0x0000000005485000 	/System/Library/Frameworks/CoreBluetooth.framework/Versions/A/CoreBluetooth
0x0000000005485000 	/System/Library/PrivateFrameworks/ChunkingLibrary.framework/Versions/A/ChunkingLibrary
0x0000000005485000 	/System/Library/PrivateFrameworks/DebugSymbols.framework/Versions/A/DebugSymbols
0x0000000005485000 	/System/Library/PrivateFrameworks/CoreSymbolication.framework/Versions/A/CoreSymbolication
0x0000000005485000 	/System/Library/PrivateFrameworks/Symbolication.framework/Versions/A/Symbolication
0x0000000005485000 	/System/Library/PrivateFrameworks/SpeechRecognitionCore.framework/Versions/A/SpeechRecognitionCore
0x00000001099a3000 	/Library/Java/JavaVirtualMachines/jdk1.8.0_101.jdk/Contents/Home/jre/lib/server/libjvm.dylib
0x0000000005485000 	/usr/lib/libstdc++.6.dylib
0x000000010a944000 	/Library/Java/JavaVirtualMachines/jdk1.8.0_101.jdk/Contents/Home/jre/lib/libverify.dylib
0x000000010a952000 	/Library/Java/JavaVirtualMachines/jdk1.8.0_101.jdk/Contents/Home/jre/lib/libjava.dylib
0x000000010a991000 	/Library/Java/JavaVirtualMachines/jdk1.8.0_101.jdk/Contents/Home/jre/lib/libzip.dylib
0x000000011e59e000 	/System/Library/Frameworks/JavaVM.framework/Frameworks/JavaRuntimeSupport.framework/JavaRuntimeSupport
0x000000011e5b9000 	/System/Library/Frameworks/JavaVM.framework/Versions/A/Frameworks/JavaNativeFoundation.framework/Versions/A/JavaNativeFoundation
0x000000011e5ce000 	/System/Library/Frameworks/JavaVM.framework/Versions/A/JavaVM
0x0000000005485000 	/System/Library/Frameworks/Carbon.framework/Versions/A/Carbon
0x000000011e5db000 	/System/Library/PrivateFrameworks/JavaLaunching.framework/Versions/A/JavaLaunching
0x0000000005485000 	/System/Library/Frameworks/Carbon.framework/Versions/A/Frameworks/CommonPanels.framework/Versions/A/CommonPanels
0x0000000005485000 	/System/Library/Frameworks/Carbon.framework/Versions/A/Frameworks/Help.framework/Versions/A/Help
0x0000000005485000 	/System/Library/Frameworks/Carbon.framework/Versions/A/Frameworks/ImageCapture.framework/Versions/A/ImageCapture
0x0000000005485000 	/System/Library/Frameworks/Carbon.framework/Versions/A/Frameworks/OpenScripting.framework/Versions/A/OpenScripting
0x0000000005485000 	/System/Library/Frameworks/Carbon.framework/Versions/A/Frameworks/Print.framework/Versions/A/Print
0x0000000005485000 	/System/Library/Frameworks/Carbon.framework/Versions/A/Frameworks/SecurityHI.framework/Versions/A/SecurityHI
0x000000011fefa000 	/Library/Java/JavaVirtualMachines/jdk1.8.0_101.jdk/Contents/Home/jre/lib/libawt.dylib
0x000000011ffa2000 	/Library/Java/JavaVirtualMachines/jdk1.8.0_101.jdk/Contents/Home/jre/lib/./libmlib_image.dylib
0x000000012006e000 	/Library/Java/JavaVirtualMachines/jdk1.8.0_101.jdk/Contents/Home/jre/lib/libawt_lwawt.dylib
0x0000000120123000 	/Library/Java/JavaVirtualMachines/jdk1.8.0_101.jdk/Contents/Home/jre/lib/./libosxapp.dylib
0x0000000005485000 	/System/Library/Frameworks/ExceptionHandling.framework/Versions/A/ExceptionHandling
0x0000000005485000 	/System/Library/PrivateFrameworks/CoreServicesInternal.framework/Versions/A/CoreServicesInternal
0x0000000005485000 	/System/Library/Frameworks/CoreGraphics.framework/Versions/A/Resources/libRIP.A.dylib
0x0000000005485000 	/System/Library/Frameworks/Accelerate.framework/Versions/A/Frameworks/vImage.framework/Versions/A/Libraries/libCGInterfaces.dylib
0x0000000005485000 	/System/Library/Frameworks/CoreGraphics.framework/Versions/A/Resources/libCGXType.A.dylib
0x0000000005485000 	/System/Library/Frameworks/OpenCL.framework/Versions/A/Libraries/libcldcpuengine.dylib
0x0000000005485000 	/System/Library/PrivateFrameworks/DiskImages.framework/Versions/A/DiskImages
0x0000000005485000 	/System/Library/Frameworks/DiscRecording.framework/Versions/A/DiscRecording
0x0000000005485000 	/usr/lib/libcsfde.dylib
0x0000000005485000 	/usr/lib/libcurl.4.dylib
0x0000000005485000 	/System/Library/PrivateFrameworks/MediaKit.framework/Versions/A/MediaKit
0x0000000005485000 	/System/Library/PrivateFrameworks/ProtectedCloudStorage.framework/Versions/A/ProtectedCloudStorage
0x0000000005485000 	/usr/lib/libCoreStorage.dylib
0x0000000005485000 	/System/Library/PrivateFrameworks/EFILogin.framework/Versions/A/EFILogin
0x0000000005485000 	/usr/lib/libutil.dylib
0x0000000005485000 	/System/Library/PrivateFrameworks/FindMyDevice.framework/Versions/A/FindMyDevice
0x0000000005485000 	/System/Library/Frameworks/LDAP.framework/Versions/A/LDAP
0x0000000005485000 	/usr/lib/libsasl2.2.dylib
0x0000000005485000 	/System/Library/PrivateFrameworks/CoreDaemon.framework/Versions/B/CoreDaemon
0x0000000005485000 	/usr/lib/libcrypto.0.9.8.dylib
0x0000000005485000 	/System/Library/PrivateFrameworks/AppleSRP.framework/Versions/A/AppleSRP
0x0000000005485000 	/System/Library/PrivateFrameworks/TrustEvaluationAgent.framework/Versions/A/TrustEvaluationAgent
0x0000000120cab000 	cl_kernels
0x0000000005485000 	/System/Library/Frameworks/OpenCL.framework/Versions/A/Libraries/ImageFormats/unorm8_bgra.dylib
0x0000000005485000 	/System/Library/Frameworks/OpenCL.framework/Versions/A/Libraries/ImageFormats/unorm8_rgba.dylib
0x0000000005485000 	/System/Library/PrivateFrameworks/FamilyControls.framework/Versions/A/FamilyControls
0x0000000005485000 	/System/Library/PrivateFrameworks/CommerceKit.framework/Versions/A/Frameworks/CommerceCore.framework/Versions/A/CommerceCore
0x0000000005485000 	/System/Library/PrivateFrameworks/SystemAdministration.framework/Versions/A/SystemAdministration
0x0000000005485000 	/System/Library/PrivateFrameworks/AppContainer.framework/Versions/A/AppContainer
0x0000000005485000 	/System/Library/PrivateFrameworks/SecCodeWrapper.framework/Versions/A/SecCodeWrapper
0x0000000005485000 	/System/Library/Frameworks/DirectoryService.framework/Versions/A/DirectoryService
0x0000000005485000 	/System/Library/PrivateFrameworks/LoginUIKit.framework/Versions/A/Frameworks/LoginUICore.framework/Versions/A/LoginUICore
0x0000000005485000 	/usr/lib/libodfde.dylib
0x0000000005485000 	/System/Library/Frameworks/OpenGL.framework/Versions/A/Resources/GLEngine.bundle/GLEngine
0x0000000005485000 	/System/Library/Frameworks/OpenGL.framework/Versions/A/Libraries/libGLProgrammability.dylib
0x00000001229f3000 	/System/Library/Extensions/AppleIntelHD4000GraphicsGLDriver.bundle/Contents/MacOS/AppleIntelHD4000GraphicsGLDriver
0x0000000005485000 	/System/Library/PrivateFrameworks/GPUSupport.framework/Versions/A/Libraries/libGPUSupportMercury.dylib
0x0000000005485000 	/System/Library/Frameworks/OpenGL.framework/Versions/A/Resources/GLRendererFloat.bundle/GLRendererFloat
0x0000000123971000 	/Library/Java/JavaVirtualMachines/jdk1.8.0_101.jdk/Contents/Home/jre/lib/libfontmanager.dylib
0x0000000124e14000 	/Library/Java/JavaVirtualMachines/jdk1.8.0_101.jdk/Contents/Home/jre/lib/libosxui.dylib
0x0000000125900000 	/Library/Java/JavaVirtualMachines/jdk1.8.0_101.jdk/Contents/Home/jre/lib/libnet.dylib
0x0000000125b48000 	/Library/Java/JavaVirtualMachines/jdk1.8.0_101.jdk/Contents/Home/jre/lib/libnio.dylib
0x0000000005485000 	/System/Library/Frameworks/ApplicationServices.framework/Versions/A/Frameworks/ATS.framework/Versions/A/Resources/libTrueTypeScaler.dylib
0x0000000176a19000 	/System/Library/Extensions/AppleIntelHD4000GraphicsMTLDriver.bundle/Contents/MacOS/AppleIntelHD4000GraphicsMTLDriver
0x0000000176975000 	/private/var/folders/df/q331szgs0rs63dmvvv6sk8180000gn/T/jogamp_0000/file_cache/jln5747554549625081530/jln1713881737076035346/libgluegen-rt.jnilib
0x0000000176979000 	/private/var/folders/df/q331szgs0rs63dmvvv6sk8180000gn/T/jogamp_0000/file_cache/jln5747554549625081530/jln1713881737076035346/libnativewindow_awt.jnilib
0x000000017697c000 	/Library/Java/JavaVirtualMachines/jdk1.8.0_101.jdk/Contents/Home/jre/lib/libjawt.dylib
0x000000017697f000 	/private/var/folders/df/q331szgs0rs63dmvvv6sk8180000gn/T/jogamp_0000/file_cache/jln5747554549625081530/jln1713881737076035346/libnativewindow_macosx.jnilib
0x00000001789d1000 	/private/var/folders/df/q331szgs0rs63dmvvv6sk8180000gn/T/jogamp_0000/file_cache/jln5747554549625081530/jln1713881737076035346/libjogl_desktop.jnilib
0x000000017b432000 	/Library/Java/JavaVirtualMachines/jdk1.8.0_101.jdk/Contents/Home/jre/lib/libsunec.dylib
0x0000000178d70000 	/Library/Java/JavaVirtualMachines/jdk1.8.0_101.jdk/Contents/Home/jre/lib/libt2k.dylib

VM Arguments:
jvm_args: -Djava.security.policy=java.policy.applet -Dfile.encoding=UTF-8 
java_command: sun.applet.AppletViewer module4.EarthquakeCityMap1495589427627.html
java_class_path (initial): /Users/Ryan/Documents/workspaceCoursera/UCSDUnfoldingMaps/build:/Users/Ryan/Documents/workspaceCoursera/UCSDUnfoldingMaps/lib/core.jar:/Users/Ryan/Documents/workspaceCoursera/UCSDUnfoldingMaps/lib/gluegen-rt.jar:/Users/Ryan/Documents/workspaceCoursera/UCSDUnfoldingMaps/lib/jogl-all.jar:/Users/Ryan/Documents/workspaceCoursera/UCSDUnfoldingMaps/lib/log4j-1.2.15.jar:/Users/Ryan/Documents/workspaceCoursera/UCSDUnfoldingMaps/lib/sqlite-jdbc-3.7.2.jar:/Users/Ryan/Documents/workspaceCoursera/UCSDUnfoldingMaps/lib/json4processing.jar:/Users/Ryan/Documents/workspaceCoursera/UCSDUnfoldingMaps/lib/libTUIO.jar:/Users/Ryan/Documents/workspaceCoursera/UCSDUnfoldingMaps/lib/unfolding.0.9.7-uscd.jar
Launcher Type: SUN_STANDARD

Environment Variables:
PATH=/usr/bin:/bin:/usr/sbin:/sbin
SHELL=/bin/bash
DISPLAY=/private/tmp/com.apple.launchd.ULRZtvESmK/org.macosforge.xquartz:0

Signal Handlers:
SIGSEGV: [libjvm.dylib+0x5af145], sa_mask[0]=11111111011111110111111111111111, sa_flags=SA_ONSTACK|SA_RESTART|SA_SIGINFO
SIGBUS: [libjvm.dylib+0x5af145], sa_mask[0]=11111111011111110111111111111111, sa_flags=SA_RESTART|SA_SIGINFO
SIGFPE: [libjvm.dylib+0x48694c], sa_mask[0]=11111111011111110111111111111111, sa_flags=SA_RESTART|SA_SIGINFO
SIGPIPE: [libjvm.dylib+0x48694c], sa_mask[0]=11111111011111110111111111111111, sa_flags=SA_RESTART|SA_SIGINFO
SIGXFSZ: [libjvm.dylib+0x48694c], sa_mask[0]=11111111011111110111111111111111, sa_flags=SA_RESTART|SA_SIGINFO
SIGILL: [libjvm.dylib+0x48694c], sa_mask[0]=11111111011111110111111111111111, sa_flags=SA_RESTART|SA_SIGINFO
SIGUSR1: SIG_DFL, sa_mask[0]=00000000000000000000000000000000, sa_flags=none
SIGUSR2: [libjvm.dylib+0x48646a], sa_mask[0]=00100000000000000000000000000000, sa_flags=SA_RESTART|SA_SIGINFO
SIGHUP: [libjvm.dylib+0x484a41], sa_mask[0]=11111111011111110111111111111111, sa_flags=SA_RESTART|SA_SIGINFO
SIGINT: [libjvm.dylib+0x484a41], sa_mask[0]=11111111011111110111111111111111, sa_flags=SA_RESTART|SA_SIGINFO
SIGTERM: [libjvm.dylib+0x484a41], sa_mask[0]=11111111011111110111111111111111, sa_flags=SA_RESTART|SA_SIGINFO
SIGQUIT: [libjvm.dylib+0x484a41], sa_mask[0]=11111111011111110111111111111111, sa_flags=SA_RESTART|SA_SIGINFO


---------------  S Y S T E M  ---------------

OS:Bsduname:Darwin 15.6.0 Darwin Kernel Version 15.6.0: Thu Jun 23 18:25:34 PDT 2016; root:xnu-3248.60.10~1/RELEASE_X86_64 x86_64
rlimit: STACK 8192k, CORE 0k, NPROC 709, NOFILE 10240, AS infinity
load average:3.58 2.96 2.51

CPU:total 4 (2 cores per cpu, 2 threads per core) family 6 model 58 stepping 9, cmov, cx8, fxsr, mmx, sse, sse2, sse3, ssse3, sse4.1, sse4.2, popcnt, avx, aes, clmul, erms, ht, tsc, tscinvbit, tscinv

Memory: 4k page, physical 4194304k(323108k free)

/proc/meminfo:


vm_info: Java HotSpot(TM) 64-Bit Server VM (25.101-b13) for bsd-amd64 JRE (1.8.0_101-b13), built on Jun 22 2016 02:42:15 by "java_re" with gcc 4.2.1 (Based on Apple Inc. build 5658) (LLVM build 2336.11.00)

time: Tue May 23 21:33:11 2017
elapsed time: 163 seconds (0d 0h 2m 43s)

