#
# A fatal error has been detected by the Java Runtime Environment:
#
#  SIGSEGV (0xb) at pc=0x00007fff8dc744dd, pid=49027, tid=0x0000000000000a0b
#
# JRE version: Java(TM) SE Runtime Environment (8.0_101-b13) (build 1.8.0_101-b13)
# Java VM: Java HotSpot(TM) 64-Bit Server VM (25.101-b13 mixed mode bsd-amd64 compressed oops)
# Problematic frame:
# C  [libobjc.A.dylib+0x14dd]  objc_msgSend+0x1d
#
# Failed to write core dump. Core dumps have been disabled. To enable core dumping, try "ulimit -c unlimited" before starting Java again
#
# If you would like to submit a bug report, please visit:
#   http://bugreport.java.com/bugreport/crash.jsp
# The crash happened outside the Java Virtual Machine in native code.
# See problematic frame for where to report the bug.
#

---------------  T H R E A D  ---------------

Current thread (0x00007fe75301b000):  JavaThread "AWT-AppKit" daemon [_thread_in_native, id=2571, stack(0x00007fff53b00000,0x00007fff54300000)]

siginfo: si_signo: 11 (SIGSEGV), si_code: 1 (SEGV_MAPERR), si_addr: 0x000007fe75140d20

Registers:
RAX=0x00007fe755221150, RBX=0x0000000178b8e450, RCX=0x0000000122ca3620, RDX=0x0000000122d9bcc0
RSP=0x00007fff542fb3d8, RBP=0x00007fff542fb490, RSI=0x00007fff87eb6cbe, RDI=0x00007fe755179dc0
R8 =0x0000000000000000, R9 =0x00000000000008b0, R10=0x00007fff87eb6cbe, R11=0x000007fe75140d08
R12=0x0000000000000000, R13=0x000000017a57a608, R14=0x0000000178b8e440, R15=0x00007fe75301b000
RIP=0x00007fff8dc744dd, EFLAGS=0x0000000000010202, ERR=0x0000000000000004
  TRAPNO=0x000000000000000e

Top of Stack: (sp=0x00007fff542fb3d8)
0x00007fff542fb3d8:   0000000178b8c157 00007fff542fb430
0x00007fff542fb3e8:   0000000000000003 00007fff542fb410
0x00007fff542fb3f8:   000000010bd6e8e6 000000017a57a608
0x00007fff542fb408:   000000017a57a608 00007fe755221150
0x00007fff542fb418:   0000000178b8e6a0 0000000178b8e710
0x00007fff542fb428:   00007fff79e73770 00007fff77c5b500
0x00007fff542fb438:   0000000178b8e450 0000000178b8e690
0x00007fff542fb448:   00007fe755221150 00007fe755179dc0
0x00007fff542fb458:   00007fe75513a010 00007fe755221150
0x00007fff542fb468:   00007fe755179dc0 00007fff542fb518
0x00007fff542fb478:   00007fe75301b1f8 000000017a57a608
0x00007fff542fb488:   00007fff542fb540 00007fff542fb508
0x00007fff542fb498:   000000010d4179d4 000000017a57a608
0x00007fff542fb4a8:   00007fff542fb540 00007fff542fb508
0x00007fff542fb4b8:   000000010d417767 000000010d417722
0x00007fff542fb4c8:   00007fff542fb4c8 000000017a57a608
0x00007fff542fb4d8:   00007fff542fb540 000000017a57d240
0x00007fff542fb4e8:   0000000000000000 000000017a57a608
0x00007fff542fb4f8:   0000000000000000 00007fff542fb528
0x00007fff542fb508:   00007fff542fb588 000000010d4082bd
0x00007fff542fb518:   00000007817cd1f8 000000010d411538
0x00007fff542fb528:   00007fe755221150 00007fff542fb588
0x00007fff542fb538:   00007fe755179dc0 000000010d412e02
0x00007fff542fb548:   00007fff542fb548 000000017a57a7d2
0x00007fff542fb558:   00007fff542fb5b0 000000017a57d240
0x00007fff542fb568:   0000000000000000 000000017a57a7e0
0x00007fff542fb578:   00007fff542fb528 00007fff542fb598
0x00007fff542fb588:   00007fff542fb5f8 000000010d4082bd
0x00007fff542fb598:   00007fe755221150 000000078175beb0
0x00007fff542fb5a8:   00007fe755179dc0 000000078175beb0
0x00007fff542fb5b8:   00007fff542fb5b8 000000017e22da8e
0x00007fff542fb5c8:   00007fff542fb608 000000017e22db48 

Instructions: (pc=0x00007fff8dc744dd)
0x00007fff8dc744bd:   44 00 00 48 85 ff 2e 74 62 40 f6 c7 01 2e 75 66
0x00007fff8dc744cd:   49 bb f8 ff ff ff ff 7f 00 00 4c 23 1f 49 89 f2
0x00007fff8dc744dd:   45 23 53 18 49 c1 e2 04 4d 03 53 10 49 3b 32 75
0x00007fff8dc744ed:   04 41 ff 62 08 49 83 3a 01 76 0d 49 83 c2 10 49 

Register to memory mapping:

RAX=0x00007fe755221150 is an unknown value
RBX=0x0000000178b8e450: Java_jogamp_nativewindow_macosx_OSXUtil_GetScreenRefreshRate0+0x1cf0 in /private/var/folders/df/q331szgs0rs63dmvvv6sk8180000gn/T/jogamp_0000/file_cache/jln1859548156032325568/jln8871597604091228894/libnativewindow_macosx.jnilib at 0x0000000178b87000
RCX=0x0000000122ca3620 is an unknown value
RDX=0x0000000122d9bcc0 is an unknown value
RSP=0x00007fff542fb3d8 is pointing into the stack for thread: 0x00007fe75301b000
RBP=0x00007fff542fb490 is pointing into the stack for thread: 0x00007fe75301b000
RSI=0x00007fff87eb6cbe is an unknown value
RDI=0x00007fe755179dc0 is an unknown value
R8 =0x0000000000000000 is an unknown value
R9 =0x00000000000008b0 is an unknown value
R10=0x00007fff87eb6cbe is an unknown value
R11=0x000007fe75140d08 is an unknown value
R12=0x0000000000000000 is an unknown value
R13={method} {0x000000017a57a608} 'UnsetJAWTRootSurfaceLayer0' '(JJ)V' in 'jogamp/nativewindow/jawt/macosx/MacOSXJAWTWindow'
R14=0x0000000178b8e440: Java_jogamp_nativewindow_macosx_OSXUtil_GetScreenRefreshRate0+0x1ce0 in /private/var/folders/df/q331szgs0rs63dmvvv6sk8180000gn/T/jogamp_0000/file_cache/jln1859548156032325568/jln8871597604091228894/libnativewindow_macosx.jnilib at 0x0000000178b87000
R15=0x00007fe75301b000 is a thread


Stack: [0x00007fff53b00000,0x00007fff54300000],  sp=0x00007fff542fb3d8,  free space=8172k
Native frames: (J=compiled Java code, j=interpreted, Vv=VM code, C=native code)
C  [libobjc.A.dylib+0x14dd]  objc_msgSend+0x1d
j  jogamp.nativewindow.jawt.macosx.MacOSXJAWTWindow.UnsetJAWTRootSurfaceLayer0(JJ)V+0
j  jogamp.nativewindow.jawt.macosx.MacOSXJAWTWindow.access$200(JJ)V+2
j  jogamp.nativewindow.jawt.macosx.MacOSXJAWTWindow$1.run()V+38
j  com.jogamp.common.util.RunnableTask.run()V+24
v  ~StubRoutines::call_stub
V  [libjvm.dylib+0x2ecf06]
V  [libjvm.dylib+0x324111]
V  [libjvm.dylib+0x3168df]
C  [libnativewindow_macosx.jnilib+0x5326]  Java_jogamp_nativewindow_jawt_macosx_MacOSXJAWTWindow_UnsetJAWTRootSurfaceLayer0+0x2b6
C  [Foundation+0x76fde]  __NSThreadPerformPerform+0x117
C  [CoreFoundation+0xaa881]  __CFRUNLOOP_IS_CALLING_OUT_TO_A_SOURCE0_PERFORM_FUNCTION__+0x11
C  [CoreFoundation+0x89fbc]  __CFRunLoopDoSources0+0x22c
C  [CoreFoundation+0x894df]  __CFRunLoopRun+0x39f
C  [CoreFoundation+0x88ed8]  CFRunLoopRunSpecific+0x128
C  [HIToolbox+0x30935]  RunCurrentEventLoopInMode+0xeb
C  [HIToolbox+0x30677]  ReceiveNextEventCommon+0xb8
C  [HIToolbox+0x305af]  _BlockUntilNextEventMatchingListInModeWithFilter+0x47
C  [AppKit+0x48df6]  _DPSNextEvent+0x42b
C  [AppKit+0x48226]  -[NSApplication _nextEventMatchingEventMask:untilDate:inMode:dequeue:]+0x1c6
C  [libosxapp.dylib+0x23aa]  -[NSApplicationAWT nextEventMatchingMask:untilDate:inMode:dequeue:]+0x7c
C  [AppKit+0x3cd80]  -[NSApplication run]+0x2aa
C  [libosxapp.dylib+0x214d]  +[NSApplicationAWT runAWTLoopWithApp:]+0x9c
C  [libawt_lwawt.dylib+0x444b3]  -[AWTStarter starter:]+0x389
C  [Foundation+0x76fde]  __NSThreadPerformPerform+0x117
C  [CoreFoundation+0xaa881]  __CFRUNLOOP_IS_CALLING_OUT_TO_A_SOURCE0_PERFORM_FUNCTION__+0x11
C  [CoreFoundation+0x89fbc]  __CFRunLoopDoSources0+0x22c
C  [CoreFoundation+0x894df]  __CFRunLoopRun+0x39f
C  [CoreFoundation+0x88ed8]  CFRunLoopRunSpecific+0x128
C  [java+0x6465]  CreateExecutionEnvironment+0x367
C  [java+0x218c]  JLI_Launch+0x7a0
C  [java+0x84c2]  main+0x65
C  [java+0x19e4]  start+0x34
C  0x0000000000000007

Java frames: (J=compiled Java code, j=interpreted, Vv=VM code)
j  jogamp.nativewindow.jawt.macosx.MacOSXJAWTWindow.UnsetJAWTRootSurfaceLayer0(JJ)V+0
j  jogamp.nativewindow.jawt.macosx.MacOSXJAWTWindow.access$200(JJ)V+2
j  jogamp.nativewindow.jawt.macosx.MacOSXJAWTWindow$1.run()V+38
j  com.jogamp.common.util.RunnableTask.run()V+24
v  ~StubRoutines::call_stub

---------------  P R O C E S S  ---------------

Java Threads: ( => current thread )
  0x00007fe753126800 JavaThread "Thread-53" [_thread_blocked, id=33983, stack(0x0000700001a71000,0x0000700001b71000)]
  0x00007fe751bf5000 JavaThread "AWT-EventQueue-1" [_thread_in_native, id=58923, stack(0x0000700001868000,0x0000700001968000)]
  0x00007fe75214b000 JavaThread "DestroyJavaVM" [_thread_blocked, id=5891, stack(0x000070000011a000,0x000070000021a000)]
  0x00007fe752142800 JavaThread "AWT-EventQueue-0" [_thread_blocked, id=56323, stack(0x0000700001662000,0x0000700001762000)]
  0x00007fe751934000 JavaThread "Java2D Disposer" daemon [_thread_blocked, id=53003, stack(0x00007000013d9000,0x00007000014d9000)]
  0x00007fe7531cd000 JavaThread "Java2D Queue Flusher" daemon [_thread_blocked, id=49927, stack(0x00007000012d6000,0x00007000013d6000)]
  0x00007fe753154800 JavaThread "AWT-Shutdown" [_thread_blocked, id=29459, stack(0x0000700001150000,0x0000700001250000)]
=>0x00007fe75301b000 JavaThread "AWT-AppKit" daemon [_thread_in_native, id=2571, stack(0x00007fff53b00000,0x00007fff54300000)]
  0x00007fe751834800 JavaThread "Service Thread" daemon [_thread_blocked, id=18691, stack(0x0000700000e44000,0x0000700000f44000)]
  0x00007fe751828000 JavaThread "C1 CompilerThread2" daemon [_thread_blocked, id=18179, stack(0x0000700000d41000,0x0000700000e41000)]
  0x00007fe75181f800 JavaThread "C2 CompilerThread1" daemon [_thread_blocked, id=17667, stack(0x0000700000c3e000,0x0000700000d3e000)]
  0x00007fe75181e000 JavaThread "C2 CompilerThread0" daemon [_thread_blocked, id=17155, stack(0x0000700000b3b000,0x0000700000c3b000)]
  0x00007fe751834000 JavaThread "Signal Dispatcher" daemon [_thread_blocked, id=12815, stack(0x0000700000a38000,0x0000700000b38000)]
  0x00007fe752825000 JavaThread "Finalizer" daemon [_thread_blocked, id=12291, stack(0x000070000082f000,0x000070000092f000)]
  0x00007fe75281c800 JavaThread "Reference Handler" daemon [_thread_blocked, id=11779, stack(0x000070000072c000,0x000070000082c000)]

Other Threads:
  0x00007fe752818000 VMThread [stack: 0x0000700000629000,0x0000700000729000] [id=11267]
  0x00007fe752828800 WatcherThread [stack: 0x0000700000f47000,0x0000700001047000] [id=19203]

VM state:not at safepoint (normal execution)

VM Mutex/Monitor currently owned by a thread: None

Heap:
 PSYoungGen      total 72192K, used 8234K [0x00000007aab00000, 0x00000007afe80000, 0x00000007c0000000)
  eden space 65024K, 12% used [0x00000007aab00000,0x00000007ab2f2b58,0x00000007aea80000)
  from space 7168K, 1% used [0x00000007af780000,0x00000007af798000,0x00000007afe80000)
  to   space 10240K, 0% used [0x00000007aea80000,0x00000007aea80000,0x00000007af480000)
 ParOldGen       total 44032K, used 33592K [0x0000000780000000, 0x0000000782b00000, 0x00000007aab00000)
  object space 44032K, 76% used [0x0000000780000000,0x00000007820ce2d8,0x0000000782b00000)
 Metaspace       used 19230K, capacity 19435K, committed 19712K, reserved 1067008K
  class space    used 1870K, capacity 1950K, committed 2048K, reserved 1048576K

Card table byte_map: [0x000000011c7c0000,0x000000011c9c1000] byte_map_base: 0x0000000118bc0000

Marking Bits: (ParMarkBitMap*) 0x000000010c469d20
 Begin Bits: [0x000000011cb17000, 0x000000011db17000)
 End Bits:   [0x000000011db17000, 0x000000011eb17000)

Polling page: 0x000000010cb60000

CodeCache: size=245760Kb used=7991Kb max_used=8003Kb free=237768Kb
 bounds [0x000000010d400000, 0x000000010dc10000, 0x000000011c400000]
 total_blobs=3058 nmethods=2184 adapters=787
 compilation: enabled

Compilation events (10 events):
Event: 187.972 Thread 0x00007fe75181f800 2394       4       sun.java2d.SurfaceData::pixelFor (13 bytes)
Event: 187.972 Thread 0x00007fe75181e000 2395       4       sun.awt.image.PixelConverter$ArgbPre::rgbToPixel (100 bytes)
Event: 187.973 Thread 0x00007fe75181f800 nmethod 2394 0x000000010dbaff50 code [0x000000010dbb00a0, 0x000000010dbb0178]
Event: 187.973 Thread 0x00007fe75181e000 nmethod 2395 0x000000010db370d0 code [0x000000010db37220, 0x000000010db37298]
Event: 187.988 Thread 0x00007fe75181f800 2396       4       java.beans.WeakIdentityMap$Entry::isMatched (22 bytes)
Event: 187.988 Thread 0x00007fe75181e000 2397  s!   4       sun.misc.URLClassPath::getLoader (197 bytes)
Event: 187.989 Thread 0x00007fe75181f800 nmethod 2396 0x000000010d624bd0 code [0x000000010d624d20, 0x000000010d624dd8]
Event: 187.990 Thread 0x00007fe75181f800 2398  s    4       sun.misc.URLClassPath::getNextLoader (88 bytes)
Event: 187.995 Thread 0x00007fe75181e000 nmethod 2397 0x000000010d82c110 code [0x000000010d82c280, 0x000000010d82ca58]
Event: 187.999 Thread 0x00007fe75181f800 nmethod 2398 0x000000010d7b8750 code [0x000000010d7b88c0, 0x000000010d7b9038]

GC Heap History (10 events):
Event: 142.550 GC heap before
{Heap before GC invocations=18 (full 0):
 PSYoungGen      total 79360K, used 78976K [0x00000007aab00000, 0x00000007b1100000, 0x00000007c0000000)
  eden space 78848K, 100% used [0x00000007aab00000,0x00000007af800000,0x00000007af800000)
  from space 512K, 25% used [0x00000007afb00000,0x00000007afb20000,0x00000007afb80000)
  to   space 12800K, 0% used [0x00000007b0480000,0x00000007b0480000,0x00000007b1100000)
 ParOldGen       total 44032K, used 33592K [0x0000000780000000, 0x0000000782b00000, 0x00000007aab00000)
  object space 44032K, 76% used [0x0000000780000000,0x00000007820ce2d8,0x0000000782b00000)
 Metaspace       used 19107K, capacity 19275K, committed 19328K, reserved 1067008K
  class space    used 1862K, capacity 1918K, committed 1920K, reserved 1048576K
Event: 142.551 GC heap after
Heap after GC invocations=18 (full 0):
 PSYoungGen      total 84480K, used 64K [0x00000007aab00000, 0x00000007b0d00000, 0x00000007c0000000)
  eden space 75776K, 0% used [0x00000007aab00000,0x00000007aab00000,0x00000007af500000)
  from space 8704K, 0% used [0x00000007b0480000,0x00000007b0490000,0x00000007b0d00000)
  to   space 12288K, 0% used [0x00000007af500000,0x00000007af500000,0x00000007b0100000)
 ParOldGen       total 44032K, used 33592K [0x0000000780000000, 0x0000000782b00000, 0x00000007aab00000)
  object space 44032K, 76% used [0x0000000780000000,0x00000007820ce2d8,0x0000000782b00000)
 Metaspace       used 19107K, capacity 19275K, committed 19328K, reserved 1067008K
  class space    used 1862K, capacity 1918K, committed 1920K, reserved 1048576K
}
Event: 154.318 GC heap before
{Heap before GC invocations=19 (full 0):
 PSYoungGen      total 84480K, used 75840K [0x00000007aab00000, 0x00000007b0d00000, 0x00000007c0000000)
  eden space 75776K, 100% used [0x00000007aab00000,0x00000007af500000,0x00000007af500000)
  from space 8704K, 0% used [0x00000007b0480000,0x00000007b0490000,0x00000007b0d00000)
  to   space 12288K, 0% used [0x00000007af500000,0x00000007af500000,0x00000007b0100000)
 ParOldGen       total 44032K, used 33592K [0x0000000780000000, 0x0000000782b00000, 0x00000007aab00000)
  object space 44032K, 76% used [0x0000000780000000,0x00000007820ce2d8,0x0000000782b00000)
 Metaspace       used 19107K, capacity 19275K, committed 19328K, reserved 1067008K
  class space    used 1862K, capacity 1918K, committed 1920K, reserved 1048576K
Event: 154.320 GC heap after
Heap after GC invocations=19 (full 0):
 PSYoungGen      total 73216K, used 96K [0x00000007aab00000, 0x00000007b0900000, 0x00000007c0000000)
  eden space 72704K, 0% used [0x00000007aab00000,0x00000007aab00000,0x00000007af200000)
  from space 512K, 18% used [0x00000007af500000,0x00000007af518000,0x00000007af580000)
  to   space 11776K, 0% used [0x00000007afd80000,0x00000007afd80000,0x00000007b0900000)
 ParOldGen       total 44032K, used 33592K [0x0000000780000000, 0x0000000782b00000, 0x00000007aab00000)
  object space 44032K, 76% used [0x0000000780000000,0x00000007820ce2d8,0x0000000782b00000)
 Metaspace       used 19107K, capacity 19275K, committed 19328K, reserved 1067008K
  class space    used 1862K, capacity 1918K, committed 1920K, reserved 1048576K
}
Event: 165.612 GC heap before
{Heap before GC invocations=20 (full 0):
 PSYoungGen      total 73216K, used 72800K [0x00000007aab00000, 0x00000007b0900000, 0x00000007c0000000)
  eden space 72704K, 100% used [0x00000007aab00000,0x00000007af200000,0x00000007af200000)
  from space 512K, 18% used [0x00000007af500000,0x00000007af518000,0x00000007af580000)
  to   space 11776K, 0% used [0x00000007afd80000,0x00000007afd80000,0x00000007b0900000)
 ParOldGen       total 44032K, used 33592K [0x0000000780000000, 0x0000000782b00000, 0x00000007aab00000)
  object space 44032K, 76% used [0x0000000780000000,0x00000007820ce2d8,0x0000000782b00000)
 Metaspace       used 19107K, capacity 19275K, committed 19328K, reserved 1067008K
  class space    used 1862K, capacity 1918K, committed 1920K, reserved 1048576K
Event: 165.613 GC heap after
Heap after GC invocations=20 (full 0):
 PSYoungGen      total 78336K, used 96K [0x00000007aab00000, 0x00000007b0580000, 0x00000007c0000000)
  eden space 70144K, 0% used [0x00000007aab00000,0x00000007aab00000,0x00000007aef80000)
  from space 8192K, 1% used [0x00000007afd80000,0x00000007afd98000,0x00000007b0580000)
  to   space 11264K, 0% used [0x00000007aef80000,0x00000007aef80000,0x00000007afa80000)
 ParOldGen       total 44032K, used 33592K [0x0000000780000000, 0x0000000782b00000, 0x00000007aab00000)
  object space 44032K, 76% used [0x0000000780000000,0x00000007820ce2d8,0x0000000782b00000)
 Metaspace       used 19107K, capacity 19275K, committed 19328K, reserved 1067008K
  class space    used 1862K, capacity 1918K, committed 1920K, reserved 1048576K
}
Event: 176.521 GC heap before
{Heap before GC invocations=21 (full 0):
 PSYoungGen      total 78336K, used 70240K [0x00000007aab00000, 0x00000007b0580000, 0x00000007c0000000)
  eden space 70144K, 100% used [0x00000007aab00000,0x00000007aef80000,0x00000007aef80000)
  from space 8192K, 1% used [0x00000007afd80000,0x00000007afd98000,0x00000007b0580000)
  to   space 11264K, 0% used [0x00000007aef80000,0x00000007aef80000,0x00000007afa80000)
 ParOldGen       total 44032K, used 33592K [0x0000000780000000, 0x0000000782b00000, 0x00000007aab00000)
  object space 44032K, 76% used [0x0000000780000000,0x00000007820ce2d8,0x0000000782b00000)
 Metaspace       used 19107K, capacity 19275K, committed 19328K, reserved 1067008K
  class space    used 1862K, capacity 1918K, committed 1920K, reserved 1048576K
Event: 176.525 GC heap after
Heap after GC invocations=21 (full 0):
 PSYoungGen      total 68096K, used 128K [0x00000007aab00000, 0x00000007b0200000, 0x00000007c0000000)
  eden space 67584K, 0% used [0x00000007aab00000,0x00000007aab00000,0x00000007aed00000)
  from space 512K, 25% used [0x00000007aef80000,0x00000007aefa0000,0x00000007af000000)
  to   space 10752K, 0% used [0x00000007af780000,0x00000007af780000,0x00000007b0200000)
 ParOldGen       total 44032K, used 33592K [0x0000000780000000, 0x0000000782b00000, 0x00000007aab00000)
  object space 44032K, 76% used [0x0000000780000000,0x00000007820ce2d8,0x0000000782b00000)
 Metaspace       used 19107K, capacity 19275K, committed 19328K, reserved 1067008K
  class space    used 1862K, capacity 1918K, committed 1920K, reserved 1048576K
}
Event: 187.008 GC heap before
{Heap before GC invocations=22 (full 0):
 PSYoungGen      total 68096K, used 67712K [0x00000007aab00000, 0x00000007b0200000, 0x00000007c0000000)
  eden space 67584K, 100% used [0x00000007aab00000,0x00000007aed00000,0x00000007aed00000)
  from space 512K, 25% used [0x00000007aef80000,0x00000007aefa0000,0x00000007af000000)
  to   space 10752K, 0% used [0x00000007af780000,0x00000007af780000,0x00000007b0200000)
 ParOldGen       total 44032K, used 33592K [0x0000000780000000, 0x0000000782b00000, 0x00000007aab00000)
  object space 44032K, 76% used [0x0000000780000000,0x00000007820ce2d8,0x0000000782b00000)
 Metaspace       used 19185K, capacity 19339K, committed 19584K, reserved 1067008K
  class space    used 1862K, capacity 1918K, committed 1920K, reserved 1048576K
Event: 187.009 GC heap after
Heap after GC invocations=22 (full 0):
 PSYoungGen      total 72192K, used 96K [0x00000007aab00000, 0x00000007afe80000, 0x00000007c0000000)
  eden space 65024K, 0% used [0x00000007aab00000,0x00000007aab00000,0x00000007aea80000)
  from space 7168K, 1% used [0x00000007af780000,0x00000007af798000,0x00000007afe80000)
  to   space 10240K, 0% used [0x00000007aea80000,0x00000007aea80000,0x00000007af480000)
 ParOldGen       total 44032K, used 33592K [0x0000000780000000, 0x0000000782b00000, 0x00000007aab00000)
  object space 44032K, 76% used [0x0000000780000000,0x00000007820ce2d8,0x0000000782b00000)
 Metaspace       used 19185K, capacity 19339K, committed 19584K, reserved 1067008K
  class space    used 1862K, capacity 1918K, committed 1920K, reserved 1048576K
}

Deoptimization events (10 events):
Event: 187.986 Thread 0x00007fe7531c2000 Uncommon trap: reason=unstable_if action=reinterpret pc=0x000000010dad2474 method=java.util.HashMap.putVal(ILjava/lang/Object;Ljava/lang/Object;ZZ)Ljava/lang/Object; @ 81
Event: 187.987 Thread 0x00007fe752142800 Uncommon trap: reason=class_check action=maybe_recompile pc=0x000000010db9cf0c method=java.awt.Component.getGraphics()Ljava/awt/Graphics; @ 114
Event: 187.987 Thread 0x00007fe751bf5000 Uncommon trap: reason=class_check action=maybe_recompile pc=0x000000010db9333c method=java.awt.event.InvocationEvent.dispatch()V @ 11
Event: 187.988 Thread 0x00007fe751bf5000 Uncommon trap: reason=unstable_if action=reinterpret pc=0x000000010dba0790 method=java.awt.EventQueue.isDispatchThreadImpl()Z @ 65
Event: 187.990 Thread 0x00007fe75301b000 Uncommon trap: reason=class_check action=maybe_recompile pc=0x000000010db97840 method=com.jogamp.common.util.RunnableTask.run()V @ 24
Event: 187.991 Thread 0x00007fe75301b000 Uncommon trap: reason=unstable_if action=reinterpret pc=0x000000010db7ccfc method=jogamp.nativewindow.macosx.OSXUtil.RunOnMainThread(ZZLjava/lang/Runnable;)V @ 3
Event: 188.001 Thread 0x00007fe751bf5000 Uncommon trap: reason=unstable_if action=reinterpret pc=0x000000010dba5d58 method=jogamp.opengl.GLContextImpl.release(Z)V @ 161
Event: 188.004 Thread 0x00007fe751bf5000 Uncommon trap: reason=unstable_if action=reinterpret pc=0x000000010db50c58 method=java.util.LinkedList$ListItr.<init>(Ljava/util/LinkedList;I)V @ 26
Event: 188.005 Thread 0x00007fe751bf5000 Uncommon trap: reason=unstable_if action=reinterpret pc=0x000000010dacac58 method=java.security.AccessControlContext.optimize()Ljava/security/AccessControlContext; @ 233
Event: 188.005 Thread 0x00007fe75301b000 Uncommon trap: reason=class_check action=maybe_recompile pc=0x000000010db97840 method=com.jogamp.common.util.RunnableTask.run()V @ 24

Internal exceptions (10 events):
Event: 0.261 Thread 0x00007fe752802000 Exception <a 'java/lang/NoSuchFieldError': method resolution failed> (0x00000007aacb1c58) thrown at [/HUDSON3/workspace/8-2-build-macosx-x86_64/jdk8u101/7261/hotspot/src/share/vm/prims/methodHandles.cpp, line 1146]
Event: 0.264 Thread 0x00007fe752802000 Exception <a 'java/lang/NoSuchFieldError': method resolution failed> (0x00000007aacbf428) thrown at [/HUDSON3/workspace/8-2-build-macosx-x86_64/jdk8u101/7261/hotspot/src/share/vm/prims/methodHandles.cpp, line 1146]
Event: 0.556 Thread 0x00007fe752802000 Exception <a 'java/io/FileNotFoundException'> (0x00000007aad3aed8) thrown at [/HUDSON3/workspace/8-2-build-macosx-x86_64/jdk8u101/7261/hotspot/src/share/vm/prims/jni.cpp, line 709]
Event: 0.556 Thread 0x00007fe752802000 Exception <a 'java/io/FileNotFoundException'> (0x00000007aad3ba38) thrown at [/HUDSON3/workspace/8-2-build-macosx-x86_64/jdk8u101/7261/hotspot/src/share/vm/prims/jni.cpp, line 709]
Event: 0.745 Thread 0x00007fe752802000 Exception <a 'java/io/FileNotFoundException'> (0x00000007aae22bd0) thrown at [/HUDSON3/workspace/8-2-build-macosx-x86_64/jdk8u101/7261/hotspot/src/share/vm/prims/jni.cpp, line 709]
Event: 3.688 Thread 0x00007fe752825000 Exception <a 'java/lang/NullPointerException'> (0x00000007aab866f8) thrown at [/HUDSON3/workspace/8-2-build-macosx-x86_64/jdk8u101/7261/hotspot/src/share/vm/interpreter/linkResolver.cpp, line 1178]
Event: 3.790 Thread 0x00007fe753443000 Exception <a 'java/lang/UnsatisfiedLinkError': com.jogamp.common.util.JarUtil.fixNativeLibAttribs(Ljava/lang/String;)Z> (0x00000007aae908e0) thrown at [/HUDSON3/workspace/8-2-build-macosx-x86_64/jdk8u101/7261/hotspot/src/share/vm/prims/nativeLookup.cpp, l
Event: 4.720 Thread 0x00007fe751bf5000 Exception <a 'java/io/FileNotFoundException'> (0x00000007ab108ed8) thrown at [/HUDSON3/workspace/8-2-build-macosx-x86_64/jdk8u101/7261/hotspot/src/share/vm/prims/jni.cpp, line 709]
Event: 4.720 Thread 0x00007fe751bf5000 Exception <a 'java/io/FileNotFoundException'> (0x00000007ab10f440) thrown at [/HUDSON3/workspace/8-2-build-macosx-x86_64/jdk8u101/7261/hotspot/src/share/vm/prims/jni.cpp, line 709]
Event: 4.721 Thread 0x00007fe751bf5000 Implicit null exception at 0x000000010d5a3933 to 0x000000010d5a3cd5

Events (10 events):
Event: 188.005 Thread 0x00007fe751bf5000 DEOPT UNPACKING pc=0x000000010d405229 sp=0x0000700001965970 mode 2
Event: 188.005 loading class java/awt/LightweightDispatcher$2
Event: 188.005 loading class java/awt/LightweightDispatcher$2 done
Event: 188.005 Thread 0x00007fe75301b000 Uncommon trap: trap_request=0xffffffde fr.pc=0x000000010db97840
Event: 188.005 Thread 0x00007fe75301b000 DEOPT PACKING pc=0x000000010db97840 sp=0x00007fff542fb650
Event: 188.005 Thread 0x00007fe75301b000 DEOPT UNPACKING pc=0x000000010d405229 sp=0x00007fff542fb5f8 mode 2
Event: 188.005 loading class java/awt/event/AWTEventListenerProxy
Event: 188.005 loading class java/awt/event/AWTEventListenerProxy done
Event: 188.005 loading class java/awt/Toolkit$ToolkitEventMulticaster
Event: 188.005 loading class java/awt/Toolkit$ToolkitEventMulticaster done


Dynamic libraries:
0x0000000007932000 	/System/Library/Frameworks/Cocoa.framework/Versions/A/Cocoa
0x0000000007932000 	/System/Library/Frameworks/Security.framework/Versions/A/Security
0x0000000007932000 	/System/Library/Frameworks/ApplicationServices.framework/Versions/A/ApplicationServices
0x0000000007932000 	/usr/lib/libz.1.dylib
0x0000000007932000 	/usr/lib/libSystem.B.dylib
0x0000000007932000 	/usr/lib/libobjc.A.dylib
0x0000000007932000 	/System/Library/Frameworks/CoreFoundation.framework/Versions/A/CoreFoundation
0x0000000007932000 	/System/Library/Frameworks/Foundation.framework/Versions/C/Foundation
0x0000000007932000 	/System/Library/Frameworks/AppKit.framework/Versions/C/AppKit
0x0000000007932000 	/System/Library/Frameworks/CoreData.framework/Versions/A/CoreData
0x0000000007932000 	/System/Library/PrivateFrameworks/RemoteViewServices.framework/Versions/A/RemoteViewServices
0x0000000007932000 	/System/Library/PrivateFrameworks/UIFoundation.framework/Versions/A/UIFoundation
0x0000000007932000 	/usr/lib/libScreenReader.dylib
0x0000000007932000 	/System/Library/Frameworks/Accelerate.framework/Versions/A/Accelerate
0x0000000007932000 	/System/Library/Frameworks/IOSurface.framework/Versions/A/IOSurface
0x0000000007932000 	/System/Library/Frameworks/AudioToolbox.framework/Versions/A/AudioToolbox
0x0000000007932000 	/System/Library/Frameworks/AudioUnit.framework/Versions/A/AudioUnit
0x0000000007932000 	/System/Library/PrivateFrameworks/DataDetectorsCore.framework/Versions/A/DataDetectorsCore
0x0000000007932000 	/System/Library/PrivateFrameworks/DesktopServicesPriv.framework/Versions/A/DesktopServicesPriv
0x0000000007932000 	/System/Library/Frameworks/Carbon.framework/Versions/A/Frameworks/HIToolbox.framework/Versions/A/HIToolbox
0x0000000007932000 	/System/Library/Frameworks/QuartzCore.framework/Versions/A/QuartzCore
0x0000000007932000 	/System/Library/Frameworks/Carbon.framework/Versions/A/Frameworks/SpeechRecognition.framework/Versions/A/SpeechRecognition
0x0000000007932000 	/usr/lib/libauto.dylib
0x0000000007932000 	/usr/lib/libicucore.A.dylib
0x0000000007932000 	/usr/lib/libxml2.2.dylib
0x0000000007932000 	/System/Library/PrivateFrameworks/CoreUI.framework/Versions/A/CoreUI
0x0000000007932000 	/System/Library/Frameworks/CoreAudio.framework/Versions/A/CoreAudio
0x0000000007932000 	/System/Library/Frameworks/DiskArbitration.framework/Versions/A/DiskArbitration
0x0000000007932000 	/usr/lib/liblangid.dylib
0x0000000007932000 	/System/Library/PrivateFrameworks/MultitouchSupport.framework/Versions/A/MultitouchSupport
0x0000000007932000 	/System/Library/Frameworks/IOKit.framework/Versions/A/IOKit
0x0000000007932000 	/usr/lib/libDiagnosticMessagesClient.dylib
0x0000000007932000 	/System/Library/Frameworks/CoreServices.framework/Versions/A/CoreServices
0x0000000007932000 	/System/Library/PrivateFrameworks/PerformanceAnalysis.framework/Versions/A/PerformanceAnalysis
0x0000000007932000 	/System/Library/PrivateFrameworks/GenerationalStorage.framework/Versions/A/GenerationalStorage
0x0000000007932000 	/System/Library/Frameworks/OpenGL.framework/Versions/A/OpenGL
0x0000000007932000 	/System/Library/PrivateFrameworks/Sharing.framework/Versions/A/Sharing
0x0000000007932000 	/System/Library/Frameworks/CoreGraphics.framework/Versions/A/CoreGraphics
0x0000000007932000 	/System/Library/Frameworks/CoreImage.framework/Versions/A/CoreImage
0x0000000007932000 	/System/Library/Frameworks/CoreText.framework/Versions/A/CoreText
0x0000000007932000 	/System/Library/Frameworks/ImageIO.framework/Versions/A/ImageIO
0x0000000007932000 	/System/Library/PrivateFrameworks/Backup.framework/Versions/A/Backup
0x0000000007932000 	/usr/lib/libextension.dylib
0x0000000007932000 	/usr/lib/libarchive.2.dylib
0x0000000007932000 	/System/Library/Frameworks/CFNetwork.framework/Versions/A/CFNetwork
0x0000000007932000 	/System/Library/Frameworks/SystemConfiguration.framework/Versions/A/SystemConfiguration
0x0000000007932000 	/usr/lib/libCRFSuite.dylib
0x0000000007932000 	/usr/lib/libc++.1.dylib
0x0000000007932000 	/usr/lib/libc++abi.dylib
0x0000000007932000 	/usr/lib/system/libcache.dylib
0x0000000007932000 	/usr/lib/system/libcommonCrypto.dylib
0x0000000007932000 	/usr/lib/system/libcompiler_rt.dylib
0x0000000007932000 	/usr/lib/system/libcopyfile.dylib
0x0000000007932000 	/usr/lib/system/libcorecrypto.dylib
0x0000000007932000 	/usr/lib/system/libdispatch.dylib
0x0000000007932000 	/usr/lib/system/libdyld.dylib
0x0000000007932000 	/usr/lib/system/libkeymgr.dylib
0x0000000007932000 	/usr/lib/system/liblaunch.dylib
0x0000000007932000 	/usr/lib/system/libmacho.dylib
0x0000000007932000 	/usr/lib/system/libquarantine.dylib
0x0000000007932000 	/usr/lib/system/libremovefile.dylib
0x0000000007932000 	/usr/lib/system/libsystem_asl.dylib
0x0000000007932000 	/usr/lib/system/libsystem_blocks.dylib
0x0000000007932000 	/usr/lib/system/libsystem_c.dylib
0x0000000007932000 	/usr/lib/system/libsystem_configuration.dylib
0x0000000007932000 	/usr/lib/system/libsystem_coreservices.dylib
0x0000000007932000 	/usr/lib/system/libsystem_coretls.dylib
0x0000000007932000 	/usr/lib/system/libsystem_dnssd.dylib
0x0000000007932000 	/usr/lib/system/libsystem_info.dylib
0x0000000007932000 	/usr/lib/system/libsystem_kernel.dylib
0x0000000007932000 	/usr/lib/system/libsystem_m.dylib
0x0000000007932000 	/usr/lib/system/libsystem_malloc.dylib
0x0000000007932000 	/usr/lib/system/libsystem_network.dylib
0x0000000007932000 	/usr/lib/system/libsystem_networkextension.dylib
0x0000000007932000 	/usr/lib/system/libsystem_notify.dylib
0x0000000007932000 	/usr/lib/system/libsystem_platform.dylib
0x0000000007932000 	/usr/lib/system/libsystem_pthread.dylib
0x0000000007932000 	/usr/lib/system/libsystem_sandbox.dylib
0x0000000007932000 	/usr/lib/system/libsystem_secinit.dylib
0x0000000007932000 	/usr/lib/system/libsystem_trace.dylib
0x0000000007932000 	/usr/lib/system/libunc.dylib
0x0000000007932000 	/usr/lib/system/libunwind.dylib
0x0000000007932000 	/usr/lib/system/libxpc.dylib
0x0000000007932000 	/usr/lib/libenergytrace.dylib
0x0000000007932000 	/usr/lib/libbsm.0.dylib
0x0000000007932000 	/usr/lib/system/libkxld.dylib
0x0000000007932000 	/usr/lib/libxar.1.dylib
0x0000000007932000 	/usr/lib/libsqlite3.dylib
0x0000000007932000 	/usr/lib/libpam.2.dylib
0x0000000007932000 	/usr/lib/libOpenScriptingUtil.dylib
0x0000000007932000 	/usr/lib/libbz2.1.0.dylib
0x0000000007932000 	/usr/lib/liblzma.5.dylib
0x0000000007932000 	/System/Library/Frameworks/CoreServices.framework/Versions/A/Frameworks/FSEvents.framework/Versions/A/FSEvents
0x0000000007932000 	/System/Library/Frameworks/CoreServices.framework/Versions/A/Frameworks/CarbonCore.framework/Versions/A/CarbonCore
0x0000000007932000 	/System/Library/Frameworks/CoreServices.framework/Versions/A/Frameworks/Metadata.framework/Versions/A/Metadata
0x0000000007932000 	/System/Library/Frameworks/CoreServices.framework/Versions/A/Frameworks/OSServices.framework/Versions/A/OSServices
0x0000000007932000 	/System/Library/Frameworks/CoreServices.framework/Versions/A/Frameworks/SearchKit.framework/Versions/A/SearchKit
0x0000000007932000 	/System/Library/Frameworks/CoreServices.framework/Versions/A/Frameworks/AE.framework/Versions/A/AE
0x0000000007932000 	/System/Library/Frameworks/CoreServices.framework/Versions/A/Frameworks/LaunchServices.framework/Versions/A/LaunchServices
0x0000000007932000 	/System/Library/Frameworks/CoreServices.framework/Versions/A/Frameworks/DictionaryServices.framework/Versions/A/DictionaryServices
0x0000000007932000 	/System/Library/Frameworks/CoreServices.framework/Versions/A/Frameworks/SharedFileList.framework/Versions/A/SharedFileList
0x0000000007932000 	/System/Library/Frameworks/NetFS.framework/Versions/A/NetFS
0x0000000007932000 	/System/Library/PrivateFrameworks/NetAuth.framework/Versions/A/NetAuth
0x0000000007932000 	/System/Library/PrivateFrameworks/login.framework/Versions/A/Frameworks/loginsupport.framework/Versions/A/loginsupport
0x0000000007932000 	/System/Library/PrivateFrameworks/TCC.framework/Versions/A/TCC
0x0000000007932000 	/usr/lib/libmecabra.dylib
0x0000000007932000 	/System/Library/Frameworks/ApplicationServices.framework/Versions/A/Frameworks/ATS.framework/Versions/A/ATS
0x0000000007932000 	/System/Library/Frameworks/ApplicationServices.framework/Versions/A/Frameworks/ColorSync.framework/Versions/A/ColorSync
0x0000000007932000 	/System/Library/Frameworks/ApplicationServices.framework/Versions/A/Frameworks/HIServices.framework/Versions/A/HIServices
0x0000000007932000 	/System/Library/Frameworks/ApplicationServices.framework/Versions/A/Frameworks/LangAnalysis.framework/Versions/A/LangAnalysis
0x0000000007932000 	/System/Library/Frameworks/ApplicationServices.framework/Versions/A/Frameworks/PrintCore.framework/Versions/A/PrintCore
0x0000000007932000 	/System/Library/Frameworks/ApplicationServices.framework/Versions/A/Frameworks/QD.framework/Versions/A/QD
0x0000000007932000 	/System/Library/Frameworks/ApplicationServices.framework/Versions/A/Frameworks/SpeechSynthesis.framework/Versions/A/SpeechSynthesis
0x0000000007932000 	/System/Library/Frameworks/Metal.framework/Versions/A/Metal
0x0000000007932000 	/System/Library/Frameworks/Accelerate.framework/Versions/A/Frameworks/vImage.framework/Versions/A/vImage
0x0000000007932000 	/System/Library/Frameworks/Accelerate.framework/Versions/A/Frameworks/vecLib.framework/Versions/A/vecLib
0x0000000007932000 	/System/Library/Frameworks/Accelerate.framework/Versions/A/Frameworks/vecLib.framework/Versions/A/libvDSP.dylib
0x0000000007932000 	/System/Library/Frameworks/Accelerate.framework/Versions/A/Frameworks/vecLib.framework/Versions/A/libvMisc.dylib
0x0000000007932000 	/System/Library/Frameworks/Accelerate.framework/Versions/A/Frameworks/vecLib.framework/Versions/A/libLAPACK.dylib
0x0000000007932000 	/System/Library/Frameworks/Accelerate.framework/Versions/A/Frameworks/vecLib.framework/Versions/A/libBLAS.dylib
0x0000000007932000 	/System/Library/Frameworks/Accelerate.framework/Versions/A/Frameworks/vecLib.framework/Versions/A/libLinearAlgebra.dylib
0x0000000007932000 	/System/Library/Frameworks/Accelerate.framework/Versions/A/Frameworks/vecLib.framework/Versions/A/libSparseBLAS.dylib
0x0000000007932000 	/System/Library/PrivateFrameworks/GPUCompiler.framework/libmetal_timestamp.dylib
0x0000000007932000 	/System/Library/Frameworks/OpenGL.framework/Versions/A/Libraries/libCoreFSCache.dylib
0x0000000007932000 	/System/Library/PrivateFrameworks/IOAccelerator.framework/Versions/A/IOAccelerator
0x0000000007932000 	/System/Library/Frameworks/ApplicationServices.framework/Versions/A/Frameworks/ATS.framework/Versions/A/Resources/libFontParser.dylib
0x0000000007932000 	/System/Library/Frameworks/ApplicationServices.framework/Versions/A/Frameworks/ATS.framework/Versions/A/Resources/libFontRegistry.dylib
0x0000000007932000 	/System/Library/PrivateFrameworks/AppleVPA.framework/Versions/A/AppleVPA
0x0000000007932000 	/System/Library/PrivateFrameworks/AppleJPEG.framework/Versions/A/AppleJPEG
0x0000000007932000 	/System/Library/Frameworks/ImageIO.framework/Versions/A/Resources/libJPEG.dylib
0x0000000007932000 	/System/Library/Frameworks/ImageIO.framework/Versions/A/Resources/libTIFF.dylib
0x0000000007932000 	/System/Library/Frameworks/ImageIO.framework/Versions/A/Resources/libPng.dylib
0x0000000007932000 	/System/Library/Frameworks/ImageIO.framework/Versions/A/Resources/libGIF.dylib
0x0000000007932000 	/System/Library/Frameworks/ImageIO.framework/Versions/A/Resources/libJP2.dylib
0x0000000007932000 	/System/Library/Frameworks/ImageIO.framework/Versions/A/Resources/libRadiance.dylib
0x0000000007932000 	/System/Library/Frameworks/CoreVideo.framework/Versions/A/CoreVideo
0x0000000007932000 	/System/Library/Frameworks/OpenGL.framework/Versions/A/Libraries/libGLU.dylib
0x0000000007932000 	/System/Library/Frameworks/OpenGL.framework/Versions/A/Libraries/libGFXShared.dylib
0x0000000007932000 	/System/Library/Frameworks/OpenGL.framework/Versions/A/Libraries/libGL.dylib
0x0000000007932000 	/System/Library/Frameworks/OpenGL.framework/Versions/A/Libraries/libGLImage.dylib
0x0000000007932000 	/System/Library/Frameworks/OpenGL.framework/Versions/A/Libraries/libCVMSPluginSupport.dylib
0x0000000007932000 	/System/Library/Frameworks/OpenGL.framework/Versions/A/Libraries/libCoreVMClient.dylib
0x0000000007932000 	/usr/lib/libcompression.dylib
0x0000000007932000 	/usr/lib/libcups.2.dylib
0x0000000007932000 	/System/Library/Frameworks/Kerberos.framework/Versions/A/Kerberos
0x0000000007932000 	/System/Library/Frameworks/GSS.framework/Versions/A/GSS
0x0000000007932000 	/usr/lib/libresolv.9.dylib
0x0000000007932000 	/usr/lib/libiconv.2.dylib
0x0000000007932000 	/System/Library/PrivateFrameworks/Heimdal.framework/Versions/A/Heimdal
0x0000000007932000 	/usr/lib/libheimdal-asn1.dylib
0x0000000007932000 	/System/Library/Frameworks/OpenDirectory.framework/Versions/A/OpenDirectory
0x0000000007932000 	/System/Library/PrivateFrameworks/CommonAuth.framework/Versions/A/CommonAuth
0x0000000007932000 	/System/Library/Frameworks/OpenDirectory.framework/Versions/A/Frameworks/CFOpenDirectory.framework/Versions/A/CFOpenDirectory
0x0000000007932000 	/System/Library/Frameworks/SecurityFoundation.framework/Versions/A/SecurityFoundation
0x0000000007932000 	/System/Library/PrivateFrameworks/LanguageModeling.framework/Versions/A/LanguageModeling
0x0000000007932000 	/usr/lib/libmarisa.dylib
0x0000000007932000 	/usr/lib/libChineseTokenizer.dylib
0x0000000007932000 	/usr/lib/libcmph.dylib
0x0000000007932000 	/System/Library/Frameworks/ServiceManagement.framework/Versions/A/ServiceManagement
0x0000000007932000 	/usr/lib/libxslt.1.dylib
0x0000000007932000 	/System/Library/Frameworks/Carbon.framework/Versions/A/Frameworks/Ink.framework/Versions/A/Ink
0x0000000007932000 	/usr/lib/libFosl_dynamic.dylib
0x0000000007932000 	/System/Library/PrivateFrameworks/FaceCore.framework/Versions/A/FaceCore
0x0000000007932000 	/System/Library/Frameworks/OpenCL.framework/Versions/A/OpenCL
0x0000000007932000 	/System/Library/PrivateFrameworks/CrashReporterSupport.framework/Versions/A/CrashReporterSupport
0x0000000007932000 	/System/Library/PrivateFrameworks/IconServices.framework/Versions/A/IconServices
0x0000000007932000 	/System/Library/PrivateFrameworks/Apple80211.framework/Versions/A/Apple80211
0x0000000007932000 	/System/Library/Frameworks/CoreWLAN.framework/Versions/A/CoreWLAN
0x0000000007932000 	/System/Library/Frameworks/IOBluetooth.framework/Versions/A/IOBluetooth
0x0000000007932000 	/System/Library/PrivateFrameworks/CoreWiFi.framework/Versions/A/CoreWiFi
0x0000000007932000 	/System/Library/Frameworks/CoreBluetooth.framework/Versions/A/CoreBluetooth
0x0000000007932000 	/System/Library/PrivateFrameworks/ChunkingLibrary.framework/Versions/A/ChunkingLibrary
0x0000000007932000 	/System/Library/PrivateFrameworks/DebugSymbols.framework/Versions/A/DebugSymbols
0x0000000007932000 	/System/Library/PrivateFrameworks/CoreSymbolication.framework/Versions/A/CoreSymbolication
0x0000000007932000 	/System/Library/PrivateFrameworks/Symbolication.framework/Versions/A/Symbolication
0x0000000007932000 	/System/Library/PrivateFrameworks/SpeechRecognitionCore.framework/Versions/A/SpeechRecognitionCore
0x000000010bb7c000 	/Library/Java/JavaVirtualMachines/jdk1.8.0_101.jdk/Contents/Home/jre/lib/server/libjvm.dylib
0x0000000007932000 	/usr/lib/libstdc++.6.dylib
0x000000010cb1d000 	/Library/Java/JavaVirtualMachines/jdk1.8.0_101.jdk/Contents/Home/jre/lib/libverify.dylib
0x000000010cb2b000 	/Library/Java/JavaVirtualMachines/jdk1.8.0_101.jdk/Contents/Home/jre/lib/libjava.dylib
0x000000010cb6a000 	/Library/Java/JavaVirtualMachines/jdk1.8.0_101.jdk/Contents/Home/jre/lib/libzip.dylib
0x000000012077e000 	/System/Library/Frameworks/JavaVM.framework/Frameworks/JavaRuntimeSupport.framework/JavaRuntimeSupport
0x0000000120799000 	/System/Library/Frameworks/JavaVM.framework/Versions/A/Frameworks/JavaNativeFoundation.framework/Versions/A/JavaNativeFoundation
0x000000010cbf0000 	/System/Library/Frameworks/JavaVM.framework/Versions/A/JavaVM
0x0000000007932000 	/System/Library/Frameworks/Carbon.framework/Versions/A/Carbon
0x00000001207ae000 	/System/Library/PrivateFrameworks/JavaLaunching.framework/Versions/A/JavaLaunching
0x0000000007932000 	/System/Library/Frameworks/Carbon.framework/Versions/A/Frameworks/CommonPanels.framework/Versions/A/CommonPanels
0x0000000007932000 	/System/Library/Frameworks/Carbon.framework/Versions/A/Frameworks/Help.framework/Versions/A/Help
0x0000000007932000 	/System/Library/Frameworks/Carbon.framework/Versions/A/Frameworks/ImageCapture.framework/Versions/A/ImageCapture
0x0000000007932000 	/System/Library/Frameworks/Carbon.framework/Versions/A/Frameworks/OpenScripting.framework/Versions/A/OpenScripting
0x0000000007932000 	/System/Library/Frameworks/Carbon.framework/Versions/A/Frameworks/Print.framework/Versions/A/Print
0x0000000007932000 	/System/Library/Frameworks/Carbon.framework/Versions/A/Frameworks/SecurityHI.framework/Versions/A/SecurityHI
0x00000001220d1000 	/Library/Java/JavaVirtualMachines/jdk1.8.0_101.jdk/Contents/Home/jre/lib/libawt.dylib
0x0000000122179000 	/Library/Java/JavaVirtualMachines/jdk1.8.0_101.jdk/Contents/Home/jre/lib/./libmlib_image.dylib
0x0000000122245000 	/Library/Java/JavaVirtualMachines/jdk1.8.0_101.jdk/Contents/Home/jre/lib/libawt_lwawt.dylib
0x00000001222fa000 	/Library/Java/JavaVirtualMachines/jdk1.8.0_101.jdk/Contents/Home/jre/lib/./libosxapp.dylib
0x0000000007932000 	/System/Library/Frameworks/ExceptionHandling.framework/Versions/A/ExceptionHandling
0x0000000007932000 	/System/Library/PrivateFrameworks/CoreServicesInternal.framework/Versions/A/CoreServicesInternal
0x0000000007932000 	/System/Library/Frameworks/CoreGraphics.framework/Versions/A/Resources/libRIP.A.dylib
0x0000000007932000 	/System/Library/Frameworks/Accelerate.framework/Versions/A/Frameworks/vImage.framework/Versions/A/Libraries/libCGInterfaces.dylib
0x0000000007932000 	/System/Library/Frameworks/CoreGraphics.framework/Versions/A/Resources/libCGXType.A.dylib
0x0000000007932000 	/System/Library/Frameworks/OpenCL.framework/Versions/A/Libraries/libcldcpuengine.dylib
0x0000000007932000 	/System/Library/PrivateFrameworks/DiskImages.framework/Versions/A/DiskImages
0x0000000007932000 	/System/Library/Frameworks/DiscRecording.framework/Versions/A/DiscRecording
0x0000000007932000 	/usr/lib/libcsfde.dylib
0x0000000007932000 	/usr/lib/libcurl.4.dylib
0x0000000007932000 	/System/Library/PrivateFrameworks/MediaKit.framework/Versions/A/MediaKit
0x0000000007932000 	/System/Library/PrivateFrameworks/ProtectedCloudStorage.framework/Versions/A/ProtectedCloudStorage
0x0000000007932000 	/usr/lib/libCoreStorage.dylib
0x0000000007932000 	/System/Library/PrivateFrameworks/EFILogin.framework/Versions/A/EFILogin
0x0000000007932000 	/usr/lib/libutil.dylib
0x0000000007932000 	/System/Library/PrivateFrameworks/FindMyDevice.framework/Versions/A/FindMyDevice
0x0000000007932000 	/System/Library/Frameworks/LDAP.framework/Versions/A/LDAP
0x0000000007932000 	/usr/lib/libsasl2.2.dylib
0x0000000007932000 	/System/Library/PrivateFrameworks/CoreDaemon.framework/Versions/B/CoreDaemon
0x0000000007932000 	/usr/lib/libcrypto.0.9.8.dylib
0x0000000007932000 	/System/Library/PrivateFrameworks/AppleSRP.framework/Versions/A/AppleSRP
0x0000000007932000 	/System/Library/PrivateFrameworks/TrustEvaluationAgent.framework/Versions/A/TrustEvaluationAgent
0x0000000122e84000 	cl_kernels
0x0000000007932000 	/System/Library/Frameworks/OpenCL.framework/Versions/A/Libraries/ImageFormats/unorm8_bgra.dylib
0x0000000007932000 	/System/Library/Frameworks/OpenCL.framework/Versions/A/Libraries/ImageFormats/unorm8_rgba.dylib
0x0000000007932000 	/System/Library/PrivateFrameworks/FamilyControls.framework/Versions/A/FamilyControls
0x0000000007932000 	/System/Library/PrivateFrameworks/CommerceKit.framework/Versions/A/Frameworks/CommerceCore.framework/Versions/A/CommerceCore
0x0000000007932000 	/System/Library/PrivateFrameworks/SystemAdministration.framework/Versions/A/SystemAdministration
0x0000000007932000 	/System/Library/PrivateFrameworks/AppContainer.framework/Versions/A/AppContainer
0x0000000007932000 	/System/Library/PrivateFrameworks/SecCodeWrapper.framework/Versions/A/SecCodeWrapper
0x0000000007932000 	/System/Library/Frameworks/DirectoryService.framework/Versions/A/DirectoryService
0x0000000007932000 	/System/Library/PrivateFrameworks/LoginUIKit.framework/Versions/A/Frameworks/LoginUICore.framework/Versions/A/LoginUICore
0x0000000007932000 	/usr/lib/libodfde.dylib
0x0000000007932000 	/System/Library/Frameworks/OpenGL.framework/Versions/A/Resources/GLEngine.bundle/GLEngine
0x0000000007932000 	/System/Library/Frameworks/OpenGL.framework/Versions/A/Libraries/libGLProgrammability.dylib
0x0000000124bcc000 	/System/Library/Extensions/AppleIntelHD4000GraphicsGLDriver.bundle/Contents/MacOS/AppleIntelHD4000GraphicsGLDriver
0x0000000007932000 	/System/Library/PrivateFrameworks/GPUSupport.framework/Versions/A/Libraries/libGPUSupportMercury.dylib
0x0000000007932000 	/System/Library/Frameworks/OpenGL.framework/Versions/A/Resources/GLRendererFloat.bundle/GLRendererFloat
0x0000000125b2e000 	/Library/Java/JavaVirtualMachines/jdk1.8.0_101.jdk/Contents/Home/jre/lib/libfontmanager.dylib
0x0000000126fed000 	/Library/Java/JavaVirtualMachines/jdk1.8.0_101.jdk/Contents/Home/jre/lib/libosxui.dylib
0x0000000127ccb000 	/Library/Java/JavaVirtualMachines/jdk1.8.0_101.jdk/Contents/Home/jre/lib/libnet.dylib
0x0000000127adf000 	/Library/Java/JavaVirtualMachines/jdk1.8.0_101.jdk/Contents/Home/jre/lib/libnio.dylib
0x0000000007932000 	/System/Library/Frameworks/ApplicationServices.framework/Versions/A/Frameworks/ATS.framework/Versions/A/Resources/libTrueTypeScaler.dylib
0x0000000178beb000 	/System/Library/Extensions/AppleIntelHD4000GraphicsMTLDriver.bundle/Contents/MacOS/AppleIntelHD4000GraphicsMTLDriver
0x0000000122db3000 	/private/var/folders/df/q331szgs0rs63dmvvv6sk8180000gn/T/jogamp_0000/file_cache/jln1859548156032325568/jln8871597604091228894/libgluegen-rt.jnilib
0x0000000122db8000 	/private/var/folders/df/q331szgs0rs63dmvvv6sk8180000gn/T/jogamp_0000/file_cache/jln1859548156032325568/jln8871597604091228894/libnativewindow_awt.jnilib
0x0000000126cda000 	/Library/Java/JavaVirtualMachines/jdk1.8.0_101.jdk/Contents/Home/jre/lib/libjawt.dylib
0x0000000178b87000 	/private/var/folders/df/q331szgs0rs63dmvvv6sk8180000gn/T/jogamp_0000/file_cache/jln1859548156032325568/jln8871597604091228894/libnativewindow_macosx.jnilib
0x000000017a43a000 	/private/var/folders/df/q331szgs0rs63dmvvv6sk8180000gn/T/jogamp_0000/file_cache/jln1859548156032325568/jln8871597604091228894/libjogl_desktop.jnilib
0x000000017f452000 	/Library/Java/JavaVirtualMachines/jdk1.8.0_101.jdk/Contents/Home/jre/lib/libjpeg.dylib

VM Arguments:
jvm_args: -Djava.security.policy=java.policy.applet -Dfile.encoding=UTF-8 
java_command: sun.applet.AppletViewer module1.HelloWorld1494789013601.html
java_class_path (initial): /Users/Ryan/Documents/workspaceCoursera/UCSDUnfoldingMaps/build:/Users/Ryan/Documents/workspaceCoursera/UCSDUnfoldingMaps/lib/core.jar:/Users/Ryan/Documents/workspaceCoursera/UCSDUnfoldingMaps/lib/gluegen-rt.jar:/Users/Ryan/Documents/workspaceCoursera/UCSDUnfoldingMaps/lib/jogl-all.jar:/Users/Ryan/Documents/workspaceCoursera/UCSDUnfoldingMaps/lib/log4j-1.2.15.jar:/Users/Ryan/Documents/workspaceCoursera/UCSDUnfoldingMaps/lib/sqlite-jdbc-3.7.2.jar:/Users/Ryan/Documents/workspaceCoursera/UCSDUnfoldingMaps/lib/json4processing.jar:/Users/Ryan/Documents/workspaceCoursera/UCSDUnfoldingMaps/lib/libTUIO.jar:/Users/Ryan/Documents/workspaceCoursera/UCSDUnfoldingMaps/lib/unfolding.0.9.7-uscd.jar
Launcher Type: SUN_STANDARD

Environment Variables:
PATH=/usr/bin:/bin:/usr/sbin:/sbin
SHELL=/bin/bash
DISPLAY=/private/tmp/com.apple.launchd.uzyzZ3WSh0/org.macosforge.xquartz:0

Signal Handlers:
SIGSEGV: [libjvm.dylib+0x5af145], sa_mask[0]=11111111011111110111111111111111, sa_flags=SA_ONSTACK|SA_RESTART|SA_SIGINFO
SIGBUS: [libjvm.dylib+0x5af145], sa_mask[0]=11111111011111110111111111111111, sa_flags=SA_RESTART|SA_SIGINFO
SIGFPE: [libjvm.dylib+0x48694c], sa_mask[0]=11111111011111110111111111111111, sa_flags=SA_RESTART|SA_SIGINFO
SIGPIPE: [libjvm.dylib+0x48694c], sa_mask[0]=11111111011111110111111111111111, sa_flags=SA_RESTART|SA_SIGINFO
SIGXFSZ: [libjvm.dylib+0x48694c], sa_mask[0]=11111111011111110111111111111111, sa_flags=SA_RESTART|SA_SIGINFO
SIGILL: [libjvm.dylib+0x48694c], sa_mask[0]=11111111011111110111111111111111, sa_flags=SA_RESTART|SA_SIGINFO
SIGUSR1: SIG_DFL, sa_mask[0]=00000000000000000000000000000000, sa_flags=none
SIGUSR2: [libjvm.dylib+0x48646a], sa_mask[0]=00100000000000000000000000000000, sa_flags=SA_RESTART|SA_SIGINFO
SIGHUP: [libjvm.dylib+0x484a41], sa_mask[0]=11111111011111110111111111111111, sa_flags=SA_RESTART|SA_SIGINFO
SIGINT: [libjvm.dylib+0x484a41], sa_mask[0]=11111111011111110111111111111111, sa_flags=SA_RESTART|SA_SIGINFO
SIGTERM: [libjvm.dylib+0x484a41], sa_mask[0]=11111111011111110111111111111111, sa_flags=SA_RESTART|SA_SIGINFO
SIGQUIT: [libjvm.dylib+0x484a41], sa_mask[0]=11111111011111110111111111111111, sa_flags=SA_RESTART|SA_SIGINFO


---------------  S Y S T E M  ---------------

OS:Bsduname:Darwin 15.6.0 Darwin Kernel Version 15.6.0: Thu Jun 23 18:25:34 PDT 2016; root:xnu-3248.60.10~1/RELEASE_X86_64 x86_64
rlimit: STACK 8192k, CORE 0k, NPROC 709, NOFILE 10240, AS infinity
load average:1.62 2.62 4.26

CPU:total 4 (2 cores per cpu, 2 threads per core) family 6 model 58 stepping 9, cmov, cx8, fxsr, mmx, sse, sse2, sse3, ssse3, sse4.1, sse4.2, popcnt, avx, aes, clmul, erms, ht, tsc, tscinvbit, tscinv

Memory: 4k page, physical 4194304k(115076k free)

/proc/meminfo:


vm_info: Java HotSpot(TM) 64-Bit Server VM (25.101-b13) for bsd-amd64 JRE (1.8.0_101-b13), built on Jun 22 2016 02:42:15 by "java_re" with gcc 4.2.1 (Based on Apple Inc. build 5658) (LLVM build 2336.11.00)

time: Sun May 14 15:13:21 2017
elapsed time: 188 seconds (0d 0h 3m 8s)

