#
# A fatal error has been detected by the Java Runtime Environment:
#
#  SIGSEGV (0xb) at pc=0x00007fff8b7c74dd, pid=12023, tid=0x0000000000000a0b
#
# JRE version: Java(TM) SE Runtime Environment (8.0_101-b13) (build 1.8.0_101-b13)
# Java VM: Java HotSpot(TM) 64-Bit Server VM (25.101-b13 mixed mode bsd-amd64 compressed oops)
# Problematic frame:
# C  [libobjc.A.dylib+0x14dd]  objc_msgSend+0x1d
#
# Failed to write core dump. Core dumps have been disabled. To enable core dumping, try "ulimit -c unlimited" before starting Java again
#
# If you would like to submit a bug report, please visit:
#   http://bugreport.java.com/bugreport/crash.jsp
# The crash happened outside the Java Virtual Machine in native code.
# See problematic frame for where to report the bug.
#

---------------  T H R E A D  ---------------

Current thread (0x00007f8d54047000):  JavaThread "AWT-AppKit" daemon [_thread_in_native, id=2571, stack(0x00007fff4fd35000,0x00007fff50535000)]

siginfo: si_signo: 11 (SIGSEGV), si_code: 1 (SEGV_MAPERR), si_addr: 0x0000000000000018

Registers:
RAX=0x00007f8d56b71880, RBX=0x000000017c90d450, RCX=0x0000000126f271c0, RDX=0x0000000126f27980
RSP=0x00007fff505303f8, RBP=0x00007fff505304b0, RSI=0x00007fff85a09cbe, RDI=0x00007f8d56a5f650
R8 =0x0000000000000000, R9 =0x00000000000008b0, R10=0x00007fff85a09cbe, R11=0x0000000000000000
R12=0x0000000000000000, R13=0x000000017e823918, R14=0x000000017c90d440, R15=0x00007f8d54047000
RIP=0x00007fff8b7c74dd, EFLAGS=0x0000000000010246, ERR=0x0000000000000004
  TRAPNO=0x000000000000000e

Top of Stack: (sp=0x00007fff505303f8)
0x00007fff505303f8:   000000017c90b157 00007fff50530450
0x00007fff50530408:   0000000000000003 00007fff50530430
0x00007fff50530418:   00000001103f28e6 000000017e823918
0x00007fff50530428:   000000017e823918 00007f8d56b71880
0x00007fff50530438:   000000017c90d6a0 000000017c90d710
0x00007fff50530448:   00007fff779c6770 00007fff757ae500
0x00007fff50530458:   000000017c90d450 000000017c90d690
0x00007fff50530468:   00007f8d56b71880 00007f8d56a5f650
0x00007fff50530478:   00007f8d52d55000 00007f8d56b71880
0x00007fff50530488:   00007f8d56a5f650 00007fff50530538
0x00007fff50530498:   00007f8d540471f8 000000017e823918
0x00007fff505304a8:   00007fff50530560 00007fff50530528
0x00007fff505304b8:   00000001111b49d4 000000017e823918
0x00007fff505304c8:   00007fff50530560 00007fff50530528
0x00007fff505304d8:   00000001111b4767 00000001111b4722
0x00007fff505304e8:   00007fff505304e8 000000017e823918
0x00007fff505304f8:   00007fff50530560 000000017e826550
0x00007fff50530508:   0000000000000000 000000017e823918
0x00007fff50530518:   0000000000000000 00007fff50530548
0x00007fff50530528:   00007fff505305a8 00000001111a52bd
0x00007fff50530538:   0000000780876138 00000001111ae538
0x00007fff50530548:   00007f8d56b71880 00007fff505305a8
0x00007fff50530558:   00007f8d56a5f650 00000001111afe02
0x00007fff50530568:   00007fff50530568 000000017e823ae2
0x00007fff50530578:   00007fff505305d0 000000017e826550
0x00007fff50530588:   0000000000000000 000000017e823af0
0x00007fff50530598:   00007fff50530548 00007fff505305b8
0x00007fff505305a8:   00007fff50530618 00000001111a52bd
0x00007fff505305b8:   00007f8d56b71880 000000078073e170
0x00007fff505305c8:   00007f8d56a5f650 000000078073e170
0x00007fff505305d8:   00007fff505305d8 00000001831b9d86
0x00007fff505305e8:   00007fff50530628 00000001831b9e40 

Instructions: (pc=0x00007fff8b7c74dd)
0x00007fff8b7c74bd:   44 00 00 48 85 ff 2e 74 62 40 f6 c7 01 2e 75 66
0x00007fff8b7c74cd:   49 bb f8 ff ff ff ff 7f 00 00 4c 23 1f 49 89 f2
0x00007fff8b7c74dd:   45 23 53 18 49 c1 e2 04 4d 03 53 10 49 3b 32 75
0x00007fff8b7c74ed:   04 41 ff 62 08 49 83 3a 01 76 0d 49 83 c2 10 49 

Register to memory mapping:

RAX=0x00007f8d56b71880 is an unknown value
RBX=0x000000017c90d450: Java_jogamp_nativewindow_macosx_OSXUtil_GetScreenRefreshRate0+0x1cf0 in /private/var/folders/df/q331szgs0rs63dmvvv6sk8180000gn/T/jogamp_0000/file_cache/jln1286047896713329230/jln7217938326476632586/libnativewindow_macosx.jnilib at 0x000000017c906000
RCX=0x0000000126f271c0 is an unknown value
RDX=0x0000000126f27980 is an unknown value
RSP=0x00007fff505303f8 is pointing into the stack for thread: 0x00007f8d54047000
RBP=0x00007fff505304b0 is pointing into the stack for thread: 0x00007f8d54047000
RSI=0x00007fff85a09cbe is an unknown value
RDI=0x00007f8d56a5f650 is an unknown value
R8 =0x0000000000000000 is an unknown value
R9 =0x00000000000008b0 is an unknown value
R10=0x00007fff85a09cbe is an unknown value
R11=0x0000000000000000 is an unknown value
R12=0x0000000000000000 is an unknown value
R13={method} {0x000000017e823918} 'UnsetJAWTRootSurfaceLayer0' '(JJ)V' in 'jogamp/nativewindow/jawt/macosx/MacOSXJAWTWindow'
R14=0x000000017c90d440: Java_jogamp_nativewindow_macosx_OSXUtil_GetScreenRefreshRate0+0x1ce0 in /private/var/folders/df/q331szgs0rs63dmvvv6sk8180000gn/T/jogamp_0000/file_cache/jln1286047896713329230/jln7217938326476632586/libnativewindow_macosx.jnilib at 0x000000017c906000
R15=0x00007f8d54047000 is a thread


Stack: [0x00007fff4fd35000,0x00007fff50535000],  sp=0x00007fff505303f8,  free space=8172k
Native frames: (J=compiled Java code, j=interpreted, Vv=VM code, C=native code)
C  [libobjc.A.dylib+0x14dd]  objc_msgSend+0x1d
j  jogamp.nativewindow.jawt.macosx.MacOSXJAWTWindow.UnsetJAWTRootSurfaceLayer0(JJ)V+0
j  jogamp.nativewindow.jawt.macosx.MacOSXJAWTWindow.access$200(JJ)V+2
j  jogamp.nativewindow.jawt.macosx.MacOSXJAWTWindow$1.run()V+38
j  com.jogamp.common.util.RunnableTask.run()V+24
v  ~StubRoutines::call_stub
V  [libjvm.dylib+0x2ecf06]  JavaCalls::call_helper(JavaValue*, methodHandle*, JavaCallArguments*, Thread*)+0x6ae
V  [libjvm.dylib+0x324111]  jni_invoke_nonstatic(JNIEnv_*, JavaValue*, _jobject*, JNICallType, _jmethodID*, JNI_ArgumentPusher*, Thread*)+0x2ec
V  [libjvm.dylib+0x3168df]  jni_CallVoidMethod+0x16b
C  [libnativewindow_macosx.jnilib+0x5326]  Java_jogamp_nativewindow_jawt_macosx_MacOSXJAWTWindow_UnsetJAWTRootSurfaceLayer0+0x2b6
C  [Foundation+0x76fde]  __NSThreadPerformPerform+0x117
C  [CoreFoundation+0xaa881]  __CFRUNLOOP_IS_CALLING_OUT_TO_A_SOURCE0_PERFORM_FUNCTION__+0x11
C  [CoreFoundation+0x89fbc]  __CFRunLoopDoSources0+0x22c
C  [CoreFoundation+0x894df]  __CFRunLoopRun+0x39f
C  [CoreFoundation+0x88ed8]  CFRunLoopRunSpecific+0x128
C  [HIToolbox+0x30935]  RunCurrentEventLoopInMode+0xeb
C  [HIToolbox+0x30677]  ReceiveNextEventCommon+0xb8
C  [HIToolbox+0x305af]  _BlockUntilNextEventMatchingListInModeWithFilter+0x47
C  [AppKit+0x48df6]  _DPSNextEvent+0x42b
C  [AppKit+0x48226]  -[NSApplication _nextEventMatchingEventMask:untilDate:inMode:dequeue:]+0x1c6
C  [libosxapp.dylib+0x23aa]  -[NSApplicationAWT nextEventMatchingMask:untilDate:inMode:dequeue:]+0x7c
C  [AppKit+0x3cd80]  -[NSApplication run]+0x2aa
C  [libosxapp.dylib+0x214d]  +[NSApplicationAWT runAWTLoopWithApp:]+0x9c
C  [libawt_lwawt.dylib+0x444b3]  -[AWTStarter starter:]+0x389
C  [Foundation+0x76fde]  __NSThreadPerformPerform+0x117
C  [CoreFoundation+0xaa881]  __CFRUNLOOP_IS_CALLING_OUT_TO_A_SOURCE0_PERFORM_FUNCTION__+0x11
C  [CoreFoundation+0x89fbc]  __CFRunLoopDoSources0+0x22c
C  [CoreFoundation+0x894df]  __CFRunLoopRun+0x39f
C  [CoreFoundation+0x88ed8]  CFRunLoopRunSpecific+0x128
C  [java+0x6465]  CreateExecutionEnvironment+0x367
C  [java+0x218c]  JLI_Launch+0x7a0
C  [java+0x84c2]  main+0x65
C  [java+0x19e4]  start+0x34
C  0x0000000000000007

Java frames: (J=compiled Java code, j=interpreted, Vv=VM code)
j  jogamp.nativewindow.jawt.macosx.MacOSXJAWTWindow.UnsetJAWTRootSurfaceLayer0(JJ)V+0
j  jogamp.nativewindow.jawt.macosx.MacOSXJAWTWindow.access$200(JJ)V+2
j  jogamp.nativewindow.jawt.macosx.MacOSXJAWTWindow$1.run()V+38
j  com.jogamp.common.util.RunnableTask.run()V+24
v  ~StubRoutines::call_stub

---------------  P R O C E S S  ---------------

Java Threads: ( => current thread )
  0x00007f8d544da000 JavaThread "Thread-19" [_thread_blocked, id=61471, stack(0x000070000104a000,0x000070000114a000)]
  0x00007f8d5444f000 JavaThread "Animation Thread" [_thread_blocked, id=58419, stack(0x0000700001765000,0x0000700001865000)]
  0x00007f8d54477800 JavaThread "AWT-EventQueue-1" [_thread_in_native, id=58911, stack(0x0000700001868000,0x0000700001968000)]
  0x00007f8d54456800 JavaThread "DestroyJavaVM" [_thread_blocked, id=5891, stack(0x000070000011a000,0x000070000021a000)]
  0x00007f8d5486d800 JavaThread "AWT-EventQueue-0" [_thread_blocked, id=56323, stack(0x0000700001662000,0x0000700001762000)]
  0x00007f8d53a7e800 JavaThread "Java2D Disposer" daemon [_thread_blocked, id=52995, stack(0x00007000013d9000,0x00007000014d9000)]
  0x00007f8d54172000 JavaThread "Java2D Queue Flusher" daemon [_thread_blocked, id=49927, stack(0x00007000012d6000,0x00007000013d6000)]
  0x00007f8d539d5000 JavaThread "AWT-Shutdown" [_thread_blocked, id=29459, stack(0x0000700001150000,0x0000700001250000)]
=>0x00007f8d54047000 JavaThread "AWT-AppKit" daemon [_thread_in_native, id=2571, stack(0x00007fff4fd35000,0x00007fff50535000)]
  0x00007f8d5481c000 JavaThread "Service Thread" daemon [_thread_blocked, id=18691, stack(0x0000700000e44000,0x0000700000f44000)]
  0x00007f8d5302c800 JavaThread "C1 CompilerThread2" daemon [_thread_blocked, id=18179, stack(0x0000700000d41000,0x0000700000e41000)]
  0x00007f8d5481b000 JavaThread "C2 CompilerThread1" daemon [_thread_blocked, id=17667, stack(0x0000700000c3e000,0x0000700000d3e000)]
  0x00007f8d5481a800 JavaThread "C2 CompilerThread0" daemon [_thread_blocked, id=17155, stack(0x0000700000b3b000,0x0000700000c3b000)]
  0x00007f8d5480a800 JavaThread "Signal Dispatcher" daemon [_thread_blocked, id=12815, stack(0x0000700000a38000,0x0000700000b38000)]
  0x00007f8d54009800 JavaThread "Finalizer" daemon [_thread_blocked, id=12291, stack(0x000070000082f000,0x000070000092f000)]
  0x00007f8d54006800 JavaThread "Reference Handler" daemon [_thread_blocked, id=11779, stack(0x000070000072c000,0x000070000082c000)]

Other Threads:
  0x00007f8d5383a800 VMThread [stack: 0x0000700000629000,0x0000700000729000] [id=11267]
  0x00007f8d5400c800 WatcherThread [stack: 0x0000700000f47000,0x0000700001047000] [id=19203]

VM state:not at safepoint (normal execution)

VM Mutex/Monitor currently owned by a thread: None

Heap:
 PSYoungGen      total 25600K, used 11404K [0x00000007aab00000, 0x00000007ac600000, 0x00000007c0000000)
  eden space 24064K, 47% used [0x00000007aab00000,0x00000007ab613040,0x00000007ac280000)
  from space 1536K, 4% used [0x00000007ac300000,0x00000007ac310000,0x00000007ac480000)
  to   space 1536K, 0% used [0x00000007ac480000,0x00000007ac480000,0x00000007ac600000)
 ParOldGen       total 39936K, used 20285K [0x0000000780000000, 0x0000000782700000, 0x00000007aab00000)
  object space 39936K, 50% used [0x0000000780000000,0x00000007813cf780,0x0000000782700000)
 Metaspace       used 24003K, capacity 24241K, committed 24576K, reserved 1071104K
  class space    used 2373K, capacity 2451K, committed 2560K, reserved 1048576K

Card table byte_map: [0x000000012055d000,0x000000012075e000] byte_map_base: 0x000000011c95d000

Marking Bits: (ParMarkBitMap*) 0x0000000110aedd20
 Begin Bits: [0x00000001208b4000, 0x00000001218b4000)
 End Bits:   [0x00000001218b4000, 0x00000001228b4000)

Polling page: 0x000000010f98e000

CodeCache: size=245760Kb used=10372Kb max_used=10556Kb free=235387Kb
 bounds [0x000000011119d000, 0x0000000111c0d000, 0x000000012019d000]
 total_blobs=3893 nmethods=2974 adapters=832
 compilation: enabled

Compilation events (10 events):
Event: 458.792 Thread 0x00007f8d5302c800 3294       3       java.awt.EventQueue::getNextEventPrivate (76 bytes)
Event: 458.792 Thread 0x00007f8d5302c800 nmethod 3294 0x0000000111830090 code [0x0000000111830220, 0x0000000111830568]
Event: 458.792 Thread 0x00007f8d5481a800 nmethod 3293 0x00000001118ab350 code [0x00000001118ab4a0, 0x00000001118ab578]
Event: 458.792 Thread 0x00007f8d5481a800 3296       4       sun.lwawt.LWComponentPeer::localToWindow (62 bytes)
Event: 458.793 Thread 0x00007f8d5481b000 nmethod 3295 0x0000000111599510 code [0x0000000111599660, 0x0000000111599748]
Event: 458.797 Thread 0x00007f8d5302c800 3297   !   3       sun.lwawt.LWComponentPeer::isShowing (49 bytes)
Event: 458.798 Thread 0x00007f8d5302c800 nmethod 3297 0x0000000111312f90 code [0x0000000111313140, 0x0000000111313a48]
Event: 458.802 Thread 0x00007f8d5481a800 nmethod 3296 0x00000001112bb710 code [0x00000001112bb8a0, 0x00000001112bc138]
Event: 458.807 Thread 0x00007f8d5481b000 3298       4       java.util.HashMap::put (13 bytes)
Event: 458.818 Thread 0x00007f8d5481b000 nmethod 3298 0x0000000111821550 code [0x0000000111821720, 0x0000000111821e10]

GC Heap History (10 events):
Event: 420.648 GC heap before
{Heap before GC invocations=50 (full 1):
 PSYoungGen      total 28160K, used 26720K [0x00000007aab00000, 0x00000007ac900000, 0x00000007c0000000)
  eden space 26624K, 100% used [0x00000007aab00000,0x00000007ac500000,0x00000007ac500000)
  from space 1536K, 6% used [0x00000007ac780000,0x00000007ac798000,0x00000007ac900000)
  to   space 2048K, 0% used [0x00000007ac500000,0x00000007ac500000,0x00000007ac700000)
 ParOldGen       total 39936K, used 20285K [0x0000000780000000, 0x0000000782700000, 0x00000007aab00000)
  object space 39936K, 50% used [0x0000000780000000,0x00000007813cf780,0x0000000782700000)
 Metaspace       used 23974K, capacity 24241K, committed 24576K, reserved 1071104K
  class space    used 2366K, capacity 2451K, committed 2560K, reserved 1048576K
Event: 420.652 GC heap after
Heap after GC invocations=50 (full 1):
 PSYoungGen      total 26624K, used 128K [0x00000007aab00000, 0x00000007ac880000, 0x00000007c0000000)
  eden space 26112K, 0% used [0x00000007aab00000,0x00000007aab00000,0x00000007ac480000)
  from space 512K, 25% used [0x00000007ac500000,0x00000007ac520000,0x00000007ac580000)
  to   space 2048K, 0% used [0x00000007ac680000,0x00000007ac680000,0x00000007ac880000)
 ParOldGen       total 39936K, used 20285K [0x0000000780000000, 0x0000000782700000, 0x00000007aab00000)
  object space 39936K, 50% used [0x0000000780000000,0x00000007813cf780,0x0000000782700000)
 Metaspace       used 23974K, capacity 24241K, committed 24576K, reserved 1071104K
  class space    used 2366K, capacity 2451K, committed 2560K, reserved 1048576K
}
Event: 429.826 GC heap before
{Heap before GC invocations=51 (full 1):
 PSYoungGen      total 26624K, used 26240K [0x00000007aab00000, 0x00000007ac880000, 0x00000007c0000000)
  eden space 26112K, 100% used [0x00000007aab00000,0x00000007ac480000,0x00000007ac480000)
  from space 512K, 25% used [0x00000007ac500000,0x00000007ac520000,0x00000007ac580000)
  to   space 2048K, 0% used [0x00000007ac680000,0x00000007ac680000,0x00000007ac880000)
 ParOldGen       total 39936K, used 20285K [0x0000000780000000, 0x0000000782700000, 0x00000007aab00000)
  object space 39936K, 50% used [0x0000000780000000,0x00000007813cf780,0x0000000782700000)
 Metaspace       used 23974K, capacity 24241K, committed 24576K, reserved 1071104K
  class space    used 2366K, capacity 2451K, committed 2560K, reserved 1048576K
Event: 429.828 GC heap after
Heap after GC invocations=51 (full 1):
 PSYoungGen      total 26112K, used 64K [0x00000007aab00000, 0x00000007ac700000, 0x00000007c0000000)
  eden space 25600K, 0% used [0x00000007aab00000,0x00000007aab00000,0x00000007ac400000)
  from space 512K, 12% used [0x00000007ac680000,0x00000007ac690000,0x00000007ac700000)
  to   space 1536K, 0% used [0x00000007ac400000,0x00000007ac400000,0x00000007ac580000)
 ParOldGen       total 39936K, used 20285K [0x0000000780000000, 0x0000000782700000, 0x00000007aab00000)
  object space 39936K, 50% used [0x0000000780000000,0x00000007813cf780,0x0000000782700000)
 Metaspace       used 23974K, capacity 24241K, committed 24576K, reserved 1071104K
  class space    used 2366K, capacity 2451K, committed 2560K, reserved 1048576K
}
Event: 439.038 GC heap before
{Heap before GC invocations=52 (full 1):
 PSYoungGen      total 26112K, used 25664K [0x00000007aab00000, 0x00000007ac700000, 0x00000007c0000000)
  eden space 25600K, 100% used [0x00000007aab00000,0x00000007ac400000,0x00000007ac400000)
  from space 512K, 12% used [0x00000007ac680000,0x00000007ac690000,0x00000007ac700000)
  to   space 1536K, 0% used [0x00000007ac400000,0x00000007ac400000,0x00000007ac580000)
 ParOldGen       total 39936K, used 20285K [0x0000000780000000, 0x0000000782700000, 0x00000007aab00000)
  object space 39936K, 50% used [0x0000000780000000,0x00000007813cf780,0x0000000782700000)
 Metaspace       used 23974K, capacity 24241K, committed 24576K, reserved 1071104K
  class space    used 2366K, capacity 2451K, committed 2560K, reserved 1048576K
Event: 439.040 GC heap after
Heap after GC invocations=52 (full 1):
 PSYoungGen      total 26624K, used 64K [0x00000007aab00000, 0x00000007ac700000, 0x00000007c0000000)
  eden space 25088K, 0% used [0x00000007aab00000,0x00000007aab00000,0x00000007ac380000)
  from space 1536K, 4% used [0x00000007ac400000,0x00000007ac410000,0x00000007ac580000)
  to   space 1536K, 0% used [0x00000007ac580000,0x00000007ac580000,0x00000007ac700000)
 ParOldGen       total 39936K, used 20285K [0x0000000780000000, 0x0000000782700000, 0x00000007aab00000)
  object space 39936K, 50% used [0x0000000780000000,0x00000007813cf780,0x0000000782700000)
 Metaspace       used 23974K, capacity 24241K, committed 24576K, reserved 1071104K
  class space    used 2366K, capacity 2451K, committed 2560K, reserved 1048576K
}
Event: 448.034 GC heap before
{Heap before GC invocations=53 (full 1):
 PSYoungGen      total 26624K, used 25152K [0x00000007aab00000, 0x00000007ac700000, 0x00000007c0000000)
  eden space 25088K, 100% used [0x00000007aab00000,0x00000007ac380000,0x00000007ac380000)
  from space 1536K, 4% used [0x00000007ac400000,0x00000007ac410000,0x00000007ac580000)
  to   space 1536K, 0% used [0x00000007ac580000,0x00000007ac580000,0x00000007ac700000)
 ParOldGen       total 39936K, used 20285K [0x0000000780000000, 0x0000000782700000, 0x00000007aab00000)
  object space 39936K, 50% used [0x0000000780000000,0x00000007813cf780,0x0000000782700000)
 Metaspace       used 23974K, capacity 24241K, committed 24576K, reserved 1071104K
  class space    used 2366K, capacity 2451K, committed 2560K, reserved 1048576K
Event: 448.036 GC heap after
Heap after GC invocations=53 (full 1):
 PSYoungGen      total 25088K, used 96K [0x00000007aab00000, 0x00000007ac600000, 0x00000007c0000000)
  eden space 24576K, 0% used [0x00000007aab00000,0x00000007aab00000,0x00000007ac300000)
  from space 512K, 18% used [0x00000007ac580000,0x00000007ac598000,0x00000007ac600000)
  to   space 1536K, 0% used [0x00000007ac300000,0x00000007ac300000,0x00000007ac480000)
 ParOldGen       total 39936K, used 20285K [0x0000000780000000, 0x0000000782700000, 0x00000007aab00000)
  object space 39936K, 50% used [0x0000000780000000,0x00000007813cf780,0x0000000782700000)
 Metaspace       used 23974K, capacity 24241K, committed 24576K, reserved 1071104K
  class space    used 2366K, capacity 2451K, committed 2560K, reserved 1048576K
}
Event: 456.379 GC heap before
{Heap before GC invocations=54 (full 1):
 PSYoungGen      total 25088K, used 24672K [0x00000007aab00000, 0x00000007ac600000, 0x00000007c0000000)
  eden space 24576K, 100% used [0x00000007aab00000,0x00000007ac300000,0x00000007ac300000)
  from space 512K, 18% used [0x00000007ac580000,0x00000007ac598000,0x00000007ac600000)
  to   space 1536K, 0% used [0x00000007ac300000,0x00000007ac300000,0x00000007ac480000)
 ParOldGen       total 39936K, used 20285K [0x0000000780000000, 0x0000000782700000, 0x00000007aab00000)
  object space 39936K, 50% used [0x0000000780000000,0x00000007813cf780,0x0000000782700000)
 Metaspace       used 23974K, capacity 24241K, committed 24576K, reserved 1071104K
  class space    used 2366K, capacity 2451K, committed 2560K, reserved 1048576K
Event: 456.382 GC heap after
Heap after GC invocations=54 (full 1):
 PSYoungGen      total 25600K, used 64K [0x00000007aab00000, 0x00000007ac600000, 0x00000007c0000000)
  eden space 24064K, 0% used [0x00000007aab00000,0x00000007aab00000,0x00000007ac280000)
  from space 1536K, 4% used [0x00000007ac300000,0x00000007ac310000,0x00000007ac480000)
  to   space 1536K, 0% used [0x00000007ac480000,0x00000007ac480000,0x00000007ac600000)
 ParOldGen       total 39936K, used 20285K [0x0000000780000000, 0x0000000782700000, 0x00000007aab00000)
  object space 39936K, 50% used [0x0000000780000000,0x00000007813cf780,0x0000000782700000)
 Metaspace       used 23974K, capacity 24241K, committed 24576K, reserved 1071104K
  class space    used 2366K, capacity 2451K, committed 2560K, reserved 1048576K
}

Deoptimization events (10 events):
Event: 458.806 Thread 0x00007f8d54180000 Uncommon trap: reason=class_check action=maybe_recompile pc=0x00000001116863ec method=java.util.HashMap.putVal(ILjava/lang/Object;Ljava/lang/Object;ZZ)Ljava/lang/Object; @ 91
Event: 458.806 Thread 0x00007f8d54180000 Uncommon trap: reason=class_check action=maybe_recompile pc=0x00000001116863ec method=java.util.HashMap.putVal(ILjava/lang/Object;Ljava/lang/Object;ZZ)Ljava/lang/Object; @ 91
Event: 458.806 Thread 0x00007f8d54180000 Uncommon trap: reason=class_check action=maybe_recompile pc=0x0000000111699b88 method=java.util.HashMap.putVal(ILjava/lang/Object;Ljava/lang/Object;ZZ)Ljava/lang/Object; @ 91
Event: 458.807 Thread 0x00007f8d5486d800 Uncommon trap: reason=class_check action=maybe_recompile pc=0x0000000111bb5048 method=java.awt.Component.getGraphics()Ljava/awt/Graphics; @ 114
Event: 458.809 Thread 0x00007f8d54047000 Uncommon trap: reason=class_check action=maybe_recompile pc=0x0000000111b97a80 method=com.jogamp.common.util.RunnableTask.run()V @ 24
Event: 458.810 Thread 0x00007f8d54047000 Uncommon trap: reason=unstable_if action=reinterpret pc=0x0000000111ba4a3c method=jogamp.nativewindow.macosx.OSXUtil.RunOnMainThread(ZZLjava/lang/Runnable;)V @ 3
Event: 458.817 Thread 0x00007f8d54477800 Uncommon trap: reason=unstable_if action=reinterpret pc=0x0000000111bbff90 method=jogamp.opengl.GLContextImpl.release(Z)V @ 161
Event: 458.820 Thread 0x00007f8d54477800 Uncommon trap: reason=unstable_if action=reinterpret pc=0x0000000111b4cad8 method=java.util.LinkedList$ListItr.<init>(Ljava/util/LinkedList;I)V @ 26
Event: 458.821 Thread 0x00007f8d54477800 Uncommon trap: reason=unstable_if action=reinterpret pc=0x0000000111b1d6e4 method=java.security.AccessControlContext.optimize()Ljava/security/AccessControlContext; @ 233
Event: 458.821 Thread 0x00007f8d54047000 Uncommon trap: reason=class_check action=maybe_recompile pc=0x0000000111b97a80 method=com.jogamp.common.util.RunnableTask.run()V @ 24

Internal exceptions (10 events):
Event: 0.168 Thread 0x00007f8d54801800 Exception <a 'java/lang/NoSuchFieldError': method resolution failed> (0x00000007aacb1c98) thrown at [/HUDSON3/workspace/8-2-build-macosx-x86_64/jdk8u101/7261/hotspot/src/share/vm/prims/methodHandles.cpp, line 1146]
Event: 0.171 Thread 0x00007f8d54801800 Exception <a 'java/lang/NoSuchFieldError': method resolution failed> (0x00000007aacbf468) thrown at [/HUDSON3/workspace/8-2-build-macosx-x86_64/jdk8u101/7261/hotspot/src/share/vm/prims/methodHandles.cpp, line 1146]
Event: 0.305 Thread 0x00007f8d54801800 Exception <a 'java/io/FileNotFoundException'> (0x00000007aad3ade0) thrown at [/HUDSON3/workspace/8-2-build-macosx-x86_64/jdk8u101/7261/hotspot/src/share/vm/prims/jni.cpp, line 709]
Event: 0.305 Thread 0x00007f8d54801800 Exception <a 'java/io/FileNotFoundException'> (0x00000007aad3b940) thrown at [/HUDSON3/workspace/8-2-build-macosx-x86_64/jdk8u101/7261/hotspot/src/share/vm/prims/jni.cpp, line 709]
Event: 0.408 Thread 0x00007f8d54801800 Exception <a 'java/io/FileNotFoundException'> (0x00000007aae22c10) thrown at [/HUDSON3/workspace/8-2-build-macosx-x86_64/jdk8u101/7261/hotspot/src/share/vm/prims/jni.cpp, line 709]
Event: 1.654 Thread 0x00007f8d54009800 Exception <a 'java/lang/NullPointerException'> (0x00000007aab856c0) thrown at [/HUDSON3/workspace/8-2-build-macosx-x86_64/jdk8u101/7261/hotspot/src/share/vm/interpreter/linkResolver.cpp, line 1178]
Event: 1.736 Thread 0x00007f8d5444f000 Exception <a 'java/lang/UnsatisfiedLinkError': com.jogamp.common.util.JarUtil.fixNativeLibAttribs(Ljava/lang/String;)Z> (0x00000007aaeb9770) thrown at [/HUDSON3/workspace/8-2-build-macosx-x86_64/jdk8u101/7261/hotspot/src/share/vm/prims/nativeLookup.cpp, l
Event: 2.714 Thread 0x00007f8d54477800 Exception <a 'java/io/FileNotFoundException'> (0x00000007ab1218a0) thrown at [/HUDSON3/workspace/8-2-build-macosx-x86_64/jdk8u101/7261/hotspot/src/share/vm/prims/jni.cpp, line 709]
Event: 2.714 Thread 0x00007f8d54477800 Exception <a 'java/io/FileNotFoundException'> (0x00000007ab127d68) thrown at [/HUDSON3/workspace/8-2-build-macosx-x86_64/jdk8u101/7261/hotspot/src/share/vm/prims/jni.cpp, line 709]
Event: 2.714 Thread 0x00007f8d54477800 Implicit null exception at 0x0000000111342975 to 0x0000000111342ce9

Events (10 events):
Event: 458.821 Thread 0x00007f8d54477800 DEOPT UNPACKING pc=0x00000001111a2229 sp=0x0000700001965780 mode 2
Event: 458.821 loading class java/awt/LightweightDispatcher$2
Event: 458.821 loading class java/awt/LightweightDispatcher$2 done
Event: 458.821 Thread 0x00007f8d54047000 Uncommon trap: trap_request=0xffffffde fr.pc=0x0000000111b97a80
Event: 458.821 Thread 0x00007f8d54047000 DEOPT PACKING pc=0x0000000111b97a80 sp=0x00007fff50530670
Event: 458.821 loading class java/awt/event/AWTEventListenerProxy
Event: 458.821 Thread 0x00007f8d54047000 DEOPT UNPACKING pc=0x00000001111a2229 sp=0x00007fff50530618 mode 2
Event: 458.821 loading class java/awt/event/AWTEventListenerProxy done
Event: 458.821 loading class java/awt/Toolkit$ToolkitEventMulticaster
Event: 458.822 loading class java/awt/Toolkit$ToolkitEventMulticaster done


Dynamic libraries:
0x0000000005485000 	/System/Library/Frameworks/Cocoa.framework/Versions/A/Cocoa
0x0000000005485000 	/System/Library/Frameworks/Security.framework/Versions/A/Security
0x0000000005485000 	/System/Library/Frameworks/ApplicationServices.framework/Versions/A/ApplicationServices
0x0000000005485000 	/usr/lib/libz.1.dylib
0x0000000005485000 	/usr/lib/libSystem.B.dylib
0x0000000005485000 	/usr/lib/libobjc.A.dylib
0x0000000005485000 	/System/Library/Frameworks/CoreFoundation.framework/Versions/A/CoreFoundation
0x0000000005485000 	/System/Library/Frameworks/Foundation.framework/Versions/C/Foundation
0x0000000005485000 	/System/Library/Frameworks/AppKit.framework/Versions/C/AppKit
0x0000000005485000 	/System/Library/Frameworks/CoreData.framework/Versions/A/CoreData
0x0000000005485000 	/System/Library/PrivateFrameworks/RemoteViewServices.framework/Versions/A/RemoteViewServices
0x0000000005485000 	/System/Library/PrivateFrameworks/UIFoundation.framework/Versions/A/UIFoundation
0x0000000005485000 	/usr/lib/libScreenReader.dylib
0x0000000005485000 	/System/Library/Frameworks/Accelerate.framework/Versions/A/Accelerate
0x0000000005485000 	/System/Library/Frameworks/IOSurface.framework/Versions/A/IOSurface
0x0000000005485000 	/System/Library/Frameworks/AudioToolbox.framework/Versions/A/AudioToolbox
0x0000000005485000 	/System/Library/Frameworks/AudioUnit.framework/Versions/A/AudioUnit
0x0000000005485000 	/System/Library/PrivateFrameworks/DataDetectorsCore.framework/Versions/A/DataDetectorsCore
0x0000000005485000 	/System/Library/PrivateFrameworks/DesktopServicesPriv.framework/Versions/A/DesktopServicesPriv
0x0000000005485000 	/System/Library/Frameworks/Carbon.framework/Versions/A/Frameworks/HIToolbox.framework/Versions/A/HIToolbox
0x0000000005485000 	/System/Library/Frameworks/QuartzCore.framework/Versions/A/QuartzCore
0x0000000005485000 	/System/Library/Frameworks/Carbon.framework/Versions/A/Frameworks/SpeechRecognition.framework/Versions/A/SpeechRecognition
0x0000000005485000 	/usr/lib/libauto.dylib
0x0000000005485000 	/usr/lib/libicucore.A.dylib
0x0000000005485000 	/usr/lib/libxml2.2.dylib
0x0000000005485000 	/System/Library/PrivateFrameworks/CoreUI.framework/Versions/A/CoreUI
0x0000000005485000 	/System/Library/Frameworks/CoreAudio.framework/Versions/A/CoreAudio
0x0000000005485000 	/System/Library/Frameworks/DiskArbitration.framework/Versions/A/DiskArbitration
0x0000000005485000 	/usr/lib/liblangid.dylib
0x0000000005485000 	/System/Library/PrivateFrameworks/MultitouchSupport.framework/Versions/A/MultitouchSupport
0x0000000005485000 	/System/Library/Frameworks/IOKit.framework/Versions/A/IOKit
0x0000000005485000 	/usr/lib/libDiagnosticMessagesClient.dylib
0x0000000005485000 	/System/Library/Frameworks/CoreServices.framework/Versions/A/CoreServices
0x0000000005485000 	/System/Library/PrivateFrameworks/PerformanceAnalysis.framework/Versions/A/PerformanceAnalysis
0x0000000005485000 	/System/Library/PrivateFrameworks/GenerationalStorage.framework/Versions/A/GenerationalStorage
0x0000000005485000 	/System/Library/Frameworks/OpenGL.framework/Versions/A/OpenGL
0x0000000005485000 	/System/Library/PrivateFrameworks/Sharing.framework/Versions/A/Sharing
0x0000000005485000 	/System/Library/Frameworks/CoreGraphics.framework/Versions/A/CoreGraphics
0x0000000005485000 	/System/Library/Frameworks/CoreImage.framework/Versions/A/CoreImage
0x0000000005485000 	/System/Library/Frameworks/CoreText.framework/Versions/A/CoreText
0x0000000005485000 	/System/Library/Frameworks/ImageIO.framework/Versions/A/ImageIO
0x0000000005485000 	/System/Library/PrivateFrameworks/Backup.framework/Versions/A/Backup
0x0000000005485000 	/usr/lib/libextension.dylib
0x0000000005485000 	/usr/lib/libarchive.2.dylib
0x0000000005485000 	/System/Library/Frameworks/CFNetwork.framework/Versions/A/CFNetwork
0x0000000005485000 	/System/Library/Frameworks/SystemConfiguration.framework/Versions/A/SystemConfiguration
0x0000000005485000 	/usr/lib/libCRFSuite.dylib
0x0000000005485000 	/usr/lib/libc++.1.dylib
0x0000000005485000 	/usr/lib/libc++abi.dylib
0x0000000005485000 	/usr/lib/system/libcache.dylib
0x0000000005485000 	/usr/lib/system/libcommonCrypto.dylib
0x0000000005485000 	/usr/lib/system/libcompiler_rt.dylib
0x0000000005485000 	/usr/lib/system/libcopyfile.dylib
0x0000000005485000 	/usr/lib/system/libcorecrypto.dylib
0x0000000005485000 	/usr/lib/system/libdispatch.dylib
0x0000000005485000 	/usr/lib/system/libdyld.dylib
0x0000000005485000 	/usr/lib/system/libkeymgr.dylib
0x0000000005485000 	/usr/lib/system/liblaunch.dylib
0x0000000005485000 	/usr/lib/system/libmacho.dylib
0x0000000005485000 	/usr/lib/system/libquarantine.dylib
0x0000000005485000 	/usr/lib/system/libremovefile.dylib
0x0000000005485000 	/usr/lib/system/libsystem_asl.dylib
0x0000000005485000 	/usr/lib/system/libsystem_blocks.dylib
0x0000000005485000 	/usr/lib/system/libsystem_c.dylib
0x0000000005485000 	/usr/lib/system/libsystem_configuration.dylib
0x0000000005485000 	/usr/lib/system/libsystem_coreservices.dylib
0x0000000005485000 	/usr/lib/system/libsystem_coretls.dylib
0x0000000005485000 	/usr/lib/system/libsystem_dnssd.dylib
0x0000000005485000 	/usr/lib/system/libsystem_info.dylib
0x0000000005485000 	/usr/lib/system/libsystem_kernel.dylib
0x0000000005485000 	/usr/lib/system/libsystem_m.dylib
0x0000000005485000 	/usr/lib/system/libsystem_malloc.dylib
0x0000000005485000 	/usr/lib/system/libsystem_network.dylib
0x0000000005485000 	/usr/lib/system/libsystem_networkextension.dylib
0x0000000005485000 	/usr/lib/system/libsystem_notify.dylib
0x0000000005485000 	/usr/lib/system/libsystem_platform.dylib
0x0000000005485000 	/usr/lib/system/libsystem_pthread.dylib
0x0000000005485000 	/usr/lib/system/libsystem_sandbox.dylib
0x0000000005485000 	/usr/lib/system/libsystem_secinit.dylib
0x0000000005485000 	/usr/lib/system/libsystem_trace.dylib
0x0000000005485000 	/usr/lib/system/libunc.dylib
0x0000000005485000 	/usr/lib/system/libunwind.dylib
0x0000000005485000 	/usr/lib/system/libxpc.dylib
0x0000000005485000 	/usr/lib/libenergytrace.dylib
0x0000000005485000 	/usr/lib/libbsm.0.dylib
0x0000000005485000 	/usr/lib/system/libkxld.dylib
0x0000000005485000 	/usr/lib/libxar.1.dylib
0x0000000005485000 	/usr/lib/libsqlite3.dylib
0x0000000005485000 	/usr/lib/libpam.2.dylib
0x0000000005485000 	/usr/lib/libOpenScriptingUtil.dylib
0x0000000005485000 	/usr/lib/libbz2.1.0.dylib
0x0000000005485000 	/usr/lib/liblzma.5.dylib
0x0000000005485000 	/System/Library/Frameworks/CoreServices.framework/Versions/A/Frameworks/FSEvents.framework/Versions/A/FSEvents
0x0000000005485000 	/System/Library/Frameworks/CoreServices.framework/Versions/A/Frameworks/CarbonCore.framework/Versions/A/CarbonCore
0x0000000005485000 	/System/Library/Frameworks/CoreServices.framework/Versions/A/Frameworks/Metadata.framework/Versions/A/Metadata
0x0000000005485000 	/System/Library/Frameworks/CoreServices.framework/Versions/A/Frameworks/OSServices.framework/Versions/A/OSServices
0x0000000005485000 	/System/Library/Frameworks/CoreServices.framework/Versions/A/Frameworks/SearchKit.framework/Versions/A/SearchKit
0x0000000005485000 	/System/Library/Frameworks/CoreServices.framework/Versions/A/Frameworks/AE.framework/Versions/A/AE
0x0000000005485000 	/System/Library/Frameworks/CoreServices.framework/Versions/A/Frameworks/LaunchServices.framework/Versions/A/LaunchServices
0x0000000005485000 	/System/Library/Frameworks/CoreServices.framework/Versions/A/Frameworks/DictionaryServices.framework/Versions/A/DictionaryServices
0x0000000005485000 	/System/Library/Frameworks/CoreServices.framework/Versions/A/Frameworks/SharedFileList.framework/Versions/A/SharedFileList
0x0000000005485000 	/System/Library/Frameworks/NetFS.framework/Versions/A/NetFS
0x0000000005485000 	/System/Library/PrivateFrameworks/NetAuth.framework/Versions/A/NetAuth
0x0000000005485000 	/System/Library/PrivateFrameworks/login.framework/Versions/A/Frameworks/loginsupport.framework/Versions/A/loginsupport
0x0000000005485000 	/System/Library/PrivateFrameworks/TCC.framework/Versions/A/TCC
0x0000000005485000 	/usr/lib/libmecabra.dylib
0x0000000005485000 	/System/Library/Frameworks/ApplicationServices.framework/Versions/A/Frameworks/ATS.framework/Versions/A/ATS
0x0000000005485000 	/System/Library/Frameworks/ApplicationServices.framework/Versions/A/Frameworks/ColorSync.framework/Versions/A/ColorSync
0x0000000005485000 	/System/Library/Frameworks/ApplicationServices.framework/Versions/A/Frameworks/HIServices.framework/Versions/A/HIServices
0x0000000005485000 	/System/Library/Frameworks/ApplicationServices.framework/Versions/A/Frameworks/LangAnalysis.framework/Versions/A/LangAnalysis
0x0000000005485000 	/System/Library/Frameworks/ApplicationServices.framework/Versions/A/Frameworks/PrintCore.framework/Versions/A/PrintCore
0x0000000005485000 	/System/Library/Frameworks/ApplicationServices.framework/Versions/A/Frameworks/QD.framework/Versions/A/QD
0x0000000005485000 	/System/Library/Frameworks/ApplicationServices.framework/Versions/A/Frameworks/SpeechSynthesis.framework/Versions/A/SpeechSynthesis
0x0000000005485000 	/System/Library/Frameworks/Metal.framework/Versions/A/Metal
0x0000000005485000 	/System/Library/Frameworks/Accelerate.framework/Versions/A/Frameworks/vImage.framework/Versions/A/vImage
0x0000000005485000 	/System/Library/Frameworks/Accelerate.framework/Versions/A/Frameworks/vecLib.framework/Versions/A/vecLib
0x0000000005485000 	/System/Library/Frameworks/Accelerate.framework/Versions/A/Frameworks/vecLib.framework/Versions/A/libvDSP.dylib
0x0000000005485000 	/System/Library/Frameworks/Accelerate.framework/Versions/A/Frameworks/vecLib.framework/Versions/A/libvMisc.dylib
0x0000000005485000 	/System/Library/Frameworks/Accelerate.framework/Versions/A/Frameworks/vecLib.framework/Versions/A/libLAPACK.dylib
0x0000000005485000 	/System/Library/Frameworks/Accelerate.framework/Versions/A/Frameworks/vecLib.framework/Versions/A/libBLAS.dylib
0x0000000005485000 	/System/Library/Frameworks/Accelerate.framework/Versions/A/Frameworks/vecLib.framework/Versions/A/libLinearAlgebra.dylib
0x0000000005485000 	/System/Library/Frameworks/Accelerate.framework/Versions/A/Frameworks/vecLib.framework/Versions/A/libSparseBLAS.dylib
0x0000000005485000 	/System/Library/PrivateFrameworks/GPUCompiler.framework/libmetal_timestamp.dylib
0x0000000005485000 	/System/Library/Frameworks/OpenGL.framework/Versions/A/Libraries/libCoreFSCache.dylib
0x0000000005485000 	/System/Library/PrivateFrameworks/IOAccelerator.framework/Versions/A/IOAccelerator
0x0000000005485000 	/System/Library/Frameworks/ApplicationServices.framework/Versions/A/Frameworks/ATS.framework/Versions/A/Resources/libFontParser.dylib
0x0000000005485000 	/System/Library/Frameworks/ApplicationServices.framework/Versions/A/Frameworks/ATS.framework/Versions/A/Resources/libFontRegistry.dylib
0x0000000005485000 	/System/Library/PrivateFrameworks/AppleVPA.framework/Versions/A/AppleVPA
0x0000000005485000 	/System/Library/PrivateFrameworks/AppleJPEG.framework/Versions/A/AppleJPEG
0x0000000005485000 	/System/Library/Frameworks/ImageIO.framework/Versions/A/Resources/libJPEG.dylib
0x0000000005485000 	/System/Library/Frameworks/ImageIO.framework/Versions/A/Resources/libTIFF.dylib
0x0000000005485000 	/System/Library/Frameworks/ImageIO.framework/Versions/A/Resources/libPng.dylib
0x0000000005485000 	/System/Library/Frameworks/ImageIO.framework/Versions/A/Resources/libGIF.dylib
0x0000000005485000 	/System/Library/Frameworks/ImageIO.framework/Versions/A/Resources/libJP2.dylib
0x0000000005485000 	/System/Library/Frameworks/ImageIO.framework/Versions/A/Resources/libRadiance.dylib
0x0000000005485000 	/System/Library/Frameworks/CoreVideo.framework/Versions/A/CoreVideo
0x0000000005485000 	/System/Library/Frameworks/OpenGL.framework/Versions/A/Libraries/libGLU.dylib
0x0000000005485000 	/System/Library/Frameworks/OpenGL.framework/Versions/A/Libraries/libGFXShared.dylib
0x0000000005485000 	/System/Library/Frameworks/OpenGL.framework/Versions/A/Libraries/libGL.dylib
0x0000000005485000 	/System/Library/Frameworks/OpenGL.framework/Versions/A/Libraries/libGLImage.dylib
0x0000000005485000 	/System/Library/Frameworks/OpenGL.framework/Versions/A/Libraries/libCVMSPluginSupport.dylib
0x0000000005485000 	/System/Library/Frameworks/OpenGL.framework/Versions/A/Libraries/libCoreVMClient.dylib
0x0000000005485000 	/usr/lib/libcompression.dylib
0x0000000005485000 	/usr/lib/libcups.2.dylib
0x0000000005485000 	/System/Library/Frameworks/Kerberos.framework/Versions/A/Kerberos
0x0000000005485000 	/System/Library/Frameworks/GSS.framework/Versions/A/GSS
0x0000000005485000 	/usr/lib/libresolv.9.dylib
0x0000000005485000 	/usr/lib/libiconv.2.dylib
0x0000000005485000 	/System/Library/PrivateFrameworks/Heimdal.framework/Versions/A/Heimdal
0x0000000005485000 	/usr/lib/libheimdal-asn1.dylib
0x0000000005485000 	/System/Library/Frameworks/OpenDirectory.framework/Versions/A/OpenDirectory
0x0000000005485000 	/System/Library/PrivateFrameworks/CommonAuth.framework/Versions/A/CommonAuth
0x0000000005485000 	/System/Library/Frameworks/OpenDirectory.framework/Versions/A/Frameworks/CFOpenDirectory.framework/Versions/A/CFOpenDirectory
0x0000000005485000 	/System/Library/Frameworks/SecurityFoundation.framework/Versions/A/SecurityFoundation
0x0000000005485000 	/System/Library/PrivateFrameworks/LanguageModeling.framework/Versions/A/LanguageModeling
0x0000000005485000 	/usr/lib/libmarisa.dylib
0x0000000005485000 	/usr/lib/libChineseTokenizer.dylib
0x0000000005485000 	/usr/lib/libcmph.dylib
0x0000000005485000 	/System/Library/Frameworks/ServiceManagement.framework/Versions/A/ServiceManagement
0x0000000005485000 	/usr/lib/libxslt.1.dylib
0x0000000005485000 	/System/Library/Frameworks/Carbon.framework/Versions/A/Frameworks/Ink.framework/Versions/A/Ink
0x0000000005485000 	/usr/lib/libFosl_dynamic.dylib
0x0000000005485000 	/System/Library/PrivateFrameworks/FaceCore.framework/Versions/A/FaceCore
0x0000000005485000 	/System/Library/Frameworks/OpenCL.framework/Versions/A/OpenCL
0x0000000005485000 	/System/Library/PrivateFrameworks/CrashReporterSupport.framework/Versions/A/CrashReporterSupport
0x0000000005485000 	/System/Library/PrivateFrameworks/IconServices.framework/Versions/A/IconServices
0x0000000005485000 	/System/Library/PrivateFrameworks/Apple80211.framework/Versions/A/Apple80211
0x0000000005485000 	/System/Library/Frameworks/CoreWLAN.framework/Versions/A/CoreWLAN
0x0000000005485000 	/System/Library/Frameworks/IOBluetooth.framework/Versions/A/IOBluetooth
0x0000000005485000 	/System/Library/PrivateFrameworks/CoreWiFi.framework/Versions/A/CoreWiFi
0x0000000005485000 	/System/Library/Frameworks/CoreBluetooth.framework/Versions/A/CoreBluetooth
0x0000000005485000 	/System/Library/PrivateFrameworks/ChunkingLibrary.framework/Versions/A/ChunkingLibrary
0x0000000005485000 	/System/Library/PrivateFrameworks/DebugSymbols.framework/Versions/A/DebugSymbols
0x0000000005485000 	/System/Library/PrivateFrameworks/CoreSymbolication.framework/Versions/A/CoreSymbolication
0x0000000005485000 	/System/Library/PrivateFrameworks/Symbolication.framework/Versions/A/Symbolication
0x0000000005485000 	/System/Library/PrivateFrameworks/SpeechRecognitionCore.framework/Versions/A/SpeechRecognitionCore
0x0000000110200000 	/Library/Java/JavaVirtualMachines/jdk1.8.0_101.jdk/Contents/Home/jre/lib/server/libjvm.dylib
0x0000000005485000 	/usr/lib/libstdc++.6.dylib
0x000000010f94b000 	/Library/Java/JavaVirtualMachines/jdk1.8.0_101.jdk/Contents/Home/jre/lib/libverify.dylib
0x000000010f959000 	/Library/Java/JavaVirtualMachines/jdk1.8.0_101.jdk/Contents/Home/jre/lib/libjava.dylib
0x000000010f998000 	/Library/Java/JavaVirtualMachines/jdk1.8.0_101.jdk/Contents/Home/jre/lib/libzip.dylib
0x000000012453b000 	/System/Library/Frameworks/JavaVM.framework/Frameworks/JavaRuntimeSupport.framework/JavaRuntimeSupport
0x0000000124556000 	/System/Library/Frameworks/JavaVM.framework/Versions/A/Frameworks/JavaNativeFoundation.framework/Versions/A/JavaNativeFoundation
0x000000012456b000 	/System/Library/Frameworks/JavaVM.framework/Versions/A/JavaVM
0x0000000005485000 	/System/Library/Frameworks/Carbon.framework/Versions/A/Carbon
0x0000000124578000 	/System/Library/PrivateFrameworks/JavaLaunching.framework/Versions/A/JavaLaunching
0x0000000005485000 	/System/Library/Frameworks/Carbon.framework/Versions/A/Frameworks/CommonPanels.framework/Versions/A/CommonPanels
0x0000000005485000 	/System/Library/Frameworks/Carbon.framework/Versions/A/Frameworks/Help.framework/Versions/A/Help
0x0000000005485000 	/System/Library/Frameworks/Carbon.framework/Versions/A/Frameworks/ImageCapture.framework/Versions/A/ImageCapture
0x0000000005485000 	/System/Library/Frameworks/Carbon.framework/Versions/A/Frameworks/OpenScripting.framework/Versions/A/OpenScripting
0x0000000005485000 	/System/Library/Frameworks/Carbon.framework/Versions/A/Frameworks/Print.framework/Versions/A/Print
0x0000000005485000 	/System/Library/Frameworks/Carbon.framework/Versions/A/Frameworks/SecurityHI.framework/Versions/A/SecurityHI
0x0000000125e9b000 	/Library/Java/JavaVirtualMachines/jdk1.8.0_101.jdk/Contents/Home/jre/lib/libawt.dylib
0x0000000125f43000 	/Library/Java/JavaVirtualMachines/jdk1.8.0_101.jdk/Contents/Home/jre/lib/./libmlib_image.dylib
0x000000012600f000 	/Library/Java/JavaVirtualMachines/jdk1.8.0_101.jdk/Contents/Home/jre/lib/libawt_lwawt.dylib
0x00000001260c4000 	/Library/Java/JavaVirtualMachines/jdk1.8.0_101.jdk/Contents/Home/jre/lib/./libosxapp.dylib
0x0000000005485000 	/System/Library/Frameworks/ExceptionHandling.framework/Versions/A/ExceptionHandling
0x0000000005485000 	/System/Library/PrivateFrameworks/CoreServicesInternal.framework/Versions/A/CoreServicesInternal
0x0000000005485000 	/System/Library/Frameworks/CoreGraphics.framework/Versions/A/Resources/libRIP.A.dylib
0x0000000005485000 	/System/Library/Frameworks/Accelerate.framework/Versions/A/Frameworks/vImage.framework/Versions/A/Libraries/libCGInterfaces.dylib
0x0000000005485000 	/System/Library/Frameworks/CoreGraphics.framework/Versions/A/Resources/libCGXType.A.dylib
0x0000000005485000 	/System/Library/Frameworks/OpenCL.framework/Versions/A/Libraries/libcldcpuengine.dylib
0x0000000005485000 	/System/Library/PrivateFrameworks/DiskImages.framework/Versions/A/DiskImages
0x0000000005485000 	/System/Library/Frameworks/DiscRecording.framework/Versions/A/DiscRecording
0x0000000005485000 	/usr/lib/libcsfde.dylib
0x0000000005485000 	/usr/lib/libcurl.4.dylib
0x0000000005485000 	/System/Library/PrivateFrameworks/MediaKit.framework/Versions/A/MediaKit
0x0000000005485000 	/System/Library/PrivateFrameworks/ProtectedCloudStorage.framework/Versions/A/ProtectedCloudStorage
0x0000000005485000 	/usr/lib/libCoreStorage.dylib
0x0000000005485000 	/System/Library/PrivateFrameworks/EFILogin.framework/Versions/A/EFILogin
0x0000000005485000 	/usr/lib/libutil.dylib
0x0000000005485000 	/System/Library/PrivateFrameworks/FindMyDevice.framework/Versions/A/FindMyDevice
0x0000000005485000 	/System/Library/Frameworks/LDAP.framework/Versions/A/LDAP
0x0000000005485000 	/usr/lib/libsasl2.2.dylib
0x0000000005485000 	/System/Library/PrivateFrameworks/CoreDaemon.framework/Versions/B/CoreDaemon
0x0000000005485000 	/usr/lib/libcrypto.0.9.8.dylib
0x0000000005485000 	/System/Library/PrivateFrameworks/AppleSRP.framework/Versions/A/AppleSRP
0x0000000005485000 	/System/Library/PrivateFrameworks/TrustEvaluationAgent.framework/Versions/A/TrustEvaluationAgent
0x0000000127954000 	cl_kernels
0x0000000005485000 	/System/Library/Frameworks/OpenCL.framework/Versions/A/Libraries/ImageFormats/unorm8_bgra.dylib
0x0000000005485000 	/System/Library/Frameworks/OpenCL.framework/Versions/A/Libraries/ImageFormats/unorm8_rgba.dylib
0x0000000005485000 	/System/Library/PrivateFrameworks/FamilyControls.framework/Versions/A/FamilyControls
0x0000000005485000 	/System/Library/PrivateFrameworks/CommerceKit.framework/Versions/A/Frameworks/CommerceCore.framework/Versions/A/CommerceCore
0x0000000005485000 	/System/Library/PrivateFrameworks/SystemAdministration.framework/Versions/A/SystemAdministration
0x0000000005485000 	/System/Library/PrivateFrameworks/AppContainer.framework/Versions/A/AppContainer
0x0000000005485000 	/System/Library/PrivateFrameworks/SecCodeWrapper.framework/Versions/A/SecCodeWrapper
0x0000000005485000 	/System/Library/Frameworks/DirectoryService.framework/Versions/A/DirectoryService
0x0000000005485000 	/System/Library/PrivateFrameworks/LoginUIKit.framework/Versions/A/Frameworks/LoginUICore.framework/Versions/A/LoginUICore
0x0000000005485000 	/usr/lib/libodfde.dylib
0x0000000005485000 	/System/Library/Frameworks/OpenGL.framework/Versions/A/Resources/GLEngine.bundle/GLEngine
0x0000000005485000 	/System/Library/Frameworks/OpenGL.framework/Versions/A/Libraries/libGLProgrammability.dylib
0x0000000128991000 	/System/Library/Extensions/AppleIntelHD4000GraphicsGLDriver.bundle/Contents/MacOS/AppleIntelHD4000GraphicsGLDriver
0x0000000005485000 	/System/Library/PrivateFrameworks/GPUSupport.framework/Versions/A/Libraries/libGPUSupportMercury.dylib
0x0000000005485000 	/System/Library/Frameworks/OpenGL.framework/Versions/A/Resources/GLRendererFloat.bundle/GLRendererFloat
0x00000001298f7000 	/Library/Java/JavaVirtualMachines/jdk1.8.0_101.jdk/Contents/Home/jre/lib/libfontmanager.dylib
0x000000012adb8000 	/Library/Java/JavaVirtualMachines/jdk1.8.0_101.jdk/Contents/Home/jre/lib/libosxui.dylib
0x000000012ba9e000 	/Library/Java/JavaVirtualMachines/jdk1.8.0_101.jdk/Contents/Home/jre/lib/libnet.dylib
0x000000012b812000 	/Library/Java/JavaVirtualMachines/jdk1.8.0_101.jdk/Contents/Home/jre/lib/libnio.dylib
0x0000000005485000 	/System/Library/Frameworks/ApplicationServices.framework/Versions/A/Frameworks/ATS.framework/Versions/A/Resources/libTrueTypeScaler.dylib
0x000000017c9ba000 	/System/Library/Extensions/AppleIntelHD4000GraphicsMTLDriver.bundle/Contents/MacOS/AppleIntelHD4000GraphicsMTLDriver
0x0000000126f3e000 	/private/var/folders/df/q331szgs0rs63dmvvv6sk8180000gn/T/jogamp_0000/file_cache/jln1286047896713329230/jln7217938326476632586/libgluegen-rt.jnilib
0x0000000126f43000 	/private/var/folders/df/q331szgs0rs63dmvvv6sk8180000gn/T/jogamp_0000/file_cache/jln1286047896713329230/jln7217938326476632586/libnativewindow_awt.jnilib
0x000000012aaa5000 	/Library/Java/JavaVirtualMachines/jdk1.8.0_101.jdk/Contents/Home/jre/lib/libjawt.dylib
0x000000017c906000 	/private/var/folders/df/q331szgs0rs63dmvvv6sk8180000gn/T/jogamp_0000/file_cache/jln1286047896713329230/jln7217938326476632586/libnativewindow_macosx.jnilib
0x000000017e6d1000 	/private/var/folders/df/q331szgs0rs63dmvvv6sk8180000gn/T/jogamp_0000/file_cache/jln1286047896713329230/jln7217938326476632586/libjogl_desktop.jnilib
0x00000001812cf000 	/Library/Java/JavaVirtualMachines/jdk1.8.0_101.jdk/Contents/Home/jre/lib/libsunec.dylib
0x000000017e414000 	/Library/Java/JavaVirtualMachines/jdk1.8.0_101.jdk/Contents/Home/jre/lib/libt2k.dylib

VM Arguments:
jvm_args: -Djava.security.policy=java.policy.applet -Dfile.encoding=UTF-8 
java_command: sun.applet.AppletViewer module4.EarthquakeCityMap1495500592419.html
java_class_path (initial): /Users/Ryan/Documents/workspaceCoursera/UCSDUnfoldingMaps/build:/Users/Ryan/Documents/workspaceCoursera/UCSDUnfoldingMaps/lib/core.jar:/Users/Ryan/Documents/workspaceCoursera/UCSDUnfoldingMaps/lib/gluegen-rt.jar:/Users/Ryan/Documents/workspaceCoursera/UCSDUnfoldingMaps/lib/jogl-all.jar:/Users/Ryan/Documents/workspaceCoursera/UCSDUnfoldingMaps/lib/log4j-1.2.15.jar:/Users/Ryan/Documents/workspaceCoursera/UCSDUnfoldingMaps/lib/sqlite-jdbc-3.7.2.jar:/Users/Ryan/Documents/workspaceCoursera/UCSDUnfoldingMaps/lib/json4processing.jar:/Users/Ryan/Documents/workspaceCoursera/UCSDUnfoldingMaps/lib/libTUIO.jar:/Users/Ryan/Documents/workspaceCoursera/UCSDUnfoldingMaps/lib/unfolding.0.9.7-uscd.jar
Launcher Type: SUN_STANDARD

Environment Variables:
PATH=/usr/bin:/bin:/usr/sbin:/sbin
SHELL=/bin/bash
DISPLAY=/private/tmp/com.apple.launchd.ULRZtvESmK/org.macosforge.xquartz:0

Signal Handlers:
SIGSEGV: [libjvm.dylib+0x5af145], sa_mask[0]=11111111011111110111111111111111, sa_flags=SA_ONSTACK|SA_RESTART|SA_SIGINFO
SIGBUS: [libjvm.dylib+0x5af145], sa_mask[0]=11111111011111110111111111111111, sa_flags=SA_RESTART|SA_SIGINFO
SIGFPE: [libjvm.dylib+0x48694c], sa_mask[0]=11111111011111110111111111111111, sa_flags=SA_RESTART|SA_SIGINFO
SIGPIPE: [libjvm.dylib+0x48694c], sa_mask[0]=11111111011111110111111111111111, sa_flags=SA_RESTART|SA_SIGINFO
SIGXFSZ: [libjvm.dylib+0x48694c], sa_mask[0]=11111111011111110111111111111111, sa_flags=SA_RESTART|SA_SIGINFO
SIGILL: [libjvm.dylib+0x48694c], sa_mask[0]=11111111011111110111111111111111, sa_flags=SA_RESTART|SA_SIGINFO
SIGUSR1: SIG_DFL, sa_mask[0]=00000000000000000000000000000000, sa_flags=none
SIGUSR2: [libjvm.dylib+0x48646a], sa_mask[0]=00100000000000000000000000000000, sa_flags=SA_RESTART|SA_SIGINFO
SIGHUP: [libjvm.dylib+0x484a41], sa_mask[0]=11111111011111110111111111111111, sa_flags=SA_RESTART|SA_SIGINFO
SIGINT: [libjvm.dylib+0x484a41], sa_mask[0]=11111111011111110111111111111111, sa_flags=SA_RESTART|SA_SIGINFO
SIGTERM: [libjvm.dylib+0x484a41], sa_mask[0]=11111111011111110111111111111111, sa_flags=SA_RESTART|SA_SIGINFO
SIGQUIT: [libjvm.dylib+0x484a41], sa_mask[0]=11111111011111110111111111111111, sa_flags=SA_RESTART|SA_SIGINFO


---------------  S Y S T E M  ---------------

OS:Bsduname:Darwin 15.6.0 Darwin Kernel Version 15.6.0: Thu Jun 23 18:25:34 PDT 2016; root:xnu-3248.60.10~1/RELEASE_X86_64 x86_64
rlimit: STACK 8192k, CORE 0k, NPROC 709, NOFILE 10240, AS infinity
load average:6.35 4.54 3.71

CPU:total 4 (2 cores per cpu, 2 threads per core) family 6 model 58 stepping 9, cmov, cx8, fxsr, mmx, sse, sse2, sse3, ssse3, sse4.1, sse4.2, popcnt, avx, aes, clmul, erms, ht, tsc, tscinvbit, tscinv

Memory: 4k page, physical 4194304k(836564k free)

/proc/meminfo:


vm_info: Java HotSpot(TM) 64-Bit Server VM (25.101-b13) for bsd-amd64 JRE (1.8.0_101-b13), built on Jun 22 2016 02:42:15 by "java_re" with gcc 4.2.1 (Based on Apple Inc. build 5658) (LLVM build 2336.11.00)

time: Mon May 22 20:57:31 2017
elapsed time: 458 seconds (0d 0h 7m 38s)

