#
# A fatal error has been detected by the Java Runtime Environment:
#
#  SIGSEGV (0xb) at pc=0x00007fff8b7c74dd, pid=56841, tid=0x0000000000000a0b
#
# JRE version: Java(TM) SE Runtime Environment (8.0_101-b13) (build 1.8.0_101-b13)
# Java VM: Java HotSpot(TM) 64-Bit Server VM (25.101-b13 mixed mode bsd-amd64 compressed oops)
# Problematic frame:
# C  [libobjc.A.dylib+0x14dd]  objc_msgSend+0x1d
#
# Failed to write core dump. Core dumps have been disabled. To enable core dumping, try "ulimit -c unlimited" before starting Java again
#
# If you would like to submit a bug report, please visit:
#   http://bugreport.java.com/bugreport/crash.jsp
# The crash happened outside the Java Virtual Machine in native code.
# See problematic frame for where to report the bug.
#

---------------  T H R E A D  ---------------

Current thread (0x00007fea99830000):  JavaThread "AWT-AppKit" daemon [_thread_in_native, id=2571, stack(0x00007fff5bee0000,0x00007fff5c6e0000)]

siginfo: si_signo: 11 (SIGSEGV), si_code: 1 (SEGV_MAPERR), si_addr: 0x000007fea9d06f38

Registers:
RAX=0x00007fea9d32e570, RBX=0x0000000170786450, RCX=0x000000011e8fb580, RDX=0x000000011a8c3b00
RSP=0x00007fff5c6db308, RBP=0x00007fff5c6db3c0, RSI=0x00007fff85a09cbe, RDI=0x00007fea9d32dfc0
R8 =0x0000000000000000, R9 =0x00000000000008b0, R10=0x00007fff85a09cbe, R11=0x000007fea9d06f20
R12=0x0000000000000000, R13=0x0000000172656818, R14=0x0000000170786440, R15=0x00007fea99830000
RIP=0x00007fff8b7c74dd, EFLAGS=0x0000000000010202, ERR=0x0000000000000004
  TRAPNO=0x000000000000000e

Top of Stack: (sp=0x00007fff5c6db308)
0x00007fff5c6db308:   0000000170784157 00007fff5c6db360
0x00007fff5c6db318:   0000000000000003 00007fff5c6db340
0x00007fff5c6db328:   000000010398e8e6 0000000172656818
0x00007fff5c6db338:   0000000172656818 00007fea9d32e570
0x00007fff5c6db348:   00000001707866a0 0000000170786710
0x00007fff5c6db358:   00007fff779c6770 00007fff757ae500
0x00007fff5c6db368:   0000000170786450 0000000170786690
0x00007fff5c6db378:   00007fea9d32e570 00007fea9d32dfc0
0x00007fff5c6db388:   00007fea98f22210 00007fea9d32e570
0x00007fff5c6db398:   00007fea9d32dfc0 00007fff5c6db448
0x00007fff5c6db3a8:   00007fea998301f8 0000000172656818
0x00007fff5c6db3b8:   00007fff5c6db470 00007fff5c6db438
0x00007fff5c6db3c8:   00000001050179d4 0000000172656818
0x00007fff5c6db3d8:   00007fff5c6db470 00007fff5c6db438
0x00007fff5c6db3e8:   0000000105017767 0000000105017722
0x00007fff5c6db3f8:   00007fff5c6db3f8 0000000172656818
0x00007fff5c6db408:   00007fff5c6db470 0000000172659450
0x00007fff5c6db418:   0000000000000000 0000000172656818
0x00007fff5c6db428:   0000000000000000 00007fff5c6db458
0x00007fff5c6db438:   00007fff5c6db4b8 00000001050082bd
0x00007fff5c6db448:   0000000780240e00 0000000105011538
0x00007fff5c6db458:   00007fea9d32e570 00007fff5c6db4b8
0x00007fff5c6db468:   00007fea9d32dfc0 0000000105012e02
0x00007fff5c6db478:   00007fff5c6db478 00000001726569e2
0x00007fff5c6db488:   00007fff5c6db4e0 0000000172659450
0x00007fff5c6db498:   0000000000000000 00000001726569f0
0x00007fff5c6db4a8:   00007fff5c6db458 00007fff5c6db4c8
0x00007fff5c6db4b8:   00007fff5c6db528 00000001050082bd
0x00007fff5c6db4c8:   00007fea9d32e570 00000007806f38f0
0x00007fff5c6db4d8:   00007fea9d32dfc0 00000007806f38f0
0x00007fff5c6db4e8:   00007fff5c6db4e8 000000017700761e
0x00007fff5c6db4f8:   00007fff5c6db538 00000001770076d8 

Instructions: (pc=0x00007fff8b7c74dd)
0x00007fff8b7c74bd:   44 00 00 48 85 ff 2e 74 62 40 f6 c7 01 2e 75 66
0x00007fff8b7c74cd:   49 bb f8 ff ff ff ff 7f 00 00 4c 23 1f 49 89 f2
0x00007fff8b7c74dd:   45 23 53 18 49 c1 e2 04 4d 03 53 10 49 3b 32 75
0x00007fff8b7c74ed:   04 41 ff 62 08 49 83 3a 01 76 0d 49 83 c2 10 49 

Register to memory mapping:

RAX=0x00007fea9d32e570 is an unknown value
RBX=0x0000000170786450: Java_jogamp_nativewindow_macosx_OSXUtil_GetScreenRefreshRate0+0x1cf0 in /private/var/folders/df/q331szgs0rs63dmvvv6sk8180000gn/T/jogamp_0000/file_cache/jln8589352689050615088/jln2516021710525282167/libnativewindow_macosx.jnilib at 0x000000017077f000
RCX=0x000000011e8fb580 is an unknown value
RDX=0x000000011a8c3b00 is an unknown value
RSP=0x00007fff5c6db308 is pointing into the stack for thread: 0x00007fea99830000
RBP=0x00007fff5c6db3c0 is pointing into the stack for thread: 0x00007fea99830000
RSI=0x00007fff85a09cbe is an unknown value
RDI=0x00007fea9d32dfc0 is an unknown value
R8 =0x0000000000000000 is an unknown value
R9 =0x00000000000008b0 is an unknown value
R10=0x00007fff85a09cbe is an unknown value
R11=0x000007fea9d06f20 is an unknown value
R12=0x0000000000000000 is an unknown value
R13={method} {0x0000000172656818} 'UnsetJAWTRootSurfaceLayer0' '(JJ)V' in 'jogamp/nativewindow/jawt/macosx/MacOSXJAWTWindow'
R14=0x0000000170786440: Java_jogamp_nativewindow_macosx_OSXUtil_GetScreenRefreshRate0+0x1ce0 in /private/var/folders/df/q331szgs0rs63dmvvv6sk8180000gn/T/jogamp_0000/file_cache/jln8589352689050615088/jln2516021710525282167/libnativewindow_macosx.jnilib at 0x000000017077f000
R15=0x00007fea99830000 is a thread


Stack: [0x00007fff5bee0000,0x00007fff5c6e0000],  sp=0x00007fff5c6db308,  free space=8172k
Native frames: (J=compiled Java code, j=interpreted, Vv=VM code, C=native code)
C  [libobjc.A.dylib+0x14dd]  objc_msgSend+0x1d
j  jogamp.nativewindow.jawt.macosx.MacOSXJAWTWindow.UnsetJAWTRootSurfaceLayer0(JJ)V+0
j  jogamp.nativewindow.jawt.macosx.MacOSXJAWTWindow.access$200(JJ)V+2
j  jogamp.nativewindow.jawt.macosx.MacOSXJAWTWindow$1.run()V+38
J 2747 C1 com.jogamp.common.util.RunnableTask.run()V (345 bytes) @ 0x0000000105864794 [0x0000000105864600+0x194]
v  ~StubRoutines::call_stub
V  [libjvm.dylib+0x2ecf06]  JavaCalls::call_helper(JavaValue*, methodHandle*, JavaCallArguments*, Thread*)+0x6ae
V  [libjvm.dylib+0x324111]  jni_invoke_nonstatic(JNIEnv_*, JavaValue*, _jobject*, JNICallType, _jmethodID*, JNI_ArgumentPusher*, Thread*)+0x2ec
V  [libjvm.dylib+0x3168df]  jni_CallVoidMethod+0x16b
C  [libnativewindow_macosx.jnilib+0x5326]  Java_jogamp_nativewindow_jawt_macosx_MacOSXJAWTWindow_UnsetJAWTRootSurfaceLayer0+0x2b6
C  [Foundation+0x76fde]  __NSThreadPerformPerform+0x117
C  [CoreFoundation+0xaa881]  __CFRUNLOOP_IS_CALLING_OUT_TO_A_SOURCE0_PERFORM_FUNCTION__+0x11
C  [CoreFoundation+0x89fbc]  __CFRunLoopDoSources0+0x22c
C  [CoreFoundation+0x894df]  __CFRunLoopRun+0x39f
C  [CoreFoundation+0x88ed8]  CFRunLoopRunSpecific+0x128
C  [HIToolbox+0x30935]  RunCurrentEventLoopInMode+0xeb
C  [HIToolbox+0x30677]  ReceiveNextEventCommon+0xb8
C  [HIToolbox+0x305af]  _BlockUntilNextEventMatchingListInModeWithFilter+0x47
C  [AppKit+0x48df6]  _DPSNextEvent+0x42b
C  [AppKit+0x48226]  -[NSApplication _nextEventMatchingEventMask:untilDate:inMode:dequeue:]+0x1c6
C  [libosxapp.dylib+0x23aa]  -[NSApplicationAWT nextEventMatchingMask:untilDate:inMode:dequeue:]+0x7c
C  [AppKit+0x3cd80]  -[NSApplication run]+0x2aa
C  [libosxapp.dylib+0x214d]  +[NSApplicationAWT runAWTLoopWithApp:]+0x9c
C  [libawt_lwawt.dylib+0x444b3]  -[AWTStarter starter:]+0x389
C  [Foundation+0x76fde]  __NSThreadPerformPerform+0x117
C  [CoreFoundation+0xaa881]  __CFRUNLOOP_IS_CALLING_OUT_TO_A_SOURCE0_PERFORM_FUNCTION__+0x11
C  [CoreFoundation+0x89fbc]  __CFRunLoopDoSources0+0x22c
C  [CoreFoundation+0x894df]  __CFRunLoopRun+0x39f
C  [CoreFoundation+0x88ed8]  CFRunLoopRunSpecific+0x128
C  [java+0x6465]  CreateExecutionEnvironment+0x367
C  [java+0x218c]  JLI_Launch+0x7a0
C  [java+0x84c2]  main+0x65
C  [java+0x19e4]  start+0x34
C  0x0000000000000007

Java frames: (J=compiled Java code, j=interpreted, Vv=VM code)
j  jogamp.nativewindow.jawt.macosx.MacOSXJAWTWindow.UnsetJAWTRootSurfaceLayer0(JJ)V+0
j  jogamp.nativewindow.jawt.macosx.MacOSXJAWTWindow.access$200(JJ)V+2
j  jogamp.nativewindow.jawt.macosx.MacOSXJAWTWindow$1.run()V+38
J 2747 C1 com.jogamp.common.util.RunnableTask.run()V (345 bytes) @ 0x0000000105864794 [0x0000000105864600+0x194]
v  ~StubRoutines::call_stub

---------------  P R O C E S S  ---------------

Java Threads: ( => current thread )
  0x00007fea9a895800 JavaThread "Thread-39" [_thread_blocked, id=14019, stack(0x0000700001a71000,0x0000700001b71000)]
  0x00007fea9aa74000 JavaThread "AWT-EventQueue-1" [_thread_in_native, id=59931, stack(0x0000700001868000,0x0000700001968000)]
  0x00007fea99ae9000 JavaThread "DestroyJavaVM" [_thread_blocked, id=4867, stack(0x0000700000084000,0x0000700000184000)]
  0x00007fea99137000 JavaThread "AWT-EventQueue-0" [_thread_blocked, id=56835, stack(0x0000700001662000,0x0000700001762000)]
  0x00007fea9999c000 JavaThread "Java2D Disposer" daemon [_thread_blocked, id=51723, stack(0x00007000013d9000,0x00007000014d9000)]
  0x00007fea9a137800 JavaThread "Java2D Queue Flusher" daemon [_thread_blocked, id=49171, stack(0x00007000012d6000,0x00007000013d6000)]
  0x00007fea998f4000 JavaThread "AWT-Shutdown" [_thread_blocked, id=27691, stack(0x00007000010cd000,0x00007000011cd000)]
=>0x00007fea99830000 JavaThread "AWT-AppKit" daemon [_thread_in_native, id=2571, stack(0x00007fff5bee0000,0x00007fff5c6e0000)]
  0x00007fea99038000 JavaThread "Service Thread" daemon [_thread_blocked, id=18691, stack(0x0000700000e44000,0x0000700000f44000)]
  0x00007fea9981f000 JavaThread "C1 CompilerThread2" daemon [_thread_blocked, id=18179, stack(0x0000700000d41000,0x0000700000e41000)]
  0x00007fea9981e800 JavaThread "C2 CompilerThread1" daemon [_thread_blocked, id=17667, stack(0x0000700000c3e000,0x0000700000d3e000)]
  0x00007fea9a80b800 JavaThread "C2 CompilerThread0" daemon [_thread_blocked, id=17155, stack(0x0000700000b3b000,0x0000700000c3b000)]
  0x00007fea9a80a800 JavaThread "Signal Dispatcher" daemon [_thread_blocked, id=12815, stack(0x0000700000a38000,0x0000700000b38000)]
  0x00007fea9981c000 JavaThread "Finalizer" daemon [_thread_blocked, id=12291, stack(0x000070000082f000,0x000070000092f000)]
  0x00007fea9a800000 JavaThread "Reference Handler" daemon [_thread_blocked, id=11779, stack(0x000070000072c000,0x000070000082c000)]

Other Threads:
  0x00007fea9a024800 VMThread [stack: 0x0000700000629000,0x0000700000729000] [id=11267]
  0x00007fea9a80c000 WatcherThread [stack: 0x0000700000f47000,0x0000700001047000] [id=19203]

VM state:not at safepoint (normal execution)

VM Mutex/Monitor currently owned by a thread: None

Heap:
 PSYoungGen      total 58368K, used 47194K [0x00000007aab00000, 0x00000007af500000, 0x00000007c0000000)
  eden space 47104K, 80% used [0x00000007aab00000,0x00000007ad002848,0x00000007ad900000)
  from space 11264K, 82% used [0x00000007ad900000,0x00000007ae214210,0x00000007ae400000)
  to   space 11776K, 0% used [0x00000007ae980000,0x00000007ae980000,0x00000007af500000)
 ParOldGen       total 39424K, used 16545K [0x0000000780000000, 0x0000000782680000, 0x00000007aab00000)
  object space 39424K, 41% used [0x0000000780000000,0x0000000781028438,0x0000000782680000)
 Metaspace       used 24202K, capacity 24443K, committed 24832K, reserved 1071104K
  class space    used 2375K, capacity 2452K, committed 2560K, reserved 1048576K

Card table byte_map: [0x00000001143c0000,0x00000001145c1000] byte_map_base: 0x00000001107c0000

Marking Bits: (ParMarkBitMap*) 0x0000000104089d20
 Begin Bits: [0x0000000114717000, 0x0000000115717000)
 End Bits:   [0x0000000115717000, 0x0000000116717000)

Polling page: 0x0000000104780000

CodeCache: size=245760Kb used=10880Kb max_used=10920Kb free=234879Kb
 bounds [0x0000000105000000, 0x0000000105ad0000, 0x0000000114000000]
 total_blobs=3973 nmethods=3054 adapters=832
 compilation: enabled

Compilation events (10 events):
Event: 43.077 Thread 0x00007fea9981f000 nmethod 3402 0x000000010565ebd0 code [0x000000010565ed60, 0x000000010565f1a8]
Event: 43.115 Thread 0x00007fea9981f000 3403   !   3       processing.core.PApplet$RegisteredMethods::handle (83 bytes)
Event: 43.116 Thread 0x00007fea9981f000 nmethod 3403 0x0000000105708390 code [0x00000001057085a0, 0x00000001057090b8]
Event: 43.142 Thread 0x00007fea9981f000 3404   !   3       sun.awt.AWTAutoShutdown::getPeer (43 bytes)
Event: 43.143 Thread 0x00007fea9981f000 nmethod 3404 0x000000010565e290 code [0x000000010565e420, 0x000000010565e988]
Event: 43.528 Thread 0x00007fea9981f000 3405   !   3       java.awt.EventQueue::isDispatchThreadImpl (99 bytes)
Event: 43.529 Thread 0x00007fea9981f000 nmethod 3405 0x000000010567f010 code [0x000000010567f220, 0x000000010567fd68]
Event: 44.026 Thread 0x00007fea9a80b800 3406       4       java.util.HashMap::putVal (300 bytes)
Event: 44.036 Thread 0x00007fea9981f000 3407       3       java.util.Stack::empty (13 bytes)
Event: 44.037 Thread 0x00007fea9981f000 nmethod 3407 0x000000010567ea10 code [0x000000010567eb80, 0x000000010567ef50]

GC Heap History (10 events):
Event: 23.709 GC heap before
{Heap before GC invocations=12 (full 1):
 PSYoungGen      total 45056K, used 43008K [0x00000007aab00000, 0x00000007ae100000, 0x00000007c0000000)
  eden space 37888K, 100% used [0x00000007aab00000,0x00000007ad000000,0x00000007ad000000)
  from space 7168K, 71% used [0x00000007ada00000,0x00000007adf00100,0x00000007ae100000)
  to   space 8704K, 0% used [0x00000007ad000000,0x00000007ad000000,0x00000007ad880000)
 ParOldGen       total 39424K, used 15500K [0x0000000780000000, 0x0000000782680000, 0x00000007aab00000)
  object space 39424K, 39% used [0x0000000780000000,0x0000000780f23080,0x0000000782680000)
 Metaspace       used 24034K, capacity 24315K, committed 24576K, reserved 1071104K
  class space    used 2367K, capacity 2452K, committed 2560K, reserved 1048576K
Event: 23.714 GC heap after
Heap after GC invocations=12 (full 1):
 PSYoungGen      total 46592K, used 5120K [0x00000007aab00000, 0x00000007ae600000, 0x00000007c0000000)
  eden space 37888K, 0% used [0x00000007aab00000,0x00000007aab00000,0x00000007ad000000)
  from space 8704K, 58% used [0x00000007ad000000,0x00000007ad500120,0x00000007ad880000)
  to   space 8704K, 0% used [0x00000007add80000,0x00000007add80000,0x00000007ae600000)
 ParOldGen       total 39424K, used 15500K [0x0000000780000000, 0x0000000782680000, 0x00000007aab00000)
  object space 39424K, 39% used [0x0000000780000000,0x0000000780f23080,0x0000000782680000)
 Metaspace       used 24034K, capacity 24315K, committed 24576K, reserved 1071104K
  class space    used 2367K, capacity 2452K, committed 2560K, reserved 1048576K
}
Event: 26.646 GC heap before
{Heap before GC invocations=13 (full 1):
 PSYoungGen      total 46592K, used 43008K [0x00000007aab00000, 0x00000007ae600000, 0x00000007c0000000)
  eden space 37888K, 100% used [0x00000007aab00000,0x00000007ad000000,0x00000007ad000000)
  from space 8704K, 58% used [0x00000007ad000000,0x00000007ad500120,0x00000007ad880000)
  to   space 8704K, 0% used [0x00000007add80000,0x00000007add80000,0x00000007ae600000)
 ParOldGen       total 39424K, used 15501K [0x0000000780000000, 0x0000000782680000, 0x00000007aab00000)
  object space 39424K, 39% used [0x0000000780000000,0x0000000780f23490,0x0000000782680000)
 Metaspace       used 24116K, capacity 24379K, committed 24832K, reserved 1071104K
  class space    used 2367K, capacity 2452K, committed 2560K, reserved 1048576K
Event: 26.659 GC heap after
Heap after GC invocations=13 (full 1):
 PSYoungGen      total 50688K, used 8484K [0x00000007aab00000, 0x00000007ae880000, 0x00000007c0000000)
  eden space 41984K, 0% used [0x00000007aab00000,0x00000007aab00000,0x00000007ad400000)
  from space 8704K, 97% used [0x00000007add80000,0x00000007ae5c91f0,0x00000007ae600000)
  to   space 9728K, 0% used [0x00000007ad400000,0x00000007ad400000,0x00000007add80000)
 ParOldGen       total 39424K, used 16021K [0x0000000780000000, 0x0000000782680000, 0x00000007aab00000)
  object space 39424K, 40% used [0x0000000780000000,0x0000000780fa54b0,0x0000000782680000)
 Metaspace       used 24116K, capacity 24379K, committed 24832K, reserved 1071104K
  class space    used 2367K, capacity 2452K, committed 2560K, reserved 1048576K
}
Event: 28.815 GC heap before
{Heap before GC invocations=14 (full 1):
 PSYoungGen      total 50688K, used 50468K [0x00000007aab00000, 0x00000007ae880000, 0x00000007c0000000)
  eden space 41984K, 100% used [0x00000007aab00000,0x00000007ad400000,0x00000007ad400000)
  from space 8704K, 97% used [0x00000007add80000,0x00000007ae5c91f0,0x00000007ae600000)
  to   space 9728K, 0% used [0x00000007ad400000,0x00000007ad400000,0x00000007add80000)
 ParOldGen       total 39424K, used 16025K [0x0000000780000000, 0x0000000782680000, 0x00000007aab00000)
  object space 39424K, 40% used [0x0000000780000000,0x0000000780fa6418,0x0000000782680000)
 Metaspace       used 24141K, capacity 24443K, committed 24832K, reserved 1071104K
  class space    used 2367K, capacity 2452K, committed 2560K, reserved 1048576K
Event: 28.820 GC heap after
Heap after GC invocations=14 (full 1):
 PSYoungGen      total 51712K, used 9536K [0x00000007aab00000, 0x00000007aef00000, 0x00000007c0000000)
  eden space 41984K, 0% used [0x00000007aab00000,0x00000007aab00000,0x00000007ad400000)
  from space 9728K, 98% used [0x00000007ad400000,0x00000007add50260,0x00000007add80000)
  to   space 10752K, 0% used [0x00000007ae480000,0x00000007ae480000,0x00000007aef00000)
 ParOldGen       total 39424K, used 16537K [0x0000000780000000, 0x0000000782680000, 0x00000007aab00000)
  object space 39424K, 41% used [0x0000000780000000,0x0000000781026438,0x0000000782680000)
 Metaspace       used 24141K, capacity 24443K, committed 24832K, reserved 1071104K
  class space    used 2367K, capacity 2452K, committed 2560K, reserved 1048576K
}
Event: 33.820 GC heap before
{Heap before GC invocations=15 (full 1):
 PSYoungGen      total 51712K, used 51520K [0x00000007aab00000, 0x00000007aef00000, 0x00000007c0000000)
  eden space 41984K, 100% used [0x00000007aab00000,0x00000007ad400000,0x00000007ad400000)
  from space 9728K, 98% used [0x00000007ad400000,0x00000007add50260,0x00000007add80000)
  to   space 10752K, 0% used [0x00000007ae480000,0x00000007ae480000,0x00000007aef00000)
 ParOldGen       total 39424K, used 16537K [0x0000000780000000, 0x0000000782680000, 0x00000007aab00000)
  object space 39424K, 41% used [0x0000000780000000,0x0000000781026438,0x0000000782680000)
 Metaspace       used 24161K, capacity 24443K, committed 24832K, reserved 1071104K
  class space    used 2367K, capacity 2452K, committed 2560K, reserved 1048576K
Event: 33.826 GC heap after
Heap after GC invocations=15 (full 1):
 PSYoungGen      total 57856K, used 9520K [0x00000007aab00000, 0x00000007aef00000, 0x00000007c0000000)
  eden space 47104K, 0% used [0x00000007aab00000,0x00000007aab00000,0x00000007ad900000)
  from space 10752K, 88% used [0x00000007ae480000,0x00000007aedcc250,0x00000007aef00000)
  to   space 11264K, 0% used [0x00000007ad900000,0x00000007ad900000,0x00000007ae400000)
 ParOldGen       total 39424K, used 16545K [0x0000000780000000, 0x0000000782680000, 0x00000007aab00000)
  object space 39424K, 41% used [0x0000000780000000,0x0000000781028438,0x0000000782680000)
 Metaspace       used 24161K, capacity 24443K, committed 24832K, reserved 1071104K
  class space    used 2367K, capacity 2452K, committed 2560K, reserved 1048576K
}
Event: 39.671 GC heap before
{Heap before GC invocations=16 (full 1):
 PSYoungGen      total 57856K, used 56624K [0x00000007aab00000, 0x00000007aef00000, 0x00000007c0000000)
  eden space 47104K, 100% used [0x00000007aab00000,0x00000007ad900000,0x00000007ad900000)
  from space 10752K, 88% used [0x00000007ae480000,0x00000007aedcc250,0x00000007aef00000)
  to   space 11264K, 0% used [0x00000007ad900000,0x00000007ad900000,0x00000007ae400000)
 ParOldGen       total 39424K, used 16545K [0x0000000780000000, 0x0000000782680000, 0x00000007aab00000)
  object space 39424K, 41% used [0x0000000780000000,0x0000000781028438,0x0000000782680000)
 Metaspace       used 24161K, capacity 24443K, committed 24832K, reserved 1071104K
  class space    used 2367K, capacity 2452K, committed 2560K, reserved 1048576K
Event: 39.674 GC heap after
Heap after GC invocations=16 (full 1):
 PSYoungGen      total 58368K, used 9296K [0x00000007aab00000, 0x00000007af500000, 0x00000007c0000000)
  eden space 47104K, 0% used [0x00000007aab00000,0x00000007aab00000,0x00000007ad900000)
  from space 11264K, 82% used [0x00000007ad900000,0x00000007ae214210,0x00000007ae400000)
  to   space 11776K, 0% used [0x00000007ae980000,0x00000007ae980000,0x00000007af500000)
 ParOldGen       total 39424K, used 16545K [0x0000000780000000, 0x0000000782680000, 0x00000007aab00000)
  object space 39424K, 41% used [0x0000000780000000,0x0000000781028438,0x0000000782680000)
 Metaspace       used 24161K, capacity 24443K, committed 24832K, reserved 1071104K
  class space    used 2367K, capacity 2452K, committed 2560K, reserved 1048576K
}

Deoptimization events (10 events):
Event: 43.993 Thread 0x00007fea9aa74000 Uncommon trap: reason=unstable_if action=reinterpret pc=0x0000000105790828 method=com.jogamp.common.util.VersionNumber.compareTo(Lcom/jogamp/common/util/VersionNumber;)I @ 21
Event: 43.994 Thread 0x00007fea9aa74000 Uncommon trap: reason=unstable_if action=reinterpret pc=0x000000010566ad88 method=java.awt.EventQueue.uncacheEQItem(Lsun/awt/EventQueueItem;)V @ 23
Event: 43.996 Thread 0x00007fea99137000 Uncommon trap: reason=unstable_if action=reinterpret pc=0x0000000105a9d48c method=sun.java2d.pipe.Region.intersectsQuickCheck(Lsun/java2d/pipe/Region;)Z @ 41
Event: 43.996 Thread 0x00007fea99137000 Uncommon trap: reason=unstable_if action=reinterpret pc=0x00000001057b070c method=java.awt.Font.equals(Ljava/lang/Object;)Z @ 2
Event: 44.024 Thread 0x00007fea9a132800 Uncommon trap: reason=class_check action=maybe_recompile pc=0x00000001054990f4 method=java.util.HashMap.putVal(ILjava/lang/Object;Ljava/lang/Object;ZZ)Ljava/lang/Object; @ 91
Event: 44.024 Thread 0x00007fea9a132800 Uncommon trap: reason=class_check action=maybe_recompile pc=0x00000001054990f4 method=java.util.HashMap.putVal(ILjava/lang/Object;Ljava/lang/Object;ZZ)Ljava/lang/Object; @ 91
Event: 44.024 Thread 0x00007fea9a132800 Uncommon trap: reason=class_check action=maybe_recompile pc=0x00000001054990f4 method=java.util.HashMap.putVal(ILjava/lang/Object;Ljava/lang/Object;ZZ)Ljava/lang/Object; @ 91
Event: 44.024 Thread 0x00007fea9a132800 Uncommon trap: reason=class_check action=maybe_recompile pc=0x00000001054990f4 method=java.util.HashMap.putVal(ILjava/lang/Object;Ljava/lang/Object;ZZ)Ljava/lang/Object; @ 91
Event: 44.024 Thread 0x00007fea9a132800 Uncommon trap: reason=class_check action=maybe_recompile pc=0x000000010547dfd8 method=java.util.HashMap.putVal(ILjava/lang/Object;Ljava/lang/Object;ZZ)Ljava/lang/Object; @ 91
Event: 44.041 Thread 0x00007fea9aa74000 Uncommon trap: reason=unstable_if action=reinterpret pc=0x00000001058e8370 method=java.security.AccessControlContext.optimize()Ljava/security/AccessControlContext; @ 233

Internal exceptions (10 events):
Event: 0.309 Thread 0x00007fea9a002800 Exception <a 'java/lang/NoSuchFieldError': method resolution failed> (0x00000007aacb1c98) thrown at [/HUDSON3/workspace/8-2-build-macosx-x86_64/jdk8u101/7261/hotspot/src/share/vm/prims/methodHandles.cpp, line 1146]
Event: 0.313 Thread 0x00007fea9a002800 Exception <a 'java/lang/NoSuchFieldError': method resolution failed> (0x00000007aacbf468) thrown at [/HUDSON3/workspace/8-2-build-macosx-x86_64/jdk8u101/7261/hotspot/src/share/vm/prims/methodHandles.cpp, line 1146]
Event: 0.521 Thread 0x00007fea9a002800 Exception <a 'java/io/FileNotFoundException'> (0x00000007aad3ade0) thrown at [/HUDSON3/workspace/8-2-build-macosx-x86_64/jdk8u101/7261/hotspot/src/share/vm/prims/jni.cpp, line 709]
Event: 0.522 Thread 0x00007fea9a002800 Exception <a 'java/io/FileNotFoundException'> (0x00000007aad3b940) thrown at [/HUDSON3/workspace/8-2-build-macosx-x86_64/jdk8u101/7261/hotspot/src/share/vm/prims/jni.cpp, line 709]
Event: 0.697 Thread 0x00007fea9a002800 Exception <a 'java/io/FileNotFoundException'> (0x00000007aae22c10) thrown at [/HUDSON3/workspace/8-2-build-macosx-x86_64/jdk8u101/7261/hotspot/src/share/vm/prims/jni.cpp, line 709]
Event: 2.757 Thread 0x00007fea9981c000 Exception <a 'java/lang/NullPointerException'> (0x00000007aab851d0) thrown at [/HUDSON3/workspace/8-2-build-macosx-x86_64/jdk8u101/7261/hotspot/src/share/vm/interpreter/linkResolver.cpp, line 1178]
Event: 2.860 Thread 0x00007fea99b27000 Exception <a 'java/lang/UnsatisfiedLinkError': com.jogamp.common.util.JarUtil.fixNativeLibAttribs(Ljava/lang/String;)Z> (0x00000007aae866b8) thrown at [/HUDSON3/workspace/8-2-build-macosx-x86_64/jdk8u101/7261/hotspot/src/share/vm/prims/nativeLookup.cpp, l
Event: 4.169 Thread 0x00007fea9aa74000 Exception <a 'java/io/FileNotFoundException'> (0x00000007ab0ca648) thrown at [/HUDSON3/workspace/8-2-build-macosx-x86_64/jdk8u101/7261/hotspot/src/share/vm/prims/jni.cpp, line 709]
Event: 4.169 Thread 0x00007fea9aa74000 Exception <a 'java/io/FileNotFoundException'> (0x00000007ab0d0b20) thrown at [/HUDSON3/workspace/8-2-build-macosx-x86_64/jdk8u101/7261/hotspot/src/share/vm/prims/jni.cpp, line 709]
Event: 4.170 Thread 0x00007fea9aa74000 Implicit null exception at 0x00000001051a2e75 to 0x00000001051a31ed

Events (10 events):
Event: 44.041 Thread 0x00007fea9aa74000 DEOPT PACKING pc=0x00000001058e8370 sp=0x00007000019658b0
Event: 44.041 Thread 0x00007fea9aa74000 DEOPT UNPACKING pc=0x0000000105005229 sp=0x0000700001965880 mode 2
Event: 44.041 loading class java/awt/LightweightDispatcher$2
Event: 44.042 loading class java/awt/LightweightDispatcher$2 done
Event: 44.042 loading class java/awt/event/AWTEventListenerProxy
Event: 44.042 loading class java/awt/event/AWTEventListenerProxy done
Event: 44.042 Executing VM operation: Deoptimize
Event: 44.043 Executing VM operation: Deoptimize done
Event: 44.043 loading class java/awt/Toolkit$ToolkitEventMulticaster
Event: 44.043 loading class java/awt/Toolkit$ToolkitEventMulticaster done


Dynamic libraries:
0x0000000005485000 	/System/Library/Frameworks/Cocoa.framework/Versions/A/Cocoa
0x0000000005485000 	/System/Library/Frameworks/Security.framework/Versions/A/Security
0x0000000005485000 	/System/Library/Frameworks/ApplicationServices.framework/Versions/A/ApplicationServices
0x0000000005485000 	/usr/lib/libz.1.dylib
0x0000000005485000 	/usr/lib/libSystem.B.dylib
0x0000000005485000 	/usr/lib/libobjc.A.dylib
0x0000000005485000 	/System/Library/Frameworks/CoreFoundation.framework/Versions/A/CoreFoundation
0x0000000005485000 	/System/Library/Frameworks/Foundation.framework/Versions/C/Foundation
0x0000000005485000 	/System/Library/Frameworks/AppKit.framework/Versions/C/AppKit
0x0000000005485000 	/System/Library/Frameworks/CoreData.framework/Versions/A/CoreData
0x0000000005485000 	/System/Library/PrivateFrameworks/RemoteViewServices.framework/Versions/A/RemoteViewServices
0x0000000005485000 	/System/Library/PrivateFrameworks/UIFoundation.framework/Versions/A/UIFoundation
0x0000000005485000 	/usr/lib/libScreenReader.dylib
0x0000000005485000 	/System/Library/Frameworks/Accelerate.framework/Versions/A/Accelerate
0x0000000005485000 	/System/Library/Frameworks/IOSurface.framework/Versions/A/IOSurface
0x0000000005485000 	/System/Library/Frameworks/AudioToolbox.framework/Versions/A/AudioToolbox
0x0000000005485000 	/System/Library/Frameworks/AudioUnit.framework/Versions/A/AudioUnit
0x0000000005485000 	/System/Library/PrivateFrameworks/DataDetectorsCore.framework/Versions/A/DataDetectorsCore
0x0000000005485000 	/System/Library/PrivateFrameworks/DesktopServicesPriv.framework/Versions/A/DesktopServicesPriv
0x0000000005485000 	/System/Library/Frameworks/Carbon.framework/Versions/A/Frameworks/HIToolbox.framework/Versions/A/HIToolbox
0x0000000005485000 	/System/Library/Frameworks/QuartzCore.framework/Versions/A/QuartzCore
0x0000000005485000 	/System/Library/Frameworks/Carbon.framework/Versions/A/Frameworks/SpeechRecognition.framework/Versions/A/SpeechRecognition
0x0000000005485000 	/usr/lib/libauto.dylib
0x0000000005485000 	/usr/lib/libicucore.A.dylib
0x0000000005485000 	/usr/lib/libxml2.2.dylib
0x0000000005485000 	/System/Library/PrivateFrameworks/CoreUI.framework/Versions/A/CoreUI
0x0000000005485000 	/System/Library/Frameworks/CoreAudio.framework/Versions/A/CoreAudio
0x0000000005485000 	/System/Library/Frameworks/DiskArbitration.framework/Versions/A/DiskArbitration
0x0000000005485000 	/usr/lib/liblangid.dylib
0x0000000005485000 	/System/Library/PrivateFrameworks/MultitouchSupport.framework/Versions/A/MultitouchSupport
0x0000000005485000 	/System/Library/Frameworks/IOKit.framework/Versions/A/IOKit
0x0000000005485000 	/usr/lib/libDiagnosticMessagesClient.dylib
0x0000000005485000 	/System/Library/Frameworks/CoreServices.framework/Versions/A/CoreServices
0x0000000005485000 	/System/Library/PrivateFrameworks/PerformanceAnalysis.framework/Versions/A/PerformanceAnalysis
0x0000000005485000 	/System/Library/PrivateFrameworks/GenerationalStorage.framework/Versions/A/GenerationalStorage
0x0000000005485000 	/System/Library/Frameworks/OpenGL.framework/Versions/A/OpenGL
0x0000000005485000 	/System/Library/PrivateFrameworks/Sharing.framework/Versions/A/Sharing
0x0000000005485000 	/System/Library/Frameworks/CoreGraphics.framework/Versions/A/CoreGraphics
0x0000000005485000 	/System/Library/Frameworks/CoreImage.framework/Versions/A/CoreImage
0x0000000005485000 	/System/Library/Frameworks/CoreText.framework/Versions/A/CoreText
0x0000000005485000 	/System/Library/Frameworks/ImageIO.framework/Versions/A/ImageIO
0x0000000005485000 	/System/Library/PrivateFrameworks/Backup.framework/Versions/A/Backup
0x0000000005485000 	/usr/lib/libextension.dylib
0x0000000005485000 	/usr/lib/libarchive.2.dylib
0x0000000005485000 	/System/Library/Frameworks/CFNetwork.framework/Versions/A/CFNetwork
0x0000000005485000 	/System/Library/Frameworks/SystemConfiguration.framework/Versions/A/SystemConfiguration
0x0000000005485000 	/usr/lib/libCRFSuite.dylib
0x0000000005485000 	/usr/lib/libc++.1.dylib
0x0000000005485000 	/usr/lib/libc++abi.dylib
0x0000000005485000 	/usr/lib/system/libcache.dylib
0x0000000005485000 	/usr/lib/system/libcommonCrypto.dylib
0x0000000005485000 	/usr/lib/system/libcompiler_rt.dylib
0x0000000005485000 	/usr/lib/system/libcopyfile.dylib
0x0000000005485000 	/usr/lib/system/libcorecrypto.dylib
0x0000000005485000 	/usr/lib/system/libdispatch.dylib
0x0000000005485000 	/usr/lib/system/libdyld.dylib
0x0000000005485000 	/usr/lib/system/libkeymgr.dylib
0x0000000005485000 	/usr/lib/system/liblaunch.dylib
0x0000000005485000 	/usr/lib/system/libmacho.dylib
0x0000000005485000 	/usr/lib/system/libquarantine.dylib
0x0000000005485000 	/usr/lib/system/libremovefile.dylib
0x0000000005485000 	/usr/lib/system/libsystem_asl.dylib
0x0000000005485000 	/usr/lib/system/libsystem_blocks.dylib
0x0000000005485000 	/usr/lib/system/libsystem_c.dylib
0x0000000005485000 	/usr/lib/system/libsystem_configuration.dylib
0x0000000005485000 	/usr/lib/system/libsystem_coreservices.dylib
0x0000000005485000 	/usr/lib/system/libsystem_coretls.dylib
0x0000000005485000 	/usr/lib/system/libsystem_dnssd.dylib
0x0000000005485000 	/usr/lib/system/libsystem_info.dylib
0x0000000005485000 	/usr/lib/system/libsystem_kernel.dylib
0x0000000005485000 	/usr/lib/system/libsystem_m.dylib
0x0000000005485000 	/usr/lib/system/libsystem_malloc.dylib
0x0000000005485000 	/usr/lib/system/libsystem_network.dylib
0x0000000005485000 	/usr/lib/system/libsystem_networkextension.dylib
0x0000000005485000 	/usr/lib/system/libsystem_notify.dylib
0x0000000005485000 	/usr/lib/system/libsystem_platform.dylib
0x0000000005485000 	/usr/lib/system/libsystem_pthread.dylib
0x0000000005485000 	/usr/lib/system/libsystem_sandbox.dylib
0x0000000005485000 	/usr/lib/system/libsystem_secinit.dylib
0x0000000005485000 	/usr/lib/system/libsystem_trace.dylib
0x0000000005485000 	/usr/lib/system/libunc.dylib
0x0000000005485000 	/usr/lib/system/libunwind.dylib
0x0000000005485000 	/usr/lib/system/libxpc.dylib
0x0000000005485000 	/usr/lib/libenergytrace.dylib
0x0000000005485000 	/usr/lib/libbsm.0.dylib
0x0000000005485000 	/usr/lib/system/libkxld.dylib
0x0000000005485000 	/usr/lib/libxar.1.dylib
0x0000000005485000 	/usr/lib/libsqlite3.dylib
0x0000000005485000 	/usr/lib/libpam.2.dylib
0x0000000005485000 	/usr/lib/libOpenScriptingUtil.dylib
0x0000000005485000 	/usr/lib/libbz2.1.0.dylib
0x0000000005485000 	/usr/lib/liblzma.5.dylib
0x0000000005485000 	/System/Library/Frameworks/CoreServices.framework/Versions/A/Frameworks/FSEvents.framework/Versions/A/FSEvents
0x0000000005485000 	/System/Library/Frameworks/CoreServices.framework/Versions/A/Frameworks/CarbonCore.framework/Versions/A/CarbonCore
0x0000000005485000 	/System/Library/Frameworks/CoreServices.framework/Versions/A/Frameworks/Metadata.framework/Versions/A/Metadata
0x0000000005485000 	/System/Library/Frameworks/CoreServices.framework/Versions/A/Frameworks/OSServices.framework/Versions/A/OSServices
0x0000000005485000 	/System/Library/Frameworks/CoreServices.framework/Versions/A/Frameworks/SearchKit.framework/Versions/A/SearchKit
0x0000000005485000 	/System/Library/Frameworks/CoreServices.framework/Versions/A/Frameworks/AE.framework/Versions/A/AE
0x0000000005485000 	/System/Library/Frameworks/CoreServices.framework/Versions/A/Frameworks/LaunchServices.framework/Versions/A/LaunchServices
0x0000000005485000 	/System/Library/Frameworks/CoreServices.framework/Versions/A/Frameworks/DictionaryServices.framework/Versions/A/DictionaryServices
0x0000000005485000 	/System/Library/Frameworks/CoreServices.framework/Versions/A/Frameworks/SharedFileList.framework/Versions/A/SharedFileList
0x0000000005485000 	/System/Library/Frameworks/NetFS.framework/Versions/A/NetFS
0x0000000005485000 	/System/Library/PrivateFrameworks/NetAuth.framework/Versions/A/NetAuth
0x0000000005485000 	/System/Library/PrivateFrameworks/login.framework/Versions/A/Frameworks/loginsupport.framework/Versions/A/loginsupport
0x0000000005485000 	/System/Library/PrivateFrameworks/TCC.framework/Versions/A/TCC
0x0000000005485000 	/usr/lib/libmecabra.dylib
0x0000000005485000 	/System/Library/Frameworks/ApplicationServices.framework/Versions/A/Frameworks/ATS.framework/Versions/A/ATS
0x0000000005485000 	/System/Library/Frameworks/ApplicationServices.framework/Versions/A/Frameworks/ColorSync.framework/Versions/A/ColorSync
0x0000000005485000 	/System/Library/Frameworks/ApplicationServices.framework/Versions/A/Frameworks/HIServices.framework/Versions/A/HIServices
0x0000000005485000 	/System/Library/Frameworks/ApplicationServices.framework/Versions/A/Frameworks/LangAnalysis.framework/Versions/A/LangAnalysis
0x0000000005485000 	/System/Library/Frameworks/ApplicationServices.framework/Versions/A/Frameworks/PrintCore.framework/Versions/A/PrintCore
0x0000000005485000 	/System/Library/Frameworks/ApplicationServices.framework/Versions/A/Frameworks/QD.framework/Versions/A/QD
0x0000000005485000 	/System/Library/Frameworks/ApplicationServices.framework/Versions/A/Frameworks/SpeechSynthesis.framework/Versions/A/SpeechSynthesis
0x0000000005485000 	/System/Library/Frameworks/Metal.framework/Versions/A/Metal
0x0000000005485000 	/System/Library/Frameworks/Accelerate.framework/Versions/A/Frameworks/vImage.framework/Versions/A/vImage
0x0000000005485000 	/System/Library/Frameworks/Accelerate.framework/Versions/A/Frameworks/vecLib.framework/Versions/A/vecLib
0x0000000005485000 	/System/Library/Frameworks/Accelerate.framework/Versions/A/Frameworks/vecLib.framework/Versions/A/libvDSP.dylib
0x0000000005485000 	/System/Library/Frameworks/Accelerate.framework/Versions/A/Frameworks/vecLib.framework/Versions/A/libvMisc.dylib
0x0000000005485000 	/System/Library/Frameworks/Accelerate.framework/Versions/A/Frameworks/vecLib.framework/Versions/A/libLAPACK.dylib
0x0000000005485000 	/System/Library/Frameworks/Accelerate.framework/Versions/A/Frameworks/vecLib.framework/Versions/A/libBLAS.dylib
0x0000000005485000 	/System/Library/Frameworks/Accelerate.framework/Versions/A/Frameworks/vecLib.framework/Versions/A/libLinearAlgebra.dylib
0x0000000005485000 	/System/Library/Frameworks/Accelerate.framework/Versions/A/Frameworks/vecLib.framework/Versions/A/libSparseBLAS.dylib
0x0000000005485000 	/System/Library/PrivateFrameworks/GPUCompiler.framework/libmetal_timestamp.dylib
0x0000000005485000 	/System/Library/Frameworks/OpenGL.framework/Versions/A/Libraries/libCoreFSCache.dylib
0x0000000005485000 	/System/Library/PrivateFrameworks/IOAccelerator.framework/Versions/A/IOAccelerator
0x0000000005485000 	/System/Library/Frameworks/ApplicationServices.framework/Versions/A/Frameworks/ATS.framework/Versions/A/Resources/libFontParser.dylib
0x0000000005485000 	/System/Library/Frameworks/ApplicationServices.framework/Versions/A/Frameworks/ATS.framework/Versions/A/Resources/libFontRegistry.dylib
0x0000000005485000 	/System/Library/PrivateFrameworks/AppleVPA.framework/Versions/A/AppleVPA
0x0000000005485000 	/System/Library/PrivateFrameworks/AppleJPEG.framework/Versions/A/AppleJPEG
0x0000000005485000 	/System/Library/Frameworks/ImageIO.framework/Versions/A/Resources/libJPEG.dylib
0x0000000005485000 	/System/Library/Frameworks/ImageIO.framework/Versions/A/Resources/libTIFF.dylib
0x0000000005485000 	/System/Library/Frameworks/ImageIO.framework/Versions/A/Resources/libPng.dylib
0x0000000005485000 	/System/Library/Frameworks/ImageIO.framework/Versions/A/Resources/libGIF.dylib
0x0000000005485000 	/System/Library/Frameworks/ImageIO.framework/Versions/A/Resources/libJP2.dylib
0x0000000005485000 	/System/Library/Frameworks/ImageIO.framework/Versions/A/Resources/libRadiance.dylib
0x0000000005485000 	/System/Library/Frameworks/CoreVideo.framework/Versions/A/CoreVideo
0x0000000005485000 	/System/Library/Frameworks/OpenGL.framework/Versions/A/Libraries/libGLU.dylib
0x0000000005485000 	/System/Library/Frameworks/OpenGL.framework/Versions/A/Libraries/libGFXShared.dylib
0x0000000005485000 	/System/Library/Frameworks/OpenGL.framework/Versions/A/Libraries/libGL.dylib
0x0000000005485000 	/System/Library/Frameworks/OpenGL.framework/Versions/A/Libraries/libGLImage.dylib
0x0000000005485000 	/System/Library/Frameworks/OpenGL.framework/Versions/A/Libraries/libCVMSPluginSupport.dylib
0x0000000005485000 	/System/Library/Frameworks/OpenGL.framework/Versions/A/Libraries/libCoreVMClient.dylib
0x0000000005485000 	/usr/lib/libcompression.dylib
0x0000000005485000 	/usr/lib/libcups.2.dylib
0x0000000005485000 	/System/Library/Frameworks/Kerberos.framework/Versions/A/Kerberos
0x0000000005485000 	/System/Library/Frameworks/GSS.framework/Versions/A/GSS
0x0000000005485000 	/usr/lib/libresolv.9.dylib
0x0000000005485000 	/usr/lib/libiconv.2.dylib
0x0000000005485000 	/System/Library/PrivateFrameworks/Heimdal.framework/Versions/A/Heimdal
0x0000000005485000 	/usr/lib/libheimdal-asn1.dylib
0x0000000005485000 	/System/Library/Frameworks/OpenDirectory.framework/Versions/A/OpenDirectory
0x0000000005485000 	/System/Library/PrivateFrameworks/CommonAuth.framework/Versions/A/CommonAuth
0x0000000005485000 	/System/Library/Frameworks/OpenDirectory.framework/Versions/A/Frameworks/CFOpenDirectory.framework/Versions/A/CFOpenDirectory
0x0000000005485000 	/System/Library/Frameworks/SecurityFoundation.framework/Versions/A/SecurityFoundation
0x0000000005485000 	/System/Library/PrivateFrameworks/LanguageModeling.framework/Versions/A/LanguageModeling
0x0000000005485000 	/usr/lib/libmarisa.dylib
0x0000000005485000 	/usr/lib/libChineseTokenizer.dylib
0x0000000005485000 	/usr/lib/libcmph.dylib
0x0000000005485000 	/System/Library/Frameworks/ServiceManagement.framework/Versions/A/ServiceManagement
0x0000000005485000 	/usr/lib/libxslt.1.dylib
0x0000000005485000 	/System/Library/Frameworks/Carbon.framework/Versions/A/Frameworks/Ink.framework/Versions/A/Ink
0x0000000005485000 	/usr/lib/libFosl_dynamic.dylib
0x0000000005485000 	/System/Library/PrivateFrameworks/FaceCore.framework/Versions/A/FaceCore
0x0000000005485000 	/System/Library/Frameworks/OpenCL.framework/Versions/A/OpenCL
0x0000000005485000 	/System/Library/PrivateFrameworks/CrashReporterSupport.framework/Versions/A/CrashReporterSupport
0x0000000005485000 	/System/Library/PrivateFrameworks/IconServices.framework/Versions/A/IconServices
0x0000000005485000 	/System/Library/PrivateFrameworks/Apple80211.framework/Versions/A/Apple80211
0x0000000005485000 	/System/Library/Frameworks/CoreWLAN.framework/Versions/A/CoreWLAN
0x0000000005485000 	/System/Library/Frameworks/IOBluetooth.framework/Versions/A/IOBluetooth
0x0000000005485000 	/System/Library/PrivateFrameworks/CoreWiFi.framework/Versions/A/CoreWiFi
0x0000000005485000 	/System/Library/Frameworks/CoreBluetooth.framework/Versions/A/CoreBluetooth
0x0000000005485000 	/System/Library/PrivateFrameworks/ChunkingLibrary.framework/Versions/A/ChunkingLibrary
0x0000000005485000 	/System/Library/PrivateFrameworks/DebugSymbols.framework/Versions/A/DebugSymbols
0x0000000005485000 	/System/Library/PrivateFrameworks/CoreSymbolication.framework/Versions/A/CoreSymbolication
0x0000000005485000 	/System/Library/PrivateFrameworks/Symbolication.framework/Versions/A/Symbolication
0x0000000005485000 	/System/Library/PrivateFrameworks/SpeechRecognitionCore.framework/Versions/A/SpeechRecognitionCore
0x000000010379c000 	/Library/Java/JavaVirtualMachines/jdk1.8.0_101.jdk/Contents/Home/jre/lib/server/libjvm.dylib
0x0000000005485000 	/usr/lib/libstdc++.6.dylib
0x000000010473d000 	/Library/Java/JavaVirtualMachines/jdk1.8.0_101.jdk/Contents/Home/jre/lib/libverify.dylib
0x000000010474b000 	/Library/Java/JavaVirtualMachines/jdk1.8.0_101.jdk/Contents/Home/jre/lib/libjava.dylib
0x000000010478a000 	/Library/Java/JavaVirtualMachines/jdk1.8.0_101.jdk/Contents/Home/jre/lib/libzip.dylib
0x000000011839e000 	/System/Library/Frameworks/JavaVM.framework/Frameworks/JavaRuntimeSupport.framework/JavaRuntimeSupport
0x00000001183b9000 	/System/Library/Frameworks/JavaVM.framework/Versions/A/Frameworks/JavaNativeFoundation.framework/Versions/A/JavaNativeFoundation
0x00000001047f0000 	/System/Library/Frameworks/JavaVM.framework/Versions/A/JavaVM
0x0000000005485000 	/System/Library/Frameworks/Carbon.framework/Versions/A/Carbon
0x00000001183ce000 	/System/Library/PrivateFrameworks/JavaLaunching.framework/Versions/A/JavaLaunching
0x0000000005485000 	/System/Library/Frameworks/Carbon.framework/Versions/A/Frameworks/CommonPanels.framework/Versions/A/CommonPanels
0x0000000005485000 	/System/Library/Frameworks/Carbon.framework/Versions/A/Frameworks/Help.framework/Versions/A/Help
0x0000000005485000 	/System/Library/Frameworks/Carbon.framework/Versions/A/Frameworks/ImageCapture.framework/Versions/A/ImageCapture
0x0000000005485000 	/System/Library/Frameworks/Carbon.framework/Versions/A/Frameworks/OpenScripting.framework/Versions/A/OpenScripting
0x0000000005485000 	/System/Library/Frameworks/Carbon.framework/Versions/A/Frameworks/Print.framework/Versions/A/Print
0x0000000005485000 	/System/Library/Frameworks/Carbon.framework/Versions/A/Frameworks/SecurityHI.framework/Versions/A/SecurityHI
0x0000000119cf1000 	/Library/Java/JavaVirtualMachines/jdk1.8.0_101.jdk/Contents/Home/jre/lib/libawt.dylib
0x0000000119d99000 	/Library/Java/JavaVirtualMachines/jdk1.8.0_101.jdk/Contents/Home/jre/lib/./libmlib_image.dylib
0x0000000119e65000 	/Library/Java/JavaVirtualMachines/jdk1.8.0_101.jdk/Contents/Home/jre/lib/libawt_lwawt.dylib
0x0000000119f1a000 	/Library/Java/JavaVirtualMachines/jdk1.8.0_101.jdk/Contents/Home/jre/lib/./libosxapp.dylib
0x0000000005485000 	/System/Library/Frameworks/ExceptionHandling.framework/Versions/A/ExceptionHandling
0x0000000005485000 	/System/Library/PrivateFrameworks/CoreServicesInternal.framework/Versions/A/CoreServicesInternal
0x0000000005485000 	/System/Library/Frameworks/CoreGraphics.framework/Versions/A/Resources/libRIP.A.dylib
0x0000000005485000 	/System/Library/Frameworks/Accelerate.framework/Versions/A/Frameworks/vImage.framework/Versions/A/Libraries/libCGInterfaces.dylib
0x0000000005485000 	/System/Library/Frameworks/CoreGraphics.framework/Versions/A/Resources/libCGXType.A.dylib
0x0000000005485000 	/System/Library/Frameworks/OpenCL.framework/Versions/A/Libraries/libcldcpuengine.dylib
0x0000000005485000 	/System/Library/PrivateFrameworks/DiskImages.framework/Versions/A/DiskImages
0x0000000005485000 	/System/Library/Frameworks/DiscRecording.framework/Versions/A/DiscRecording
0x0000000005485000 	/usr/lib/libcsfde.dylib
0x0000000005485000 	/usr/lib/libcurl.4.dylib
0x0000000005485000 	/System/Library/PrivateFrameworks/MediaKit.framework/Versions/A/MediaKit
0x0000000005485000 	/System/Library/PrivateFrameworks/ProtectedCloudStorage.framework/Versions/A/ProtectedCloudStorage
0x0000000005485000 	/usr/lib/libCoreStorage.dylib
0x0000000005485000 	/System/Library/PrivateFrameworks/EFILogin.framework/Versions/A/EFILogin
0x0000000005485000 	/usr/lib/libutil.dylib
0x0000000005485000 	/System/Library/PrivateFrameworks/FindMyDevice.framework/Versions/A/FindMyDevice
0x0000000005485000 	/System/Library/Frameworks/LDAP.framework/Versions/A/LDAP
0x0000000005485000 	/usr/lib/libsasl2.2.dylib
0x0000000005485000 	/System/Library/PrivateFrameworks/CoreDaemon.framework/Versions/B/CoreDaemon
0x0000000005485000 	/usr/lib/libcrypto.0.9.8.dylib
0x0000000005485000 	/System/Library/PrivateFrameworks/AppleSRP.framework/Versions/A/AppleSRP
0x0000000005485000 	/System/Library/PrivateFrameworks/TrustEvaluationAgent.framework/Versions/A/TrustEvaluationAgent
0x000000011aaa4000 	cl_kernels
0x0000000005485000 	/System/Library/Frameworks/OpenCL.framework/Versions/A/Libraries/ImageFormats/unorm8_bgra.dylib
0x0000000005485000 	/System/Library/Frameworks/OpenCL.framework/Versions/A/Libraries/ImageFormats/unorm8_rgba.dylib
0x0000000005485000 	/System/Library/PrivateFrameworks/FamilyControls.framework/Versions/A/FamilyControls
0x0000000005485000 	/System/Library/PrivateFrameworks/CommerceKit.framework/Versions/A/Frameworks/CommerceCore.framework/Versions/A/CommerceCore
0x0000000005485000 	/System/Library/PrivateFrameworks/SystemAdministration.framework/Versions/A/SystemAdministration
0x0000000005485000 	/System/Library/PrivateFrameworks/AppContainer.framework/Versions/A/AppContainer
0x0000000005485000 	/System/Library/PrivateFrameworks/SecCodeWrapper.framework/Versions/A/SecCodeWrapper
0x0000000005485000 	/System/Library/Frameworks/DirectoryService.framework/Versions/A/DirectoryService
0x0000000005485000 	/System/Library/PrivateFrameworks/LoginUIKit.framework/Versions/A/Frameworks/LoginUICore.framework/Versions/A/LoginUICore
0x0000000005485000 	/usr/lib/libodfde.dylib
0x0000000005485000 	/System/Library/Frameworks/OpenGL.framework/Versions/A/Resources/GLEngine.bundle/GLEngine
0x0000000005485000 	/System/Library/Frameworks/OpenGL.framework/Versions/A/Libraries/libGLProgrammability.dylib
0x000000011c7ec000 	/System/Library/Extensions/AppleIntelHD4000GraphicsGLDriver.bundle/Contents/MacOS/AppleIntelHD4000GraphicsGLDriver
0x0000000005485000 	/System/Library/PrivateFrameworks/GPUSupport.framework/Versions/A/Libraries/libGPUSupportMercury.dylib
0x0000000005485000 	/System/Library/Frameworks/OpenGL.framework/Versions/A/Resources/GLRendererFloat.bundle/GLRendererFloat
0x000000011d74e000 	/Library/Java/JavaVirtualMachines/jdk1.8.0_101.jdk/Contents/Home/jre/lib/libfontmanager.dylib
0x000000011ec0d000 	/Library/Java/JavaVirtualMachines/jdk1.8.0_101.jdk/Contents/Home/jre/lib/libosxui.dylib
0x000000011f705000 	/Library/Java/JavaVirtualMachines/jdk1.8.0_101.jdk/Contents/Home/jre/lib/libnet.dylib
0x000000011f94d000 	/Library/Java/JavaVirtualMachines/jdk1.8.0_101.jdk/Contents/Home/jre/lib/libnio.dylib
0x0000000005485000 	/System/Library/Frameworks/ApplicationServices.framework/Versions/A/Frameworks/ATS.framework/Versions/A/Resources/libTrueTypeScaler.dylib
0x0000000170819000 	/System/Library/Extensions/AppleIntelHD4000GraphicsMTLDriver.bundle/Contents/MacOS/AppleIntelHD4000GraphicsMTLDriver
0x0000000170775000 	/private/var/folders/df/q331szgs0rs63dmvvv6sk8180000gn/T/jogamp_0000/file_cache/jln8589352689050615088/jln2516021710525282167/libgluegen-rt.jnilib
0x0000000170779000 	/private/var/folders/df/q331szgs0rs63dmvvv6sk8180000gn/T/jogamp_0000/file_cache/jln8589352689050615088/jln2516021710525282167/libnativewindow_awt.jnilib
0x000000017077c000 	/Library/Java/JavaVirtualMachines/jdk1.8.0_101.jdk/Contents/Home/jre/lib/libjawt.dylib
0x000000017077f000 	/private/var/folders/df/q331szgs0rs63dmvvv6sk8180000gn/T/jogamp_0000/file_cache/jln8589352689050615088/jln2516021710525282167/libnativewindow_macosx.jnilib
0x0000000172524000 	/private/var/folders/df/q331szgs0rs63dmvvv6sk8180000gn/T/jogamp_0000/file_cache/jln8589352689050615088/jln2516021710525282167/libjogl_desktop.jnilib
0x0000000174c33000 	/Library/Java/JavaVirtualMachines/jdk1.8.0_101.jdk/Contents/Home/jre/lib/libsunec.dylib
0x00000001728c3000 	/Library/Java/JavaVirtualMachines/jdk1.8.0_101.jdk/Contents/Home/jre/lib/libt2k.dylib
0x000000017196b000 	/Library/Java/JavaVirtualMachines/jdk1.8.0_101.jdk/Contents/Home/jre/lib/libjpeg.dylib

VM Arguments:
jvm_args: -Djava.security.policy=java.policy.applet -Dfile.encoding=UTF-8 
java_command: sun.applet.AppletViewer module5.EarthquakeCityMap1496353746314.html
java_class_path (initial): /Users/Ryan/Documents/workspaceCoursera/UCSDUnfoldingMaps/build:/Users/Ryan/Documents/workspaceCoursera/UCSDUnfoldingMaps/lib/core.jar:/Users/Ryan/Documents/workspaceCoursera/UCSDUnfoldingMaps/lib/gluegen-rt.jar:/Users/Ryan/Documents/workspaceCoursera/UCSDUnfoldingMaps/lib/jogl-all.jar:/Users/Ryan/Documents/workspaceCoursera/UCSDUnfoldingMaps/lib/log4j-1.2.15.jar:/Users/Ryan/Documents/workspaceCoursera/UCSDUnfoldingMaps/lib/sqlite-jdbc-3.7.2.jar:/Users/Ryan/Documents/workspaceCoursera/UCSDUnfoldingMaps/lib/json4processing.jar:/Users/Ryan/Documents/workspaceCoursera/UCSDUnfoldingMaps/lib/libTUIO.jar:/Users/Ryan/Documents/workspaceCoursera/UCSDUnfoldingMaps/lib/unfolding.0.9.7-uscd.jar
Launcher Type: SUN_STANDARD

Environment Variables:
PATH=/usr/bin:/bin:/usr/sbin:/sbin
SHELL=/bin/bash
DISPLAY=/private/tmp/com.apple.launchd.ULRZtvESmK/org.macosforge.xquartz:0

Signal Handlers:
SIGSEGV: [libjvm.dylib+0x5af145], sa_mask[0]=11111111011111110111111111111111, sa_flags=SA_ONSTACK|SA_RESTART|SA_SIGINFO
SIGBUS: [libjvm.dylib+0x5af145], sa_mask[0]=11111111011111110111111111111111, sa_flags=SA_RESTART|SA_SIGINFO
SIGFPE: [libjvm.dylib+0x48694c], sa_mask[0]=11111111011111110111111111111111, sa_flags=SA_RESTART|SA_SIGINFO
SIGPIPE: [libjvm.dylib+0x48694c], sa_mask[0]=11111111011111110111111111111111, sa_flags=SA_RESTART|SA_SIGINFO
SIGXFSZ: [libjvm.dylib+0x48694c], sa_mask[0]=11111111011111110111111111111111, sa_flags=SA_RESTART|SA_SIGINFO
SIGILL: [libjvm.dylib+0x48694c], sa_mask[0]=11111111011111110111111111111111, sa_flags=SA_RESTART|SA_SIGINFO
SIGUSR1: SIG_DFL, sa_mask[0]=00000000000000000000000000000000, sa_flags=none
SIGUSR2: [libjvm.dylib+0x48646a], sa_mask[0]=00100000000000000000000000000000, sa_flags=SA_RESTART|SA_SIGINFO
SIGHUP: [libjvm.dylib+0x484a41], sa_mask[0]=11111111011111110111111111111111, sa_flags=SA_RESTART|SA_SIGINFO
SIGINT: [libjvm.dylib+0x484a41], sa_mask[0]=11111111011111110111111111111111, sa_flags=SA_RESTART|SA_SIGINFO
SIGTERM: [libjvm.dylib+0x484a41], sa_mask[0]=11111111011111110111111111111111, sa_flags=SA_RESTART|SA_SIGINFO
SIGQUIT: [libjvm.dylib+0x484a41], sa_mask[0]=11111111011111110111111111111111, sa_flags=SA_RESTART|SA_SIGINFO


---------------  S Y S T E M  ---------------

OS:Bsduname:Darwin 15.6.0 Darwin Kernel Version 15.6.0: Thu Jun 23 18:25:34 PDT 2016; root:xnu-3248.60.10~1/RELEASE_X86_64 x86_64
rlimit: STACK 8192k, CORE 0k, NPROC 709, NOFILE 10240, AS infinity
load average:2.78 2.43 2.18

CPU:total 4 (2 cores per cpu, 2 threads per core) family 6 model 58 stepping 9, cmov, cx8, fxsr, mmx, sse, sse2, sse3, ssse3, sse4.1, sse4.2, popcnt, avx, aes, clmul, erms, ht, tsc, tscinvbit, tscinv

Memory: 4k page, physical 4194304k(265100k free)

/proc/meminfo:


vm_info: Java HotSpot(TM) 64-Bit Server VM (25.101-b13) for bsd-amd64 JRE (1.8.0_101-b13), built on Jun 22 2016 02:42:15 by "java_re" with gcc 4.2.1 (Based on Apple Inc. build 5658) (LLVM build 2336.11.00)

time: Thu Jun  1 17:49:50 2017
elapsed time: 44 seconds (0d 0h 0m 44s)

